Using gpu device 0: GeForce GTX 980
/home/gtx980/lab/local/lib/python2.7/site-packages/theano/tensor/subtensor.py:110: FutureWarning: comparison to `None` will result in an elementwise object comparison in the future.
  start in [None, 0] or
/home/gtx980/lab/local/lib/python2.7/site-packages/theano/tensor/subtensor.py:114: FutureWarning: comparison to `None` will result in an elementwise object comparison in the future.
  stop in [None, length, maxsize] or
... loading data
flipped training image allowed
20000
20000
... building the model
... training
training @ iter =  0
training @ iter =  100
epoch 1, minibatch 200/200, validation error 52.225000 %
     epoch 1, minibatch 200/200, test error of best model 52.210000 %
training @ iter =  200
training @ iter =  300
epoch 2, minibatch 200/200, validation error 23.145000 %
     epoch 2, minibatch 200/200, test error of best model 23.610000 %
training @ iter =  400
training @ iter =  500
epoch 3, minibatch 200/200, validation error 7.895000 %
     epoch 3, minibatch 200/200, test error of best model 7.625000 %
training @ iter =  600
training @ iter =  700
epoch 4, minibatch 200/200, validation error 4.750000 %
     epoch 4, minibatch 200/200, test error of best model 4.585000 %
training @ iter =  800
training @ iter =  900
epoch 5, minibatch 200/200, validation error 3.435000 %
     epoch 5, minibatch 200/200, test error of best model 3.255000 %
training @ iter =  1000
training @ iter =  1100
epoch 6, minibatch 200/200, validation error 2.775000 %
     epoch 6, minibatch 200/200, test error of best model 2.630000 %
training @ iter =  1200
training @ iter =  1300
epoch 7, minibatch 200/200, validation error 2.395000 %
     epoch 7, minibatch 200/200, test error of best model 2.215000 %
training @ iter =  1400
training @ iter =  1500
epoch 8, minibatch 200/200, validation error 2.095000 %
     epoch 8, minibatch 200/200, test error of best model 1.945000 %
training @ iter =  1600
training @ iter =  1700
epoch 9, minibatch 200/200, validation error 1.935000 %
     epoch 9, minibatch 200/200, test error of best model 1.810000 %
training @ iter =  1800
training @ iter =  1900
epoch 10, minibatch 200/200, validation error 1.855000 %
     epoch 10, minibatch 200/200, test error of best model 1.680000 %
training @ iter =  2000
training @ iter =  2100
epoch 11, minibatch 200/200, validation error 1.735000 %
     epoch 11, minibatch 200/200, test error of best model 1.605000 %
training @ iter =  2200
training @ iter =  2300
epoch 12, minibatch 200/200, validation error 1.640000 %
     epoch 12, minibatch 200/200, test error of best model 1.535000 %
training @ iter =  2400
training @ iter =  2500
epoch 13, minibatch 200/200, validation error 1.580000 %
     epoch 13, minibatch 200/200, test error of best model 1.475000 %
training @ iter =  2600
training @ iter =  2700
epoch 14, minibatch 200/200, validation error 1.510000 %
     epoch 14, minibatch 200/200, test error of best model 1.440000 %
training @ iter =  2800
training @ iter =  2900
epoch 15, minibatch 200/200, validation error 1.480000 %
     epoch 15, minibatch 200/200, test error of best model 1.365000 %
training @ iter =  3000
training @ iter =  3100
epoch 16, minibatch 200/200, validation error 1.435000 %
     epoch 16, minibatch 200/200, test error of best model 1.320000 %
training @ iter =  3200
training @ iter =  3300
epoch 17, minibatch 200/200, validation error 1.395000 %
     epoch 17, minibatch 200/200, test error of best model 1.275000 %
training @ iter =  3400
training @ iter =  3500
epoch 18, minibatch 200/200, validation error 1.325000 %
     epoch 18, minibatch 200/200, test error of best model 1.265000 %
training @ iter =  3600
training @ iter =  3700
epoch 19, minibatch 200/200, validation error 1.295000 %
     epoch 19, minibatch 200/200, test error of best model 1.255000 %
training @ iter =  3800
training @ iter =  3900
epoch 20, minibatch 200/200, validation error 1.290000 %
     epoch 20, minibatch 200/200, test error of best model 1.255000 %
training @ iter =  4000
training @ iter =  4100
epoch 21, minibatch 200/200, validation error 1.300000 %
training @ iter =  4200
training @ iter =  4300
epoch 22, minibatch 200/200, validation error 1.280000 %
     epoch 22, minibatch 200/200, test error of best model 1.210000 %
training @ iter =  4400
training @ iter =  4500
epoch 23, minibatch 200/200, validation error 1.250000 %
     epoch 23, minibatch 200/200, test error of best model 1.220000 %
training @ iter =  4600
training @ iter =  4700
epoch 24, minibatch 200/200, validation error 1.255000 %
training @ iter =  4800
training @ iter =  4900
epoch 25, minibatch 200/200, validation error 1.240000 %
     epoch 25, minibatch 200/200, test error of best model 1.190000 %
training @ iter =  5000
training @ iter =  5100
epoch 26, minibatch 200/200, validation error 1.225000 %
     epoch 26, minibatch 200/200, test error of best model 1.190000 %
training @ iter =  5200
training @ iter =  5300
epoch 27, minibatch 200/200, validation error 1.205000 %
     epoch 27, minibatch 200/200, test error of best model 1.170000 %
training @ iter =  5400
training @ iter =  5500
epoch 28, minibatch 200/200, validation error 1.200000 %
     epoch 28, minibatch 200/200, test error of best model 1.160000 %
training @ iter =  5600
training @ iter =  5700
epoch 29, minibatch 200/200, validation error 1.180000 %
     epoch 29, minibatch 200/200, test error of best model 1.135000 %
training @ iter =  5800
training @ iter =  5900
epoch 30, minibatch 200/200, validation error 1.170000 %
     epoch 30, minibatch 200/200, test error of best model 1.140000 %
training @ iter =  6000
training @ iter =  6100
epoch 31, minibatch 200/200, validation error 1.155000 %
     epoch 31, minibatch 200/200, test error of best model 1.135000 %
training @ iter =  6200
training @ iter =  6300
epoch 32, minibatch 200/200, validation error 1.140000 %
     epoch 32, minibatch 200/200, test error of best model 1.135000 %
training @ iter =  6400
training @ iter =  6500
epoch 33, minibatch 200/200, validation error 1.140000 %
training @ iter =  6600
training @ iter =  6700
epoch 34, minibatch 200/200, validation error 1.140000 %
training @ iter =  6800
training @ iter =  6900
epoch 35, minibatch 200/200, validation error 1.135000 %
     epoch 35, minibatch 200/200, test error of best model 1.125000 %
training @ iter =  7000
training @ iter =  7100
epoch 36, minibatch 200/200, validation error 1.110000 %
     epoch 36, minibatch 200/200, test error of best model 1.115000 %
training @ iter =  7200
training @ iter =  7300
epoch 37, minibatch 200/200, validation error 1.115000 %
training @ iter =  7400
training @ iter =  7500
epoch 38, minibatch 200/200, validation error 1.100000 %
     epoch 38, minibatch 200/200, test error of best model 1.085000 %
training @ iter =  7600
training @ iter =  7700
epoch 39, minibatch 200/200, validation error 1.105000 %
training @ iter =  7800
training @ iter =  7900
epoch 40, minibatch 200/200, validation error 1.115000 %
training @ iter =  8000
training @ iter =  8100
epoch 41, minibatch 200/200, validation error 1.120000 %
training @ iter =  8200
training @ iter =  8300
epoch 42, minibatch 200/200, validation error 1.120000 %
training @ iter =  8400
training @ iter =  8500
epoch 43, minibatch 200/200, validation error 1.105000 %
training @ iter =  8600
training @ iter =  8700
epoch 44, minibatch 200/200, validation error 1.110000 %
training @ iter =  8800
training @ iter =  8900
epoch 45, minibatch 200/200, validation error 1.110000 %
training @ iter =  9000
training @ iter =  9100
epoch 46, minibatch 200/200, validation error 1.100000 %
training @ iter =  9200
training @ iter =  9300
epoch 47, minibatch 200/200, validation error 1.080000 %
     epoch 47, minibatch 200/200, test error of best model 1.040000 %
training @ iter =  9400
training @ iter =  9500
epoch 48, minibatch 200/200, validation error 1.085000 %
training @ iter =  9600
training @ iter =  9700
epoch 49, minibatch 200/200, validation error 1.075000 %
     epoch 49, minibatch 200/200, test error of best model 1.040000 %
training @ iter =  9800
training @ iter =  9900
epoch 50, minibatch 200/200, validation error 1.085000 %
training @ iter =  10000
training @ iter =  10100
epoch 51, minibatch 200/200, validation error 1.085000 %
training @ iter =  10200
training @ iter =  10300
epoch 52, minibatch 200/200, validation error 1.100000 %
training @ iter =  10400
training @ iter =  10500
epoch 53, minibatch 200/200, validation error 1.095000 %
training @ iter =  10600
training @ iter =  10700
epoch 54, minibatch 200/200, validation error 1.090000 %
training @ iter =  10800
training @ iter =  10900
epoch 55, minibatch 200/200, validation error 1.095000 %
training @ iter =  11000
training @ iter =  11100
epoch 56, minibatch 200/200, validation error 1.085000 %
training @ iter =  11200
training @ iter =  11300
epoch 57, minibatch 200/200, validation error 1.090000 %
training @ iter =  11400
training @ iter =  11500
epoch 58, minibatch 200/200, validation error 1.085000 %
training @ iter =  11600
training @ iter =  11700
epoch 59, minibatch 200/200, validation error 1.080000 %
training @ iter =  11800
training @ iter =  11900
epoch 60, minibatch 200/200, validation error 1.070000 %
     epoch 60, minibatch 200/200, test error of best model 1.030000 %
training @ iter =  12000
training @ iter =  12100
epoch 61, minibatch 200/200, validation error 1.070000 %
training @ iter =  12200
training @ iter =  12300
epoch 62, minibatch 200/200, validation error 1.060000 %
     epoch 62, minibatch 200/200, test error of best model 1.025000 %
training @ iter =  12400
training @ iter =  12500
epoch 63, minibatch 200/200, validation error 1.060000 %
training @ iter =  12600
training @ iter =  12700
epoch 64, minibatch 200/200, validation error 1.060000 %
training @ iter =  12800
training @ iter =  12900
epoch 65, minibatch 200/200, validation error 1.060000 %
training @ iter =  13000
training @ iter =  13100
epoch 66, minibatch 200/200, validation error 1.050000 %
     epoch 66, minibatch 200/200, test error of best model 1.015000 %
training @ iter =  13200
training @ iter =  13300
epoch 67, minibatch 200/200, validation error 1.040000 %
     epoch 67, minibatch 200/200, test error of best model 1.010000 %
training @ iter =  13400
training @ iter =  13500
epoch 68, minibatch 200/200, validation error 1.035000 %
     epoch 68, minibatch 200/200, test error of best model 1.000000 %
training @ iter =  13600
training @ iter =  13700
epoch 69, minibatch 200/200, validation error 1.045000 %
training @ iter =  13800
training @ iter =  13900
epoch 70, minibatch 200/200, validation error 1.040000 %
training @ iter =  14000
training @ iter =  14100
epoch 71, minibatch 200/200, validation error 1.040000 %
training @ iter =  14200
training @ iter =  14300
epoch 72, minibatch 200/200, validation error 1.035000 %
training @ iter =  14400
training @ iter =  14500
epoch 73, minibatch 200/200, validation error 1.040000 %
training @ iter =  14600
training @ iter =  14700
epoch 74, minibatch 200/200, validation error 1.035000 %
training @ iter =  14800
training @ iter =  14900
epoch 75, minibatch 200/200, validation error 1.040000 %
training @ iter =  15000
training @ iter =  15100
epoch 76, minibatch 200/200, validation error 1.040000 %
training @ iter =  15200
training @ iter =  15300
epoch 77, minibatch 200/200, validation error 1.040000 %
training @ iter =  15400
training @ iter =  15500
epoch 78, minibatch 200/200, validation error 1.040000 %
training @ iter =  15600
training @ iter =  15700
epoch 79, minibatch 200/200, validation error 1.040000 %
training @ iter =  15800
training @ iter =  15900
epoch 80, minibatch 200/200, validation error 1.040000 %
training @ iter =  16000
training @ iter =  16100
epoch 81, minibatch 200/200, validation error 1.045000 %
training @ iter =  16200
training @ iter =  16300
epoch 82, minibatch 200/200, validation error 1.045000 %
training @ iter =  16400
training @ iter =  16500
epoch 83, minibatch 200/200, validation error 1.040000 %
training @ iter =  16600
training @ iter =  16700
epoch 84, minibatch 200/200, validation error 1.040000 %
training @ iter =  16800
training @ iter =  16900
epoch 85, minibatch 200/200, validation error 1.035000 %
training @ iter =  17000
training @ iter =  17100
epoch 86, minibatch 200/200, validation error 1.035000 %
training @ iter =  17200
training @ iter =  17300
epoch 87, minibatch 200/200, validation error 1.035000 %
training @ iter =  17400
training @ iter =  17500
epoch 88, minibatch 200/200, validation error 1.035000 %
training @ iter =  17600
training @ iter =  17700
epoch 89, minibatch 200/200, validation error 1.035000 %
training @ iter =  17800
training @ iter =  17900
epoch 90, minibatch 200/200, validation error 1.035000 %
training @ iter =  18000
training @ iter =  18100
epoch 91, minibatch 200/200, validation error 1.040000 %
training @ iter =  18200
training @ iter =  18300
epoch 92, minibatch 200/200, validation error 1.040000 %
training @ iter =  18400
training @ iter =  18500
epoch 93, minibatch 200/200, validation error 1.045000 %
training @ iter =  18600
training @ iter =  18700
epoch 94, minibatch 200/200, validation error 1.050000 %
training @ iter =  18800
training @ iter =  18900
epoch 95, minibatch 200/200, validation error 1.050000 %
training @ iter =  19000
training @ iter =  19100
epoch 96, minibatch 200/200, validation error 1.060000 %
training @ iter =  19200
training @ iter =  19300
epoch 97, minibatch 200/200, validation error 1.060000 %
training @ iter =  19400
training @ iter =  19500
epoch 98, minibatch 200/200, validation error 1.060000 %
training @ iter =  19600
training @ iter =  19700
epoch 99, minibatch 200/200, validation error 1.065000 %
training @ iter =  19800
training @ iter =  19900
epoch 100, minibatch 200/200, validation error 1.080000 %
training @ iter =  20000
training @ iter =  20100
epoch 101, minibatch 200/200, validation error 1.075000 %
training @ iter =  20200
training @ iter =  20300
epoch 102, minibatch 200/200, validation error 1.070000 %
training @ iter =  20400
training @ iter =  20500
epoch 103, minibatch 200/200, validation error 1.065000 %
training @ iter =  20600
training @ iter =  20700
epoch 104, minibatch 200/200, validation error 1.065000 %
training @ iter =  20800
training @ iter =  20900
epoch 105, minibatch 200/200, validation error 1.065000 %
training @ iter =  21000
training @ iter =  21100
epoch 106, minibatch 200/200, validation error 1.065000 %
training @ iter =  21200
training @ iter =  21300
epoch 107, minibatch 200/200, validation error 1.065000 %
training @ iter =  21400
training @ iter =  21500
epoch 108, minibatch 200/200, validation error 1.065000 %
training @ iter =  21600
training @ iter =  21700
epoch 109, minibatch 200/200, validation error 1.060000 %
training @ iter =  21800
training @ iter =  21900
epoch 110, minibatch 200/200, validation error 1.060000 %
training @ iter =  22000
training @ iter =  22100
epoch 111, minibatch 200/200, validation error 1.055000 %
training @ iter =  22200
training @ iter =  22300
epoch 112, minibatch 200/200, validation error 1.055000 %
training @ iter =  22400
training @ iter =  22500
epoch 113, minibatch 200/200, validation error 1.055000 %
training @ iter =  22600
training @ iter =  22700
epoch 114, minibatch 200/200, validation error 1.050000 %
training @ iter =  22800
training @ iter =  22900
epoch 115, minibatch 200/200, validation error 1.050000 %
training @ iter =  23000
training @ iter =  23100
epoch 116, minibatch 200/200, validation error 1.050000 %
training @ iter =  23200
training @ iter =  23300
epoch 117, minibatch 200/200, validation error 1.050000 %
training @ iter =  23400
training @ iter =  23500
epoch 118, minibatch 200/200, validation error 1.050000 %
training @ iter =  23600
training @ iter =  23700
epoch 119, minibatch 200/200, validation error 1.050000 %
training @ iter =  23800
training @ iter =  23900
epoch 120, minibatch 200/200, validation error 1.050000 %
training @ iter =  24000
training @ iter =  24100
epoch 121, minibatch 200/200, validation error 1.050000 %
training @ iter =  24200
training @ iter =  24300
epoch 122, minibatch 200/200, validation error 1.050000 %
training @ iter =  24400
training @ iter =  24500
epoch 123, minibatch 200/200, validation error 1.050000 %
training @ iter =  24600
training @ iter =  24700
epoch 124, minibatch 200/200, validation error 1.050000 %
training @ iter =  24800
training @ iter =  24900
epoch 125, minibatch 200/200, validation error 1.055000 %
training @ iter =  25000
training @ iter =  25100
epoch 126, minibatch 200/200, validation error 1.055000 %
training @ iter =  25200
training @ iter =  25300
epoch 127, minibatch 200/200, validation error 1.055000The code for file convolutional_mlp_flip_training.py ran for 16.65m
 %
training @ iter =  25400
training @ iter =  25500
epoch 128, minibatch 200/200, validation error 1.055000 %
training @ iter =  25600
training @ iter =  25700
epoch 129, minibatch 200/200, validation error 1.055000 %
training @ iter =  25800
training @ iter =  25900
epoch 130, minibatch 200/200, validation error 1.055000 %
training @ iter =  26000
training @ iter =  26100
epoch 131, minibatch 200/200, validation error 1.055000 %
training @ iter =  26200
training @ iter =  26300
epoch 132, minibatch 200/200, validation error 1.050000 %
training @ iter =  26400
training @ iter =  26500
epoch 133, minibatch 200/200, validation error 1.050000 %
training @ iter =  26600
training @ iter =  26700
Optimization complete. with seed: 100
Best validation score of 1.035000 % obtained at iteration 13600, with test performance 1.000000 %
... loading data
flipped training image allowed
20000
20000
... building the model
... training
training @ iter =  0
training @ iter =  100
epoch 1, minibatch 200/200, validation error 52.370000 %
     epoch 1, minibatch 200/200, test error of best model 52.600000 %
training @ iter =  200
training @ iter =  300
epoch 2, minibatch 200/200, validation error 38.290000 %
     epoch 2, minibatch 200/200, test error of best model 39.300000 %
training @ iter =  400
training @ iter =  500
epoch 3, minibatch 200/200, validation error 11.580000 %
     epoch 3, minibatch 200/200, test error of best model 12.030000 %
training @ iter =  600
training @ iter =  700
epoch 4, minibatch 200/200, validation error 5.700000 %
     epoch 4, minibatch 200/200, test error of best model 5.650000 %
training @ iter =  800
training @ iter =  900
epoch 5, minibatch 200/200, validation error 3.770000 %
     epoch 5, minibatch 200/200, test error of best model 3.610000 %
training @ iter =  1000
training @ iter =  1100
epoch 6, minibatch 200/200, validation error 2.950000 %
     epoch 6, minibatch 200/200, test error of best model 2.680000 %
training @ iter =  1200
training @ iter =  1300
epoch 7, minibatch 200/200, validation error 2.485000 %
     epoch 7, minibatch 200/200, test error of best model 2.225000 %
training @ iter =  1400
training @ iter =  1500
epoch 8, minibatch 200/200, validation error 2.185000 %
     epoch 8, minibatch 200/200, test error of best model 1.980000 %
training @ iter =  1600
training @ iter =  1700
epoch 9, minibatch 200/200, validation error 1.975000 %
     epoch 9, minibatch 200/200, test error of best model 1.800000 %
training @ iter =  1800
training @ iter =  1900
epoch 10, minibatch 200/200, validation error 1.845000 %
     epoch 10, minibatch 200/200, test error of best model 1.610000 %
training @ iter =  2000
training @ iter =  2100
epoch 11, minibatch 200/200, validation error 1.725000 %
     epoch 11, minibatch 200/200, test error of best model 1.530000 %
training @ iter =  2200
training @ iter =  2300
epoch 12, minibatch 200/200, validation error 1.600000 %
     epoch 12, minibatch 200/200, test error of best model 1.425000 %
training @ iter =  2400
training @ iter =  2500
epoch 13, minibatch 200/200, validation error 1.525000 %
     epoch 13, minibatch 200/200, test error of best model 1.365000 %
training @ iter =  2600
training @ iter =  2700
epoch 14, minibatch 200/200, validation error 1.485000 %
     epoch 14, minibatch 200/200, test error of best model 1.325000 %
training @ iter =  2800
training @ iter =  2900
epoch 15, minibatch 200/200, validation error 1.455000 %
     epoch 15, minibatch 200/200, test error of best model 1.250000 %
training @ iter =  3000
training @ iter =  3100
epoch 16, minibatch 200/200, validation error 1.420000 %
     epoch 16, minibatch 200/200, test error of best model 1.220000 %
training @ iter =  3200
training @ iter =  3300
epoch 17, minibatch 200/200, validation error 1.395000 %
     epoch 17, minibatch 200/200, test error of best model 1.195000 %
training @ iter =  3400
training @ iter =  3500
epoch 18, minibatch 200/200, validation error 1.340000 %
     epoch 18, minibatch 200/200, test error of best model 1.170000 %
training @ iter =  3600
training @ iter =  3700
epoch 19, minibatch 200/200, validation error 1.310000 %
     epoch 19, minibatch 200/200, test error of best model 1.170000 %
training @ iter =  3800
training @ iter =  3900
epoch 20, minibatch 200/200, validation error 1.285000 %
     epoch 20, minibatch 200/200, test error of best model 1.155000 %
training @ iter =  4000
training @ iter =  4100
epoch 21, minibatch 200/200, validation error 1.275000 %
     epoch 21, minibatch 200/200, test error of best model 1.160000 %
training @ iter =  4200
training @ iter =  4300
epoch 22, minibatch 200/200, validation error 1.275000 %
training @ iter =  4400
training @ iter =  4500
epoch 23, minibatch 200/200, validation error 1.255000 %
     epoch 23, minibatch 200/200, test error of best model 1.135000 %
training @ iter =  4600
training @ iter =  4700
epoch 24, minibatch 200/200, validation error 1.235000 %
     epoch 24, minibatch 200/200, test error of best model 1.125000 %
training @ iter =  4800
training @ iter =  4900
epoch 25, minibatch 200/200, validation error 1.210000 %
     epoch 25, minibatch 200/200, test error of best model 1.115000 %
training @ iter =  5000
training @ iter =  5100
epoch 26, minibatch 200/200, validation error 1.195000 %
     epoch 26, minibatch 200/200, test error of best model 1.115000 %
training @ iter =  5200
training @ iter =  5300
epoch 27, minibatch 200/200, validation error 1.190000 %
     epoch 27, minibatch 200/200, test error of best model 1.105000 %
training @ iter =  5400
training @ iter =  5500
epoch 28, minibatch 200/200, validation error 1.170000 %
     epoch 28, minibatch 200/200, test error of best model 1.095000 %
training @ iter =  5600
training @ iter =  5700
epoch 29, minibatch 200/200, validation error 1.180000 %
training @ iter =  5800
training @ iter =  5900
epoch 30, minibatch 200/200, validation error 1.170000 %
training @ iter =  6000
training @ iter =  6100
epoch 31, minibatch 200/200, validation error 1.165000 %
     epoch 31, minibatch 200/200, test error of best model 1.070000 %
training @ iter =  6200
training @ iter =  6300
epoch 32, minibatch 200/200, validation error 1.150000 %
     epoch 32, minibatch 200/200, test error of best model 1.065000 %
training @ iter =  6400
training @ iter =  6500
epoch 33, minibatch 200/200, validation error 1.140000 %
     epoch 33, minibatch 200/200, test error of best model 1.075000 %
training @ iter =  6600
training @ iter =  6700
epoch 34, minibatch 200/200, validation error 1.135000 %
     epoch 34, minibatch 200/200, test error of best model 1.080000 %
training @ iter =  6800
training @ iter =  6900
epoch 35, minibatch 200/200, validation error 1.130000 %
     epoch 35, minibatch 200/200, test error of best model 1.065000 %
training @ iter =  7000
training @ iter =  7100
epoch 36, minibatch 200/200, validation error 1.135000 %
training @ iter =  7200
training @ iter =  7300
epoch 37, minibatch 200/200, validation error 1.125000 %
     epoch 37, minibatch 200/200, test error of best model 1.040000 %
training @ iter =  7400
training @ iter =  7500
epoch 38, minibatch 200/200, validation error 1.115000 %
     epoch 38, minibatch 200/200, test error of best model 1.040000 %
training @ iter =  7600
training @ iter =  7700
epoch 39, minibatch 200/200, validation error 1.125000 %
training @ iter =  7800
training @ iter =  7900
epoch 40, minibatch 200/200, validation error 1.130000 %
training @ iter =  8000
training @ iter =  8100
epoch 41, minibatch 200/200, validation error 1.120000 %
training @ iter =  8200
training @ iter =  8300
epoch 42, minibatch 200/200, validation error 1.125000 %
training @ iter =  8400
training @ iter =  8500
epoch 43, minibatch 200/200, validation error 1.120000 %
training @ iter =  8600
training @ iter =  8700
epoch 44, minibatch 200/200, validation error 1.115000 %
training @ iter =  8800
training @ iter =  8900
epoch 45, minibatch 200/200, validation error 1.120000 %
training @ iter =  9000
training @ iter =  9100
epoch 46, minibatch 200/200, validation error 1.115000 %
training @ iter =  9200
training @ iter =  9300
epoch 47, minibatch 200/200, validation error 1.105000 %
     epoch 47, minibatch 200/200, test error of best model 1.010000 %
training @ iter =  9400
training @ iter =  9500
epoch 48, minibatch 200/200, validation error 1.105000 %
training @ iter =  9600
training @ iter =  9700
epoch 49, minibatch 200/200, validation error 1.095000 %
     epoch 49, minibatch 200/200, test error of best model 1.010000 %
training @ iter =  9800
training @ iter =  9900
epoch 50, minibatch 200/200, validation error 1.090000 %
     epoch 50, minibatch 200/200, test error of best model 1.010000 %
training @ iter =  10000
training @ iter =  10100
epoch 51, minibatch 200/200, validation error 1.090000 %
training @ iter =  10200
training @ iter =  10300
epoch 52, minibatch 200/200, validation error 1.075000 %
     epoch 52, minibatch 200/200, test error of best model 1.030000 %
training @ iter =  10400
training @ iter =  10500
epoch 53, minibatch 200/200, validation error 1.075000 %
training @ iter =  10600
training @ iter =  10700
epoch 54, minibatch 200/200, validation error 1.075000 %
training @ iter =  10800
training @ iter =  10900
epoch 55, minibatch 200/200, validation error 1.075000 %
     epoch 55, minibatch 200/200, test error of best model 1.030000 %
training @ iter =  11000
training @ iter =  11100
epoch 56, minibatch 200/200, validation error 1.065000 %
     epoch 56, minibatch 200/200, test error of best model 1.030000 %
training @ iter =  11200
training @ iter =  11300
epoch 57, minibatch 200/200, validation error 1.075000 %
training @ iter =  11400
training @ iter =  11500
epoch 58, minibatch 200/200, validation error 1.075000 %
training @ iter =  11600
training @ iter =  11700
epoch 59, minibatch 200/200, validation error 1.080000 %
training @ iter =  11800
training @ iter =  11900
epoch 60, minibatch 200/200, validation error 1.080000 %
training @ iter =  12000
training @ iter =  12100
epoch 61, minibatch 200/200, validation error 1.080000 %
training @ iter =  12200
training @ iter =  12300
epoch 62, minibatch 200/200, validation error 1.080000 %
training @ iter =  12400
training @ iter =  12500
epoch 63, minibatch 200/200, validation error 1.075000 %
training @ iter =  12600
training @ iter =  12700
epoch 64, minibatch 200/200, validation error 1.070000 %
training @ iter =  12800
training @ iter =  12900
epoch 65, minibatch 200/200, validation error 1.070000 %
training @ iter =  13000
training @ iter =  13100
epoch 66, minibatch 200/200, validation error 1.070000 %
training @ iter =  13200
training @ iter =  13300
epoch 67, minibatch 200/200, validation error 1.070000 %
training @ iter =  13400
training @ iter =  13500
epoch 68, minibatch 200/200, validation error 1.070000 %
training @ iter =  13600
training @ iter =  13700
epoch 69, minibatch 200/200, validation error 1.075000 %
training @ iter =  13800
training @ iter =  13900
epoch 70, minibatch 200/200, validation error 1.080000 %
training @ iter =  14000
training @ iter =  14100
epoch 71, minibatch 200/200, validation error 1.075000 %
training @ iter =  14200
training @ iter =  14300
epoch 72, minibatch 200/200, validation error 1.070000 %
training @ iter =  14400
training @ iter =  14500
epoch 73, minibatch 200/200, validation error 1.065000 %
training @ iter =  14600
training @ iter =  14700
epoch 74, minibatch 200/200, validation error 1.065000 %
training @ iter =  14800
training @ iter =  14900
epoch 75, minibatch 200/200, validation error 1.065000 %
training @ iter =  15000
training @ iter =  15100
epoch 76, minibatch 200/200, validation error 1.075000 %
training @ iter =  15200
training @ iter =  15300
epoch 77, minibatch 200/200, validation error 1.070000 %
training @ iter =  15400
training @ iter =  15500
epoch 78, minibatch 200/200, validation error 1.070000 %
training @ iter =  15600
training @ iter =  15700
epoch 79, minibatch 200/200, validation error 1.070000 %
training @ iter =  15800
training @ iter =  15900
epoch 80, minibatch 200/200, validation error 1.065000 %
training @ iter =  16000
training @ iter =  16100
epoch 81, minibatch 200/200, validation error 1.070000 %
training @ iThe code for file convolutional_mlp_flip_training.py ran for 14.02m
ter =  16200
training @ iter =  16300
epoch 82, minibatch 200/200, validation error 1.070000 %
training @ iter =  16400
training @ iter =  16500
epoch 83, minibatch 200/200, validation error 1.070000 %
training @ iter =  16600
training @ iter =  16700
epoch 84, minibatch 200/200, validation error 1.070000 %
training @ iter =  16800
training @ iter =  16900
epoch 85, minibatch 200/200, validation error 1.070000 %
training @ iter =  17000
training @ iter =  17100
epoch 86, minibatch 200/200, validation error 1.065000 %
training @ iter =  17200
training @ iter =  17300
epoch 87, minibatch 200/200, validation error 1.060000 %
     epoch 87, minibatch 200/200, test error of best model 0.960000 %
training @ iter =  17400
training @ iter =  17500
epoch 88, minibatch 200/200, validation error 1.055000 %
     epoch 88, minibatch 200/200, test error of best model 0.950000 %
training @ iter =  17600
training @ iter =  17700
epoch 89, minibatch 200/200, validation error 1.055000 %
training @ iter =  17800
training @ iter =  17900
epoch 90, minibatch 200/200, validation error 1.055000 %
training @ iter =  18000
training @ iter =  18100
epoch 91, minibatch 200/200, validation error 1.065000 %
training @ iter =  18200
training @ iter =  18300
epoch 92, minibatch 200/200, validation error 1.065000 %
training @ iter =  18400
training @ iter =  18500
epoch 93, minibatch 200/200, validation error 1.065000 %
training @ iter =  18600
training @ iter =  18700
epoch 94, minibatch 200/200, validation error 1.065000 %
training @ iter =  18800
training @ iter =  18900
epoch 95, minibatch 200/200, validation error 1.065000 %
training @ iter =  19000
training @ iter =  19100
epoch 96, minibatch 200/200, validation error 1.065000 %
training @ iter =  19200
training @ iter =  19300
epoch 97, minibatch 200/200, validation error 1.065000 %
training @ iter =  19400
training @ iter =  19500
epoch 98, minibatch 200/200, validation error 1.070000 %
training @ iter =  19600
training @ iter =  19700
epoch 99, minibatch 200/200, validation error 1.075000 %
training @ iter =  19800
training @ iter =  19900
epoch 100, minibatch 200/200, validation error 1.075000 %
training @ iter =  20000
training @ iter =  20100
epoch 101, minibatch 200/200, validation error 1.080000 %
training @ iter =  20200
training @ iter =  20300
epoch 102, minibatch 200/200, validation error 1.085000 %
training @ iter =  20400
training @ iter =  20500
epoch 103, minibatch 200/200, validation error 1.085000 %
training @ iter =  20600
training @ iter =  20700
epoch 104, minibatch 200/200, validation error 1.085000 %
training @ iter =  20800
training @ iter =  20900
epoch 105, minibatch 200/200, validation error 1.085000 %
training @ iter =  21000
training @ iter =  21100
epoch 106, minibatch 200/200, validation error 1.080000 %
training @ iter =  21200
training @ iter =  21300
epoch 107, minibatch 200/200, validation error 1.080000 %
training @ iter =  21400
training @ iter =  21500
epoch 108, minibatch 200/200, validation error 1.080000 %
training @ iter =  21600
training @ iter =  21700
epoch 109, minibatch 200/200, validation error 1.080000 %
training @ iter =  21800
training @ iter =  21900
epoch 110, minibatch 200/200, validation error 1.080000 %
training @ iter =  22000
training @ iter =  22100
epoch 111, minibatch 200/200, validation error 1.080000 %
training @ iter =  22200
training @ iter =  22300
Optimization complete. with seed: 101
Best validation score of 1.055000 % obtained at iteration 17600, with test performance 0.950000 %
... loading data
flipped training image allowed
20000
20000
... building the model
... training
training @ iter =  0
training @ iter =  100
epoch 1, minibatch 200/200, validation error 51.610000 %
     epoch 1, minibatch 200/200, test error of best model 51.885000 %
training @ iter =  200
training @ iter =  300
epoch 2, minibatch 200/200, validation error 42.030000 %
     epoch 2, minibatch 200/200, test error of best model 42.565000 %
training @ iter =  400
training @ iter =  500
epoch 3, minibatch 200/200, validation error 11.485000 %
     epoch 3, minibatch 200/200, test error of best model 11.730000 %
training @ iter =  600
training @ iter =  700
epoch 4, minibatch 200/200, validation error 5.990000 %
     epoch 4, minibatch 200/200, test error of best model 6.035000 %
training @ iter =  800
training @ iter =  900
epoch 5, minibatch 200/200, validation error 4.040000 %
     epoch 5, minibatch 200/200, test error of best model 4.135000 %
training @ iter =  1000
training @ iter =  1100
epoch 6, minibatch 200/200, validation error 3.055000 %
     epoch 6, minibatch 200/200, test error of best model 3.225000 %
training @ iter =  1200
training @ iter =  1300
epoch 7, minibatch 200/200, validation error 2.635000 %
     epoch 7, minibatch 200/200, test error of best model 2.680000 %
training @ iter =  1400
training @ iter =  1500
epoch 8, minibatch 200/200, validation error 2.305000 %
     epoch 8, minibatch 200/200, test error of best model 2.300000 %
training @ iter =  1600
training @ iter =  1700
epoch 9, minibatch 200/200, validation error 2.130000 %
     epoch 9, minibatch 200/200, test error of best model 2.020000 %
training @ iter =  1800
training @ iter =  1900
epoch 10, minibatch 200/200, validation error 1.905000 %
     epoch 10, minibatch 200/200, test error of best model 1.840000 %
training @ iter =  2000
training @ iter =  2100
epoch 11, minibatch 200/200, validation error 1.795000 %
     epoch 11, minibatch 200/200, test error of best model 1.720000 %
training @ iter =  2200
training @ iter =  2300
epoch 12, minibatch 200/200, validation error 1.650000 %
     epoch 12, minibatch 200/200, test error of best model 1.580000 %
training @ iter =  2400
training @ iter =  2500
epoch 13, minibatch 200/200, validation error 1.605000 %
     epoch 13, minibatch 200/200, test error of best model 1.500000 %
training @ iter =  2600
training @ iter =  2700
epoch 14, minibatch 200/200, validation error 1.525000 %
     epoch 14, minibatch 200/200, test error of best model 1.425000 %
training @ iter =  2800
training @ iter =  2900
epoch 15, minibatch 200/200, validation error 1.490000 %
     epoch 15, minibatch 200/200, test error of best model 1.370000 %
training @ iter =  3000
training @ iter =  3100
epoch 16, minibatch 200/200, validation error 1.465000 %
     epoch 16, minibatch 200/200, test error of best model 1.350000 %
training @ iter =  3200
training @ iter =  3300
epoch 17, minibatch 200/200, validation error 1.410000 %
     epoch 17, minibatch 200/200, test error of best model 1.285000 %
training @ iter =  3400
training @ iter =  3500
epoch 18, minibatch 200/200, validation error 1.395000 %
     epoch 18, minibatch 200/200, test error of best model 1.265000 %
training @ iter =  3600
training @ iter =  3700
epoch 19, minibatch 200/200, validation error 1.330000 %
     epoch 19, minibatch 200/200, test error of best model 1.250000 %
training @ iter =  3800
training @ iter =  3900
epoch 20, minibatch 200/200, validation error 1.320000 %
     epoch 20, minibatch 200/200, test error of best model 1.220000 %
training @ iter =  4000
training @ iter =  4100
epoch 21, minibatch 200/200, validation error 1.280000 %
     epoch 21, minibatch 200/200, test error of best model 1.185000 %
training @ iter =  4200
training @ iter =  4300
epoch 22, minibatch 200/200, validation error 1.270000 %
     epoch 22, minibatch 200/200, test error of best model 1.195000 %
training @ iter =  4400
training @ iter =  4500
epoch 23, minibatch 200/200, validation error 1.235000 %
     epoch 23, minibatch 200/200, test error of best model 1.175000 %
training @ iter =  4600
training @ iter =  4700
epoch 24, minibatch 200/200, validation error 1.220000 %
     epoch 24, minibatch 200/200, test error of best model 1.140000 %
training @ iter =  4800
training @ iter =  4900
epoch 25, minibatch 200/200, validation error 1.205000 %
     epoch 25, minibatch 200/200, test error of best model 1.150000 %
training @ iter =  5000
training @ iter =  5100
epoch 26, minibatch 200/200, validation error 1.205000 %
training @ iter =  5200
training @ iter =  5300
epoch 27, minibatch 200/200, validation error 1.195000 %
     epoch 27, minibatch 200/200, test error of best model 1.125000 %
training @ iter =  5400
training @ iter =  5500
epoch 28, minibatch 200/200, validation error 1.185000 %
     epoch 28, minibatch 200/200, test error of best model 1.110000 %
training @ iter =  5600
training @ iter =  5700
epoch 29, minibatch 200/200, validation error 1.185000 %
training @ iter =  5800
training @ iter =  5900
epoch 30, minibatch 200/200, validation error 1.165000 %
     epoch 30, minibatch 200/200, test error of best model 1.095000 %
training @ iter =  6000
training @ iter =  6100
epoch 31, minibatch 200/200, validation error 1.125000 %
     epoch 31, minibatch 200/200, test error of best model 1.090000 %
training @ iter =  6200
training @ iter =  6300
epoch 32, minibatch 200/200, validation error 1.110000 %
     epoch 32, minibatch 200/200, test error of best model 1.085000 %
training @ iter =  6400
training @ iter =  6500
epoch 33, minibatch 200/200, validation error 1.115000 %
training @ iter =  6600
training @ iter =  6700
epoch 34, minibatch 200/200, validation error 1.115000 %
training @ iter =  6800
training @ iter =  6900
epoch 35, minibatch 200/200, validation error 1.110000 %
training @ iter =  7000
training @ iter =  7100
epoch 36, minibatch 200/200, validation error 1.115000 %
training @ iter =  7200
training @ iter =  7300
epoch 37, minibatch 200/200, validation error 1.110000 %
training @ iter =  7400
training @ iter =  7500
epoch 38, minibatch 200/200, validation error 1.110000 %
training @ iter =  7600
training @ iter =  7700
epoch 39, minibatch 200/200, validation error 1.110000 %
training @ iter =  7800
training @ iter =  7900
epoch 40, minibatch 200/200, validation error 1.105000 %
     epoch 40, minibatch 200/200, test error of best model 1.055000 %
training @ iter =  8000
training @ iter =  8100
epoch 41, minibatch 200/200, validation error 1.110000 %
training @ iter =  8200
training @ iter =  8300
epoch 42, minibatch 200/200, validation error 1.110000 %
training @ iter =  8400
training @ iter =  8500
epoch 43, minibatch 200/200, validation error 1.115000 %
training @ iter =  8600
training @ iter =  8700
epoch 44, minibatch 200/200, validation error 1.110000 %
training @ iter =  8800
training @ iter =  8900
epoch 45, minibatch 200/200, validation error 1.105000 %
training @ iter =  9000
training @ iter =  9100
epoch 46, minibatch 200/200, validation error 1.095000 %
     epoch 46, minibatch 200/200, test error of best model 1.025000 %
training @ iter =  9200
training @ iter =  9300
epoch 47, minibatch 200/200, validation error 1.090000 %
     epoch 47, minibatch 200/200, test error of best model 1.015000 %
training @ iter =  9400
training @ iter =  9500
epoch 48, minibatch 200/200, validation error 1.090000 %
training @ iter =  9600
training @ iter =  9700
epoch 49, minibatch 200/200, validation error 1.090000 %
training @ iter =  9800
training @ iter =  9900
epoch 50, minibatch 200/200, validation error 1.090000 %
training @ iter =  10000
training @ iter =  10100
epoch 51, minibatch 200/200, validation error 1.090000 %
training @ iter =  10200
training @ iter =  10300
epoch 52, minibatch 200/200, validation error 1.090000 %
training @ iter =  10400
training @ iter =  10500
epoch 53, minibatch 200/200, validation error 1.090000 %
training @ iter =  10600
training @ iter =  10700
epoch 54, minibatch 200/200, validation error 1.090000 %
training @ iter =  10800
training @ iter =  10900
epoch 55, minibatch 200/200, validation error 1.100000 %
training @ iter =  11000
training @ iter =  11100
epoch 56, minibatch 200/200, validation error 1.105000 %
training @ iter =  11200
training @ iter =  11300
epoch 57, minibatch 200/200, validation error 1.095000 %
training @ iter =  11400
training @ iter =  11500
epoch 58, minibatch 200/200, validation error 1.085000 %
     epoch 58, minibatch 200/200, test error of best model 1.010000 %
training @ iter =  11600
training @ iter =  11700
epoch 59, minibatch 200/200, validation error 1.085000 %
training @ iter =  11800
training @ iter =  11900
epoch 60, minibatch 200/200, validation error 1.085000 %
training @ iter =  12000
training @ iter =  12100
epoch 61, minibatch 200/200, validation error 1.090000 %
training @ iter =  12200
training @ iter =  12300
epoch 62, minibatch 200/200, validation error 1.085000 %
     epoch 62, minibatch 200/200, test error of best model 1.010000 %
training @ iter =  12400
training @ iter =  12500
epoch 63, minibatch 200/200, validation error 1.075000 %
     epoch 63, minibatch 200/200, test error of best model 1.005000 %
training @ iter =  12600
training @ iter =  12700
epoch 64, minibatch 200/200, validation error 1.075000 %
training @ iter =  12800
training @ iter =  12900
epoch 65, minibatch 200/200, validation error 1.070000 %
     epoch 65, minibatch 200/200, test error of best model 1.000000 %
training @ iter =  13000
training @ iter =  13100
epoch 66, minibatch 200/200, validation error 1.060000 %
     epoch 66, minibatch 200/200, test error of best model 1.000000 %
training @ iter =  13200
training @ iter =  13300
epoch 67, minibatch 200/200, validation error 1.065000 %
training @ iter =  13400
training @ iter =  13500
epoch 68, minibatch 200/200, validation error 1.070000 %
training @ iter =  13600
training @ iter =  13700
epoch 69, minibatch 200/200, validation error 1.070000 %
training @ iter =  13800
training @ iter =  13900
epoch 70, minibatch 200/200, validation error 1.065000 %
training @ iter =  14000
training @ iter =  14100
epoch 71, minibatch 200/200, validation error 1.070000 %
training @ iter =  14200
training @ iter =  14300
epoch 72, minibatch 200/200, validation error 1.070000 %
training @ iter =  14400
training @ iter =  14500
epoch 73, minibatch 200/200, validation error 1.065000 %
training @ iter =  14600
training @ iter =  14700
epoch 74, minibatch 200/200, validation error 1.070000 %
training @ iter =  14800
training @ iter =  14900
epoch 75, minibatch 200/200, validation error 1.075000 %
training @ iter =  15000
training @ iter =  15100
epoch 76, minibatch 200/200, validation error 1.070000 %
training @ iter =  15200
training @ iter =  15300
epoch 77, minibatch 200/200, validation error 1.070000 %
training @ iter =  15400
training @ iter =  15500
epoch 78, minibatch 200/200, validation error 1.070000 %
training @ iter =  15600
training @ iter =  15700
epoch 79, minibatch 200/200, validation error 1.075000 %
training @ iter =  15800
training @ iter =  15900
epoch 80, minibatch 200/200, validation error 1.070000 %
training @ iter =  16000
training @ iter =  16100
epoch 81, minibatch 200/200, validation error 1.065000 %
training @ iter =  16200
training @ iter =  16300
epoch 82, minibatch 200/200, validation error 1.065000 %
training @ iter =  16400
training @ iter =  16500
epoch 83, minibatch 200/200, validation error 1.065000 %
training @ iter =  16600
training @ iter =  16700
epoch 84, minibatch 200/200, validation error 1.065000 %
training @ iter =  16800
training @ iter =  16900
epoch 85, minibatch 200/200, validation error 1.065000 %
training @ iter =  17000
training @ iter =  17100
epoch 86, minibatch 200/200, validation error 1.070000 %
training @ iter =  17200
training @ iter =  17300
epoch 87, minibatch 200/200, validation error 1.065000 %
training @ iter =  17400
training @ iter =  17500
epoch 88, minibatch 200/200, validation error 1.065000 %
training @ iter =  17600
training @ iter =  17700
epoch 89, minibatch 200/200, validation error 1.060000 %
training @ iter =  17800
training @ iter =  17900
epoch 90, minibatch 200/200, validation error 1.060000 %
training @ iter =  18000
training @ iter =  18100
epoch 91, minibatch 200/200, validation error 1.060000 %
training @ iter =  18200
training @ iter =  18300
epoch 92, minibatch 200/200, validation error 1.060000 %
training @ iter =  18400
training @ iter =  18500
epoch 93, minibatch 200/200, validation error 1.060000 %
training @ iter =  18600
training @ iter =  18700
epoch 94, minibatch 200/200, validation error 1.060000 %
training @ iter =  18800
training @ iter =  18900
epoch 95, minibatch 200/200, validation error 1.060000 %
training @ iter =  19000
training @ iter =  19100
epoch 96, minibatch 200/200, validation error 1.055000 %
     epoch 96, minibatch 200/200, test error of best model 1.020000 %
training @ iter =  19200
training @ iter =  19300
epoch 97, minibatch 200/200, validation error 1.060000 %
training @ iter =  19400
training @ iter =  19500
epoch 98, minibatch 200/200, validation error 1.055000 %
training @ iter =  19600
training @ iter =  19700
epoch 99, minibatch 200/200, validation error 1.055000 %
training @ iter =  19800
training @ iter =  19900
epoch 100, minibatch 200/200, validation error 1.050000 %
     epoch 100, minibatch 200/200, test error of best model 1.015000 %
training @ iter =  20000
training @ iter =  20100
epoch 101, minibatch 200/200, validation error 1.050000 %
training @ iter =  20200
training @ iter =  20300
epoch 102, minibatch 200/200, validation error 1.050000 %
training @ iter =  20400
training @ iter =  20500
epoch 103, minibatch 200/200, validation error 1.050000 %
training @ iter =  20600
training @ iter =  20700
epoch 104, minibatch 200/200, validation error 1.050000 %
training @ iter =  20800
training @ iter =  20900
epoch 105, minibatch 200/200, validation error 1.045000 %
     epoch 105, minibatch 200/200, test error of best model 1.020000 %
training @ iter =  21000
training @ iter =  21100
epoch 106, minibatch 200/200, validation error 1.050000 %
training @ iter =  21200
training @ iter =  21300
epoch 107, minibatch 200/200, validation error 1.050000 %
training @ iter =  21400
training @ iter =  21500
epoch 108, minibatch 200/200, validation error 1.050000 %
training @ iter =  21600
training @ iter =  21700
epoch 109, minibatch 200/200, validation error 1.050000 %
training @ iter =  21800
training @ iter =  21900
epoch 110, minibatch 200/200, validation error 1.050000 %
training @ iter =  22000
training @ iter =  22100
epoch 111, minibatch 200/200, validation error 1.045000 %
training @ iter =  22200
training @ iter =  22300
epoch 112, minibatch 200/200, validation error 1.045000 %
training @ iter =  22400
training @ iter =  22500
epoch 113, minibatch 200/200, validation error 1.045000 %
training @ iter =  22600
training @ iter =  22700
epoch 114, minibatch 200/200, validation error 1.045000 %
training @ iter =  22800
training @ iter =  22900
epoch 115, minibatch 200/200, validation error 1.045000 %
training @ iter =  23000
training @ iter =  23100
epoch 116, minibatch 200/200, validation error 1.045000 %
training @ iter =  23200
training @ iter =  23300
epoch 117, minibatch 200/200, validation error 1.045000 %
training @ iter =  23400
training @ iter =  23500
epoch 118, minibatch 200/200, validation error 1.045000 %
training @ iter =  23600
training @ iter =  23700
epoch 119, minibatch 200/200, validation error 1.045000 %
training @ iter =  23800
training @ iter =  23900
epoch 120, minibatch 200/200, validation error 1.045000 %
training @ iter =  24000
training @ iter =  24100
epoch 121, minibatch 200/200, validation error 1.045000 %
training @ iter =  24200
training @ iter =  24300
epoch 122, minibatch 200/200, validation error 1.045000 %
training @ iter =  24400
training @ iter =  24500
epoch 123, minibatch 200/200, validation error 1.045000 %
training @ iter =  24600
training @ iter =  24700
epoch 124, minibatch 200/200, validation error 1.045000 %
training @ iter =  24800
training @ iter =  24900
epoch 125, minibatch 200/200, validation error 1.040000 %
     epoch 125, minibatch 200/200, test error of best model 1.015000 %
training @ iter =  25000
training @ iter =  25100
epoch 126, minibatch 200/200, validation error 1.040000 %
training @ iter =  25200
training @ iter =  25300
epoch 127, minibatch 200/200, validation error 1.040000 %
training @ iter =  25400
training @ iter =  25500
epoch 128, minibatch 200/200, validation error 1.040000 %
training @ iter =  25600
training @ iter =  25700
epoch 129, minibatch 200/200, validation error 1.040000 %
training @ iter =  25800
training @ iter =  25900
epoch 130, minibatch 200/200, validation error 1.040000 %
training @ iter =  26000
training @ iter =  26100
epoch 131, minibatch 200/200, validatiThe code for file convolutional_mlp_flip_training.py ran for 16.51m
on error 1.040000 %
training @ iter =  26200
training @ iter =  26300
Optimization complete. with seed: 102
Best validation score of 1.040000 % obtained at iteration 25000, with test performance 1.015000 %
... loading data
flipped training image allowed
20000
20000
... building the model
... training
training @ iter =  0
training @ iter =  100
epoch 1, minibatch 200/200, validation error 52.280000 %
     epoch 1, minibatch 200/200, test error of best model 52.290000 %
training @ iter =  200
training @ iter =  300
epoch 2, minibatch 200/200, validation error 34.975000 %
     epoch 2, minibatch 200/200, test error of best model 36.045000 %
training @ iter =  400
training @ iter =  500
epoch 3, minibatch 200/200, validation error 8.140000 %
     epoch 3, minibatch 200/200, test error of best model 8.275000 %
training @ iter =  600
training @ iter =  700
epoch 4, minibatch 200/200, validation error 3.650000 %
     epoch 4, minibatch 200/200, test error of best model 3.475000 %
training @ iter =  800
training @ iter =  900
epoch 5, minibatch 200/200, validation error 2.865000 %
     epoch 5, minibatch 200/200, test error of best model 2.645000 %
training @ iter =  1000
training @ iter =  1100
epoch 6, minibatch 200/200, validation error 2.525000 %
     epoch 6, minibatch 200/200, test error of best model 2.240000 %
training @ iter =  1200
training @ iter =  1300
epoch 7, minibatch 200/200, validation error 2.235000 %
     epoch 7, minibatch 200/200, test error of best model 1.985000 %
training @ iter =  1400
training @ iter =  1500
epoch 8, minibatch 200/200, validation error 2.045000 %
     epoch 8, minibatch 200/200, test error of best model 1.770000 %
training @ iter =  1600
training @ iter =  1700
epoch 9, minibatch 200/200, validation error 1.890000 %
     epoch 9, minibatch 200/200, test error of best model 1.660000 %
training @ iter =  1800
training @ iter =  1900
epoch 10, minibatch 200/200, validation error 1.835000 %
     epoch 10, minibatch 200/200, test error of best model 1.585000 %
training @ iter =  2000
training @ iter =  2100
epoch 11, minibatch 200/200, validation error 1.705000 %
     epoch 11, minibatch 200/200, test error of best model 1.500000 %
training @ iter =  2200
training @ iter =  2300
epoch 12, minibatch 200/200, validation error 1.655000 %
     epoch 12, minibatch 200/200, test error of best model 1.455000 %
training @ iter =  2400
training @ iter =  2500
epoch 13, minibatch 200/200, validation error 1.635000 %
     epoch 13, minibatch 200/200, test error of best model 1.430000 %
training @ iter =  2600
training @ iter =  2700
epoch 14, minibatch 200/200, validation error 1.560000 %
     epoch 14, minibatch 200/200, test error of best model 1.380000 %
training @ iter =  2800
training @ iter =  2900
epoch 15, minibatch 200/200, validation error 1.525000 %
     epoch 15, minibatch 200/200, test error of best model 1.325000 %
training @ iter =  3000
training @ iter =  3100
epoch 16, minibatch 200/200, validation error 1.485000 %
     epoch 16, minibatch 200/200, test error of best model 1.305000 %
training @ iter =  3200
training @ iter =  3300
epoch 17, minibatch 200/200, validation error 1.435000 %
     epoch 17, minibatch 200/200, test error of best model 1.265000 %
training @ iter =  3400
training @ iter =  3500
epoch 18, minibatch 200/200, validation error 1.415000 %
     epoch 18, minibatch 200/200, test error of best model 1.235000 %
training @ iter =  3600
training @ iter =  3700
epoch 19, minibatch 200/200, validation error 1.400000 %
     epoch 19, minibatch 200/200, test error of best model 1.210000 %
training @ iter =  3800
training @ iter =  3900
epoch 20, minibatch 200/200, validation error 1.335000 %
     epoch 20, minibatch 200/200, test error of best model 1.200000 %
training @ iter =  4000
training @ iter =  4100
epoch 21, minibatch 200/200, validation error 1.325000 %
     epoch 21, minibatch 200/200, test error of best model 1.180000 %
training @ iter =  4200
training @ iter =  4300
epoch 22, minibatch 200/200, validation error 1.325000 %
training @ iter =  4400
training @ iter =  4500
epoch 23, minibatch 200/200, validation error 1.305000 %
     epoch 23, minibatch 200/200, test error of best model 1.145000 %
training @ iter =  4600
training @ iter =  4700
epoch 24, minibatch 200/200, validation error 1.285000 %
     epoch 24, minibatch 200/200, test error of best model 1.125000 %
training @ iter =  4800
training @ iter =  4900
epoch 25, minibatch 200/200, validation error 1.270000 %
     epoch 25, minibatch 200/200, test error of best model 1.140000 %
training @ iter =  5000
training @ iter =  5100
epoch 26, minibatch 200/200, validation error 1.255000 %
     epoch 26, minibatch 200/200, test error of best model 1.135000 %
training @ iter =  5200
training @ iter =  5300
epoch 27, minibatch 200/200, validation error 1.250000 %
     epoch 27, minibatch 200/200, test error of best model 1.135000 %
training @ iter =  5400
training @ iter =  5500
epoch 28, minibatch 200/200, validation error 1.240000 %
     epoch 28, minibatch 200/200, test error of best model 1.125000 %
training @ iter =  5600
training @ iter =  5700
epoch 29, minibatch 200/200, validation error 1.225000 %
     epoch 29, minibatch 200/200, test error of best model 1.110000 %
training @ iter =  5800
training @ iter =  5900
epoch 30, minibatch 200/200, validation error 1.225000 %
training @ iter =  6000
training @ iter =  6100
epoch 31, minibatch 200/200, validation error 1.215000 %
     epoch 31, minibatch 200/200, test error of best model 1.080000 %
training @ iter =  6200
training @ iter =  6300
epoch 32, minibatch 200/200, validation error 1.210000 %
     epoch 32, minibatch 200/200, test error of best model 1.070000 %
training @ iter =  6400
training @ iter =  6500
epoch 33, minibatch 200/200, validation error 1.195000 %
     epoch 33, minibatch 200/200, test error of best model 1.060000 %
training @ iter =  6600
training @ iter =  6700
epoch 34, minibatch 200/200, validation error 1.185000 %
     epoch 34, minibatch 200/200, test error of best model 1.045000 %
training @ iter =  6800
training @ iter =  6900
epoch 35, minibatch 200/200, validation error 1.165000 %
     epoch 35, minibatch 200/200, test error of best model 1.055000 %
training @ iter =  7000
training @ iter =  7100
epoch 36, minibatch 200/200, validation error 1.170000 %
training @ iter =  7200
training @ iter =  7300
epoch 37, minibatch 200/200, validation error 1.170000 %
training @ iter =  7400
training @ iter =  7500
epoch 38, minibatch 200/200, validation error 1.160000 %
     epoch 38, minibatch 200/200, test error of best model 1.050000 %
training @ iter =  7600
training @ iter =  7700
epoch 39, minibatch 200/200, validation error 1.130000 %
     epoch 39, minibatch 200/200, test error of best model 1.045000 %
training @ iter =  7800
training @ iter =  7900
epoch 40, minibatch 200/200, validation error 1.135000 %
training @ iter =  8000
training @ iter =  8100
epoch 41, minibatch 200/200, validation error 1.130000 %
training @ iter =  8200
training @ iter =  8300
epoch 42, minibatch 200/200, validation error 1.125000 %
     epoch 42, minibatch 200/200, test error of best model 1.005000 %
training @ iter =  8400
training @ iter =  8500
epoch 43, minibatch 200/200, validation error 1.125000 %
training @ iter =  8600
training @ iter =  8700
epoch 44, minibatch 200/200, validation error 1.120000 %
     epoch 44, minibatch 200/200, test error of best model 1.000000 %
training @ iter =  8800
training @ iter =  8900
epoch 45, minibatch 200/200, validation error 1.110000 %
     epoch 45, minibatch 200/200, test error of best model 1.000000 %
training @ iter =  9000
training @ iter =  9100
epoch 46, minibatch 200/200, validation error 1.105000 %
     epoch 46, minibatch 200/200, test error of best model 0.980000 %
training @ iter =  9200
training @ iter =  9300
epoch 47, minibatch 200/200, validation error 1.105000 %
training @ iter =  9400
training @ iter =  9500
epoch 48, minibatch 200/200, validation error 1.100000 %
     epoch 48, minibatch 200/200, test error of best model 0.970000 %
training @ iter =  9600
training @ iter =  9700
epoch 49, minibatch 200/200, validation error 1.100000 %
training @ iter =  9800
training @ iter =  9900
epoch 50, minibatch 200/200, validation error 1.100000 %
training @ iter =  10000
training @ iter =  10100
epoch 51, minibatch 200/200, validation error 1.080000 %
     epoch 51, minibatch 200/200, test error of best model 0.965000 %
training @ iter =  10200
training @ iter =  10300
epoch 52, minibatch 200/200, validation error 1.080000 %
training @ iter =  10400
training @ iter =  10500
epoch 53, minibatch 200/200, validation error 1.080000 %
training @ iter =  10600
training @ iter =  10700
epoch 54, minibatch 200/200, validation error 1.075000 %
     epoch 54, minibatch 200/200, test error of best model 0.980000 %
training @ iter =  10800
training @ iter =  10900
epoch 55, minibatch 200/200, validation error 1.070000 %
     epoch 55, minibatch 200/200, test error of best model 0.985000 %
training @ iter =  11000
training @ iter =  11100
epoch 56, minibatch 200/200, validation error 1.065000 %
     epoch 56, minibatch 200/200, test error of best model 0.980000 %
training @ iter =  11200
training @ iter =  11300
epoch 57, minibatch 200/200, validation error 1.070000 %
training @ iter =  11400
training @ iter =  11500
epoch 58, minibatch 200/200, validation error 1.065000 %
training @ iter =  11600
training @ iter =  11700
epoch 59, minibatch 200/200, validation error 1.065000 %
     epoch 59, minibatch 200/200, test error of best model 0.970000 %
training @ iter =  11800
training @ iter =  11900
epoch 60, minibatch 200/200, validation error 1.060000 %
     epoch 60, minibatch 200/200, test error of best model 0.970000 %
training @ iter =  12000
training @ iter =  12100
epoch 61, minibatch 200/200, validation error 1.060000 %
training @ iter =  12200
training @ iter =  12300
epoch 62, minibatch 200/200, validation error 1.070000 %
training @ iter =  12400
training @ iter =  12500
epoch 63, minibatch 200/200, validation error 1.070000 %
training @ iter =  12600
training @ iter =  12700
epoch 64, minibatch 200/200, validation error 1.070000 %
training @ iter =  12800
training @ iter =  12900
epoch 65, minibatch 200/200, validation error 1.065000 %
training @ iter =  13000
training @ iter =  13100
epoch 66, minibatch 200/200, validation error 1.065000 %
training @ iter =  13200
training @ iter =  13300
epoch 67, minibatch 200/200, validation error 1.065000 %
training @ iter =  13400
training @ iter =  13500
epoch 68, minibatch 200/200, validation error 1.060000 %
training @ iter =  13600
training @ iter =  13700
epoch 69, minibatch 200/200, validation error 1.055000 %
     epoch 69, minibatch 200/200, test error of best model 0.955000 %
training @ iter =  13800
training @ iter =  13900
epoch 70, minibatch 200/200, validation error 1.045000 %
     epoch 70, minibatch 200/200, test error of best model 0.955000 %
training @ iter =  14000
training @ iter =  14100
epoch 71, minibatch 200/200, validation error 1.040000 %
     epoch 71, minibatch 200/200, test error of best model 0.950000 %
training @ iter =  14200
training @ iter =  14300
epoch 72, minibatch 200/200, validation error 1.040000 %
training @ iter =  14400
training @ iter =  14500
epoch 73, minibatch 200/200, validation error 1.040000 %
training @ iter =  14600
training @ iter =  14700
epoch 74, minibatch 200/200, validation error 1.040000 %
training @ iter =  14800
training @ iter =  14900
epoch 75, minibatch 200/200, validation error 1.045000 %
training @ iter =  15000
training @ iter =  15100
epoch 76, minibatch 200/200, validation error 1.045000 %
training @ iter =  15200
training @ iter =  15300
epoch 77, minibatch 200/200, validation error 1.040000 %
training @ iter =  15400
training @ iter =  15500
epoch 78, minibatch 200/200, validation error 1.045000 %
training @ iter =  15600
training @ iter =  15700
epoch 79, minibatch 200/200, validation error 1.045000 %
training @ iter =  15800
training @ iter =  15900
epoch 80, minibatch 200/200, validation error 1.050000 %
training @ iter =  16000
training @ iter =  16100
epoch 81, minibatch 200/200, validation error 1.045000 %
training @ iter =  16200
training @ iter =  16300
epoch 82, minibatch 200/200, validation error 1.040000 %
training @ iter =  16400
training @ iter =  16500
epoch 83, minibatch 200/200, validation error 1.045000 %
training @ iter =  16600
training @ iter =  16700
epoch 84, minibatch 200/200, validation error 1.050000 %
training @ iter =  16800
training @ iter =  16900
epoch 85, minibatch 200/200, validation error 1.050000 %
training @ iter =  17000
training @ iter =  17100
epoch 86, minibatch 200/200, validation error 1.050000 %
training @ iter =  17200
training @ iter =  17300
epoch 87, minibatch 200/200, validation error 1.050000 %
training @ iter =  17400
training @ iter =  17500
epoch 88, minibatch 200/200, validation error 1.045000 %
training @ iter =  17600
training @ iter =  17700
epoch 89, minibatch 200/200, validation error 1.035000 %
     epoch 89, minibatch 200/200, test error of best model 0.940000 %
training @ iter =  17800
training @ iter =  17900
epoch 90, minibatch 200/200, validation error 1.035000 %
training @ iter =  18000
training @ iter =  18100
epoch 91, minibatch 200/200, validation error 1.040000 %
training @ iter =  18200
training @ iter =  18300
epoch 92, minibatch 200/200, validation error 1.040000 %
training @ iter =  18400
training @ iter =  18500
epoch 93, minibatch 200/200, validation error 1.040000 %
training @ iter =  18600
training @ iter =  18700
epoch 94, minibatch 200/200, validation error 1.040000 %
training @ iter =  18800
training @ iter =  18900
epoch 95, minibatch 200/200, validation error 1.040000 %
training @ iter =  19000
training @ iter =  19100
epoch 96, minibatch 200/200, validation error 1.040000 %
training @ iter =  19200
training @ iter =  19300
epoch 97, minibatch 200/200, validation error 1.040000 %
training @ iter =  19400
training @ iter =  19500
epoch 98, minibatch 200/200, validation error 1.045000 %
training @ iter =  19600
training @ iter =  19700
epoch 99, minibatch 200/200, validation error 1.045000 %
training @ iter =  19800
training @ iter =  19900
epoch 100, minibatch 200/200, validation error 1.040000 %
training @ iter =  20000
training @ iter =  20100
epoch 101, minibatch 200/200, validation error 1.045000 %
training @ iter =  20200
training @ iter =  20300
epoch 102, minibatch 200/200, validation error 1.040000 %
training @ iter =  20400
training @ iter =  20500
epoch 103, minibatch 200/200, validation error 1.040000 %
training @ iter =  20600
training @ iter =  20700
epoch 104, minibatch 200/200, validation error 1.035000 %
training @ iter =  20800
training @ iter =  20900
epoch 105, minibatch 200/200, validation error 1.040000 %
training @ iter =  21000
training @ iter =  21100
epoch 106, minibatch 200/200, validation error 1.040000 %
training @ iter =  21200
training @ iter =  21300
epoch 107, minibatch 200/200, validation error 1.040000 %
training @ iter =  21400
training @ iter =  21500
epoch 108, minibatch 200/200, validation error 1.040000 %
training @ iter =  21600
training @ iter =  21700
epoch 109, minibatch 200/200, validation error 1.040000 %
training @ iter =  21800
training @ iter =  21900
epoch 110, minibatch 200/200, validation error 1.040000 %
training @ iter =  22000
training @ iter =  22100
epoch 111, minibatch 200/200, validation error 1.040000 %
training @ iter =  22200
training @ iter =  22300
epoch 112, minibatch 200/200, validation error 1.040000 %
training @ iter =  22400
training @ iter =  22500
epoch 113, minibatch 200/200, validation error 1.040000 %
training @ iter =  22600
training @ iter =  22700
epoch 114, minibatch 200/200, validation error 1.050000 %
training @ iter =  22800
training @ iter =  22900
epoch 115, minibatch 200/200, validation error 1.050000 %
training @ iter =  23000
training @ iter =  23100
epoch 116, minibatch 200/200, validation error 1.045000 %
training @ iter =  23200
training @ iter =  23300
epoch 117, minibatch 200/200, validation error 1.045000 %
training @ iter =  23400
training @ iter =  23500
epoch 118, minibatch 200/200, validation error 1.045000 %
training @ iter =  23600
training @ iter =  23700
epoch 119, miThe code for file convolutional_mlp_flip_training.py ran for 17.58m
nibatch 200/200, validation error 1.035000 %
training @ iter =  23800
training @ iter =  23900
epoch 120, minibatch 200/200, validation error 1.035000 %
training @ iter =  24000
training @ iter =  24100
epoch 121, minibatch 200/200, validation error 1.035000 %
training @ iter =  24200
training @ iter =  24300
epoch 122, minibatch 200/200, validation error 1.035000 %
training @ iter =  24400
training @ iter =  24500
epoch 123, minibatch 200/200, validation error 1.035000 %
training @ iter =  24600
training @ iter =  24700
epoch 124, minibatch 200/200, validation error 1.035000 %
training @ iter =  24800
training @ iter =  24900
epoch 125, minibatch 200/200, validation error 1.035000 %
training @ iter =  25000
training @ iter =  25100
epoch 126, minibatch 200/200, validation error 1.035000 %
training @ iter =  25200
training @ iter =  25300
epoch 127, minibatch 200/200, validation error 1.035000 %
training @ iter =  25400
training @ iter =  25500
epoch 128, minibatch 200/200, validation error 1.035000 %
training @ iter =  25600
training @ iter =  25700
epoch 129, minibatch 200/200, validation error 1.035000 %
training @ iter =  25800
training @ iter =  25900
epoch 130, minibatch 200/200, validation error 1.035000 %
training @ iter =  26000
training @ iter =  26100
epoch 131, minibatch 200/200, validation error 1.035000 %
training @ iter =  26200
training @ iter =  26300
epoch 132, minibatch 200/200, validation error 1.040000 %
training @ iter =  26400
training @ iter =  26500
epoch 133, minibatch 200/200, validation error 1.040000 %
training @ iter =  26600
training @ iter =  26700
epoch 134, minibatch 200/200, validation error 1.040000 %
training @ iter =  26800
training @ iter =  26900
epoch 135, minibatch 200/200, validation error 1.040000 %
training @ iter =  27000
training @ iter =  27100
epoch 136, minibatch 200/200, validation error 1.040000 %
training @ iter =  27200
training @ iter =  27300
epoch 137, minibatch 200/200, validation error 1.040000 %
training @ iter =  27400
training @ iter =  27500
epoch 138, minibatch 200/200, validation error 1.030000 %
     epoch 138, minibatch 200/200, test error of best model 0.905000 %
training @ iter =  27600
training @ iter =  27700
epoch 139, minibatch 200/200, validation error 1.030000 %
training @ iter =  27800
training @ iter =  27900
Optimization complete. with seed: 103
Best validation score of 1.030000 % obtained at iteration 27600, with test performance 0.905000 %
... loading data
flipped training image allowed
20000
20000
... building the model
... training
training @ iter =  0
training @ iter =  100
epoch 1, minibatch 200/200, validation error 52.670000 %
     epoch 1, minibatch 200/200, test error of best model 52.715000 %
training @ iter =  200
training @ iter =  300
epoch 2, minibatch 200/200, validation error 27.175000 %
     epoch 2, minibatch 200/200, test error of best model 27.840000 %
training @ iter =  400
training @ iter =  500
epoch 3, minibatch 200/200, validation error 6.400000 %
     epoch 3, minibatch 200/200, test error of best model 6.200000 %
training @ iter =  600
training @ iter =  700
epoch 4, minibatch 200/200, validation error 3.945000 %
     epoch 4, minibatch 200/200, test error of best model 3.855000 %
training @ iter =  800
training @ iter =  900
epoch 5, minibatch 200/200, validation error 3.065000 %
     epoch 5, minibatch 200/200, test error of best model 2.995000 %
training @ iter =  1000
training @ iter =  1100
epoch 6, minibatch 200/200, validation error 2.595000 %
     epoch 6, minibatch 200/200, test error of best model 2.550000 %
training @ iter =  1200
training @ iter =  1300
epoch 7, minibatch 200/200, validation error 2.335000 %
     epoch 7, minibatch 200/200, test error of best model 2.240000 %
training @ iter =  1400
training @ iter =  1500
epoch 8, minibatch 200/200, validation error 2.070000 %
     epoch 8, minibatch 200/200, test error of best model 1.965000 %
training @ iter =  1600
training @ iter =  1700
epoch 9, minibatch 200/200, validation error 1.880000 %
     epoch 9, minibatch 200/200, test error of best model 1.805000 %
training @ iter =  1800
training @ iter =  1900
epoch 10, minibatch 200/200, validation error 1.810000 %
     epoch 10, minibatch 200/200, test error of best model 1.665000 %
training @ iter =  2000
training @ iter =  2100
epoch 11, minibatch 200/200, validation error 1.715000 %
     epoch 11, minibatch 200/200, test error of best model 1.570000 %
training @ iter =  2200
training @ iter =  2300
epoch 12, minibatch 200/200, validation error 1.655000 %
     epoch 12, minibatch 200/200, test error of best model 1.505000 %
training @ iter =  2400
training @ iter =  2500
epoch 13, minibatch 200/200, validation error 1.600000 %
     epoch 13, minibatch 200/200, test error of best model 1.450000 %
training @ iter =  2600
training @ iter =  2700
epoch 14, minibatch 200/200, validation error 1.560000 %
     epoch 14, minibatch 200/200, test error of best model 1.440000 %
training @ iter =  2800
training @ iter =  2900
epoch 15, minibatch 200/200, validation error 1.515000 %
     epoch 15, minibatch 200/200, test error of best model 1.400000 %
training @ iter =  3000
training @ iter =  3100
epoch 16, minibatch 200/200, validation error 1.455000 %
     epoch 16, minibatch 200/200, test error of best model 1.345000 %
training @ iter =  3200
training @ iter =  3300
epoch 17, minibatch 200/200, validation error 1.400000 %
     epoch 17, minibatch 200/200, test error of best model 1.305000 %
training @ iter =  3400
training @ iter =  3500
epoch 18, minibatch 200/200, validation error 1.375000 %
     epoch 18, minibatch 200/200, test error of best model 1.270000 %
training @ iter =  3600
training @ iter =  3700
epoch 19, minibatch 200/200, validation error 1.360000 %
     epoch 19, minibatch 200/200, test error of best model 1.235000 %
training @ iter =  3800
training @ iter =  3900
epoch 20, minibatch 200/200, validation error 1.350000 %
     epoch 20, minibatch 200/200, test error of best model 1.230000 %
training @ iter =  4000
training @ iter =  4100
epoch 21, minibatch 200/200, validation error 1.350000 %
training @ iter =  4200
training @ iter =  4300
epoch 22, minibatch 200/200, validation error 1.340000 %
     epoch 22, minibatch 200/200, test error of best model 1.200000 %
training @ iter =  4400
training @ iter =  4500
epoch 23, minibatch 200/200, validation error 1.325000 %
     epoch 23, minibatch 200/200, test error of best model 1.185000 %
training @ iter =  4600
training @ iter =  4700
epoch 24, minibatch 200/200, validation error 1.275000 %
     epoch 24, minibatch 200/200, test error of best model 1.185000 %
training @ iter =  4800
training @ iter =  4900
epoch 25, minibatch 200/200, validation error 1.275000 %
training @ iter =  5000
training @ iter =  5100
epoch 26, minibatch 200/200, validation error 1.270000 %
     epoch 26, minibatch 200/200, test error of best model 1.150000 %
training @ iter =  5200
training @ iter =  5300
epoch 27, minibatch 200/200, validation error 1.285000 %
training @ iter =  5400
training @ iter =  5500
epoch 28, minibatch 200/200, validation error 1.265000 %
     epoch 28, minibatch 200/200, test error of best model 1.130000 %
training @ iter =  5600
training @ iter =  5700
epoch 29, minibatch 200/200, validation error 1.250000 %
     epoch 29, minibatch 200/200, test error of best model 1.130000 %
training @ iter =  5800
training @ iter =  5900
epoch 30, minibatch 200/200, validation error 1.250000 %
training @ iter =  6000
training @ iter =  6100
epoch 31, minibatch 200/200, validation error 1.235000 %
     epoch 31, minibatch 200/200, test error of best model 1.130000 %
training @ iter =  6200
training @ iter =  6300
epoch 32, minibatch 200/200, validation error 1.225000 %
     epoch 32, minibatch 200/200, test error of best model 1.145000 %
training @ iter =  6400
training @ iter =  6500
epoch 33, minibatch 200/200, validation error 1.220000 %
     epoch 33, minibatch 200/200, test error of best model 1.145000 %
training @ iter =  6600
training @ iter =  6700
epoch 34, minibatch 200/200, validation error 1.225000 %
training @ iter =  6800
training @ iter =  6900
epoch 35, minibatch 200/200, validation error 1.220000 %
training @ iter =  7000
training @ iter =  7100
epoch 36, minibatch 200/200, validation error 1.205000 %
     epoch 36, minibatch 200/200, test error of best model 1.125000 %
training @ iter =  7200
training @ iter =  7300
epoch 37, minibatch 200/200, validation error 1.205000 %
training @ iter =  7400
training @ iter =  7500
epoch 38, minibatch 200/200, validation error 1.190000 %
     epoch 38, minibatch 200/200, test error of best model 1.100000 %
training @ iter =  7600
training @ iter =  7700
epoch 39, minibatch 200/200, validation error 1.165000 %
     epoch 39, minibatch 200/200, test error of best model 1.105000 %
training @ iter =  7800
training @ iter =  7900
epoch 40, minibatch 200/200, validation error 1.175000 %
training @ iter =  8000
training @ iter =  8100
epoch 41, minibatch 200/200, validation error 1.165000 %
training @ iter =  8200
training @ iter =  8300
epoch 42, minibatch 200/200, validation error 1.160000 %
     epoch 42, minibatch 200/200, test error of best model 1.100000 %
training @ iter =  8400
training @ iter =  8500
epoch 43, minibatch 200/200, validation error 1.160000 %
training @ iter =  8600
training @ iter =  8700
epoch 44, minibatch 200/200, validation error 1.160000 %
training @ iter =  8800
training @ iter =  8900
epoch 45, minibatch 200/200, validation error 1.145000 %
     epoch 45, minibatch 200/200, test error of best model 1.070000 %
training @ iter =  9000
training @ iter =  9100
epoch 46, minibatch 200/200, validation error 1.135000 %
     epoch 46, minibatch 200/200, test error of best model 1.065000 %
training @ iter =  9200
training @ iter =  9300
epoch 47, minibatch 200/200, validation error 1.140000 %
training @ iter =  9400
training @ iter =  9500
epoch 48, minibatch 200/200, validation error 1.130000 %
     epoch 48, minibatch 200/200, test error of best model 1.070000 %
training @ iter =  9600
training @ iter =  9700
epoch 49, minibatch 200/200, validation error 1.125000 %
     epoch 49, minibatch 200/200, test error of best model 1.060000 %
training @ iter =  9800
training @ iter =  9900
epoch 50, minibatch 200/200, validation error 1.125000 %
training @ iter =  10000
training @ iter =  10100
epoch 51, minibatch 200/200, validation error 1.135000 %
training @ iter =  10200
training @ iter =  10300
epoch 52, minibatch 200/200, validation error 1.135000 %
training @ iter =  10400
training @ iter =  10500
epoch 53, minibatch 200/200, validation error 1.130000 %
training @ iter =  10600
training @ iter =  10700
epoch 54, minibatch 200/200, validation error 1.125000 %
training @ iter =  10800
training @ iter =  10900
epoch 55, minibatch 200/200, validation error 1.120000 %
     epoch 55, minibatch 200/200, test error of best model 1.015000 %
training @ iter =  11000
training @ iter =  11100
epoch 56, minibatch 200/200, validation error 1.120000 %
training @ iter =  11200
training @ iter =  11300
epoch 57, minibatch 200/200, validation error 1.105000 %
     epoch 57, minibatch 200/200, test error of best model 1.020000 %
training @ iter =  11400
training @ iter =  11500
epoch 58, minibatch 200/200, validation error 1.105000 %
training @ iter =  11600
training @ iter =  11700
epoch 59, minibatch 200/200, validation error 1.110000 %
training @ iter =  11800
training @ iter =  11900
epoch 60, minibatch 200/200, validation error 1.105000 %
training @ iter =  12000
training @ iter =  12100
epoch 61, minibatch 200/200, validation error 1.095000 %
     epoch 61, minibatch 200/200, test error of best model 1.005000 %
training @ iter =  12200
training @ iter =  12300
epoch 62, minibatch 200/200, validation error 1.090000 %
     epoch 62, minibatch 200/200, test error of best model 1.000000 %
training @ iter =  12400
training @ iter =  12500
epoch 63, minibatch 200/200, validation error 1.080000 %
     epoch 63, minibatch 200/200, test error of best model 1.010000 %
training @ iter =  12600
training @ iter =  12700
epoch 64, minibatch 200/200, validation error 1.080000 %
training @ iter =  12800
training @ iter =  12900
epoch 65, minibatch 200/200, validation error 1.080000 %
training @ iter =  13000
training @ iter =  13100
epoch 66, minibatch 200/200, validation error 1.080000 %
training @ iter =  13200
training @ iter =  13300
epoch 67, minibatch 200/200, validation error 1.085000 %
training @ iter =  13400
training @ iter =  13500
epoch 68, minibatch 200/200, validation error 1.085000 %
training @ iter =  13600
training @ iter =  13700
epoch 69, minibatch 200/200, validation error 1.090000 %
training @ iter =  13800
training @ iter =  13900
epoch 70, minibatch 200/200, validation error 1.085000 %
training @ iter =  14000
training @ iter =  14100
epoch 71, minibatch 200/200, validation error 1.085000 %
training @ iter =  14200
training @ iter =  14300
epoch 72, minibatch 200/200, validation error 1.080000 %
training @ iter =  14400
training @ iter =  14500
epoch 73, minibatch 200/200, validation error 1.075000 %
     epoch 73, minibatch 200/200, test error of best model 0.995000 %
training @ iter =  14600
training @ iter =  14700
epoch 74, minibatch 200/200, validation error 1.075000 %
training @ iter =  14800
training @ iter =  14900
epoch 75, minibatch 200/200, validation error 1.075000 %
training @ iter =  15000
training @ iter =  15100
epoch 76, minibatch 200/200, validation error 1.075000 %
training @ iter =  15200
training @ iter =  15300
epoch 77, minibatch 200/200, validation error 1.075000 %
training @ iter =  15400
training @ iter =  15500
epoch 78, minibatch 200/200, validation error 1.075000 %
training @ iter =  15600
training @ iter =  15700
epoch 79, minibatch 200/200, validation error 1.075000 %
training @ iter =  15800
training @ iter =  15900
epoch 80, minibatch 200/200, validation error 1.070000 %
     epoch 80, minibatch 200/200, test error of best model 0.990000 %
training @ iter =  16000
training @ iter =  16100
epoch 81, minibatch 200/200, validation error 1.065000 %
     epoch 81, minibatch 200/200, test error of best model 0.990000 %
training @ iter =  16200
training @ iter =  16300
epoch 82, minibatch 200/200, validation error 1.065000 %
training @ iter =  16400
training @ iter =  16500
epoch 83, minibatch 200/200, validation error 1.065000 %
training @ iter =  16600
training @ iter =  16700
epoch 84, minibatch 200/200, validation error 1.075000 %
training @ iter =  16800
training @ iter =  16900
epoch 85, minibatch 200/200, validation error 1.075000 %
training @ iter =  17000
training @ iter =  17100
epoch 86, minibatch 200/200, validation error 1.080000 %
training @ iter =  17200
training @ iter =  17300
epoch 87, minibatch 200/200, validation error 1.080000 %
training @ iter =  17400
training @ iter =  17500
epoch 88, minibatch 200/200, validation error 1.075000 %
training @ iter =  17600
training @ iter =  17700
epoch 89, minibatch 200/200, validation error 1.075000 %
training @ iter =  17800
training @ iter =  17900
epoch 90, minibatch 200/200, validation error 1.080000 %
training @ iter =  18000
training @ iter =  18100
epoch 91, minibatch 200/200, validation error 1.085000 %
training @ iter =  18200
training @ iter =  18300
epoch 92, minibatch 200/200, validation error 1.085000 %
training @ iter =  18400
training @ iter =  18500
epoch 93, minibatch 200/200, validation error 1.075000 %
training @ iter =  18600
training @ iter =  18700
epoch 94, minibatch 200/200, validation error 1.075000 %
training @ iter =  18800
training @ iter =  18900
epoch 95, minibatch 200/200, validation error 1.075000 %
training @ iter =  19000
training @ iter =  19100
epoch 96, minibatch 200/200, validation error 1.075000 %
training @ iter =  19200
training @ iter =  19300
epoch 97, minibatch 200/200, validation error 1.075000 %
training @ iter =  19400
training @ iter =  19500
epoch 98, minibatch 200/200, validation error 1.075000 %
training @ iter =  19600
training @ iter =  19700
epoch 99, minibatch 200/200, validation error 1.075000 %
training @ iter =  19800
training @ iter =  19900
epoch 100, minibatch 200/200, validation error 1.075000 %
training @ iter =  20000
training @ iter =  20100
epoch 101, minibatch 200/200, validation error 1.075000 %
training @ iter =  20200
training @ iter =  20300
epoch 102, minibatch 200/200, validation error 1.065000 %
training @ iter =  20400
training @ iter =  20500
epoch 103, minibatch 200/200, validation error 1.065000 %
training @ iter =  20600
training @ iter =  20700
epoch 104, minibatch 200/200, validation error 1.065000 %
training @ iter =  20800
training @ iter =  20900
epoch 105, minibatch 200/200, validation error 1.065000 %
training @ iter =  21000
training @ iter =  21100
epoch 106, minibatch 200/200, validation error 1.065000 %
training @ iter =  21200
training @ iter =  21300
epoch 107, minibatch 200/200, validation error 1.065000 %
training @ iter =  21400
training @ iter =  21500
epoch 108, minibatch 200/200, validation error 1.065000 %
training @ iter =  21600
training @ iter =  21700
epoch 109, minibatch 200/200, validation error 1.065000 %
training @ iter =  21800
training @ iter =  21900
epoch 110, minibatch 200/200, validation error 1.055000 %
     epoch 110, minibatch 200/200, test error of best model 0.995000 %
training @ iter =  22000
training @ iter =  22100
epoch 111, minibatch 200/200, validation error 1.055000 %
training @ iter =  22200
training @ iter =  22300
epoch 112, minibatch 200/200, validation error 1.050000 %
     epoch 112, minibatch 200/200, test error of best model 0.995000 %
training @ iter =  22400
training @ iter =  22500
epoch 113, minibatch 200/200, validation error 1.050000 %
training @ iter =  22600
training @ iter =  22700
epoch 114, minibatch 200/200, validation error 1.050000 %
training @ iter =  22800
training @ iter =  22900
epoch 115, minibatch 200/200, validation error 1.050000 %
training @ iter =  23000
training @ iter =  23100
epoch 116, minibatch 200/200, validation error 1.050000 %
training @ iter =  23200
training @ iter =  23300
epoch 117, minibatch 200/200, validation error 1.050000 %
training @ iter =  23400
training @ iter =  23500
epoch 118, minibatch 200/200, validation error 1.050000 %
training @ iter =  23600
training @ iter =  23700
epoch 119, minibatch 200/200, validation error 1.050000 %
training @ iter =  23800
training @ iter =  23900
epoch 120, minibatch 200/200, validation error 1.050000 %
training @ iter =  24000
training @ iter =  24100
epoch 121, minibatch 200/200, validation error 1.045000 %
     epoch 121, minibatch 200/200, test error of best model 0.990000 %
training @ iter =  24200
training @ iter =  24300
epoch 122, minibatch 200/200, validation error 1.040000 %
     epoch 122, minibatch 200/200, test error of best model 0.990000 %
training @ iter =  24400
training @ iter =  24500
epoch 123, minibatch 200/200, validation error 1.040000 %
training @ iter =  24600
training @ iter =  24700
epoch 124, minibatch 200/200, validation error 1.040000 %
training @ iter =  24800
training @ iter =  24900
epoch 125, minibatch 200/200, validation error 1.040000 %
training @ iter =  25000
training @ iter =  25100
epoch 126, minibatch 200/200, validation error 1.040000 %
training @ iter =  25200
training @ iter =  25300
epoch 127, minibatch 200/200, validation error 1.040000 %
training @ iter =  25400
training @ iter =  25500
epoch 128, minibatch 200/200, validation error 1.040000 %
training @ iter =  25600
training @ iter =  25700
epoch 129, minibatch 200/200, validation error 1.040000 %
training @ iter =  25800
training @ iter =  25900
epoch 130, minibatch 200/200, validation error 1.040000 %
training @ iter =  26000
training @ iter =  26100
epoch 131, minibatch 200/200, validation error 1.040000 %
training @ iter =  26200
training @ iter =  26300
epoch 132, minibatch 200/200, validation error 1.040000 %
training @ iter =  26400
training @ iter =  26500
epoch 133, minibatch 200/200, validation error 1.040000 %
training @ iter =  26600
training @ iter =  26700
epoch 134, minibatch 200/200, validation error 1.040000 %
training @ iter =  26800
training @ iter =  26900
epoch 135, minibatch 200/200, validation error 1.040000 %
training @ iter =  27000
training @ iter =  27100
epoch 136, minibatch 200/200, validation error 1.045000 %
training @ iter =  27200
training @ iter =  27300
epoch 137, minibatch 200/200, validation error 1.045000 %
training @ iter =  27400
training @ iter =  27500
epoch 138, minibatch 200/200, validation error 1.045000 %
training @ iter =  27600
training @ iter =  27700
epoch 139, minibatch 200/200, validation error 1.045000 %
training @ iter =  27800
training @ iter =  27900
epoch 140, minibatch 200/200, validation error 1.045000 %
training @ iter =  28000
training @ iter =  28100
epoch 141, minibatch 200/200, validation error 1.045000 %
training @ iter =  28200
training @ iter =  28300
epoch 142, minibatch 200/200, validation error 1.045000 %
training @ iter =  28400
training @ iter =  28500
epoch 143, minibatch 200/200, validation error 1.045000 %
training @ iter =  28600
training @ iter =  28700
epoch 144, minibatch 200/200, validation error 1.045000 %
training @ iter =  28800
training @ iter =  28900
epoch 145, minibatch 200/200, validation error 1.045000 %
training @ iter =  29000
training @ iter =  29100
epoch 146, minibatch 200/200, validation error 1.050000 %
training @ iter =  29200
training @ iter =  29300
epoch 147, minibatch 200/200, validation error 1.050000 %
training @ iter =  29400
training @ iter =  29500
epoch 148, minibatch 200/200, validation error 1.050000 %
training @ iter =  29600
training @ iter =  29700
epoch 149, minibatch 200/200, validation error 1.050000 %
training @ iter =  29800
training @ iter =  29900
epoch 150, minibatch 200/200, validation error 1.050000 %
training @ iter =  30000
training @ iter =  30100
epoch 151, minibatch 200/200, validation error 1.050000 %
training @ iter =  30200
training @ iter =  30300
epoch 152, minibatch 200/200, validation error 1.050000 %
training @ iter =  30400
training @ iter =  30500
epoch 153, minibatch 200/200, validation error 1.050000 %
training @ iter =  30600
training @ iter =  30700
epoch 154, minibatch 200/200, validation error 1.050000 %
training @ iter =  30800
training @ iter =  30900
epoch 155, minibatch 200/200, validation error 1.050000 %
training @ iter =  31000
training @ iter =  31100
epoch 156, minibatch 200/200, validation error 1.050000 %
training @ iter =  31200
training @ iter =  31300
epoch 157, minibatch 200/200, validation error 1.050000 %
training @ iter =  31400
training @ iter =  31500
epoch 158, minibatch 200/200, validation error 1.050000 %
training @ iter =  31600
training @ iter =  31700
epoch 159, minibatch 200/200, validation error 1.050000 %
training @ iter =  31800
training @ iter =  31900
epoch 160, minibatch 200/200, validation error 1.050000 %
training @ iter =  32000
training @ iter =  32100
epoch 161, minibatch 200/200, validation error 1.050000 %
training @ iter =  32200
training @ iter =  32300
epoch 162, minibatch 200/200, validation error 1.050000 %
training @ iter =  32400
training @ iter =  32500
epoch 163, minibatch 200/200, validation error 1.050000 %
training @ iter =  32600
training @ iter =  32700
epoch 164, minibatch 200/200, validation error 1.050000 %
training @ iter =  32800
training @ iter =  32900
epoch 165, minibatch 200/200, validation error 1.050000 %
training @ iter =  33000
training @ iter =  33100
epoch 166, minibatch 200/200, validation error 1.050000 %
training @ iter =  33200
training @ iter =  33300
epoch 167, minibatch 200/200, validation error 1.050000 %
training @ iter =  33400
training @ iter =  33500
epoch 168, minibatch 200/200, validation error 1.050000 %
training @ iter =  33600
training @ iter =  33700
epoch 169, minibatch 200/200, validation error 1.050000 %
training @ iter =  33800
training @ iter =  33900
epoch 170, minibatch 200/200, validation error 1.055000 %
training @ iter =  34000
training @ iter =  34100
epoch 171, minibatch 200/200, validation error 1.055000 %
training @ iter =  34200
training @ iter =  34300
epoch 172, minibatch 200/200, validation error 1.055000 %
training @ iter =  34400
training @ iter =  34500
epoch 173, minibatch 200/200, validation error 1.055000 %
training @ iter =  34600
training @ iter =  34700
epoch 174, minibatch 200/200, validation error 1.055000 %
training @ iter =The code for file convolutional_mlp_flip_training.py ran for 24.94m
  34800
training @ iter =  34900
epoch 175, minibatch 200/200, validation error 1.055000 %
training @ iter =  35000
training @ iter =  35100
epoch 176, minibatch 200/200, validation error 1.055000 %
training @ iter =  35200
training @ iter =  35300
epoch 177, minibatch 200/200, validation error 1.055000 %
training @ iter =  35400
training @ iter =  35500
epoch 178, minibatch 200/200, validation error 1.055000 %
training @ iter =  35600
training @ iter =  35700
epoch 179, minibatch 200/200, validation error 1.055000 %
training @ iter =  35800
training @ iter =  35900
epoch 180, minibatch 200/200, validation error 1.055000 %
training @ iter =  36000
training @ iter =  36100
epoch 181, minibatch 200/200, validation error 1.060000 %
training @ iter =  36200
training @ iter =  36300
epoch 182, minibatch 200/200, validation error 1.060000 %
training @ iter =  36400
training @ iter =  36500
epoch 183, minibatch 200/200, validation error 1.060000 %
training @ iter =  36600
training @ iter =  36700
epoch 184, minibatch 200/200, validation error 1.060000 %
training @ iter =  36800
training @ iter =  36900
epoch 185, minibatch 200/200, validation error 1.060000 %
training @ iter =  37000
training @ iter =  37100
epoch 186, minibatch 200/200, validation error 1.060000 %
training @ iter =  37200
training @ iter =  37300
epoch 187, minibatch 200/200, validation error 1.065000 %
training @ iter =  37400
training @ iter =  37500
epoch 188, minibatch 200/200, validation error 1.065000 %
training @ iter =  37600
training @ iter =  37700
epoch 189, minibatch 200/200, validation error 1.065000 %
training @ iter =  37800
training @ iter =  37900
epoch 190, minibatch 200/200, validation error 1.065000 %
training @ iter =  38000
training @ iter =  38100
epoch 191, minibatch 200/200, validation error 1.065000 %
training @ iter =  38200
training @ iter =  38300
epoch 192, minibatch 200/200, validation error 1.065000 %
training @ iter =  38400
training @ iter =  38500
epoch 193, minibatch 200/200, validation error 1.065000 %
training @ iter =  38600
training @ iter =  38700
epoch 194, minibatch 200/200, validation error 1.065000 %
training @ iter =  38800
training @ iter =  38900
epoch 195, minibatch 200/200, validation error 1.065000 %
training @ iter =  39000
training @ iter =  39100
epoch 196, minibatch 200/200, validation error 1.065000 %
training @ iter =  39200
training @ iter =  39300
epoch 197, minibatch 200/200, validation error 1.060000 %
training @ iter =  39400
training @ iter =  39500
epoch 198, minibatch 200/200, validation error 1.065000 %
training @ iter =  39600
training @ iter =  39700
epoch 199, minibatch 200/200, validation error 1.060000 %
training @ iter =  39800
training @ iter =  39900
epoch 200, minibatch 200/200, validation error 1.060000 %
Optimization complete. with seed: 104
Best validation score of 1.040000 % obtained at iteration 24400, with test performance 0.990000 %

real    90m7.419s
user    74m17.396s
sys     15m46.261s
