Using gpu device 0: GeForce GTX 980
... loading data
... building the model
... training
epoch 1, minibatch 2500/2500, validation error 12.850000 %
     epoch 1, minibatch 2500/2500, test error of best model 13.750000 %
epoch 2, minibatch 2500/2500, validation error 11.330000 %
     epoch 2, minibatch 2500/2500, test error of best model 12.000000 %
epoch 3, minibatch 2500/2500, validation error 10.640000 %
     epoch 3, minibatch 2500/2500, test error of best model 11.220000 %
epoch 4, minibatch 2500/2500, validation error 10.120000 %
     epoch 4, minibatch 2500/2500, test error of best model 10.760000 %
epoch 5, minibatch 2500/2500, validation error 9.760000 %
     epoch 5, minibatch 2500/2500, test error of best model 10.320000 %
epoch 6, minibatch 2500/2500, validation error 9.620000 %
     epoch 6, minibatch 2500/2500, test error of best model 9.950000 %
epoch 7, minibatch 2500/2500, validation error 9.400000 %
     epoch 7, minibatch 2500/2500, test error of best model 9.680000 %
epoch 8, minibatch 2500/2500, validation error 9.150000 %
     epoch 8, minibatch 2500/2500, test error of best model 9.420000 %
epoch 9, minibatch 2500/2500, validation error 9.010000 %
     epoch 9, minibatch 2500/2500, test error of best model 9.180000 %
epoch 10, minibatch 2500/2500, validation error 8.860000 %
     epoch 10, minibatch 2500/2500, test error of best model 9.100000 %
epoch 11, minibatch 2500/2500, validation error 8.790000 %
     epoch 11, minibatch 2500/2500, test error of best model 9.020000 %
epoch 12, minibatch 2500/2500, validation error 8.610000 %
     epoch 12, minibatch 2500/2500, test error of best model 8.790000 %
epoch 13, minibatch 2500/2500, validation error 8.530000 %
     epoch 13, minibatch 2500/2500, test error of best model 8.680000 %
epoch 14, minibatch 2500/2500, validation error 8.400000 %
     epoch 14, minibatch 2500/2500, test error of best model 8.620000 %
epoch 15, minibatch 2500/2500, validation error 8.300000 %
     epoch 15, minibatch 2500/2500, test error of best model 8.560000 %
epoch 16, minibatch 2500/2500, validation error 8.220000 %
     epoch 16, minibatch 2500/2500, test error of best model 8.450000 %
epoch 17, minibatch 2500/2500, validation error 8.200000 %
     epoch 17, minibatch 2500/2500, test error of best model 8.340000 %
epoch 18, minibatch 2500/2500, validation error 8.110000 %
     epoch 18, minibatch 2500/2500, test error of best model 8.300000 %
epoch 19, minibatch 2500/2500, validation error 8.040000 %
     epoch 19, minibatch 2500/2500, test error of best model 8.210000 %
epoch 20, minibatch 2500/2500, validation error 7.990000 %
     epoch 20, minibatch 2500/2500, test error of best model 8.150000 %
epoch 21, minibatch 2500/2500, validation error 7.920000 %
     epoch 21, minibatch 2500/2500, test error of best model 8.080000 %
epoch 22, minibatch 2500/2500, validation error 7.890000 %
     epoch 22, minibatch 2500/2500, test error of best model 8.060000 %
epoch 23, minibatch 2500/2500, validation error 7.840000 %
     epoch 23, minibatch 2500/2500, test error of best model 8.060000 %
epoch 24, minibatch 2500/2500, validation error 7.790000 %
     epoch 24, minibatch 2500/2500, test error of best model 8.020000 %
epoch 25, minibatch 2500/2500, validation error 7.750000 %
     epoch 25, minibatch 2500/2500, test error of best model 8.010000 %
epoch 26, minibatch 2500/2500, validation error 7.760000 %
epoch 27, minibatch 2500/2500, validation error 7.740000 %
     epoch 27, minibatch 2500/2500, test error of best model 7.940000 %
epoch 28, minibatch 2500/2500, validation error 7.680000 %
     epoch 28, minibatch 2500/2500, test error of best model 7.910000 %
epoch 29, minibatch 2500/2500, validation error 7.680000 %
epoch 30, minibatch 2500/2500, validation error 7.670000 %
     epoch 30, minibatch 2500/2500, test error of best model 7.830000 %
epoch 31, minibatch 2500/2500, validation error 7.600000 %
     epoch 31, minibatch 2500/2500, test error of best model 7.800000 %
epoch 32, minibatch 2500/2500, validation error 7.550000 %
     epoch 32, minibatch 2500/2500, test error of best model 7.760000 %
epoch 33, minibatch 2500/2500, validation error 7.520000 %
     epoch 33, minibatch 2500/2500, test error of best model 7.700000 %
epoch 34, minibatch 2500/2500, validation error 7.520000 %
epoch 35, minibatch 2500/2500, validation error 7.530000 %
epoch 36, minibatch 2500/2500, validation error 7.500000 %
     epoch 36, minibatch 2500/2500, test error of best model 7.590000 %
epoch 37, minibatch 2500/2500, validation error 7.470000 %
     epoch 37, minibatch 2500/2500, test error of best model 7.620000 %
epoch 38, minibatch 2500/2500, validation error 7.390000 %
     epoch 38, minibatch 2500/2500, test error of best model 7.560000 %
epoch 39, minibatch 2500/2500, validation error 7.410000 %
epoch 40, minibatch 2500/2500, validation error 7.440000 %
epoch 41, minibatch 2500/2500, validation error 7.410000 %
epoch 42, minibatch 2500/2500, validation error 7.410000 %
epoch 43, minibatch 2500/2500, validation error 7.350000 %
     epoch 43, minibatch 2500/2500, test error of best model 7.530000 %
epoch 44, minibatch 2500/2500, validation error 7.310000 %
     epoch 44, minibatch 2500/2500, test error of best model 7.500000 %
epoch 45, minibatch 2500/2500, validation error 7.280000 %
     epoch 45, minibatch 2500/2500, test error of best model 7.450000 %
epoch 46, minibatch 2500/2500, validation error 7.250000 %
     epoch 46, minibatch 2500/2500, test error of best model 7.480000 %
epoch 47, minibatch 2500/2500, validation error 7.230000 %
     epoch 47, minibatch 2500/2500, test error of best model 7.460000 %
epoch 48, minibatch 2500/2500, validation error 7.250000 %
epoch 49, minibatch 2500/2500, validation error 7.250000 %
epoch 50, minibatch 2500/2500, validation error 7.220000 %
     epoch 50, minibatch 2500/2500, test error of best model 7.400000 %
epoch 51, minibatch 2500/2500, validation error 7.220000 %
epoch 52, minibatch 2500/2500, validation error 7.220000 %
epoch 53, minibatch 2500/2500, validation error 7.180000 %
     epoch 53, minibatch 2500/2500, test error of best model 7.370000 %
epoch 54, minibatch 2500/2500, validation error 7.140000 %
     epoch 54, minibatch 2500/2500, test error of best model 7.390000 %
epoch 55, minibatch 2500/2500, validation error 7.160000 %
epoch 56, minibatch 2500/2500, validation error 7.130000 %
     epoch 56, minibatch 2500/2500, test error of best model 7.330000 %
epoch 57, minibatch 2500/2500, validation error 7.130000 %
epoch 58, minibatch 2500/2500, validation error 7.150000 %
epoch 59, minibatch 2500/2500, validation error 7.130000 %
epoch 60, minibatch 2500/2500, validation error 7.150000 %
epoch 61, minibatch 2500/2500, validation error 7.080000 %
     epoch 61, minibatch 2500/2500, test error of best model 7.340000 %
epoch 62, minibatch 2500/2500, validation error 7.130000 %
epoch 63, minibatch 2500/2500, validation error 7.180000 %
epoch 64, minibatch 2500/2500, validation error 7.140000 %
epoch 65, minibatch 2500/2500, validation error 7.100000 %
epoch 66, minibatch 2500/2500, validation error 7.100000 %
epoch 67, minibatch 2500/2500, validation error 7.070000 %
     epoch 67, minibatch 2500/2500, test error of best model 7.320000 %
epoch 68, minibatch 2500/2500, validation error 7.080000 %
epoch 69, minibatch 2500/2500, validation error 7.110000 %
epoch 70, minibatch 2500/2500, validation error 7.070000 %
epoch 71, minibatch 2500/2500, validation error 7.070000 %
epoch 72, minibatch 2500/2500, validation error 7.100000 %
epoch 73, minibatch 2500/2500, validation error 7.130000 %
epoch 74, minibatch 2500/2500, validation error 7.090000 %
epoch 75, minibatch 2500/2500, validation error 7.100000 %
epoch 76, minibatch 2500/2500, validation error 7.130000 %
epoch 77, minibatch 2500/2500, validation error 7.090000 %
epoch 78, minibatch 2500/2500, validation error 7.100000 %
epoch 79, minibatch 2500/2500, validation error 7.060000 %
     epoch 79, minibatch 2500/2500, test error of best model 7.230000 %
epoch 80, minibatch 2500/2500, validation error 7.090000 %
epoch 81, minibatch 2500/2500, validation error 7.090000 %
epoch 82, minibatch 2500/2500, validation error 7.080000 The code for file mlp_mint_AD.py ran for 6.13m
%
epoch 83, minibatch 2500/2500, validation error 7.090000 %
epoch 84, minibatch 2500/2500, validation error 7.120000 %
epoch 85, minibatch 2500/2500, validation error 7.090000 %
epoch 86, minibatch 2500/2500, validation error 7.090000 %
epoch 87, minibatch 2500/2500, validation error 7.140000 %
epoch 88, minibatch 2500/2500, validation error 7.120000 %
epoch 89, minibatch 2500/2500, validation error 7.100000 %
epoch 90, minibatch 2500/2500, validation error 7.100000 %
epoch 91, minibatch 2500/2500, validation error 7.080000 %
epoch 92, minibatch 2500/2500, validation error 7.180000 %
epoch 93, minibatch 2500/2500, validation error 7.130000 %
epoch 94, minibatch 2500/2500, validation error 7.130000 %
epoch 95, minibatch 2500/2500, validation error 7.150000 %
epoch 96, minibatch 2500/2500, validation error 7.180000 %
epoch 97, minibatch 2500/2500, validation error 7.150000 %
epoch 98, minibatch 2500/2500, validation error 7.160000 %
epoch 99, minibatch 2500/2500, validation error 7.160000 %
epoch 100, minibatch 2500/2500, validation error 7.160000 %
epoch 101, minibatch 2500/2500, validation error 7.120000 %
epoch 102, minibatch 2500/2500, validation error 7.140000 %
epoch 103, minibatch 2500/2500, validation error 7.110000 %
epoch 104, minibatch 2500/2500, validation error 7.160000 %
epoch 105, minibatch 2500/2500, validation error 7.110000 %
epoch 106, minibatch 2500/2500, validation error 7.140000 %
epoch 107, minibatch 2500/2500, validation error 7.150000 %
epoch 108, minibatch 2500/2500, validation error 7.190000 %
epoch 109, minibatch 2500/2500, validation error 7.130000 %
epoch 110, minibatch 2500/2500, validation error 7.180000 %
epoch 111, minibatch 2500/2500, validation error 7.150000 %
epoch 112, minibatch 2500/2500, validation error 7.140000 %
epoch 113, minibatch 2500/2500, validation error 7.220000 %
epoch 114, minibatch 2500/2500, validation error 7.170000 %
epoch 115, minibatch 2500/2500, validation error 7.210000 %
epoch 116, minibatch 2500/2500, validation error 7.200000 %
epoch 117, minibatch 2500/2500, validation error 7.220000 %
epoch 118, minibatch 2500/2500, validation error 7.180000 %
epoch 119, minibatch 2500/2500, validation error 7.200000 %
epoch 120, minibatch 2500/2500, validation error 7.180000 %
epoch 121, minibatch 2500/2500, validation error 7.250000 %
Optimization complete. (with seed: 1234) Best validation score of 7.060000 % obtained at iteration 197500, with test performance 7.230000 %
weight model is saved as mlp_mint_AD_VReLU.dat
