Using gpu device 0: GeForce GTX 980
... loading data
<CudaNdarray object at 0x7f489292fbf0>
[0 0 0 ..., 3 3 2]
... building the model
... training
epoch 1, minibatch 1750/1750, validation error 3.640000 %
     epoch 1, minibatch 1750/1750, test error of best model 3.906667 %
epoch 2, minibatch 1750/1750, validation error 3.733333 %
epoch 3, minibatch 1750/1750, validation error 3.466667 %
     epoch 3, minibatch 1750/1750, test error of best model 3.600000 %
epoch 4, minibatch 1750/1750, validation error 3.373333 %
     epoch 4, minibatch 1750/1750, test error of best model 3.386667 %
epoch 5, minibatch 1750/1750, validation error 3.546667 %
epoch 6, minibatch 1750/1750, validation error 3.760000 %
epoch 7, minibatch 1750/1750, validation error 3.173333 %
     epoch 7, minibatch 1750/1750, test error of best model 3.266667 %
epoch 8, minibatch 1750/1750, validation error 2.786667 %
     epoch 8, minibatch 1750/1750, test error of best model 2.880000 %
epoch 9, minibatch 1750/1750, validation error 2.840000 %
epoch 10, minibatch 1750/1750, validation error 2.773333 %
     epoch 10, minibatch 1750/1750, test error of best model 3.026667 %
epoch 11, minibatch 1750/1750, validation error 3.280000 %
epoch 12, minibatch 1750/1750, validation error 2.813333 %
epoch 13, minibatch 1750/1750, validation error 2.973333 %
epoch 14, minibatch 1750/1750, validation error 2.453333 %
     epoch 14, minibatch 1750/1750, test error of best model 2.840000 %
epoch 15, minibatch 1750/1750, validation error 2.626667 %
epoch 16, minibatch 1750/1750, validation error 2.453333 %
epoch 17, minibatch 1750/1750, validation error 2.186667 %
     epoch 17, minibatch 1750/1750, test error of best model 2.466667 %
epoch 18, minibatch 1750/1750, validation error 2.080000 %
     epoch 18, minibatch 1750/1750, test error of best model 2.200000 %
epoch 19, minibatch 1750/1750, validation error 2.520000 %
epoch 20, minibatch 1750/1750, validation error 2.520000 %
epoch 21, minibatch 1750/1750, validation error 2.320000 %
epoch 22, minibatch 1750/1750, validation error 2.373333 %
epoch 23, minibatch 1750/1750, validation error 2.533333 %
epoch 24, minibatch 1750/1750, validation error 2.306667 %
epoch 25, minibatch 1750/1750, validation error 1.866667 %
     epoch 25, minibatch 1750/1750, test error of best model 2.040000 %
epoch 26, minibatch 1750/1750, validation error 2.253333 %
epoch 27, minibatch 1750/1750, validation error 2.146667 %
epoch 28, minibatch 1750/1750, validation error 2.040000 %
epoch 29, minibatch 1750/1750, validation error 2.093333 %
epoch 30, minibatch 1750/1750, validation error 2.200000 %
epoch 31, minibatch 1750/1750, validation error 2.053333 %
epoch 32, minibatch 1750/1750, validation error 2.186667 %
epoch 33, minibatch 1750/1750, validation error 2.453333 %
epoch 34, minibatch 1750/1750, validation error 1.973333 %
epoch 35, minibatch 1750/1750, validation error 2.373333 %
epoch 36, minibatch 1750/1750, validation error 2.186667 %
epoch 37, minibatch 1750/1750, validation error 2.586667 %
epoch 38, minibatch 1750/1750, validation error 2.400000 %
epoch 39, minibatch 1750/1750, validation error 2.466667 %
epoch 40, minibatch 1750/1750, validation error 2.053333 %
epoch 41, minibatch 1750/1750, validation error 1.840000 %
     epoch 41, minibatch 1750/1750, test error of best model 2.040000 %
epoch 42, minibatch 1750/1750, validation error 2.240000 %
epoch 43, minibatch 1750/1750, validation error 2.373333 %
epoch 44, minibatch 1750/1750, validation error 1.986667 %
epoch 45, minibatch 1750/1750, validation error 2.226667 %
epoch 46, minibatch 1750/1750, validation error 2.040000 %
epoch 47, minibatch 1750/1750, validation error 1.906667 %
epoch 48, minibatch 1750/1750, validation error 2.040000 %
epoch 49, minibatch 1750/1750, validation error 1.573333 %
     epoch 49, minibatch 1750/1750, test error of best model 1.706667 %
epoch 50, minibatch 1750/1750, validation error 1.626667 %
epoch 51, minibatch 1750/1750, validation error 1.800000 %
epoch 52, minibatch 1750/1750, validation error 1.986667 %
epoch 53, minibatch 1750/1750, validation error 1.746667 %
epoch 54, minibatch 1750/1750, validation error 1.893333 %
epoch 55, minibatch 1750/1750, validation error 1.453333 %
     epoch 55, minibatch 1750/1750, test error of best model 1.600000 %
epoch 56, minibatch 1750/1750, validation error 1.480000 %
epoch 57, minibatch 1750/1750, validation error 1.720000 %
epoch 58, minibatch 1750/1750, validation error 1.546667 %
epoch 59, minibatch 1750/1750, validation error 1.493333 %
epoch 60, minibatch 1750/1750, validation error 1.560000 %
epoch 61, minibatch 1750/1750, validation error 1.666667 %
epoch 62, minibatch 1750/1750, validation error 1.680000 %
epoch 63, minibatch 1750/1750, validation error 1.546667 %
epoch 64, minibatch 1750/1750, validation error 2.133333 %
epoch 65, minibatch 1750/1750, validation error 2.266667 %
epoch 66, minibatch 1750/1750, validation error 2.120000 %
epoch 67, minibatch 1750/1750, validation error 2.106667 %
epoch 68, minibatch 1750/1750, validation error 2.000000 %
epoch 69, minibatch 1750/1750, validation error 1.933333 %
epoch 70, minibatch 1750/1750, validation error 1.733333 %
epoch 71, minibatch 1750/1750, validation error 1.826667 %
epoch 72, minibatch 1750/1750, validation error 1.600000 %
epoch 73, minibatch 1750/1750, validation error 1.960000 %
epoch 74, minibatch 1750/1750, validation error 1.813333 %
epoch 75, minibatch 1750/1750, validation error 1.680000 %
epoch 76, minibatch 1750/1750, validation error 1.680000 %
epoch 77, minibatch 1750/1750, validation error 1.853333 %
epoch 78, minibatch 1750/1750, validation error 1.893333 %
epoch 79, minibatch 1750/1750, validation error 1.586667 %
epoch 80, minibatch 1750/1750, validation error 1.706667 %
epoch 81, minibatch 1750/1750, validation error 1.946667 %
epoch 82, minibatch 1750/1750, validation error 2.120000 %
epoch 83, minibatch 1750/1750, validation error 1.666667 %
epoch 84, minibatch 1750/1750, validation error 1.813333 %
epoch 85, minibatch 1750/1750, validation error 1.653333 %
epoch 86, minibatch 1750/1750, validation error 1.773333 %
epoch 87, minibatch 1750/1750, validation error 1.746667 %
epoch 88, minibatch 1750/1750, validation error 2.026667 %
epoch 89, minibatch 1750/1750, validation error 2.480000 %
epoch 90, minibatch 1750/1750, validation error 2.026667 %
epoch 91, minibatch 1750/1750, validation error 1.786667 %
epoch 92, minibatch 1750/1750, validation error 2.186667 %
epoch 93, minibatch 1750/1750, validation error 2.253333 %
epoch 94, minibatch 1750/1750, validation error 1.453333 %
     epoch 94, minibatch 1750/1750, test error of best model 1.720000 %
epoch 95, minibatch 1750/1750, validation error 1.520000 %
epoch 96, minibatch 1750/1750, validation error 2.053333 %
epoch 97, minibatch 1750/1750, validation error 1.546667 %
epoch 98, minibatch 1750/1750, validation error 1.933333 %
epoch 99, minibatch 1750/1750, validation error 1.666667 %
epoch 100, minibatch 1750/1750, validation error 1.333333 %
     epoch 100, minibatch 1750/1750, test error of best model 1.453333 %
epoch 101, minibatch 1750/1750, validation error 1.960000 %
epoch 102, minibatch 1750/1750, validation error 1.800000 %
epoch 103, minibatch 1750/1750, validation error 1.720000 %
epoch 104, minibatch 1750/1750, validation error 1.960000 %
epoch 105, minibatch 1750/1750, validation error 1.520000 %
epoch 106, minibatch 1750/1750, validation error 1.746667 %
epoch 107, minibatch 1750/1750, validation error 1.773333 %
epoch 108, minibatch 1750/1750, validation error 1.386667 %
epoch 109, minibatch 1750/1750, validation error 1.800000 %
epoch 110, minibatch 1750/1750, validation error 2.053333 %
epoch 111, minibatch 1750/1750, validation error 2.080000 %
epoch 112, minibatch 1750/1750, validation error 1.706667 %
epoch 113, minibatch 1750/1750, validation error 1.893333 %
epoch 114, minibatch 1750/1750, validation error 1.733333 %
epoch 115, minibatch 1750/1750, validation error 2.106667 %
epoch 116, minibatch 1750/1750, validation error 1.973333 %
epoch 117, minibatch 1750/1750, validation error 2.093333 %
epoch 118, minibatch 1750/1750, validation error 1.880000 %
epoch 119, minibatch 1750/1750, validation error 1.693333 %
epoch 120, minibatch 1750/1750, validation error 1.813333 %
epoch 121, minibatch 1750/1750, validation error 1.653333 %
epoch 122, minibatch 1750/1750, validation error 1.466667 %
epoch 123, minibatch 1750/1750, validation error 1.760000 %
epoch 124, minibatch 1750/1750, validation error 1.906667 %
epoch 125, minibatch 1750/1750, validation error 1.533333 %
epoch 126, minibatch 1750/1750, validation error 2.160000 %
epoch 127, minibatch 1750/1750, validation error 1.680000 %
epoch 128, minibatch 1750/1750, validation error 1.640000 %
epoch 129, minibatch 1750/1750, validation error 1.706667 %
epoch 130, minibatch 1750/1750, validation error 1.400000 %
epoch 131, minibatch 1750/1750, validation error 2.026667 %
epoch 132, minibatch 1750/1750, validation error 1.320000 %
     epoch 132, minibatch 1750/1750, test error of best model 1.600000 %
epoch 133, minibatch 1750/1750, validation error 1.746667 %
epoch 134, minibatch 1750/1750, validation error 1.426667 %
epoch 135, minibatch 1750/1750, validation error 1.626667 %
epoch 136, minibatch 1750/1750, validation error 1.640000 %
epoch 137, minibatch 1750/1750, validation error 1.413333 %
epoch 138, minibatch 1750/1750, validation error 1.426667 %
epoch 139, minibatch 1750/1750, validation error 1.306667 %
     epoch 139, minibatch 1750/1750, test error of best model 1.613333 %
epoch 140, minibatch 1750/1750, validation error 2.200000 %
epoch 141, minibatch 1750/1750, validation error 2.320000 %
epoch 142, minibatch 1750/1750, validation error 1.733333 %
epoch 143, minibatch 1750/1750, validation error 1.960000 %
epoch 144, minibatch 1750/1750, validation error 1.733333 %
epoch 145, minibatch 1750/1750, validation error 1.653333 %
epoch 146, minibatch 1750/1750, validation error 1.733333 %
epoch 147, minibatch 1750/1750, validation error 2.000000 %
epoch 148, minibatch 1750/1750, validation error 2.066667 %
epoch 149, minibatch 1750/1750, validation error 1.373333 %
epoch 150, minibatch 1750/1750, validation error 1.813333 %
epoch 151, minibatch 1750/1750, validation error 1.533333 %
epoch 152, minibatch 1750/1750, validation error 1.546667 %
epoch 153, minibatch 1750/1750, validation error 1.666667 %
epoch 154, minibatch 1750/1750, validation error 1.840000 %
epoch 155, minibatch 1750/1750, validation error 1.693333 %
epoch 156, minibatch 1750/1750, validation error 1.613333 %
epoch 157, minibatch 1750/1750, validation error 1.826667 %
epoch 158, minibatch 1750/1750, validation error 1.280000 %
     epoch 158, minibatch 1750/1750, test error of best model 1.560000 %
epoch 159, minibatch 1750/1750, validation error 1.306667 %
epoch 160, minibatch 1750/1750, validation error 1.746667 %
epoch 161, minibatch 1750/1750, validation error 1.960000 %
epoch 162, minibatch 1750/1750, validation error 1.693333 %
epoch 163, minibatch 1750/1750, validation error 1.626667 %
epoch 164, minibatch 1750/1750, validation error 1.706667 %
epoch 165, minibatch 1750/1750, validation error 1.840000 %
epoch 166, minibatch 1750/1750, validation error 1.866667 %
epoch 167, minibatch 1750/1750, validation error 1.400000 %
epoch 168, minibatch 1750/1750, validation error 1.440000 %
epoch 169, minibatch 1750/1750, validation error 1.986667 %
epoch 170, minibatch 1750/1750, validation error 1.573333 %
epoch 171, minibatch 1750/1750, validation error 1.373333 %
epoch 172, minibatch 1750/1750, validation error 1.293333 %
epoch 173, minibatch 1750/1750, validation error 1.533333 %
epoch 174, minibatch 1750/1750, validation error 1.573333 %
epoch 175, minibatch 1750/1750, validation error 1.706667 %
epoch 176, minibatch 1750/1750, validation error 1.493333 %
epoch 177, minibatch 1750/1750, validation error 1.586667 %
epoch 178, minibatch 1750/1750, validation error 1.306667 %
epoch 179, minibatch 1750/1750, validation error 1.480000 %
epoch 180, minibatch 1750/1750, validation error 1.786667 %
epoch 181, minibatch 1750/1750, validation error 1.373333 %
epoch 182, minibatch 1750/1750, validation error 1.480000 %
epoch 183, minibatch 1750/1750, validation error 1.760000 %
epoch 184, minibatch 1750/1750, validation error 1.893333 %
epoch 185, minibatch 1750/1750, validation error 1.866667 %
epoch 186, minibatch 1750/1750, validation error 1.293333 %
epoch 187, minibatch 1750/1750, validation error 1.826667 %
epoch 188, minibatch 1750/1750, validation error 1.866667 %
epoch 189, minibatch 1750/1750, validation error 1.440000 %
epoch 190, minibatch 1750/1750, validation error 1.866667 %
epoch 191, minibatch 1750/1750, validation error 1.960000 %
epoch 192, minibatch 1750/1750, validation error 1.733333 %
epoch 193, minibatch 1750/1750, validation error 1.520000 %
epoch 194, minibatch 1750/1750, validation error 1.986667 %
epoch 195, minibatch 1750/1750, validation error 1.573333 %
epoch 196, minibatch 1750/1750, validation error 1.533333 %
epoch 197, minibatch 1750/1750, validation error 1.826667 %
epoch 198, minibatch 1750/1750, validation error 1.880000 %
epoch 199, minibatch 1750/1750, validation error 1.320000 %
epoch 200, minibatch 1750/1750, validation error 1.520000 %
epoch 201, minibatch 1750/1750, validation error 1.533333 %
epoch 202, minibatch 1750/1750, validation error 1.400000 %
epoch 203, minibatch 1750/1750, validation error 1.360000 %
epoch 204, minibatch 1750/1750, validation error 1.680000 %
epoch 205, minibatch 1750/1750, validation error 1.480000 %
epoch 206, minibatch 1750/1750, validation error 1.720000 %
epoch 207, minibatch 1750/1750, validation error 1.400000 %
epoch 208, minibatch 1750/1750, validation error 1.613333 %
epoch 209, minibatch 1750/1750, validation error 1.373333 %
epoch 210, minibatch 1750/1750, validation error 1.533333 %
epoch 211, minibatch 1750/1750, validation error 1.693333 %
epoch 212, minibatch 1750/1750, validation error 1.400000 %
epoch 213, minibatch 1750/1750, validation error 1.440000 %
epoch 214, minibatch 1750/1750, validation error 1.346667 %
epoch 215, minibatch 1750/1750, validation error 1.520000 %
epoch 216, minibatch 1750/1750, validation error 1.506667 %
epoch 217, minibatch 1750/1750, validation error 1.613333 %
epoch 218, minibatch 1750/1750, validation error 1.586667 %
epoch 219, minibatch 1750/1750, validation error 1.613333 %
epoch 220, minibatch 1750/1750, validation error 1.720000 %
epoch 221, minibatch 1750/1750, validation error 1.706667 %
epoch 222, minibatch 1750/1750, validation error 1.680000 %
epoch 223, minibatch 1750/1750, validation error 1.786667 %
epoch 224, minibatch 1750/1750, validation error 1.586667 %
epoch 225, minibatch 1750/1750, validation error 1.466667 %
epoch 226, minibatch 1750/1750, validation error 1.533333 %
epoch 227, minibatch 1750/1750, validation error 1.373333 %
epoch 228, minibatch 1750/1750, validation error 1.626667 %
epoch 229, minibatch 1750/1750, validation error 1.493333 %
epoch 230, minibatch 1750/1750, validation error 1.533333 %
epoch 231, minibatch 1750/1750, validation error 1.640000 %
epoch 232, minibatch 1750/1750, validation error 1.880000 %
epoch 233, minibatch 1750/1750, validation error 2.013333 %
epoch 234, minibatch 1750/1750, validation error 1.386667 %
epoch 235, minibatch 1750/1750, validation error 1.586667 %
epoch 236, minibatch 1750/1750, validation error 1.760000 %
epoch 237, minibatch 1750/1750, validation error 1.253333 %
     epoch 237, minibatch 1750/1750, test error of best model 1.666667 %
epoch 238, minibatch 1750/1750, validation error 1.800000 %
epoch 239, minibatch 1750/1750, validation error 1.573333 %
epoch 240, minibatch 1750/1750, validation error 1.693333 %
epoch 241, minibatch 1750/1750, validation error 1.666667 %
epoch 242, minibatch 1750/1750, validation error 1.666667 %
epoch 243, minibatch 1750/1750, validation error 1.600000 %
epoch 244, minibatch 1750/1750, validation error 1.346667 %
epoch 245, minibatch 1750/1750, validation error 1.626667 %
epoch 246, minibatch 1750/1750, validation error 1.813333 %
epoch 247, minibatch 1750/1750, validation error 1.720000 %
epoch 248, minibatch 1750/1750, validation error 1.506667 %
epoch 249, minibatch 1750/1750, validation error 1.373333 %
epoch 250, minibatch 1750/1750, validation error 1.586667 %
epoch 251, minibatch 1750/1750, validation error 1.973333 %
epoch 252, minibatch 1750/1750, validation error 1.333333 %
epoch 253, minibatch 1750/1750, validation error 1.586667 %
epoch 254, minibatch 1750/1750, validation error 1.666667 %
epoch 255, minibatch 1750/1750, validation error 1.400000 %
epoch 256, minibatch 1750/1750, validation error 1.386667 %
epoch 257, minibatch 1750/1750, validation error 1.626667 %
epoch 258, minibatch 1750/1750, validation error 1.400000 %
epoch 259, minibatch 1750/1750, validation error 1.733333 %
epoch 260, minibatch 1750/1750, validation error 1.520000 %
epoch 261, minibatch 1750/1750, validation error 1.693333 %
epoch 262, minibatch 1750/1750, validation error 1.520000 %
epoch 263, minibatch 1750/1750, validation error 1.973333 %
epoch 264, minibatch 1750/1750, validation error 1.773333 %
epoch 265, minibatch 1750/1750, validation error 1.413333 %
epoch 266, minibatch 1750/1750, validation error 1.640000 %
epoch 267, minibatch 1750/1750, validation error 1.693333 %
epoch 268, minibatch 1750/1750, validation error 2.106667 %
epoch 269, minibatch 1750/1750, validation error 1.893333 %
epoch 270, minibatch 1750/1750, validation error 1.960000 %
epoch 271, minibatch 1750/1750, validation error 1.933333 %
epoch 272, minibatch 1750/1750, validation error 1.666667 %
epoch 273, minibatch 1750/1750, validation error 1.853333 %
epoch 274, minibatch 1750/1750, validation error 2.146667 %
epoch 275, minibatch 1750/1750, validation error 1.480000 %
epoch 276, minibatch 1750/1750, validation error 1.546667 %
epoch 277, minibatch 1750/1750, validation error 1.146667 %
     epoch 277, minibatch 1750/1750, test error of best model 1.440000 %
epoch 278, minibatch 1750/1750, validation error 1.320000 %
epoch 279, minibatch 1750/1750, validation error 1.866667 %
epoch 280, minibatch 1750/1750, validation error 1.680000 %
epoch 281, minibatch 1750/1750, validation error 1.653333 %
epoch 282, minibatch 1750/1750, validation error 1.440000 %
epoch 283, minibatch 1750/1750, validation error 1.386667 %
epoch 284, minibatch 1750/1750, validation error 1.293333 %
epoch 285, minibatch 1750/1750, validation error 1.640000 %
epoch 286, minibatch 1750/1750, validation error 1.680000 %
epoch 287, minibatch 1750/1750, validation error 1.506667 %
epoch 288, minibatch 1750/1750, validation error 1.493333 %
epoch 289, minibatch 1750/1750, validation error 1.586667 %
epoch 290, minibatch 1750/1750, validation error 1.746667 %
epoch 291, minibatch 1750/1750, validation error 1.546667 %
epoch 292, minibatch 1750/1750, validation error 2.093333 %
epoch 293, minibatch 1750/1750, validation error 1.426667 %
epoch 294, minibatch 1750/1750, validation error 1.466667 %
epoch 295, minibatch 1750/1750, validation error 1.400000 %
epoch 296, minibatch 1750/1750, validation error 1.506667 %
epoch 297, minibatch 1750/1750, validation error 1.533333 %
epoch 298, minibatch 1750/1750, validation error 1.920000 %
epoch 299, minibatch 1750/1750, validation error 1.773333 %
epoch 300, minibatch 1750/1750, validation error 1.760000 %
epoch 301, minibatch 1750/1750, validation error 1.346667 %
epoch 302, minibatch 1750/1750, validation error 1.586667 %
epoch 303, minibatch 1750/1750, validation error 1.733333 %
epoch 304, minibatch 1750/1750, validation error 1.866667 %
epoch 305, minibatch 1750/1750, validation error 1.773333 %
epoch 306, minibatch 1750/1750, validation error 2.226667 %
epoch 307, minibatch 1750/1750, validation error 2.160000 %
epoch 308, minibatch 1750/1750, validation error 1.573333 %
epoch 309, minibatch 1750/1750, validation error 1.613333 %
epoch 310, minibatch 1750/1750, validation error 1.493333 %
epoch 311, minibatch 1750/1750, validation error 2.013333 %
epoch 312, minibatch 1750/1750, validation error 1.640000 %
epoch 313, minibatch 1750/1750, validation error 1.533333 %
epoch 314, minibatch 1750/1750, validation error 1.613333 %
epoch 315, minibatch 1750/1750, validation error 1.226667 %
epoch 316, minibatch 1750/1750, validation error 1.946667 %
epoch 317, minibatch 1750/1750, validation error 1.840000 %
epoch 318, minibatch 1750/1750, validation error 1.800000 %
epoch 319, minibatch 1750/1750, validation error 1.373333 %
epoch 320, minibatch 1750/1750, validation error 1.546667 %
epoch 321, minibatch 1750/1750, validation error 1.706667 %
epoch 322, minibatch 1750/1750, validation error 1.666667 %
epoch 323, minibatch 1750/1750, validation error 1.640000 %
epoch 324, minibatch 1750/1750, validation error 1.813333 %
epoch 325, minibatch 1750/1750, validation error 1.533333 %
epoch 326, minibatch 1750/1750, validation error 1.546667 %
epoch 327, minibatch 1750/1750, validation error 1.706667 %
epoch 328, minibatch 1750/1750, validation error 1.360000 %
epoch 329, minibatch 1750/1750, validation error 1.493333 %
epoch 330, minibatch 1750/1750, validation error 1.480000 %
epoch 331, minibatch 1750/1750, validation error 1.586667 %
epoch 332, minibatch 1750/1750, validation error 1.600000 %
epoch 333, minibatch 1750/1750, validation error 1.586667 %
epoch 334, minibatch 1750/1750, validation error 1.880000 %
epoch 335, minibatch 1750/1750, validation error 1.800000 %
epoch 336, minibatch 1750/1750, validation error 1.693333 %
epoch 337, minibatch 1750/1750, validation error 1.920000 %
epoch 338, minibatch 1750/1750, validation error 1.800000 %
epoch 339, minibatch 1750/1750, validation error 1.520000 %
epoch 340, minibatch 1750/1750, validation error 2.053333 %
epoch 341, minibatch 1750/1750, validation error 1.680000 %
epoch 342, minibatch 1750/1750, validation error 1.453333 %
epoch 343, minibatch 1750/1750, validation error 1.960000 %
epoch 344, minibatch 1750/1750, validation error 1.626667 %
epoch 345, minibatch 1750/1750, validation error 1.693333 %
epoch 346, minibatch 1750/1750, validation error 1.626667 %
epoch 347, minibatch 1750/1750, validation error 1.533333 %
epoch 348, minibatch 1750/1750, validation error 1.600000 %
epoch 349, minibatch 1750/1750, validation error 1.533333 %
epoch 350, minibatch 1750/1750, validation error 1.640000 %
epoch 351, minibatch 1750/1750, validation error 1.853333 %
epoch 352, minibatch 1750/1750, validation error 1.626667 %
epoch 353, minibatch 1750/1750, validation error 1.800000 %
epoch 354, minibatch 1750/1750, validation error 1.600000 %
epoch 355, minibatch 1750/1750, validation error 1.640000 %
epoch 356, minibatch 1750/1750, validation error 1.706667 %
epoch 357, minibatch 1750/1750, validation error 1.960000 %
epoch 358, minibatch 1750/1750, validation error 1.640000 %
epoch 359, minibatch 1750/1750, validation error 1.533333 %
epoch 360, minibatch 1750/1750, validation error 1.466667 %
epoch 361, minibatch 1750/1750, validation error 1.626667 %
epoch 362, minibatch 1750/1750, validation error 1.826667 %
epoch 363, minibatch 1750/1750, validation error 1.533333 %
epoch 364, minibatch 1750/1750, validation error 1.706667 %
epoch 365, minibatch 1750/1750, validation error 1.586667 %
epoch 366, minibatch 1750/1750, validation error 1.653333 %
epoch 367, minibatch 1750/1750, validation error 1.786667 %
epoch 368, minibatch 1750/1750, validation error 1.653333 %
epoch 369, minibatch 1750/1750, validation error 2.066667 %
epoch 370, minibatch 1750/1750, validation error 1.440000 %
epoch 371, minibatch 1750/1750, validation error 1.533333 %
epoch 372, minibatch 1750/1750, validation error 1.706667 %
epoch 373, minibatch 1750/1750, validation error 1.653333 %
epoch 374, minibatch 1750/1750, validation error 1.586667 %
epoch 375, minibatch 1750/1750, validation error 1.426667 %
epoch 376, minibatch 1750/1750, validation error 1.626667 %
epoch 377, minibatch 1750/1750, validation error 1.520000 %
epoch 378, minibatch 1750/1750, validation error 1.813333 %
epoch 379, minibatch 1750/1750, validation error 1.520000 %
epoch 380, minibatch 1750/1750, validation error 1.786667 %
epoch 381, minibatch 1750/1750, validation error 1.626667 %
epoch 382, minibatch 1750/1750, validation error 1.586667 %
epoch 383, minibatch 1750/1750, validation error 1.853333 %
epoch 384, minibatch 1750/1750, validation error 1.506667 %
epoch 385, minibatch 1750/1750, validation error 1.760000 %
epoch 386, minibatch 1750/1750, validation error 1.466667 %
epoch 387, minibatch 1750/1750, validation error 1.426667 %
epoch 388, minibatch 1750/1750, validation error 1.813333 %
epoch 389, minibatch 1750/1750, validation error 1.493333 %
epoch 390, minibatch 1750/1750, validation error 1.480000 %
epoch 391, minibatch 1750/1750, validation error 1.440000 %
epoch 392, minibatch 1750/1750, validation error 1.600000 %
epoch 393, minibatch 1750/1750, validation error 1.520000 %
epoch 394, minibatch 1750/1750, validation error 1.933333 %
epoch 395, minibatch 1750/1750, validation error 1.440000 %
epoch 396, minibatch 1750/1750, validation error 1.360000 %
epoch 397, minibatch 1750/1750, validation error 1.640000 %
epoch 398, minibatch 1750/1750, validation error 1.440000 %
epoch 399, minibatch 1750/1750, validation error 1.693333 %
epoch 400, minibatch 1750/1750, validation error 1.546667 %
epoch 401, minibatch 1750/1750, validation error 1.733333 %
epoch 402, minibatch 1750/1750, validation error 1.786667 %
epoch 403, minibatch 1750/1750, validation error 1.853333 %
epoch 404, minibatch 1750/1750, validation error 1.520000 %
epoch 405, minibatch 1750/1750, validation error 1.573333 %
epoch 406, minibatch 1750/1750, validation error 2.000000 %
epoch 407, minibatch 1750/1750, validation error 1.493333 %
epoch 408, minibatch 1750/1750, validation error 1.453333 %
epoch 409, minibatch 1750/1750, validation error 1.493333 %
epoch 410, minibatch 1750/1750, validation error 1.560000 %
epoch 411, minibatch 1750/1750, validation error 1.813333 %
epoch 412, minibatch 1750/1750, validation error 1.733333 %
epoch 413, minibatch 1750/1750, validation error 1.880000 %
epoch 414, minibatch 1750/1750, validation error 1.946667 %
epoch 415, minibatch 1750/1750, validation error 1.653333 %
epoch 416, minibatch 1750/1750, validation error 1.906667 %
epoch 417, minibatch 1750/1750, validation error 1.760000 %
epoch 418, minibatch 1750/1750, validation error 1.546667 %
epoch 419, minibatch 1750/1750, validation error 1.960000 %
epoch 420, minibatch 1750/1750, validation error 1.693333 %
epoch 421, minibatch 1750/1750, validation error 1.573333 %
epoch 422, minibatch 1750/1750, validation error 1.560000 %
epoch 423, minibatch 1750/1750, validation error 2.120000 %
epoch 424, minibatch 1750/1750, validation error 1.546667 %
epoch 425, minibatch 1750/1750, validation error 2.040000 %
epoch 426, minibatch 1750/1750, validation error 1.800000 %
epoch 427, minibatch 1750/1750, validation error 1.706667 %
epoch 428, minibatch 1750/1750, validation error 1.693333 %
epoch 429, minibatch 1750/1750, validation error 1.466667 %
epoch 430, minibatch 1750/1750, validation error 1.800000 %
epoch 431, minibatch 1750/1750, validation error 1.733333 %
epoch 432, minibatch 1750/1750, validation error 1.533333 %
epoch 433, minibatch 1750/1750, validation error 1.586667 %
epoch 434, minibatch 1750/1750, validation error 1.493333 %
epoch 435, minibatch 1750/1750, validation error 1.466667 %
epoch 436, minibatch 1750/1750, validation error 1.373333 %
epoch 437, minibatch 1750/1750, validation error 1.640000 %
epoch 438, minibatch 1750/1750, validation error 1.840000 %
epoch 439, minibatch 1750/1750, validation error 1.520000 %
epoch 440, minibatch 1750/1750, validation error 1.800000 %
epoch 441, minibatch 1750/1750, validation error 1.546667 %
epoch 442, minibatch 1750/1750, validation error 1.293333 %
epoch 443, minibatch 1750/1750, validation error 1.613333 %
epoch 444, minibatch 1750/1750, validation error 2.093333 %
epoch 445, minibatch 1750/1750, validation error 1.186667 %
epoch 446, minibatch 1750/1750, validation error 1.493333 %
epoch 447, minibatch 1750/1750, validation error 1.400000 %
epoch 448, minibatch 1750/1750, validation error 1.573333 %
epoch 449, minibatch 1750/1750, validation error 1.826667 %
epoch 450, minibatch 1750/1750, validation error 1.280000 %
epoch 451, minibatch 1750/1750, validation error 1.546667 %
epoch 452, minibatch 1750/1750, validation error 1.613333 %
epoch 453, minibatch 1750/1750, validation error 1.666667 %
epoch 454, minibatch 1750/1750, validation error 1.546667 %
epoch 455, minibatch 1750/1750, validation error 1.586667 %
epoch 456, minibatch 1750/1750, validation error 1.320000 %
epoch 457, minibatch 1750/1750, validation error 1.506667 %
epoch 458, minibatch 1750/1750, validation error 1.320000 %
epoch 459, minibatch 1750/1750, validation error 1.933333 %
epoch 460, minibatch 1750/1750, validation error 1.666667 %
epoch 461, minibatch 1750/1750, validation error 1.506667 %
epoch 462, minibatch 1750/1750, validation error 1.533333 %
epoch 463, minibatch 1750/1750, validation error 1.546667 %
epoch 464, minibatch 1750/1750, validation error 1.626667 %
epoch 465, minibatch 1750/1750, validation error 1.386667 %
epoch 466, minibatch 1750/1750, validation error 1.626667 %
epoch 467, minibatch 1750/1750, validation error 1.586667 %
epoch 468, minibatch 1750/1750, validation error 1.760000 %
epoch 469, minibatch 1750/1750, validation error 1.866667 %
epoch 470, minibatch 1750/1750, validation error 1.586667 %
epoch 471, minibatch 1750/1750, validation error 1.386667 %
epoch 472, minibatch 1750/1750, validation error 1.373333 %
epoch 473, minibatch 1750/1750, validation error 1.386667 %
epoch 474, minibatch 1750/1750, validation error 1.640000 %
epoch 475, minibatch 1750/1750, validation error 1.466667 %
epoch 476, minibatch 1750/1750, validation error 1.720000 %
epoch 477, minibatch 1750/1750, validation error 1.626667 %
epoch 478, minibatch 1750/1750, validation error 1.733333 %
epoch 479, minibatch 1750/1750, validation error 1.573333 %
epoch 480, minibatch 1750/1750, validation error 1.413333 %
epoch 481, minibatch 1750/1750, validation error 1.653333 %
epoch 482, minibatch 1750/1750, validation error 1.400000 %
epoch 483, minibatch 1750/1750, validation error 1.800000 %
epoch 484, minibatch 1750/1750, validation error 1.400000 %
epoch 485, minibatch 1750/1750, validation error 1.880000 %
epoch 486, minibatch 1750/1750, validation error 1.493333 %
epoch 487, minibatch 1750/1750, validation error 1.440000 %
epoch 488, minibatch 1750/1750, validation error 1.800000 %
epoch 489, minibatch 1750/1750, validation error 1.453333 %
epoch 490, minibatch 1750/1750, validation error 1.546667 %
epoch 491, minibatch 1750/1750, validation error 1.666667 %
epoch 492, minibatch 1750/1750, validation error 1.786667 %
epoch 493, minibatch 1750/1750, validation error 1.613333 %
epoch 494, minibatch 1750/1750, validation error 1.706667 %
epoch 495, minibatch 1750/1750, validation error 1.493333 %
epoch 496, minibatch 1750/1750, validation error 1.653333 %
epoch 497, minibatch 1750/1750, validation error 1.880000 %
epoch 498, minibatch 1750/1750, validation error 1.386667 %
epoch 499, minibatch 1750/1750, validation error 1.440000 %
epoch 500, minibatch 1750/1750, validation error 1.493333 %
epoch 501, minibatch 1750/1750, validation error 1.626667 %
epoch 502, minibatch 1750/1750, validation error 1.826667 %
epoch 503, minibatch 1750/1750, validation error 1.840000 %
epoch 504, minibatch 1750/1750, validation error 1.773333 %
epoch 505, minibatch 1750/1750, validation error 1.546667 %
epoch 506, minibatch 1750/1750, validation error 1.746667 %
epoch 507, minibatch 1750/1750, validation error 1.773333 %
epoch 508, minibatch 1750/1750, validation error 1.786667 %
epoch 509, minibatch 1750/1750, validation error 1.706667 %
epoch 510, minibatch 1750/1750, validation error 1.466667 %
epoch 511, minibatch 1750/1750, validation error 1.493333 %
epoch 512, minibatch 1750/1750, validation error 1.466667 %
epoch 513, minibatch 1750/1750, validation error 1.746667 %
epoch 514, minibatch 1750/1750, validation error 2.173333 %
epoch 515, minibatch 1750/1750, validation error 1.586667 %
epoch 516, minibatch 1750/1750, validation error 1.560000 %
epoch 517, minibatch 1750/1750, validation error 1.760000 %
epoch 518, minibatch 1750/1750, validation error 1.653333 %
epoch 519, minibatch 1750/1750, validation error 1.626667 %
epoch 520, minibatch 1750/1750, validation error 1.720000 %
epoch 521, minibatch 1750/1750, validation error 1.880000 %
epoch 522, minibatch 1750/1750, validation error 1.720000 %
epocThe code for file max3.py ran for 36.00m
The code for file max3.py ran for 0.35m
The code for file max3.py ran for 0.33m
h 523, minibatch 1750/1750, validation error 1.640000 %
epoch 524, minibatch 1750/1750, validation error 1.773333 %
epoch 525, minibatch 1750/1750, validation error 1.640000 %
epoch 526, minibatch 1750/1750, validation error 1.600000 %
epoch 527, minibatch 1750/1750, validation error 1.746667 %
epoch 528, minibatch 1750/1750, validation error 1.773333 %
epoch 529, minibatch 1750/1750, validation error 1.813333 %
epoch 530, minibatch 1750/1750, validation error 1.973333 %
epoch 531, minibatch 1750/1750, validation error 1.640000 %
epoch 532, minibatch 1750/1750, validation error 1.440000 %
epoch 533, minibatch 1750/1750, validation error 1.613333 %
epoch 534, minibatch 1750/1750, validation error 1.733333 %
epoch 535, minibatch 1750/1750, validation error 1.840000 %
epoch 536, minibatch 1750/1750, validation error 1.746667 %
epoch 537, minibatch 1750/1750, validation error 1.746667 %
epoch 538, minibatch 1750/1750, validation error 2.146667 %
epoch 539, minibatch 1750/1750, validation error 1.506667 %
epoch 540, minibatch 1750/1750, validation error 1.840000 %
epoch 541, minibatch 1750/1750, validation error 1.640000 %
epoch 542, minibatch 1750/1750, validation error 1.813333 %
epoch 543, minibatch 1750/1750, validation error 1.493333 %
epoch 544, minibatch 1750/1750, validation error 1.880000 %
epoch 545, minibatch 1750/1750, validation error 1.680000 %
epoch 546, minibatch 1750/1750, validation error 1.800000 %
epoch 547, minibatch 1750/1750, validation error 1.680000 %
epoch 548, minibatch 1750/1750, validation error 1.746667 %
epoch 549, minibatch 1750/1750, validation error 1.680000 %
epoch 550, minibatch 1750/1750, validation error 1.453333 %
epoch 551, minibatch 1750/1750, validation error 1.960000 %
epoch 552, minibatch 1750/1750, validation error 1.720000 %
epoch 553, minibatch 1750/1750, validation error 1.546667 %
Optimization complete. (with seed: 100) Best validation score of 1.146667 % obtained at iteration 484750, with test performance 1.440000 %
... loading data
<CudaNdarray object at 0x7f488e43b7f0>
[0 0 0 ..., 3 3 2]
... building the model
... training
epoch 1, minibatch 1750/1750, validation error 4.053333 %
     epoch 1, minibatch 1750/1750, test error of best model 4.146667 %
epoch 2, minibatch 1750/1750, validation error 3.853333 %
     epoch 2, minibatch 1750/1750, test error of best model 3.960000 %
epoch 3, minibatch 1750/1750, validation error 3.360000 %
     epoch 3, minibatch 1750/1750, test error of best model 3.386667 %
epoch 4, minibatch 1750/1750, validation error 3.400000 %
epoch 5, minibatch 1750/1750, validation error 3.493333 %
Optimization complete. (with seed: 101) Best validation score of 3.360000 % obtained at iteration 5250, with test performance 3.386667 %
... loading data
<CudaNdarray object at 0x7f4890131730>
[0 0 0 ..., 3 3 2]
... building the model
... training
epoch 1, minibatch 1750/1750, validation error 3.840000 %
     epoch 1, minibatch 1750/1750, test error of best model 3.906667 %
epoch 2, minibatch 1750/1750, validation error 3.213333 %
     epoch 2, minibatch 1750/1750, test error of best model 3.453333 %
epoch 3, minibatch 1750/1750, validation error 3.080000 %
     epoch 3, minibatch 1750/1750, test error of best model 3.386667 %
epoch 4, minibatch 1750/1750, validation error 3.413333 %
epoch 5, minibatch 1750/1750, validation error 3.680000 %
Optimization complete. (with seed: 102) Best validation score of 3.080000 % obtained at iteration 5250, with test performance 3.386667 %
... loading data
<CudaNdarray object at 0x7f488b97be30>
[0 0 0 ..., 3 3 2]
... building the model
... training
epoch 1, minibatch 1750/1750, validation error 3.706667 %
     epoch 1, minibatch 1750/1750, test error of best model 4.026667 %
epoch 2, minibatch 1750/1750, validation error 3.293333 %
     epoch 2, minibatch 1750/1750, test error of best model 3.413333 %
epoch 3, minibatch 1750/1750, validation error 3.360000 %
epoch 4, minibatch 1750/1750, validation error 3.560000 %
epoch 5, minibatch 1750/1750, validation error 3.453333 %
Optimization complete. (with seed: 103) Best validation The code for file max3.py ran for 0.35m
The code for file max3.py ran for 0.32m
The code for file max3.py ran for 0.34m
The code for file max3.py ran for 0.37m
The code for file max3.py ran for 0.40m
score of 3.293333 % obtained at iteration 3500, with test performance 3.413333 %
... loading data
<CudaNdarray object at 0x7f488e5308f0>
[0 0 0 ..., 3 3 2]
... building the model
... training
epoch 1, minibatch 1750/1750, validation error 3.960000 %
     epoch 1, minibatch 1750/1750, test error of best model 4.093333 %
epoch 2, minibatch 1750/1750, validation error 3.600000 %
     epoch 2, minibatch 1750/1750, test error of best model 3.533333 %
epoch 3, minibatch 1750/1750, validation error 3.733333 %
epoch 4, minibatch 1750/1750, validation error 3.853333 %
epoch 5, minibatch 1750/1750, validation error 3.986667 %
Optimization complete. (with seed: 104) Best validation score of 3.600000 % obtained at iteration 3500, with test performance 3.533333 %
... loading data
<CudaNdarray object at 0x7f488c7c4730>
[0 0 0 ..., 3 3 2]
... building the model
... training
epoch 1, minibatch 1750/1750, validation error 3.626667 %
     epoch 1, minibatch 1750/1750, test error of best model 3.773333 %
epoch 2, minibatch 1750/1750, validation error 3.400000 %
     epoch 2, minibatch 1750/1750, test error of best model 3.306667 %
epoch 3, minibatch 1750/1750, validation error 3.626667 %
epoch 4, minibatch 1750/1750, validation error 3.613333 %
epoch 5, minibatch 1750/1750, validation error 3.440000 %
Optimization complete. (with seed: 105) Best validation score of 3.400000 % obtained at iteration 3500, with test performance 3.306667 %
... loading data
<CudaNdarray object at 0x7f48920adb70>
[0 0 0 ..., 3 3 2]
... building the model
... training
epoch 1, minibatch 1750/1750, validation error 3.813333 %
     epoch 1, minibatch 1750/1750, test error of best model 3.973333 %
epoch 2, minibatch 1750/1750, validation error 3.426667 %
     epoch 2, minibatch 1750/1750, test error of best model 3.693333 %
epoch 3, minibatch 1750/1750, validation error 3.413333 %
     epoch 3, minibatch 1750/1750, test error of best model 3.546667 %
epoch 4, minibatch 1750/1750, validation error 3.440000 %
epoch 5, minibatch 1750/1750, validation error 3.413333 %
Optimization complete. (with seed: 106) Best validation score of 3.413333 % obtained at iteration 5250, with test performance 3.546667 %
... loading data
<CudaNdarray object at 0x7f4890295f30>
[0 0 0 ..., 3 3 2]
... building the model
... training
epoch 1, minibatch 1750/1750, validation error 3.840000 %
     epoch 1, minibatch 1750/1750, test error of best model 3.853333 %
epoch 2, minibatch 1750/1750, validation error 3.666667 %
     epoch 2, minibatch 1750/1750, test error of best model 3.693333 %
epoch 3, minibatch 1750/1750, validation error 3.413333 %
     epoch 3, minibatch 1750/1750, test error of best model 3.413333 %
epoch 4, minibatch 1750/1750, validation error 3.053333 %
     epoch 4, minibatch 1750/1750, test error of best model 3.213333 %
epoch 5, minibatch 1750/1750, validation error 3.133333 %
epoch 6, minibatch 1750/1750, validation error 3.413333 %
epoch 7, minibatch 1750/1750, validation error 3.506667 %
Optimization complete. (with seed: 107) Best validation score of 3.053333 % obtained at iteration 7000, with test performance 3.213333 %
... loading data
<CudaNdarray object at 0x7f488b88ce30>
[0 0 0 ..., 3 3 2]
... building the model
... training
epoch 1, minibatch 1750/1750, validation error 3.693333 %
     epoch 1, minibatch 1750/1750, test error of best model 3.720000 %
epoch 2, minibatch 1750/1750, validation error 3.333333 %
     epoch 2, minibatch 1750/1750, test error of best model 3.560000 %
epoch 3, minibatch 1750/1750, validation error 3.093333 %
     epoch 3, minibatch 1750/1750, test error of best model 3.333333 %
epoch 4, minibatch 1750/1750, validation error 3.226667 %
epoch 5, minibatch 1750/1750, validation error 2.973333 %
     epoch 5, minibatch 1750/1750, test error of best model 3.133333 %
epoch 6, minibatch 1750/1750, validation error 3.360000 %
epoch 7, minibatch 1750/1750, validation error 3.333333 %
epoch 8, minibatch 1750/1750, validation error 3.173333 %
epoch 9, minibatch 1750/1750, validation error 2.973333 %
Optimization complete. (with seed: 108) Best valiThe code for file max3.py ran for 0.64m
dation score of 2.973333 % obtained at iteration 8750, with test performance 3.133333 %
... loading data
<CudaNdarray object at 0x7f488fdba930>
[0 0 0 ..., 3 3 2]
... building the model
... training
epoch 1, minibatch 1750/1750, validation error 3.840000 %
     epoch 1, minibatch 1750/1750, test error of best model 3.786667 %
epoch 2, minibatch 1750/1750, validation error 3.466667 %
     epoch 2, minibatch 1750/1750, test error of best model 3.560000 %
epoch 3, minibatch 1750/1750, validation error 3.466667 %
epoch 4, minibatch 1750/1750, validation error 3.720000 %
epoch 5, minibatch 1750/1750, validation error 3.253333 %
     epoch 5, minibatch 1750/1750, test error of best model 3.320000 %
epoch 6, minibatch 1750/1750, validation error 3.013333 %
     epoch 6, minibatch 1750/1750, test error of best model 3.146667 %
epoch 7, minibatch 1750/1750, validation error 3.266667 %
epoch 8, minibatch 1750/1750, validation error 2.960000 %
     epoch 8, minibatch 1750/1750, test error of best model 3.066667 %
epoch 9, minibatch 1750/1750, validation error 3.040000 %
epoch 10, minibatch 1750/1750, validation error 3.160000 %
epoch 11, minibatch 1750/1750, validation error 2.360000 %
     epoch 11, minibatch 1750/1750, test error of best model 2.453333 %
epoch 12, minibatch 1750/1750, validation error 3.000000 %
epoch 13, minibatch 1750/1750, validation error 2.613333 %
epoch 14, minibatch 1750/1750, validation error 2.546667 %
epoch 15, minibatch 1750/1750, validation error 1.920000 %
     epoch 15, minibatch 1750/1750, test error of best model 2.160000 %
epoch 16, minibatch 1750/1750, validation error 2.266667 %
epoch 17, minibatch 1750/1750, validation error 2.426667 %
epoch 18, minibatch 1750/1750, validation error 2.173333 %
epoch 19, minibatch 1750/1750, validation error 2.333333 %
epoch 20, minibatch 1750/1750, validation error 1.893333 %
     epoch 20, minibatch 1750/1750, test error of best model 2.080000 %
epoch 21, minibatch 1750/1750, validation error 2.293333 %
epoch 22, minibatch 1750/1750, validation error 2.120000 %
epoch 23, minibatch 1750/1750, validation error 1.880000 %
     epoch 23, minibatch 1750/1750, test error of best model 2.106667 %
epoch 24, minibatch 1750/1750, validation error 2.506667 %
epoch 25, minibatch 1750/1750, validation error 2.346667 %
epoch 26, minibatch 1750/1750, validation error 1.880000 %
epoch 27, minibatch 1750/1750, validation error 2.640000 %
epoch 28, minibatch 1750/1750, validation error 2.520000 %
epoch 29, minibatch 1750/1750, validation error 2.333333 %
epoch 30, minibatch 1750/1750, validation error 1.826667 %
     epoch 30, minibatch 1750/1750, test error of best model 1.973333 %
epoch 31, minibatch 1750/1750, validation error 1.786667 %
     epoch 31, minibatch 1750/1750, test error of best model 2.013333 %
epoch 32, minibatch 1750/1750, validation error 2.106667 %
epoch 33, minibatch 1750/1750, validation error 1.720000 %
     epoch 33, minibatch 1750/1750, test error of best model 1.853333 %
epoch 34, minibatch 1750/1750, validation error 1.893333 %
epoch 35, minibatch 1750/1750, validation error 2.040000 %
epoch 36, minibatch 1750/1750, validation error 1.840000 %
epoch 37, minibatch 1750/1750, validation error 1.506667 %
     epoch 37, minibatch 1750/1750, test error of best model 1.786667 %
epoch 38, minibatch 1750/1750, validation error 1.773333 %
epoch 39, minibatch 1750/1750, validation error 1.813333 %
epoch 40, minibatch 1750/1750, validation error 1.933333 %
epoch 41, minibatch 1750/1750, validation error 1.800000 %
epoch 42, minibatch 1750/1750, validation error 1.733333 %
epoch 43, minibatch 1750/1750, validation error 1.786667 %
epoch 44, minibatch 1750/1750, validation error 2.053333 %
epoch 45, minibatch 1750/1750, validation error 1.733333 %
epoch 46, minibatch 1750/1750, validation error 1.666667 %
epoch 47, minibatch 1750/1750, validation error 2.333333 %
epoch 48, minibatch 1750/1750, validation error 2.013333 %
epoch 49, minibatch 1750/1750, validation error 1.600000 %
epoch 50, minibatch 1750/1750, validation error 2.186667 %
epoch 51, minibatch 1750/The code for file max3.py ran for 4.08m
The code for file max3.py ran for 0.37m
The code for file max3.py ran for 0.37m
The code for file max3.py ran for 0.51m
1750, validation error 1.746667 %
epoch 52, minibatch 1750/1750, validation error 1.893333 %
epoch 53, minibatch 1750/1750, validation error 2.240000 %
epoch 54, minibatch 1750/1750, validation error 1.706667 %
epoch 55, minibatch 1750/1750, validation error 1.786667 %
epoch 56, minibatch 1750/1750, validation error 2.000000 %
epoch 57, minibatch 1750/1750, validation error 1.933333 %
epoch 58, minibatch 1750/1750, validation error 2.053333 %
epoch 59, minibatch 1750/1750, validation error 1.813333 %
epoch 60, minibatch 1750/1750, validation error 2.240000 %
epoch 61, minibatch 1750/1750, validation error 1.893333 %
epoch 62, minibatch 1750/1750, validation error 1.826667 %
epoch 63, minibatch 1750/1750, validation error 2.280000 %
epoch 64, minibatch 1750/1750, validation error 1.586667 %
epoch 65, minibatch 1750/1750, validation error 1.866667 %
epoch 66, minibatch 1750/1750, validation error 2.080000 %
epoch 67, minibatch 1750/1750, validation error 1.520000 %
epoch 68, minibatch 1750/1750, validation error 2.066667 %
epoch 69, minibatch 1750/1750, validation error 2.533333 %
epoch 70, minibatch 1750/1750, validation error 2.026667 %
epoch 71, minibatch 1750/1750, validation error 1.893333 %
epoch 72, minibatch 1750/1750, validation error 1.906667 %
epoch 73, minibatch 1750/1750, validation error 1.800000 %
Optimization complete. (with seed: 109) Best validation score of 1.506667 % obtained at iteration 64750, with test performance 1.786667 %
... loading data
<CudaNdarray object at 0x7f48902babf0>
[0 0 0 ..., 3 3 2]
... building the model
... training
epoch 1, minibatch 1750/1750, validation error 4.386667 %
     epoch 1, minibatch 1750/1750, test error of best model 4.360000 %
epoch 2, minibatch 1750/1750, validation error 3.440000 %
     epoch 2, minibatch 1750/1750, test error of best model 3.466667 %
epoch 3, minibatch 1750/1750, validation error 3.386667 %
     epoch 3, minibatch 1750/1750, test error of best model 3.440000 %
epoch 4, minibatch 1750/1750, validation error 3.613333 %
epoch 5, minibatch 1750/1750, validation error 3.520000 %
Optimization complete. (with seed: 110) Best validation score of 3.386667 % obtained at iteration 5250, with test performance 3.440000 %
... loading data
<CudaNdarray object at 0x7f48902052b0>
[0 0 0 ..., 3 3 2]
... building the model
... training
epoch 1, minibatch 1750/1750, validation error 3.786667 %
     epoch 1, minibatch 1750/1750, test error of best model 3.813333 %
epoch 2, minibatch 1750/1750, validation error 3.400000 %
     epoch 2, minibatch 1750/1750, test error of best model 3.480000 %
epoch 3, minibatch 1750/1750, validation error 3.280000 %
     epoch 3, minibatch 1750/1750, test error of best model 3.333333 %
epoch 4, minibatch 1750/1750, validation error 3.333333 %
epoch 5, minibatch 1750/1750, validation error 3.493333 %
Optimization complete. (with seed: 111) Best validation score of 3.280000 % obtained at iteration 5250, with test performance 3.333333 %
... loading data
<CudaNdarray object at 0x7f488b763870>
[0 0 0 ..., 3 3 2]
... building the model
... training
epoch 1, minibatch 1750/1750, validation error 3.880000 %
     epoch 1, minibatch 1750/1750, test error of best model 3.946667 %
epoch 2, minibatch 1750/1750, validation error 3.640000 %
     epoch 2, minibatch 1750/1750, test error of best model 3.746667 %
epoch 3, minibatch 1750/1750, validation error 3.333333 %
     epoch 3, minibatch 1750/1750, test error of best model 3.520000 %
epoch 4, minibatch 1750/1750, validation error 3.306667 %
     epoch 4, minibatch 1750/1750, test error of best model 3.346667 %
epoch 5, minibatch 1750/1750, validation error 3.400000 %
epoch 6, minibatch 1750/1750, validation error 3.320000 %
epoch 7, minibatch 1750/1750, validation error 3.373333 %
Optimization complete. (with seed: 112) Best validation score of 3.306667 % obtained at iteration 7000, with test performance 3.346667 %
... loading data
<CudaNdarray object at 0x7f4892033e30>
[0 0 0 ..., 3 3 2]
... building the model
... training
epoch 1, minibatch 1750/1750, validation error 3.866667 %
     epoch 1, minibatch 1750/1750, test error of best model 3.866667 %
epoch 2, minibatch 1750/1750, validation error 3.613333 %
     epoch 2, minibatch 1750/1750, test error of best model 3.693333 %
epoch 3, minibatch 1750/1750, validation error 3.600000 %
     epoch 3, minibatch 1750/1750, test error of best model 3.746667 %
epoch 4, minibatch 1750/1750, validation error 3.546667 %
     epoch 4, minibatch 1750/1750, test error of best model 3.533333 %
epoch 5, minibatch 1750/1750, validation error 3.586667 %
epoch 6, minibatch 1750/1750, validation error 3.533333 %
     epoch 6, minibatch 1750/1750, test error of best model 3.533333 %
epoch 7, minibatch 1750/1750, validation error 3.453333 %
     epoch 7, minibatch 1750/1750, test error of best model 3.480000 %
epoch 8, minibatch 1750/1750, validation error 3.253333 %
     epoch 8, minibatch 1750/1750, test error of best model 3.226667 %
epoch 9, minibatch 1750/1750, validation error 3.026667 %
     epoch 9, minibatch 1750/1750, test error of best model 3.160000 %
epoch 10, minibatch 1750/1750, validation error 2.800000 %
     epoch 10, minibatch 1750/1750, test error of best model 3.026667 %
epoch 11, minibatch 1750/1750, validation error 2.826667 %
epoch 12, minibatch 1750/1750, validation error 2.893333 %
epoch 13, minibatch 1750/1750, validation error 2.880000 %
epoch 14, minibatch 1750/1750, validation error 2.933333 %
epoch 15, minibatch 1750/1750, validation error 2.626667 %
     epoch 15, minibatch 1750/1750, test error of best model 2.693333 %
epoch 16, minibatch 1750/1750, validation error 2.360000 %
     epoch 16, minibatch 1750/1750, test error of best model 2.533333 %
epoch 17, minibatch 1750/1750, validation error 2.706667 %
epoch 18, minibatch 1750/1750, validation error 2.146667 %
     epoch 18, minibatch 1750/1750, test error of best model 2.480000 %
epoch 19, minibatch 1750/1750, validation error 2.266667 %
epoch 20, minibatch 1750/1750, validation error 1.973333 %
     epoch 20, minibatch 1750/1750, test error of best model 2.333333 %
epoch 21, minibatch 1750/1750, validation error 1.973333 %
epoch 22, minibatch 1750/1750, validation error 1.920000 %
     epoch 22, minibatch 1750/1750, test error of best model 2.213333 %
epoch 23, minibatch 1750/1750, validation error 2.226667 %
epoch 24, minibatch 1750/1750, validation error 2.533333 %
epoch 25, minibatch 1750/1750, validation error 2.013333 %
epoch 26, minibatch 1750/1750, validation error 1.933333 %
epoch 27, minibatch 1750/1750, validation error 2.320000 %
epoch 28, minibatch 1750/1750, validation error 2.026667 %
epoch 29, minibatch 1750/1750, validation error 1.920000 %
epoch 30, minibatch 1750/1750, validation error 1.706667 %
     epoch 30, minibatch 1750/1750, test error of best model 1.853333 %
epoch 31, minibatch 1750/1750, validation error 2.066667 %
epoch 32, minibatch 1750/1750, validation error 1.733333 %
epoch 33, minibatch 1750/1750, validation error 1.546667 %
     epoch 33, minibatch 1750/1750, test error of best model 1.706667 %
epoch 34, minibatch 1750/1750, validation error 2.173333 %
epoch 35, minibatch 1750/1750, validation error 1.853333 %
epoch 36, minibatch 1750/1750, validation error 1.920000 %
epoch 37, minibatch 1750/1750, validation error 1.946667 %
epoch 38, minibatch 1750/1750, validation error 1.946667 %
epoch 39, minibatch 1750/1750, validation error 2.413333 %
epoch 40, minibatch 1750/1750, validation error 2.226667 %
epoch 41, minibatch 1750/1750, validation error 1.960000 %
epoch 42, minibatch 1750/1750, validation error 1.680000 %
epoch 43, minibatch 1750/1750, validation error 1.760000 %
epoch 44, minibatch 1750/1750, validation error 1.813333 %
epoch 45, minibatch 1750/1750, validation error 2.080000 %
epoch 46, minibatch 1750/1750, validation error 1.840000 %
epoch 47, minibatch 1750/1750, validation error 2.200000 %
epoch 48, minibatch 1750/1750, validation error 1.813333 %
epoch 49, minibatch 1750/1750, validation error 1.400000 %
     epoch 49, minibatch 1750/1750, test error of best model 1.640000 %
epoch 50, minibatch 1750/1750, validation error 2.133333 %
epoch 51, miniThe code for file max3.py ran for 5.73m
The code for file max3.py ran for 0.32m
batch 1750/1750, validation error 1.933333 %
epoch 52, minibatch 1750/1750, validation error 1.893333 %
epoch 53, minibatch 1750/1750, validation error 2.453333 %
epoch 54, minibatch 1750/1750, validation error 1.893333 %
epoch 55, minibatch 1750/1750, validation error 2.200000 %
epoch 56, minibatch 1750/1750, validation error 1.600000 %
epoch 57, minibatch 1750/1750, validation error 1.760000 %
epoch 58, minibatch 1750/1750, validation error 2.106667 %
epoch 59, minibatch 1750/1750, validation error 2.426667 %
epoch 60, minibatch 1750/1750, validation error 1.786667 %
epoch 61, minibatch 1750/1750, validation error 2.053333 %
epoch 62, minibatch 1750/1750, validation error 2.346667 %
epoch 63, minibatch 1750/1750, validation error 1.733333 %
epoch 64, minibatch 1750/1750, validation error 2.013333 %
epoch 65, minibatch 1750/1750, validation error 2.000000 %
epoch 66, minibatch 1750/1750, validation error 1.800000 %
epoch 67, minibatch 1750/1750, validation error 2.400000 %
epoch 68, minibatch 1750/1750, validation error 1.693333 %
epoch 69, minibatch 1750/1750, validation error 1.520000 %
epoch 70, minibatch 1750/1750, validation error 1.920000 %
epoch 71, minibatch 1750/1750, validation error 2.053333 %
epoch 72, minibatch 1750/1750, validation error 1.826667 %
epoch 73, minibatch 1750/1750, validation error 1.800000 %
epoch 74, minibatch 1750/1750, validation error 1.666667 %
epoch 75, minibatch 1750/1750, validation error 1.640000 %
epoch 76, minibatch 1750/1750, validation error 2.053333 %
epoch 77, minibatch 1750/1750, validation error 1.746667 %
epoch 78, minibatch 1750/1750, validation error 1.706667 %
epoch 79, minibatch 1750/1750, validation error 2.026667 %
epoch 80, minibatch 1750/1750, validation error 1.733333 %
epoch 81, minibatch 1750/1750, validation error 2.240000 %
epoch 82, minibatch 1750/1750, validation error 1.960000 %
epoch 83, minibatch 1750/1750, validation error 1.706667 %
epoch 84, minibatch 1750/1750, validation error 1.693333 %
epoch 85, minibatch 1750/1750, validation error 1.453333 %
epoch 86, minibatch 1750/1750, validation error 2.253333 %
epoch 87, minibatch 1750/1750, validation error 1.813333 %
epoch 88, minibatch 1750/1750, validation error 1.640000 %
epoch 89, minibatch 1750/1750, validation error 2.106667 %
epoch 90, minibatch 1750/1750, validation error 1.586667 %
epoch 91, minibatch 1750/1750, validation error 1.466667 %
epoch 92, minibatch 1750/1750, validation error 1.746667 %
epoch 93, minibatch 1750/1750, validation error 1.400000 %
epoch 94, minibatch 1750/1750, validation error 1.840000 %
epoch 95, minibatch 1750/1750, validation error 2.106667 %
epoch 96, minibatch 1750/1750, validation error 1.733333 %
epoch 97, minibatch 1750/1750, validation error 1.960000 %
Optimization complete. (with seed: 113) Best validation score of 1.400000 % obtained at iteration 85750, with test performance 1.640000 %
... loading data
<CudaNdarray object at 0x7f488b76a470>
[0 0 0 ..., 3 3 2]
... building the model
... training
epoch 1, minibatch 1750/1750, validation error 3.826667 %
     epoch 1, minibatch 1750/1750, test error of best model 3.960000 %
epoch 2, minibatch 1750/1750, validation error 3.333333 %
     epoch 2, minibatch 1750/1750, test error of best model 3.266667 %
epoch 3, minibatch 1750/1750, validation error 3.320000 %
     epoch 3, minibatch 1750/1750, test error of best model 3.373333 %
epoch 4, minibatch 1750/1750, validation error 3.386667 %
epoch 5, minibatch 1750/1750, validation error 3.400000 %
Optimization complete. (with seed: 114) Best validation score of 3.320000 % obtained at iteration 5250, with test performance 3.373333 %
... loading data
<CudaNdarray object at 0x7f48902e00b0>
[0 0 0 ..., 3 3 2]
... building the model
... training
epoch 1, minibatch 1750/1750, validation error 3.733333 %
     epoch 1, minibatch 1750/1750, test error of best model 3.826667 %
epoch 2, minibatch 1750/1750, validation error 3.293333 %
     epoch 2, minibatch 1750/1750, test error of best model 3.306667 %
epoch 3, minibatch 1750/1750, validation error 3.520000 %
epoch 4, minibatch 17The code for file max3.py ran for 0.33m
The code for file max3.py ran for 0.48m
The code for file max3.py ran for 0.34m
The code for file max3.py ran for 0.31m
The code for file max3.py ran for 0.53m
50/1750, validation error 3.600000 %
epoch 5, minibatch 1750/1750, validation error 3.560000 %
Optimization complete. (with seed: 115) Best validation score of 3.293333 % obtained at iteration 3500, with test performance 3.306667 %
... loading data
<CudaNdarray object at 0x7f488fe3ddb0>
[0 0 0 ..., 3 3 2]
... building the model
... training
epoch 1, minibatch 1750/1750, validation error 3.760000 %
     epoch 1, minibatch 1750/1750, test error of best model 3.866667 %
epoch 2, minibatch 1750/1750, validation error 3.546667 %
     epoch 2, minibatch 1750/1750, test error of best model 3.720000 %
epoch 3, minibatch 1750/1750, validation error 3.533333 %
     epoch 3, minibatch 1750/1750, test error of best model 3.653333 %
epoch 4, minibatch 1750/1750, validation error 3.400000 %
     epoch 4, minibatch 1750/1750, test error of best model 3.586667 %
epoch 5, minibatch 1750/1750, validation error 3.586667 %
epoch 6, minibatch 1750/1750, validation error 3.560000 %
epoch 7, minibatch 1750/1750, validation error 3.426667 %
Optimization complete. (with seed: 116) Best validation score of 3.400000 % obtained at iteration 7000, with test performance 3.586667 %
... loading data
<CudaNdarray object at 0x7f4890096830>
[0 0 0 ..., 3 3 2]
... building the model
... training
epoch 1, minibatch 1750/1750, validation error 3.826667 %
     epoch 1, minibatch 1750/1750, test error of best model 3.933333 %
epoch 2, minibatch 1750/1750, validation error 3.320000 %
     epoch 2, minibatch 1750/1750, test error of best model 3.413333 %
epoch 3, minibatch 1750/1750, validation error 3.093333 %
     epoch 3, minibatch 1750/1750, test error of best model 3.426667 %
epoch 4, minibatch 1750/1750, validation error 3.626667 %
epoch 5, minibatch 1750/1750, validation error 3.920000 %
Optimization complete. (with seed: 117) Best validation score of 3.093333 % obtained at iteration 5250, with test performance 3.426667 %
... loading data
<CudaNdarray object at 0x7f488eb768b0>
[0 0 0 ..., 3 3 2]
... building the model
... training
epoch 1, minibatch 1750/1750, validation error 3.760000 %
     epoch 1, minibatch 1750/1750, test error of best model 3.893333 %
epoch 2, minibatch 1750/1750, validation error 3.146667 %
     epoch 2, minibatch 1750/1750, test error of best model 3.413333 %
epoch 3, minibatch 1750/1750, validation error 3.080000 %
     epoch 3, minibatch 1750/1750, test error of best model 3.226667 %
epoch 4, minibatch 1750/1750, validation error 3.426667 %
epoch 5, minibatch 1750/1750, validation error 3.373333 %
Optimization complete. (with seed: 118) Best validation score of 3.080000 % obtained at iteration 5250, with test performance 3.226667 %
... loading data
<CudaNdarray object at 0x7f488fe978b0>
[0 0 0 ..., 3 3 2]
... building the model
... training
epoch 1, minibatch 1750/1750, validation error 3.533333 %
     epoch 1, minibatch 1750/1750, test error of best model 3.733333 %
epoch 2, minibatch 1750/1750, validation error 3.226667 %
     epoch 2, minibatch 1750/1750, test error of best model 3.226667 %
epoch 3, minibatch 1750/1750, validation error 3.466667 %
epoch 4, minibatch 1750/1750, validation error 3.133333 %
     epoch 4, minibatch 1750/1750, test error of best model 3.266667 %
epoch 5, minibatch 1750/1750, validation error 3.093333 %
     epoch 5, minibatch 1750/1750, test error of best model 3.160000 %
epoch 6, minibatch 1750/1750, validation error 3.253333 %
epoch 7, minibatch 1750/1750, validation error 3.440000 %
epoch 8, minibatch 1750/1750, validation error 3.266667 %
epoch 9, minibatch 1750/1750, validation error 3.133333 %
Optimization complete. (with seed: 119) Best validation score of 3.093333 % obtained at iteration 8750, with test performance 3.160000 %
