Using gpu device 0: GeForce GTX 980
The code for file max-small-3.py ran for 0.62m
The code for file max-small-3.py ran for 0.61m
The code for file max-small-3.py ran for 0.60m
The code for file max-small-3.py ran for 0.53m
... loading data
... building the model
... training
epoch 1, minibatch 5000/7000, validation error 50.080000 %
     epoch 1, minibatch 5000/7000, test error of best model 49.933333 %
epoch 2, minibatch 3000/7000, validation error 52.893333 %
weight model is saved as ../model/max-small-2layer-10-5.dat
Optimization complete. (with seed: 0) Best validation score of 50.080000 % obtained at iteration 5000, with test performance 49.933333 %
... loading data
... building the model
... training
epoch 1, minibatch 5000/7000, validation error 57.706667 %
     epoch 1, minibatch 5000/7000, test error of best model 58.533333 %
epoch 2, minibatch 3000/7000, validation error 58.986667 %
weight model is saved as ../model/max-small-2layer-10-5.dat
Optimization complete. (with seed: 1) Best validation score of 57.706667 % obtained at iteration 5000, with test performance 58.533333 %
... loading data
... building the model
... training
epoch 1, minibatch 5000/7000, validation error 48.933333 %
     epoch 1, minibatch 5000/7000, test error of best model 50.400000 %
epoch 2, minibatch 3000/7000, validation error 54.480000 %
weight model is saved as ../model/max-small-2layer-10-5.dat
Optimization complete. (with seed: 2) Best validation score of 48.933333 % obtained at iteration 5000, with test performance 50.400000 %
... loading data
... building the model
... training
epoch 1, minibatch 5000/7000, validation error 50.653333 %
     epoch 1, minibatch 5000/7000, test error of best model 50.653333 %
epoch 2, minibatch 3000/7000, validation error 68.706667 %
weight model is saved as ../model/max-small-2layer-10-5.dat
Optimization complete. (with seed: 3) Best validation score of 50.653333 % obtained at iteration 5000, with test performance 50.653333 %
... loading data
... building the model
... training
epoch 1, minibatch 5000/7000, validation error 57.333333 %
     epoch 1, minibatch 5000/7000, test error of best model 57.866667 %
epoch 2, minibatch 3000/7000, validation error 52.493333 %
     epoch 2, minibatch 3000/7000, test error of best model 52.560000 %
epoch 3, minibatch 1000/7000, validation error 53.720000 %
epoch 3, minibatch 6000/7000, validation error 50.640000 %
     epoch 3, minibatch 6000/7000, test error of best model 50.480000 %
epoch 4, minibatch 4000/7000, validation error 42.586667 %
     epoch 4, minibatch 4000/7000, test error of best model 42.906667 %
epoch 5, minibatch 2000/7000, validation error 41.533333 %
     epoch 5, minibatch 2000/7000, test error of best model 42.733333 %
epoch 5, minibatch 7000/7000, validation error 40.906667 %
     epoch 5, minibatch 7000/7000, test error of best model 40.386667 %
epoch 6, minibatch 5000/7000, validation error 70.520000 %
epoch 7, minibatch 3000/7000, validation error 71.026667 %
epoch 8, minibatch 1000/7000, validation error 50.160000 %
epoch 8, minibatch 6000/7000, validation error 49.173333 %
epoch 9, minibatch 4000/7000, validation error 38.706667 %
     epoch 9, minibatch 4000/7000, test error of best model 38.946667 %
epoch 10, minibatch 2000/7000, validation error 29.600000 %
     epoch 10, minibatch 2000/7000, test error of best model 29.880000 %
epoch 10, minibatch 7000/7000, validation error 46.560000 %
epoch 11, minibatch 5000/7000, validation error 38.013333 %
epoch 12, minibatch 3000/7000, validation error 40.226667 %
epoch 13, minibatch 1000/7000, validation error 35.626667 %
epoch 13, minibatch 6000/7000, validation error 39.013333 %
epoch 14, minibatch 4000/7000, validation error 30.133333 %
epoch 15, minibatch 2000/7000, validation error 28.906667 %
     epoch 15, minibatch 2000/7000, test error of best model 29.360000 %
epoch 15, minibatch 7000/7000, validation error 28.906667 %
epoch 16, minibatch 5000/7000, validation error 30.920000 %
epoch 17, minibatch 3000/7000, validation error 32.133333 %
epoch 18, minibatch 1000/7000, validation error 31.266667 %
epoch 18, minibatch 6000/7000, validation error 28.146667 %
     epoch 18, minibatch 6000/7000, test error of best model 29.013333 %
epoch 19, minibatch 4000/7000, validation error 24.453333 %
     epoch 19, minibatch 4000/7000, test error of best model 24.906667 %
epoch 20, minibatch 2000/7000, validation error 47.626667 %
epoch 20, minibatch 7000/7000, validation error 47.106667 %
epoch 21, minibatch 5000/7000, validation error 37.213333 %
epoch 22, minibatch 3000/7000, validation error 35.613333 %
epoch 23, minibatch 1000/7000, validation error 42.373333 %
epoch 23, minibatch 6000/7000, validation error 36.480000 %
epoch 24, minibatch 4000/7000, validation error 40.760000 %
epoch 25, minibatch 2000/7000, validation error 51.280000 %
epoch 25, minibatch 7000/7000, validation error 44.440000 %
epoch 26, minibatch 5000/7000, validation error 48.346667 %
epoch 27, minibatch 3000/7000, validation error 35.840000 %
epoch 28, minibatch 1000/7000, validation error 43.466667 %
epoch 28, minibatch 6000/7000, validation error 36.933333 %
epoch 29, minibatch 4000/7000, validation error 46.306667 %
epoch 30, minibatch 2000/7000, validation error 34.920000 %
epoch 30, minibatch 7000/7000, validation error 42.733333 %
epoch 31, minibatch 5000/7000, validation error 39.573333 %
epoch 32, minibatch 3000/7000, validation error 33.680000 %
epoch 33, minibatch 1000/7000, validation error 26.986667 %
epoch 33, minibatch 6000/7000, validation error 44.973333 %
epoch 34, minibatch 4000/7000, validation error 31.893333 %
epoch 35, minibatch 2000/7000, validation error 40.880000 %
epoch 35, minibatch 7000/7000, validation error 37.173333 %
epoch 36, minibatch 5000/7000, validation error 40.186667 %
epoch 37, minibatch 3000/7000, validation error 40.480000 %
epoch 38, minibatch 1000/7000, validation error 40.453333 %
epoch 38, minibatch 6000/7000, validation error 49.186667 %
epoch 39, minibatch 4000/7000, validation error 47.186667 %
epoch 40, minibatch 2000/7000, validation error 38.520000 %
epoch 40, minibatch 7000/7000, validation error 43.106667 %
epoch 41, minibatch 5000/7000, validation error 51.133333 %
epoch 42, minibatch 3000/7000, validation error 39.746667 %
epoch 43, minibatch 1000/7000, validation error 47.920000 %
epoch 43, minibatch 6000/7000, validation error 41.226667 %
epoch 44, minibatch 4000/7000, validation error 45.240000 %
epoch 45, minibatch 2000/7000, validation error 43.040000 %
epoch 45, minibatch 7000/7000, validation error 41.666667 %
epoch 46, minibatch 5000/7000, validation error 37.266667 %
epoch 47, minibatch 3000/7000, validation error 34.733333 %
epoch 48, minibatch 1000/7000, validation error 43.760000 %
epoch 48, minibatch 6000/7000, validation error 39.693333 %
epoch 49, minibatch 4000/7000, validation error 20.626667 %
     epoch 49, minibatch 4000/7000, test error of best model 21.186667 %
epoch 50, minibatch 2000/7000, validation error 24.426667 %
epoch 50, minibatch 7000/7000, validation error 31.106667 %
epoch 51, minibatch 5000/7000, validation error 32.760000 %
epoch 52, minibatch 3000/7000, validation error 36.266667 %
epoch 53, minibatch 1000/7000, validation error 30.280000 %
epoch 53, minibatch 6000/7000, validation error 36.520000 %
epoch 54, minibatch 4000/7000, validation error 35.493333 %
epoch 55, minibatch 2000/7000, validation error 40.333333 %
epoch 55, minibatch 7000/7000, validation error 49.986667 %
epoch 56, minibatch 5000/7000, validation error 43.226667 %
epoch 57, minibatch 3000/7000, validation error 39.440000 %
epoch 58, minibatch 1000/7000, validation error 35.866667 %
epoch 58, minibatch 6000/7000, validation error 42.640000 %
epoch 59, minibatch 4000/7000, validation error 40.480000 %
epoch 60, minibatch 2000/7000, validation error 33.853333 %
epoch 60, minibatch 7000/7000, validation error 40.573333 %
epoch 61, minibatch 5000/7000, validation error 36.146667 %
epoch 62, minibatch 3000/7000, validation error 36.106667 %
epoch 63, minibatch 1000/7000, validation error 38.293333 %
epoch 63, minibatch 6000/7000, validation error 39.480000 %
epoch 64, minibatch 4000/7000, validation error 36.146667 %
epoch 65, minibatch 2000/7000, validation error 39.613333 %
epoch 65, minibatch 7000/7000, validation error 30.253333 %
epoch 66, minibatch 5000/7000, validation error 22.973333 %
epoch 67, minibatch 3000/7000, validation error 36.426667 %
epoch 68, minibatch 1000/7000, validation error 30.586667 %
epoch 68, minibatch 6000/7000, validation error 42.586667 %
epoch 69, minibatch 4000/7000, validation error 33.973333 %
epoch 70, minibatch 2000/7000, validation error 25.733333 %
epoch 70, minibatch 7000/7000, validation error 22.026667 %
epoch 71, minibatch 5000/7000, validation error 26.386667 %
epoch 72, minibatch 3000/7000, validation error 38.626667 %
epoch 73, minibatch 1000/7000, validation error 30.013333 %
epoch 73, minibatch 6000/7000, validation error 34.373333 %
epoch 74, minibatch 4000/7000, validation error 39.306667 %
epoch 75, minibatch 2000/7000, validation error 39.466667 %
epoch 75, minibatch 7000/7000, validation error 40.186667 %
epoch 76, minibatch 5000/7000, validation error 35.866667 %
epoch 77, minibatch 3000/7000, validation error 39.933333 %
epoch 78, minibatch 1000/7000, validation error 31.306667 %
epoch 78, minibatch 6000/7000, validation error 29.960000 %
epoch 79, minibatch 4000/7000, validation error 51.146667 %
epoch 80, minibatch 2000/7000, validation error 50.640000 %
epoch 80, minibatch 7000/7000, validation error 39.893333 %
epoch 81, minibatch 5000/7000, validation error 40.400000 %
epoch 82, minibatch 3000/7000, validation error 40.333333 %
epoch 83, minibatch 1000/7000, validation error 41.600000 %
epoch 83, minibatch 6000/7000, validation error 37.800000 %
epoch 84, minibatch 4000/7000, validation error 27.840000 %
epoch 85, minibatch 2000/7000, validation error 23.853333 %
epoch 85, minibatch 7000/7000, validation error 37.720000 %
epoch 86, minibatch 5000/7000, validation error 31.240000 %
epoch 87, minibatch 3000/7000, validation error 37.440000 %
epoch 88, minibatch 1000/7000, validation error 37.626667 %
epoch 88, minibatch 6000/7000, validation error 23.720000 %
epoch 89, minibatch 4000/7000, validation error 27.213333 %
epoch 90, minibatch 2000/7000, validation error 42.373333 %
epoch 90, minibatch 7000/7000, validation error 39.053333 %
epoch 91, minibatch 5000/7000, validation error 35.946667 %
epoch 92, minibatch 3000/7000, validation error 33.733333 %
epoch 93, minibatch 1000/7000, validation error 28.280000 %
epoch 93, minibatch 6000/7000, validation error 37.466667 %
epoch 94, minibatch 4000/7000, validation error 40.773333 %
epoch 95, minibatch 2000/7000, validation error 38.346667 %
epoch 95, minibatch 7000/7000, validation error 35.480000 %
epoch 96, minibatch 5000/7000, validation error 34.520000 %
epoch 97, minibatch 3000/7000, validation error 34.906667 %
epoch 98, minibatch 1000/7000, validation error 35.306667 %
epoch 98, minibatch 6000/7000, validation error 39.040000 %
epoch 99, minibatch 4000/7000, validation error 38.653333 %
epoch 100, minibatch 2000/7000, validation error 36.213333 %
epoch 100, minibatch 7000/7000, validation error 28.093333 %
epoch 101, minibatch 5000/7000, validation error 35.720000 %
epoch 102, minibatch 3000/7000, validation error 33.080000 %
epoch 103, minibatch 1000/7000, validation error 32.360000 %
epoch 103, minibatch 6000/7000, validation error 34.520000 %
epoch 104, minibatch 4000/7000, validation error 42.426667 %
epoch 105, minibatch 2000/7000, validation error 30.293333 %
epoch 105, minibatch 7000/7000, validation error 27.253333 %
epoch 106, minibatch 5000/7000, validation error 23.200000 %
epoch 107, minibatch 3000/7000, validation error 23.600000 %
epoch 108, minibatch 1000/7000, validation error 33.173333 %
epoch 108, minibatch 6000/7000, validation error 32.800000 %
epoch 109, minibatch 4000/7000, validation error 31.266667 %
epoch 110, minibatch 2000/7000, validation error 44.760000 %
epoch 110, minibatch 7000/7000, validation error 43.746667 %
epoch 111, minibatch 5000/7000, validation error 52.880000 %
epoch 112, minibatch 3000/7000, validation error 42.546667 %
epoch 113, minibatch 1000/7000, validation error 36.333333 %
epoch 113, minibatch 6000/7000, validation error 25.266667 %
epoch 114, minibatch 4000/7000, validation error 26.080000 %
epoch 115, minibatch 2000/7000, validation error 29.40000The code for file max-small-3.py ran for 51.06m
The code for file max-small-3.py ran for 0.77m
The code for file max-small-3.py ran for 0.75m
0 %
epoch 115, minibatch 7000/7000, validation error 36.466667 %
epoch 116, minibatch 5000/7000, validation error 35.266667 %
epoch 117, minibatch 3000/7000, validation error 36.400000 %
epoch 118, minibatch 1000/7000, validation error 34.626667 %
epoch 118, minibatch 6000/7000, validation error 34.866667 %
epoch 119, minibatch 4000/7000, validation error 27.813333 %
epoch 120, minibatch 2000/7000, validation error 36.773333 %
epoch 120, minibatch 7000/7000, validation error 40.973333 %
epoch 121, minibatch 5000/7000, validation error 36.960000 %
epoch 122, minibatch 3000/7000, validation error 45.733333 %
epoch 123, minibatch 1000/7000, validation error 47.986667 %
epoch 123, minibatch 6000/7000, validation error 41.040000 %
epoch 124, minibatch 4000/7000, validation error 22.986667 %
epoch 125, minibatch 2000/7000, validation error 23.240000 %
epoch 125, minibatch 7000/7000, validation error 24.320000 %
epoch 126, minibatch 5000/7000, validation error 28.706667 %
epoch 127, minibatch 3000/7000, validation error 25.386667 %
epoch 128, minibatch 1000/7000, validation error 43.560000 %
epoch 128, minibatch 6000/7000, validation error 51.933333 %
epoch 129, minibatch 4000/7000, validation error 47.040000 %
epoch 130, minibatch 2000/7000, validation error 45.826667 %
epoch 130, minibatch 7000/7000, validation error 46.720000 %
epoch 131, minibatch 5000/7000, validation error 45.613333 %
epoch 132, minibatch 3000/7000, validation error 40.640000 %
epoch 133, minibatch 1000/7000, validation error 44.546667 %
epoch 133, minibatch 6000/7000, validation error 41.213333 %
epoch 134, minibatch 4000/7000, validation error 48.080000 %
epoch 135, minibatch 2000/7000, validation error 48.720000 %
epoch 135, minibatch 7000/7000, validation error 40.546667 %
epoch 136, minibatch 5000/7000, validation error 40.693333 %
epoch 137, minibatch 3000/7000, validation error 37.600000 %
epoch 138, minibatch 1000/7000, validation error 47.053333 %
epoch 138, minibatch 6000/7000, validation error 42.973333 %
epoch 139, minibatch 4000/7000, validation error 45.853333 %
epoch 140, minibatch 2000/7000, validation error 43.573333 %
epoch 140, minibatch 7000/7000, validation error 46.653333 %
epoch 141, minibatch 5000/7000, validation error 30.493333 %
epoch 142, minibatch 3000/7000, validation error 31.720000 %
epoch 143, minibatch 1000/7000, validation error 42.800000 %
epoch 143, minibatch 6000/7000, validation error 44.413333 %
epoch 144, minibatch 4000/7000, validation error 44.413333 %
epoch 145, minibatch 2000/7000, validation error 33.560000 %
epoch 145, minibatch 7000/7000, validation error 36.200000 %
weight model is saved as ../model/max-small-2layer-10-5.dat
Optimization complete. (with seed: 4) Best validation score of 20.626667 % obtained at iteration 340000, with test performance 21.186667 %
... loading data
... building the model
... training
epoch 1, minibatch 5000/7000, validation error 28.613333 %
     epoch 1, minibatch 5000/7000, test error of best model 29.453333 %
epoch 2, minibatch 3000/7000, validation error 41.613333 %
weight model is saved as ../model/max-small-2layer-10-5.dat
Optimization complete. (with seed: 5) Best validation score of 28.613333 % obtained at iteration 5000, with test performance 29.453333 %
... loading data
... building the model
... training
epoch 1, minibatch 5000/7000, validation error 50.760000 %
     epoch 1, minibatch 5000/7000, test error of best model 50.426667 %
epoch 2, minibatch 3000/7000, validation error 56.693333 %
weight model is saved as ../model/max-small-2layer-10-5.dat
Optimization complete. (with seed: 6) Best validation score of 50.760000 % obtained at iteration 5000, with test performance 50.426667 %
... loading data
... building the model
... training
epoch 1, minibatch 5000/7000, validation error 64.053333 %
     epoch 1, minibatch 5000/7000, test error of best model 64.453333 %
epoch 2, minibatch 3000/7000, validation error 69.146667 %
weight model is saved as ../model/max-small-2layer-10-5.dat
Optimization complete. (with seed: 7) Best validation score of 64.053333 % obtained at The code for file max-small-3.py ran for 0.78m
The code for file max-small-3.py ran for 2.34m
The code for file max-small-3.py ran for 1.57m
iteration 5000, with test performance 64.453333 %
... loading data
... building the model
... training
epoch 1, minibatch 5000/7000, validation error 62.253333 %
     epoch 1, minibatch 5000/7000, test error of best model 63.146667 %
epoch 2, minibatch 3000/7000, validation error 59.786667 %
     epoch 2, minibatch 3000/7000, test error of best model 59.973333 %
epoch 3, minibatch 1000/7000, validation error 36.840000 %
     epoch 3, minibatch 1000/7000, test error of best model 37.386667 %
epoch 3, minibatch 6000/7000, validation error 54.133333 %
epoch 4, minibatch 4000/7000, validation error 49.866667 %
epoch 5, minibatch 2000/7000, validation error 64.720000 %
epoch 5, minibatch 7000/7000, validation error 52.160000 %
epoch 6, minibatch 5000/7000, validation error 54.133333 %
weight model is saved as ../model/max-small-2layer-10-5.dat
Optimization complete. (with seed: 8) Best validation score of 36.840000 % obtained at iteration 15000, with test performance 37.386667 %
... loading data
... building the model
... training
epoch 1, minibatch 5000/7000, validation error 58.240000 %
     epoch 1, minibatch 5000/7000, test error of best model 58.586667 %
epoch 2, minibatch 3000/7000, validation error 40.493333 %
     epoch 2, minibatch 3000/7000, test error of best model 40.800000 %
epoch 3, minibatch 1000/7000, validation error 43.040000 %
epoch 3, minibatch 6000/7000, validation error 52.320000 %
epoch 4, minibatch 4000/7000, validation error 71.853333 %
weight model is saved as ../model/max-small-2layer-10-5.dat
Optimization complete. (with seed: 9) Best validation score of 40.493333 % obtained at iteration 10000, with test performance 40.800000 %
