Using gpu device 0: GeForce GTX 980
... loading data
... building the model
model: ../model/3layermodel-500-500-500-seed-3.dat has been loaded
original model: 2.070000 %
----activation1----
0.192910060287
0.622404932976
modified model: 2.070 % with threshold 0.192 (dropped off 0 nodes) in layer 1
modified model: 2.170 % with threshold 0.194 (dropped off 1 nodes) in layer 1
modified model: 2.170 % with threshold 0.196 (dropped off 1 nodes) in layer 1
modified model: 2.170 % with threshold 0.198 (dropped off 1 nodes) in layer 1
modified model: 2.170 % with threshold 0.200 (dropped off 1 nodes) in layer 1
modified model: 2.170 % with threshold 0.202 (dropped off 1 nodes) in layer 1
modified model: 2.160 % with threshold 0.204 (dropped off 2 nodes) in layer 1
modified model: 2.160 % with threshold 0.206 (dropped off 2 nodes) in layer 1
modified model: 2.160 % with threshold 0.208 (dropped off 2 nodes) in layer 1
modified model: 2.160 % with threshold 0.210 (dropped off 2 nodes) in layer 1
modified model: 2.190 % with threshold 0.212 (dropped off 3 nodes) in layer 1
modified model: 2.190 % with threshold 0.214 (dropped off 3 nodes) in layer 1
modified model: 2.190 % with threshold 0.216 (dropped off 3 nodes) in layer 1
modified model: 2.190 % with threshold 0.218 (dropped off 3 nodes) in layer 1
modified model: 2.230 % with threshold 0.220 (dropped off 4 nodes) in layer 1
modified model: 2.230 % with threshold 0.222 (dropped off 4 nodes) in layer 1
modified model: 2.230 % with threshold 0.224 (dropped off 4 nodes) in layer 1
modified model: 2.250 % with threshold 0.226 (dropped off 6 nodes) in layer 1
modified model: 2.250 % with threshold 0.228 (dropped off 6 nodes) in layer 1
modified model: 2.250 % with threshold 0.230 (dropped off 6 nodes) in layer 1
modified model: 2.230 % with threshold 0.232 (dropped off 7 nodes) in layer 1
modified model: 2.230 % with threshold 0.234 (dropped off 7 nodes) in layer 1
modified model: 2.230 % with threshold 0.236 (dropped off 7 nodes) in layer 1
modified model: 2.370 % with threshold 0.238 (dropped off 8 nodes) in layer 1
modified model: 2.370 % with threshold 0.240 (dropped off 8 nodes) in layer 1
modified model: 2.330 % with threshold 0.242 (dropped off 11 nodes) in layer 1
modified model: 2.330 % with threshold 0.244 (dropped off 11 nodes) in layer 1
modified model: 2.240 % with threshold 0.246 (dropped off 12 nodes) in layer 1
modified model: 2.260 % with threshold 0.248 (dropped off 13 nodes) in layer 1
modified model: 2.230 % with threshold 0.250 (dropped off 17 nodes) in layer 1
modified model: 2.280 % with threshold 0.252 (dropped off 20 nodes) in layer 1
modified model: 2.390 % with threshold 0.254 (dropped off 27 nodes) in layer 1
modified model: 2.490 % with threshold 0.256 (dropped off 31 nodes) in layer 1
modified model: 2.500 % with threshold 0.258 (dropped off 34 nodes) in layer 1
modified model: 2.500 % with threshold 0.260 (dropped off 34 nodes) in layer 1
modified model: 2.640 % with threshold 0.262 (dropped off 37 nodes) in layer 1
modified model: 2.990 % with threshold 0.264 (dropped off 41 nodes) in layer 1
modified model: 2.990 % with threshold 0.266 (dropped off 43 nodes) in layer 1
modified model: 3.070 % with threshold 0.268 (dropped off 45 nodes) in layer 1
modified model: 3.280 % with threshold 0.270 (dropped off 48 nodes) in layer 1
modified model: 3.210 % with threshold 0.272 (dropped off 51 nodes) in layer 1
modified model: 3.680 % with threshold 0.274 (dropped off 58 nodes) in layer 1
modified model: 3.770 % with threshold 0.276 (dropped off 60 nodes) in layer 1
modified model: 3.910 % with threshold 0.278 (dropped off 64 nodes) in layer 1
modified model: 4.290 % with threshold 0.280 (dropped off 70 nodes) in layer 1
modified model: 4.520 % with threshold 0.282 (dropped off 76 nodes) in layer 1
modified model: 4.780 % with threshold 0.284 (dropped off 82 nodes) in layer 1
modified model: 4.860 % with threshold 0.286 (dropped off 86 nodes) in layer 1
modified model: 5.040 % with threshold 0.288 (dropped off 90 nodes) in layer 1
modified model: 5.310 % with threshold 0.290 (dropped off 94 nodesINFO (theano.gof.compilelock): Waiting for existing lock by process '9920' (I am process '9773')
INFO (theano.gof.compilelock): To manually release the lock, delete /home/gtx980/.theano/compiledir_Linux-3.16.0-30-generic-x86_64-with-Ubuntu-14.04-trusty-x86_64-2.7.6-64/lock_dir
) in layer 1
modified model: 6.340 % with threshold 0.292 (dropped off 101 nodes) in layer 1
modified model: 6.760 % with threshold 0.294 (dropped off 106 nodes) in layer 1
modified model: 6.730 % with threshold 0.296 (dropped off 107 nodes) in layer 1
modified model: 6.680 % with threshold 0.298 (dropped off 109 nodes) in layer 1
modified model: 9.690 % with threshold 0.300 (dropped off 114 nodes) in layer 1
modified model: 10.330 % with threshold 0.302 (dropped off 117 nodes) in layer 1
modified model: 10.790 % with threshold 0.304 (dropped off 126 nodes) in layer 1
modified model: 9.770 % with threshold 0.306 (dropped off 131 nodes) in layer 1
modified model: 9.250 % with threshold 0.308 (dropped off 135 nodes) in layer 1
----activation2----
0.170058071613
0.745814442635
modified model: 2.070 % with threshold 0.170 (dropped off 0 nodes) in layer 2
modified model: 2.070 % with threshold 0.172 (dropped off 1 nodes) in layer 2
modified model: 2.070 % with threshold 0.174 (dropped off 2 nodes) in layer 2
modified model: 2.070 % with threshold 0.176 (dropped off 2 nodes) in layer 2
modified model: 2.070 % with threshold 0.178 (dropped off 2 nodes) in layer 2
modified model: 2.070 % with threshold 0.180 (dropped off 2 nodes) in layer 2
modified model: 2.070 % with threshold 0.182 (dropped off 2 nodes) in layer 2
modified model: 2.100 % with threshold 0.184 (dropped off 3 nodes) in layer 2
modified model: 2.100 % with threshold 0.186 (dropped off 3 nodes) in layer 2
modified model: 2.100 % with threshold 0.188 (dropped off 3 nodes) in layer 2
modified model: 2.100 % with threshold 0.190 (dropped off 3 nodes) in layer 2
modified model: 2.100 % with threshold 0.192 (dropped off 3 nodes) in layer 2
modified model: 2.100 % with threshold 0.194 (dropped off 3 nodes) in layer 2
modified model: 2.080 % with threshold 0.196 (dropped off 4 nodes) in layer 2
modified model: 2.080 % with threshold 0.198 (dropped off 4 nodes) in layer 2
modified model: 2.080 % with threshold 0.200 (dropped off 4 nodes) in layer 2
modified model: 2.130 % with threshold 0.202 (dropped off 6 nodes) in layer 2
modified model: 2.130 % with threshold 0.204 (dropped off 6 nodes) in layer 2
modified model: 2.130 % with threshold 0.206 (dropped off 6 nodes) in layer 2
modified model: 2.130 % with threshold 0.208 (dropped off 6 nodes) in layer 2
modified model: 2.130 % with threshold 0.210 (dropped off 7 nodes) in layer 2
modified model: 2.150 % with threshold 0.212 (dropped off 8 nodes) in layer 2
modified model: 2.150 % with threshold 0.214 (dropped off 9 nodes) in layer 2
modified model: 2.150 % with threshold 0.216 (dropped off 9 nodes) in layer 2
modified model: 2.150 % with threshold 0.218 (dropped off 9 nodes) in layer 2
modified model: 2.150 % with threshold 0.220 (dropped off 9 nodes) in layer 2
modified model: 2.150 % with threshold 0.222 (dropped off 11 nodes) in layer 2
modified model: 2.180 % with threshold 0.224 (dropped off 13 nodes) in layer 2
modified model: 2.180 % with threshold 0.226 (dropped off 13 nodes) in layer 2
modified model: 2.170 % with threshold 0.228 (dropped off 14 nodes) in layer 2
modified model: 2.150 % with threshold 0.230 (dropped off 15 nodes) in layer 2
modified model: 2.140 % with threshold 0.232 (dropped off 16 nodes) in layer 2
modified model: 2.130 % with threshold 0.234 (dropped off 18 nodes) in layer 2
modified model: 2.110 % with threshold 0.236 (dropped off 20 nodes) in layer 2
modified model: 2.160 % with threshold 0.238 (dropped off 21 nodes) in layer 2
modified model: 2.130 % with threshold 0.240 (dropped off 22 nodes) in layer 2
modified model: 2.140 % with threshold 0.242 (dropped off 23 nodes) in layer 2
modified model: 2.140 % with threshold 0.244 (dropped off 23 nodes) in layer 2
modified model: 2.140 % with threshold 0.246 (dropped off 23 nodes) in layer 2
modified model: 2.140 % with threshold 0.248 (dropped off 23 nodes) in layer 2
modified model: 2.170 % with threshold 0.250 (dropped off 26 nodes) in layer 2
modified model: 2.210 % with threshold 0.252 (dropped off 29 nodes) in layer 2
modified model: 2.210 % with threshold 0.254 (dropped off 29 nodes) in layer 2
modified model: 2.160 % with threshold 0.256 (dropped off 33 nodes) in layer 2
modified model: 2.170 % with threshold 0.258 (dropped off 35 nodes) in layer 2
modified model: 2.200 % with threshold 0.260 (dropped off 37 nodes) in layer 2
modified model: 2.180 % with threshold 0.262 (dropped off 39 nodes) in layer 2
modified model: 2.180 % with threshold 0.264 (dropped off 39 nodes) in layer 2
modified model: 2.160 % with threshold 0.266 (dropped off 43 nodes) in layer 2
modified model: 2.160 % with threshold 0.268 (dropped off 43 nodes) in layer 2
modified model: 2.200 % with threshold 0.270 (dropped off 44 nodes) in layer 2
modified model: 2.190 % with threshold 0.272 (dropped off 45 nodes) in layer 2
modified model: 2.190 % with threshold 0.274 (dropped off 45 nodes) in layer 2
modified model: 2.230 % with threshold 0.276 (dropped off 49 nodes) in layer 2
modified model: 2.210 % with threshold 0.278 (dropped off 50 nodes) in layer 2
modified model: 2.220 % with threshold 0.280 (dropped off 52 nodes) in layer 2
modified model: 2.240 % with threshold 0.282 (dropped off 55 nodes) in layer 2
modified model: 2.250 % with threshold 0.284 (dropped off 57 nodes) in layer 2
modified model: 2.220 % with threshold 0.286 (dropped off 61 nodes) in layer 2
modified model: 2.390 % with threshold 0.288 (dropped off 64 nodes) in layer 2
modified model: 2.410 % with threshold 0.290 (dropped off 65 nodes) in layer 2
modified model: 2.400 % with threshold 0.292 (dropped off 67 nodes) in layer 2
modified model: 2.400 % with threshold 0.294 (dropped off 69 nodes) in layer 2
modified model: 2.440 % with threshold 0.296 (dropped off 74 nodes) in layer 2
modified model: 2.450 % with threshold 0.298 (dropped off 77 nodes) in layer 2
modified model: 2.490 % with threshold 0.300 (dropped off 82 nodes) in layer 2
modified model: 2.520 % with threshold 0.302 (dropped off 84 nodes) in layer 2
modified model: 2.640 % with threshold 0.304 (dropped off 88 nodes) in layer 2
modified model: 2.720 % with threshold 0.306 (dropped off 90 nodes) in layer 2
modified model: 2.680 % with threshold 0.308 (dropped off 93 nodes) in layer 2
modified model: 2.740 % with threshold 0.310 (dropped off 96 nodes) in layer 2
modified model: 2.720 % with threshold 0.312 (dropped off 97 nodes) in layer 2
modified model: 2.700 % with threshold 0.314 (dropped off 100 nodes) in layer 2
modified model: 2.890 % with threshold 0.316 (dropped off 107 nodes) in layer 2
modified model: 3.040 % with threshold 0.318 (dropped off 112 nodes) in layer 2
modified model: 3.150 % with threshold 0.320 (dropped off 115 nodes) in layer 2
modified model: 3.210 % with threshold 0.322 (dropped off 120 nodes) in layer 2
modified model: 3.370 % with threshold 0.324 (dropped off 124 nodes) in layer 2
modified model: 3.360 % with threshold 0.326 (dropped off 126 nodes) in layer 2
modified model: 3.410 % with threshold 0.328 (dropped off 127 nodes) in layer 2
modified model: 3.490 % with threshold 0.330 (dropped off 129 nodes) in layer 2
modified model: 3.730 % with threshold 0.332 (dropped off 133 nodes) in layer 2
modified model: 4.060 % with threshold 0.334 (dropped off 139 nodes) in layer 2
modified model: 4.190 % with threshold 0.336 (dropped off 141 nodes) in layer 2
modified model: 4.130 % with threshold 0.338 (dropped off 144 nodes) in layer 2
modified model: 4.120 % with threshold 0.340 (dropped off 147 nodes) in layer 2
modified model: 4.040 % with threshold 0.342 (dropped off 150 nodes) in layer 2
modified model: 4.070 % with threshold 0.344 (dropped off 152 nodes) in layer 2
modified model: 4.630 % with threshold 0.346 (dropped off 161 nodes) in layer 2
modified model: 4.780 % with threshold 0.348 (dropped off 163 nodes) in layer 2
----activation3----
0.172995015979
0.70177090168
modified model: 2.070 % with threshold 0.172 (turned off 0 nodes) in layer 3
modified model: 2.070 % with threshold 0.177 (turned off 1 nodes) in layer 3
modified model: 2.070 % with threshold 0.182 (turned off 1 nodes) in layer 3
modified model: 2.070 % with threshold 0.187 (turned off 1 nodes) in layer 3
modified model: 2.070 % with threshold 0.192 (turned off 1 nodes) in layer 3
modified model: 2.070 % with threshold 0.197 (turned off 1 nodes) in layer 3
modified model: 2.070 % with threshold 0.202 (turned off 1 nodes) in layer 3
modified model: 2.070 % with threshold 0.207 (turned off 2 nodes) in layer 3
modified model: 2.070 % with threshold 0.212 (turned off 2 nodes) in layer 3
modified model: 2.070 % with threshold 0.217 (turned off 3 nodes) in layer 3
modified model: 2.080 % with threshold 0.222 (turned off 4 nodes) in layer 3
modified model: 2.060 % with threshold 0.227 (turned off 6 nodes) in layer 3
modified model: 2.080 % with threshold 0.232 (turned off 9 nodes) in layer 3
modified model: 2.060 % with threshold 0.237 (turned off 10 nodes) in layer 3
modified model: 2.060 % with threshold 0.242 (turned off 11 nodes) in layer 3
modified model: 2.070 % with threshold 0.247 (turned off 12 nodes) in layer 3
modified model: 2.070 % with threshold 0.252 (turned off 13 nodes) in layer 3
modified model: 2.060 % with threshold 0.257 (turned off 14 nodes) in layer 3
modified model: 2.080 % with threshold 0.262 (turned off 16 nodes) in layer 3
modified model: 2.080 % with threshold 0.267 (turned off 19 nodes) in layer 3
modified model: 2.110 % with threshold 0.272 (turned off 23 nodes) in layer 3
modified model: 2.090 % with threshold 0.277 (turned off 30 nodes) in layer 3
modified model: 2.090 % with threshold 0.282 (turned off 35 nodes) in layer 3
modified model: 2.090 % with threshold 0.287 (turned off 43 nodes) in layer 3
modified model: 2.090 % with threshold 0.292 (turned off 47 nodes) in layer 3
modified model: 2.120 % with threshold 0.297 (turned off 56 nodes) in layer 3
modified model: 2.190 % with threshold 0.302 (turned off 66 nodes) in layer 3
modified model: 2.140 % with threshold 0.307 (turned off 70 nodes) in layer 3
modified model: 2.140 % with threshold 0.312 (turned off 78 nodes) in layer 3
modified model: 2.140 % with threshold 0.317 (turned off 81 nodes) in layer 3
modified model: 2.170 % with threshold 0.322 (turned off 90 nodes) in layer 3
modified model: 2.180 % with threshold 0.327 (turned off 96 nodes) in layer 3
modified model: 2.230 % with threshold 0.332 (turned off 106 nodes) in layer 3
modified model: 2.200 % with threshold 0.337 (turned off 109 nodes) in layer 3
modified model: 2.160 % with threshold 0.342 (turned off 117 nodes) in layer 3
modified model: 2.180 % with threshold 0.347 (turned off 125 nodes) in layer 3
modified model: 2.180 % with threshold 0.352 (turned off 136 nodes) in layer 3
modified model: 2.220 % with threshold 0.357 (turned off 148 nodes) in layer 3
modified model: 2.240 % with threshold 0.362 (turned off 151 nodes) in layer 3
modified model: 2.290 % with threshold 0.367 (turned off 159 nodes) in layer 3
modified model: 2.350 % with threshold 0.372 (turned off 169 nodes) in layer 3
modified model: 2.410 % with threshold 0.377 (turned off 177 nodes) in layer 3
modified model: 2.370 % with threshold 0.382 (turned off 186 nodes) in layer 3
modified model: 2.380 % with threshold 0.387 (turned off 193 nodes) in layer 3
modified model: 2.410 % with threshold 0.392 (turned off 202 nodes) in layer 3
modified model: 2.420 % with threshold 0.397 (turned off 209 nodes) in layer 3
modified model: 2.490 % with threshold 0.402 (turned off 219 nodes) in layer 3
modified model: 2.550 % with threshold 0.407 (turned off 235 nodes) in layer 3
modified model: 2.620 % with threshold 0.412 (turned off 243 nodes) in layer 3
modified model: 2.690 % with threshold 0.417 (turned off 247 nodes) in layer 3
modified model: 2.720 % with threshold 0.422 (turned off 253 nodes) in layer 3
modified model: 2.850 % with threshold 0.427 (turned off 260 nodes) in layer 3
modified model: 2.790 % with threshold 0.432 (turned off 269 nodes) in layer 3
modified model: 2.950 % with threshold 0.437 (turned off 273 nodes) in layer 3
modified model: 2.950 % with threshold 0.442 (turned off 284 nodes) in layer 3
modified model: 2.950 % with threshold 0.447 (turned off 290 nodes) in layer 3
modified model: 3.120 % with threshold 0.452 (turned off 297 nodes) in layer 3
modified model: 3.110 % with threshold 0.457 (turned off 302 nodes) in layer 3
modified model: 3.400 % with threshold 0.462 (turned off 311 nodes) in layer 3
modified model: 3.600 % with threshold 0.467 (turned off 319 nodes) in layer 3
modified model: 3.690 % with threshold 0.472 (turned off 325 nodes) in layer 3
modified model: 3.840 % with threshold 0.477 (turned off 333 nodes) in layer 3
modified model: 4.260 % with threshold 0.482 (turned off 339 nodes) in layer 3
modified model: 4.310 % with threshold 0.487 (turned off 349 nodes) in layer 3
modified model: 4.630 % with threshold 0.492 (turned off 358 nodes) in layer 3
modified model: 4.680 % with threshold 0.497 (turned off 362 nodes) in layer 3
modified model: 5.210 % with threshold 0.502 (turned off 372 nodes) in layer 3
modified model: 6.060 % with threshold 0.507 (turned off 384 nodes) in layer 3
modified model: 6.410 % with threshold 0.512 (turned off 389 nodes) in layer 3
modified model: 6.490 % with threshold 0.517 (turned off 391 nodes) in layer 3
modified model: 6.820 % with threshold 0.522 (turned off 399 nodes) in layer 3
modified model: 7.070 % with threshold 0.527 (turned off 405 nodes) in layer 3
modified model: 8.360 % with threshold 0.532 (turned off 411 nodes) in layer 3
modified model: 8.110 % with threshold 0.537 (turned off 413 nodes) in layer 3
modified model: 9.510 % with threshold 0.542 (turned off 418 nodes) in layer 3
modified model: 9.520 % with threshold 0.547 (turned off 419 nodes) in layer 3
modified model: 10.690 % with threshold 0.552 (turned off 429 nodes) in layer 3
modified model: 15.020 % with threshold 0.557 (turned off 436 nodes) in layer 3
modified model: 14.240 % with threshold 0.562 (turned off 442 nodes) in layer 3
modified model: 14.230 % with threshold 0.567 (turned off 445 nodes) in layer 3
modified model: 16.850 % with threshold 0.572 (turned off 448 nodes) in layer 3
modified model: 15.890 % with threshold 0.577 (turned off 454 nodes) in layer 3
modified model: 20.920 % with threshold 0.582 (turned off 456 nodes) in layer 3
modified model: 20.920 % with threshold 0.587 (turned off 456 nodes) in layer 3
modified model: 20.840 % with threshold 0.592 (turned off 458 nodes) in layer 3
modified model: 17.720 % with threshold 0.597 (turned off 461 nodes) in layer 3
modified model: 18.310 % with threshold 0.602 (turned off 463 nodes) in layer 3
modified model: 16.440 % with threshold 0.607 (turned off 469 nodes) in layer 3
modified model: 17.310 % with threshold 0.612 (turned off 472 nodes) in layer 3
modified model: 20.940 % with threshold 0.617 (turned off 476 nodes) in layer 3
modified model: 23.370 % with threshold 0.622 (turned off 478 nodes) in layer 3
modified model: 23.370 % with threshold 0.627 (turned off 478 nodes) in layer 3
modified model: 25.960 % with threshold 0.632 (turned off 480 nodes) in layer 3
modified model: 29.320 % with threshold 0.637 (turned off 483 nodes) in layer 3
modified model: 28.440 % with threshold 0.642 (turned off 486 nodes) in layer 3
modified model: 29.740 % with threshold 0.647 (turned off 487 nodes) in layer 3
----activation4----
0.281565725803
0.307180851698
