... loading data
... building the model
... training
epoch 1, minibatch 5000/5000, validation error 87.540000 %
     epoch 1, minibatch 5000/5000, test error of best model 87.740000 %
epoch 2, minibatch 5000/5000, validation error 87.870000 %
1.88984501362
[ 5.]
[[-0.46045592  0.3262409  -0.11997408  0.09440965  0.23795985  0.20204261
   0.30139324  0.24827605  0.22298254  0.21131945 -0.17428137 -0.22103661
   0.24939735  0.26538286 -0.3036491  -0.258513   -0.19588037 -0.18095502
   0.04441546  0.18583199  0.05160103 -0.21698803  0.13946235  0.0075079
  -0.07748881  0.00635647  0.16615427  0.29085225  0.15532334  0.17132023]
 [-0.25522485 -0.12138876 -0.11720846 -0.03142184 -0.33784986 -0.07525112
  -0.24776517  0.22428183  0.33705348  0.21868375 -0.22887215  0.08520984
   0.27720782 -0.2146904   0.00290121 -0.27552477 -0.06987604 -0.04166672
   0.25360718  0.36084616 -0.19366181  0.07005902  0.30857274  0.30629504
  -0.02634131  0.17843737  0.29013571 -0.40369275 -0.05729239 -0.01486567]
 [-0.15733089  0.07958519 -0.2196046   0.12476672 -0.1916813  -0.02091169
  -0.0204713  -0.05858278  0.03603124 -0.08295042 -0.18405297 -0.10774049
  -0.23391554  0.19398427 -0.10614402 -0.24151532  0.20168938  0.17988327
  -0.12618339 -0.14067908 -0.19170949 -0.17877555  0.43557087  0.17188391
  -0.3454299   0.32540938 -0.23525189  0.21534456 -0.0131159  -0.07680935]
 [ 0.00583831  0.28873536 -0.23280981  0.38387585 -0.36212805  0.15380763
   0.16855672  0.28219292 -0.032672    0.28513619  0.34482196  0.30205286
   0.04051879  0.02220716  0.17268388  0.16985409 -0.06072025 -0.18073708
  -0.09743585 -0.08034012 -0.21873781 -0.33230564 -0.10232859  0.23041072
  -0.20251609  0.18233721  0.19764344  0.04588904  0.4439761  -0.1500908 ]
 [ 0.33129141 -0.09155227 -0.29655167 -0.28198943 -0.25872493 -0.08854493
   0.23157316 -0.19473773  0.15761887  0.18164305  0.06224633 -0.16064081
   0.14374459 -0.19881155  0.20754983 -0.0422582  -0.10608871  0.04122867
  -0.24622837 -0.04668781  0.2923232   0.34042558  0.01534248  0.27130675
   0.1417312  -0.15095124 -0.14934994  0.09983808  0.2497226   0.30669644]
 [-0.10951678 -0.28063825  0.0920733   0.21258351  0.06047444  0.36938584
   0.02638026 -0.1218971  -0.04557485  0.0844406   0.25275153 -0.36865616
   0.1344389  -0.04773361  0.21260971 -0.22602881 -0.30316195  0.09750323
  -0.15737684  0.128536   -0.22103542 -0.0136672   0.36442319  0.16402391
   0.33368608  0.07960048  0.0980543   0.22972845  0.46770203 -0.26184013]
 [ 0.13384254 -0.30631644 -0.08401983  0.20650071  0.11645256  0.12628593
   0.04523875  0.03184563 -0.10316158  0.11068064 -0.10916855  0.24826305
  -0.07812864 -0.33373308 -0.27381051  0.0884427   0.35345909  0.30165783
  -0.15847753  0.30099618  0.18634553 -0.12322538  0.03330249  0.1426452
  -0.26953393 -0.29913658  0.19281444 -0.17068429  0.33677676  0.26021576]
 [ 0.248138   -0.08910874  0.0201789  -0.11668734  0.21782537  0.18073706
   0.19829488 -0.2660571   0.21307814  0.19650252 -0.21411848  0.06235538
  -0.2363317  -0.38420475 -0.24652679 -0.01641423  0.10178557 -0.07931966
   0.37492418  0.44472283  0.33009881  0.15319292  0.6160565  -0.36842772
   0.01242159  0.04645447 -0.2204137   0.00544301 -0.23147233 -0.11652091]
 [-0.33362746 -0.14957109 -0.16004379 -0.1244081  -0.07028918  0.09816512
  -0.06482229 -0.03984714 -0.07132911  0.01295017 -0.10397423  0.27556232
  -0.07585559 -0.16481689  0.1363935  -0.07027936  0.05327372  0.32400167
  -0.04524785  0.24936694 -0.14592139  0.0997679   0.48079476  0.261583
   0.12676121  0.0045193  -0.28077376  0.23924032  0.27543575 -0.05395782]
 [ 0.16245733 -0.20990805  0.45173624 -0.43480146 -0.48894215 -0.5787496
  -0.14746137 -0.19584787 -0.06532441 -0.04076192 -0.6578353  -0.02079593
  -0.28565949  0.54248744  0.0793756   0.05767789  0.11609775 -0.45870847
  -0.37470299  0.19592784 -0.28117144 -0.18572786  0.33165005 -0.44350231
   0.02280561 -0.30207202  0.05298737 -0.03480143  0.30120119 -0.06538701]]
[ 0.25789639  0.25087696  0.40962204 -0.42626041 -0.44739947 -0.39551049
 -0.11660286  0.04383987  0.27573752  0.37300202 -0.47926348  0.01745779
 -0.01451929  0.32017773  0.12986465  0.34024799 -0.10980123 -0.13313252
 -0.10626982  0.54534072 -0.00333487 -0.37747535  0.60909021 -0.2959367
  0.18213688 -0.01207662 -0.07529673  0.06714143  0.64490169  0.10749454]
[[ 0.11104424]
 [ 0.07022767]
 [ 0.07905722]
 [-0.26739886]
 [-0.37041894]
 [-0.14454743]
 [-0.01010984]
 [-0.05020096]
 [ 0.1820213 ]
 [ 0.22811161]
 [-0.49069229]
 [-0.02485494]
 [ 0.00878671]
 [ 0.13421008]
 [ 0.06710841]
 [ 0.06026435]
 [-0.09045905]
 [-0.09641429]
 [-0.10368302]
 [ 0.47947124]
 [-0.00865364]
 [-0.10737206]
 [ 0.9730221 ]
 [-0.10143793]
 [ 0.12296249]
 [-0.02397864]
 [-0.07189973]
 [ 0.1024975 ]
 [ 0.78361666]
 [ 0.01707648]]
[ 1.3009299]
Optimization complete. (with seed: 106) Best validation score of 87.540000 % obtained at iteration 5000, with test performance 87.740000 %
... loading data
... building the model
... training
epoch 1, minibatch 5000/5000, validation error 88.320000 %
     epoch 1, minibatch 5000/5000, test error of best model 88.550000 %
epoch 2, minibatch 5000/5000, validation error 91.520000 %
5.67145776749
[ 5.]
[[ -3.33510399e-01   1.50746375e-01   6.19921368e-03  -1.54562846e-01
   -6.31769374e-02  -2.15151533e-01  -4.38574795e-03  -3.00166667e-01
   -2.87269503e-01   4.83832918e-02   3.12688261e-01   8.00357088e-02
    6.89750090e-02  -1.41626731e-01  -9.67458263e-02  -1.18789382e-01
    1.96715385e-01   2.13279650e-01  -2.01389924e-01   2.54185647e-01
   -3.59016836e-01   5.70272394e-02  -4.04151827e-01   3.18098664e-02
   -1.18539736e-01  -2.12583706e-01  -7.65180439e-02  -2.60710150e-01
    3.90485704e-01  -5.44774793e-02]
 [ -1.93398789e-01   3.10625643e-01   3.37043792e-01   3.58608484e-01
    1.62010327e-01   3.71531487e-01   2.34909028e-01   5.51888794e-02
   -3.31661701e-02   3.52977663e-01  -3.40668052e-01   9.04894471e-02
    4.08254296e-01  -2.41723344e-01  -5.22982441e-02   1.26350060e-01
   -1.40263662e-01   2.87147850e-01   7.44093210e-04   2.53408074e-01
   -7.22971112e-02   2.28374958e-01  -2.82960325e-01   3.05992514e-01
   -1.61102548e-01  -1.33001900e+00  -1.24568135e-01   4.10858214e-01
    1.33223355e-01  -1.02035642e-01]
 [ -1.96662650e-01  -8.08663815e-02  -2.29714841e-01  -1.00343347e-01
   -2.70118684e-01  -9.99930780e-03   1.06909625e-01  -1.71970144e-01
   -1.13077149e-01  -3.09837073e-01  -6.54285494e-03   1.53803691e-01
   -1.13206849e-01   3.88823479e-01  -3.32946628e-01   1.44779593e-01
   -3.06969494e-01  -1.00139827e-01  -1.26457423e-01   1.34981304e-01
    1.80755600e-01   2.83202201e-01  -3.86583745e-01  -2.27806479e-01
   -9.83716771e-02   5.38482964e-01  -1.40174091e-01   1.01913646e-01
    4.04092044e-01   3.03643525e-01]
 [ -2.96328872e-01  -1.31525666e-01  -2.59682715e-01   9.98803005e-02
    2.56853819e-01   6.24990761e-02  -8.96064099e-03  -1.30519062e-01
   -1.47963420e-01   1.53754771e-01  -5.27863562e-01  -6.15544990e-02
   -2.83693075e-01   2.56252199e-01   1.52156502e-01  -4.27602977e-01
   -4.76985984e-02  -1.89425439e-01   6.12938516e-02  -1.12511560e-01
   -1.31205216e-01   1.78319037e-01   2.15010509e-01   3.96863908e-01
    2.03954838e-02  -7.53911912e-01  -2.09581181e-01   1.85230479e-01
    3.16518366e-01  -2.67658323e-01]
 [  7.38686472e-02   8.59145671e-02   1.28542721e-01   2.87703723e-02
   -6.01310171e-02   1.05848975e-01   2.29461089e-01  -2.29921695e-02
    1.74237862e-02  -2.36779943e-01   2.24808708e-01   1.94396496e-01
    1.38864174e-01  -3.07464659e-01  -3.32780868e-01   2.35081926e-01
    3.08406740e-01   2.78600156e-01   1.27751052e-01  -1.02229834e-01
    8.88839737e-02  -2.77371079e-01  -1.55595571e-01  -2.34779850e-01
   -1.63461387e-01  -2.91721970e-01  -7.75444061e-02   3.01960766e-01
   -4.43408154e-02   2.72222966e-01]
 [ -3.97266120e-01  -3.71383876e-01  -9.14029628e-02   2.43690442e-02
   -1.82377025e-01   3.17882061e-01  -2.99985409e-01   3.77887309e-01
   -1.34187676e-02  -1.06253820e-02   1.84476515e-03  -2.13857383e-01
    1.62363574e-02   4.99492623e-02   2.45707911e-02  -8.22751224e-02
   -1.78079940e-02  -1.56779364e-01   3.08019310e-01   1.64018199e-02
    2.23609611e-01  -6.60381466e-02   9.22231972e-02  -1.56334162e-01
    1.15051389e-01   9.74832356e-01   2.42111281e-01   9.86085460e-02
    4.55438942e-01  -9.49304458e-03]
 [ -3.93057346e-01  -2.95782924e-01  -1.11732796e-01   5.06176874e-02
    7.87242278e-02  -3.07394952e-01   9.95698422e-02  -2.39950925e-01
   -1.48462996e-01  -2.96371043e-01  -6.25838265e-02  -1.30150467e-01
    8.57389644e-02  -2.67057091e-01  -7.55979270e-02   2.41973206e-01
    7.96559304e-02  -1.51810512e-01  -1.45328328e-01   1.93336233e-01
   -3.48160386e-01   1.67177573e-01  -2.20752448e-01  -4.39340882e-02
   -1.34162204e-02   5.96713185e-01   9.44674090e-02  -2.11286340e-02
    2.97944158e-01   1.55851021e-01]
 [ -1.99759871e-01   3.02071661e-01   3.20124000e-01  -4.58421409e-02
   -9.72540081e-02   4.09720451e-01   8.02153200e-02  -5.77403419e-02
   -1.22417480e-01  -2.50509977e-02   5.37790805e-02   1.29858181e-01
    5.09218276e-01   1.75909787e-01  -8.48251060e-02   2.83362091e-01
    2.50075925e-02  -3.33318889e-01   3.03930700e-01   2.73079008e-01
   -1.02808341e-01   2.67197371e-01  -6.28635213e-02  -2.36150131e-01
   -2.55551428e-01  -8.13128710e-01   2.92079777e-01   2.55590469e-01
    1.91786855e-01  -1.08124195e-02]
 [ -3.43820333e-01   7.32211173e-02   2.37768367e-01   8.19855854e-02
   -2.22519249e-01  -3.27101797e-01   2.37092867e-01   1.90546855e-01
   -2.71991849e-01   2.17833787e-01  -1.30403345e-03   1.87436696e-02
    1.21762075e-01  -4.49747406e-02   1.48143277e-01   3.26917052e-01
   -1.18861601e-01  -9.85409468e-02  -2.55955905e-01  -4.46587503e-02
   -1.63686410e-01  -1.33619398e-01  -4.70810860e-01   3.05445164e-01
   -2.09284693e-01  -2.10037589e-01   2.86123812e-01   2.58982271e-01
    1.62685722e-01   3.59848589e-01]
 [ -2.45074593e-02  -1.53396159e-01  -2.96543777e-01   5.39987497e-02
    1.26834005e-01  -3.16658080e-01  -4.90906715e-01  -2.87870672e-02
    7.35995233e-01   2.46493472e-03   2.60504812e-01  -5.84391877e-02
   -5.23797572e-01  -1.36153579e-01   4.05264229e-01   5.12156665e-01
    1.42033249e-02  -1.29007667e-01  -1.40886098e-01   6.47045597e-02
    3.06560755e-01  -1.96281970e-01  -4.70086217e-01  -8.02417472e-02
    2.49937743e-01   8.54367167e-02  -1.29790485e-01   3.15366000e-01
    5.35211802e-01  -3.87390316e-01]]
[-0.67653418  0.07889237 -0.02120857 -0.19250967 -0.08201905 -0.11466423
 -0.26086485  0.12268727  0.35748374  0.15009539  0.29425755 -0.06164344
 -0.49186307  0.05713591  0.15265055  0.61219746 -0.01871161  0.19283402
 -0.15659343  0.0856684   0.21520741 -0.29520482 -0.56838745 -0.27809903
  0.35719687  0.05047607  0.03813566  0.3474724   0.54237044 -0.14054593]
[[-0.69497824]
 [-0.14711533]
 [-0.10039844]
 [-0.10803615]
 [-0.12450037]
 [-0.12063541]
 [-0.18421777]
 [ 0.1082032 ]
 [ 0.16767047]
 [-0.11279333]
 [ 0.2878862 ]
 [-0.06531855]
 [-0.23270309]
 [ 0.01225591]
 [ 0.03006316]
 [ 0.58398438]
 [ 0.04797329]
 [-0.02469142]
 [-0.01546463]
 [ 0.03661555]
 [ 0.15971616]
 [-0.18219122]
 [-0.68639797]
 [-0.22161238]
 [ 0.118251  ]
 [-0.95229816]
 [ 0.07491612]
 [ 0.27796072]
 [ 0.74513406]
 [ 0.03503636]]
[ 1.22369373]
Optimization complete. (with seed: 107) Best validation score of 88.320000 % obtained at iteration 5000, with test performance 88.550000 %
... loading data
... building the model
... training
epoch 1, minibatch 5000/5000, validation error 56.170000 %
     epoch 1, minibatch 5000/5000, test error of best model 56.890000 %
epoch 2, minibatch 5000/5000, validation error 34.060000 %
     epoch 2, minibatch 5000/5000, test error of best model 33.620000 %
epoch 3, minibatch 5000/5000, validation error 27.900000 %
     epoch 3, minibatch 5000/5000, test error of best model 27.480000 %
epoch 4, minibatch 5000/5000, validation error 21.860000 %
     epoch 4, minibatch 5000/5000, test error of best model 21.760000 %
epoch 5, minibatch 5000/5000, validation error 16.810000 %
     epoch 5, minibatch 5000/5000, test error of best model 16.800000 %
epoch 6, minibatch 5000/5000, validation error 14.240000 %
     epoch 6, minibatch 5000/5000, test error of best model 14.240000 %
epoch 7, minibatch 5000/5000, validation error 12.320000 %
     epoch 7, minibatch 5000/5000, test error of best model 12.180000 %
epoch 8, minibatch 5000/5000, validation error 11.440000 %
     epoch 8, minibatch 5000/5000, test error of best model 11.410000 %
epoch 9, minibatch 5000/5000, validation error 11.560000 %
epoch 10, minibatch 5000/5000, validation error 11.520000 %
epoch 11, minibatch 5000/5000, validation error 12.370000 %
epoch 12, minibatch 5000/5000, validation error 12.710000 %
epoch 13, minibatch 5000/5000, validation error 12.050000 %
epoch 14, minibatch 5000/5000, validation error 10.320000 %
     epoch 14, minibatch 5000/5000, test error of best model 10.230000 %
epoch 15, minibatch 5000/5000, validation error 7.780000 %
     epoch 15, minibatch 5000/5000, test error of best model 7.670000 %
epoch 16, minibatch 5000/5000, validation error 6.700000 %
     epoch 16, minibatch 5000/5000, test error of best model 7.020000 %
epoch 17, minibatch 5000/5000, validation error 5.470000 %
     epoch 17, minibatch 5000/5000, test error of best model 5.440000 %
epoch 18, minibatch 5000/5000, validation error 4.620000 %
     epoch 18, minibatch 5000/5000, test error of best model 4.650000 %
epoch 19, minibatch 5000/5000, validation error 3.890000 %
     epoch 19, minibatch 5000/5000, test error of best model 3.950000 %
epoch 20, minibatch 5000/5000, validation error 2.850000 %
     epoch 20, minibatch 5000/5000, test error of best model 2.960000 %
epoch 21, minibatch 5000/5000, validation error 2.740000 %
     epoch 21, minibatch 5000/5000, test error of best model 2.870000 %
epoch 22, minibatch 5000/5000, validation error 2.230000 %
     epoch 22, minibatch 5000/5000, test error of best model 2.260000 %
epoch 23, minibatch 5000/5000, validation error 1.850000 %
     epoch 23, minibatch 5000/5000, test error of best model 1.890000 %
epoch 24, minibatch 5000/5000, validation error 1.660000 %
     epoch 24, minibatch 5000/5000, test error of best model 1.720000 %
epoch 25, minibatch 5000/5000, validation error 1.480000 %
     epoch 25, minibatch 5000/5000, test error of best model 1.490000 %
epoch 26, minibatch 5000/5000, validation error 1.270000 %
     epoch 26, minibatch 5000/5000, test error of best model 1.270000 %
epoch 27, minibatch 5000/5000, validation error 1.270000 %
epoch 28, minibatch 5000/5000, validation error 0.800000 %
     epoch 28, minibatch 5000/5000, test error of best model 0.880000 %
epoch 29, minibatch 5000/5000, validation error 0.530000 %
     epoch 29, minibatch 5000/5000, test error of best model 0.590000 %
epoch 30, minibatch 5000/5000, validation error 0.530000 %
epoch 31, minibatch 5000/5000, validation error 0.370000 %
     epoch 31, minibatch 5000/5000, test error of best model 0.500000 %
epoch 32, minibatch 5000/5000, validation error 0.370000 %
epoch 33, minibatch 5000/5000, validation error 0.370000 %
epoch 34, minibatch 5000/5000, validation error 0.370000 %
epoch 35, minibatch 5000/5000, validation error 0.220000 %
     epoch 35, minibatch 5000/5000, test error of best model 0.310000 %
epoch 36, minibatch 5000/5000, validation error 0.220000 %
epoch 37, minibatch 5000/5000, validation error 0.220000 %
epoch 38, minibatch 5000/5000, validation error 0.220000 %
epoch 39, minibatch 5000/5000, validation error 0.220000 %
epoch 40, minibatch 5000/5000, validation error 0.220000 %
epoch 41, minibatch 5000/5000, validation error 0.220000 %
epoch 42, minibatch 5000/5000, validation error 0.220000 %
epoch 43, minibatch 5000/5000, validation error 0.220000 %
epoch 44, minibatch 5000/5000, validation error 0.220000 %
epoch 45, minibatch 5000/5000, validation error 0.220000 %
epoch 46, minibatch 5000/5000, validation error 0.220000 %
epoch 47, minibatch 5000/5000, validation error 0.220000 %
epoch 48, minibatch 5000/5000, validation error 0.220000 %
epoch 49, minibatch 5000/5000, validation error 0.220000 %
epoch 50, minibatch 5000/5000, validation error 0.220000 %
epoch 51, minibatch 5000/5000, validation error 0.220000 %
epoch 52, minibatch 5000/5000, validation error 0.220000 %
epoch 53, minibatch 5000/5000, validation error 0.220000 %
epoch 54, minibatch 5000/5000, validation error 0.220000 %
epoch 55, minibatch 5000/5000, validation error 0.220000 %
epoch 56, minibatch 5000/5000, validation error 0.220000 %
epoch 57, minibatch 5000/5000, validation error 0.220000 %
epoch 58, minibatch 5000/5000, validation error 0.220000 %
epoch 59, minibatch 5000/5000, validation error 0.220000 %
epoch 60, minibatch 5000/5000, validation error 0.220000 %
epoch 61, minibatch 5000/5000, validation error 0.220000 %
epoch 62, minibatch 5000/5000, validation error 0.220000 %
epoch 63, minibatch 5000/5000, validation error 0.220000 %
epoch 64, minibatch 5000/5000, validation error 0.220000 %
epoch 65, minibatch 5000/5000, validation error 0.220000 %
epoch 66, minibatch 5000/5000, validation error 0.220000 %
epoch 67, minibatch 5000/5000, validation error 0.220000 %
epoch 68, minibatch 5000/5000, validation error 0.220000 %
epoch 69, minibatch 5000/5000, validation error 0.220000 %
8.69896030426
[ 5.]
[[ -1.61979115e+00  -1.76672399e+00   8.81832913e-02  -2.28563094e+00
   -2.07239408e-02   4.05029714e-01   4.36858535e-01  -2.89663792e-01
    2.10130900e-01  -1.48500755e-01  -7.04960376e-02   6.40691459e-01
    9.27862376e-02   8.58227968e-01  -6.24814369e-02  -1.10161550e-01
    3.63918990e-01  -5.94524026e-01  -7.17218518e-01   7.85611197e-02
    6.58525467e-01  -5.57767510e-01   2.87777543e-01  -2.02111745e+00
    7.12965965e-01  -3.60153139e-01  -5.62509894e-01  -4.03011560e-01
    5.39551616e-01  -1.28414440e+00]
 [  5.02648592e-01  -1.90057838e+00   1.50097206e-01   4.75361776e+00
   -6.88560843e-01   9.77201946e-03  -2.81373769e-01  -5.87074935e-01
   -5.30104339e-01   6.74873948e-01  -3.52089196e-01  -1.00476491e+00
   -2.73039967e-01  -1.22327375e+00   2.26553231e-01   8.06085289e-01
    7.64431000e-01   1.77578652e+00   1.56413293e+00  -9.26219583e-01
   -8.76846015e-01   8.80261242e-01   2.02316225e-01   4.00446272e+00
   -1.16682673e+00   6.85380280e-01   5.69849908e-01   1.00177670e+00
   -1.18225873e+00   2.48876595e+00]
 [  1.61016917e+00   1.78119147e+00   1.17513232e-01   2.30357575e+00
   -1.60253290e-02  -2.37266809e-01  -1.99509598e-02   3.94513309e-02
   -3.77622306e-01  -1.38199762e-01   1.79998174e-01  -6.58253312e-01
   -1.50286242e-01  -8.67468715e-01  -3.35289001e-01   2.09641159e-01
   -1.03563055e-01   6.49590492e-01   7.34823406e-01  -2.19726637e-01
   -6.76234424e-01   3.38710964e-01  -2.42720127e-01   2.03081751e+00
   -6.94002151e-01   2.58994907e-01   5.10751367e-01   4.71698016e-01
   -5.68580568e-01   1.25487161e+00]
 [ -1.56901050e+00  -1.68326366e+00   1.59435555e-01  -4.61310005e+00
   -6.00515246e-01  -9.49131310e-01   8.02116215e-01   2.15972736e-01
    6.14494443e-01  -2.50088219e-02   4.83896844e-02   3.68745113e-03
   -2.64519844e-02   7.16555357e-01  -2.72080511e-01  -2.34660015e-01
    3.67116511e-01  -9.00366962e-01  -3.18520814e-01   6.40044928e-01
    1.79431021e-01  -6.62981033e-01   1.21265039e-01  -3.93739676e+00
    1.26680136e+00  -7.78907716e-01   2.94846356e-01  -1.15870178e+00
    1.28811705e+00  -2.75439811e+00]
 [ -1.62976372e+00  -1.77335799e+00  -2.72821821e-02  -2.29571652e+00
   -9.57064256e-02   3.14841628e-01   4.14621830e-01  -4.36483920e-02
    2.68978506e-01  -3.49155031e-02  -2.26397924e-02   6.24229550e-01
   -1.19565457e-01   8.67677629e-01   1.95112437e-01  -1.72143579e-01
    1.88372105e-01  -6.10537708e-01  -7.02314734e-01   1.49915189e-01
    6.53533816e-01  -5.79971433e-01   2.21582696e-01  -2.02638412e+00
    7.31112719e-01  -2.21557543e-01  -5.38883269e-01  -4.16058630e-01
    5.54627776e-01  -1.27084601e+00]
 [  1.46950340e+00   1.73342884e+00   1.81063369e-01   4.63258028e+00
    3.23534340e-01   7.07041100e-02  -4.13087070e-01   1.45516619e-02
   -6.82092249e-01  -3.30493540e-01   1.51300997e-01  -1.15825486e+00
   -5.49297640e-03  -7.97451913e-01   5.02234176e-02   6.37885928e-01
    1.19171582e-01   1.15783000e+00  -2.81011164e-02  -8.50441277e-01
   -6.28619313e-01   4.64431345e-01   2.77896196e-01   3.99835086e+00
   -1.62011361e+00   5.90551615e-01   5.13189137e-01   8.08782935e-01
   -1.12928784e+00   2.51308298e+00]
 [  1.59966004e+00   1.77923071e+00   1.26129612e-01   2.30084467e+00
   -2.07760632e-02  -2.30463505e-01   3.54616195e-02   1.70432821e-01
   -3.20180535e-01   1.16839074e-02   4.28535528e-02  -6.84874415e-01
   -6.76166043e-02  -8.60839725e-01  -4.07095999e-01   2.60005146e-01
   -1.90858632e-01   6.51502073e-01   7.38129735e-01  -2.31778562e-01
   -6.79491699e-01   3.14459294e-01   9.24773365e-02   2.02954006e+00
   -6.83938503e-01   3.12084407e-01   5.00731587e-01   5.12833893e-01
   -5.64405322e-01   1.25171840e+00]
 [ -1.58158684e+00  -1.68217039e+00   1.98758751e-01  -4.64929485e+00
    2.36993536e-01  -4.36930478e-01   6.62488580e-01  -5.04322708e-01
   -6.80381134e-02   5.22349060e-01  -1.12601966e-01   1.28009558e+00
   -5.63956976e-01   7.21961379e-01  -4.49581891e-01  -4.84833151e-01
   -3.77819449e-01  -9.21026647e-01  -3.23309213e-01   8.59434187e-01
    3.01509887e-01  -4.54298049e-01  -2.47879252e-01  -3.92521095e+00
    1.18126094e+00  -7.75658131e-01   7.46692717e-02  -1.00895667e+00
    1.42525446e+00  -2.71111035e+00]
 [ -1.62892914e+00  -1.76720798e+00   2.81935185e-01  -2.29918909e+00
   -6.37809560e-02   3.29915732e-01   2.15652063e-01  -2.65728030e-02
    2.24187538e-01  -5.85933588e-03  -5.23403566e-03   6.68016553e-01
   -6.42777979e-02   8.54274333e-01   2.67636359e-01  -1.56471536e-01
    1.73882842e-01  -6.11093044e-01  -7.05470979e-01   1.67169645e-01
    6.58707559e-01  -6.01691306e-01   1.59242690e-01  -2.02360821e+00
    7.15756416e-01  -1.99716464e-01  -5.39797962e-01  -3.85063618e-01
    5.68073392e-01  -1.27170515e+00]
 [ -1.24554634e-02  -5.92267793e-03  -1.65318429e-01  -2.43626349e-03
   -1.47336960e-01   1.97606646e-02   6.42049238e-02  -2.65980601e-01
    3.20334025e-02   3.74021292e-01   9.40045774e-01   2.07639076e-02
    2.50018865e-01   1.19819604e-02   8.40096362e-03   7.05857128e-02
   -1.05715498e-01   5.76092117e-03   9.05672368e-03  -3.60659433e-05
   -8.34082905e-03  -1.34381838e-02   3.03046525e-01   3.35115241e-03
    1.58060994e-02   7.24774674e-02  -2.61258110e-02   1.00286737e-01
    7.65313813e-03   6.03894470e-04]]
[-2.593642   -2.49931383  0.12417416 -1.17678404 -0.36289036 -0.34837583
  0.03274489 -0.20127037 -0.60723919  0.39862016  0.31935486 -0.359016
 -0.37201959  1.13526106 -0.34097654  0.30793616  0.30180806 -0.83363616
 -2.4121902  -1.33569312 -1.49588668 -1.64305758  0.281533    8.67443562
 -1.55743766  0.47711545  0.15918934  1.22965968 -0.06231242  4.84165049]
[[-3.77311754]
 [ 4.10686016]
 [ 0.51634371]
 [ 7.25955296]
 [-1.15858591]
 [-1.61396956]
 [-0.48315796]
 [-1.0870353 ]
 [ 1.06510377]
 [ 1.30151534]
 [ 1.17686999]
 [-0.15380131]
 [-1.1541028 ]
 [ 2.06822705]
 [-1.12216926]
 [-1.50649703]
 [ 1.31831944]
 [-3.15226388]
 [ 2.48610902]
 [ 2.48944378]
 [ 2.42448545]
 [ 1.57047176]
 [ 0.89479887]
 [ 7.55208921]
 [-1.56834495]
 [-0.2398413 ]
 [-1.28923523]
 [ 0.58516115]
 [ 2.74019051]
 [-2.8051827 ]]
[ 2.04857445]
Optimization complete. (with seed: 108) Best validation score of 0.220000 % obtained at iteration 175000, with test performance 0.310000 %
... loading data
... building the model
... training
epoch 1, minibatch 5000/5000, validation error 88.210000 %
     epoch 1, minibatch 5000/5000, test error of best model 88.390000 %
epoch 2, minibatch 5000/5000, validation error 93.070000 %
-2.18953275681
[ 5.]
[[ 0.17403409 -0.00536943  0.17618747 -0.23914534  0.16945155  0.22387074
  -0.0232028   0.27020723 -0.2516841  -0.0242566  -0.33963931 -0.15894698
   0.37877098  0.32412666 -0.03889439  0.28566998 -0.1721413   0.08568871
   0.00628819 -0.35650405  0.25709832 -0.1207195   0.24304348 -0.27481544
  -0.03174574  0.10674854  0.3459931  -0.08914644  0.25062758  0.27837011]
 [ 0.27840212  0.21804455  0.28833139  0.1561342   0.0017756   0.20367508
  -0.32981604  0.00738488  0.18356401 -0.02009589 -0.16748507  0.16411465
  -0.35835868  0.09750155  0.25717875 -0.19892472  0.39772719 -0.30793098
   0.17161545  0.25703257  0.02274571 -0.25955895  0.5750342   0.00566847
  -0.54592556  0.0257463   0.18075328 -0.32455787 -0.17579269 -0.26444685]
 [-0.06596608  0.03484227  0.19289593  0.05726812 -0.09123124  0.2559669
   0.28037909 -0.23487151  0.22182988 -0.17646717  0.18419956  0.15421887
   0.04566081  0.21477693  0.30730399 -0.11774406 -0.32498023  0.14440501
  -0.26488784  0.2119697  -0.02253598 -0.25861716  0.32794645  0.25458708
  -0.33118814  0.30679613  0.26664943 -0.14695364 -0.17519285 -0.094038  ]
 [ 0.0949899   0.1667182   0.02626813 -0.08629606  0.168299   -0.14109287
   0.19713676 -0.03571967  0.1146857  -0.11197465 -0.08940633  0.29765415
  -0.18206967  0.08415772 -0.22489424 -0.57610959 -0.1415744  -0.32133397
  -0.03498632 -0.16667601 -0.22642213  0.2648918   0.02689984 -0.28051475
  -0.36054716  0.16104826  0.42029789  0.05407155 -0.28170881 -0.16522838]
 [ 0.05781895  0.05279449  0.1348197   0.03443551 -0.11146489 -0.33911762
  -0.13905782  0.33044648 -0.05603706  0.21252957  0.13846833 -0.12543672
   0.1643506   0.11873708 -0.22755367  0.24607907  0.122371   -0.17649917
   0.32079759 -0.09330843 -0.1947134   0.32132262 -0.14710248  0.12474595
  -0.25795162 -0.30821261  0.4378157   0.09753182 -0.05779606 -0.18397422]
 [ 0.16756442 -0.02642435 -0.10416611  0.30884638 -0.01726589 -0.32627788
   0.48549765  0.24911474  0.02201044 -0.25038522  0.02209285  0.2794821
   0.15126692  0.01151048 -0.21026802 -0.16965933 -0.37647039 -0.17233355
   0.27669719  0.16369376 -0.0308952  -0.08519243 -0.28122583  0.09319253
  -0.03769752 -0.06926423  0.31532782  0.19390352 -0.08752766  0.19997361]
 [ 0.19035351  0.09175177  0.2768389   0.0483296   0.19404921  0.16439103
  -0.17653537  0.05865562  0.24601449  0.21714084 -0.05015782 -0.22912572
   0.30227494 -0.17553563 -0.05850719  0.01889338  0.24765202  0.20248301
  -0.33160442 -0.00408099  0.00909657  0.29985163 -0.09084164  0.0128431
  -0.2885251  -0.21651399  0.39247328  0.15366201  0.2194114  -0.02172725]
 [ 0.00396388 -0.01509463 -0.02956337  0.25192997 -0.00506844  0.00412809
  -0.00512866 -0.31156418 -0.16223352 -0.19054733 -0.02866182  0.16253152
  -0.27277973 -0.14025781  0.21423936  0.29286087 -0.04609157  0.08392231
  -0.37280458 -0.30970126  0.07111371  0.11032373  0.11134474  0.15473384
  -0.1665796   0.15351354 -0.12887846 -0.2017712  -0.01601512  0.04705931]
 [ 0.05261722 -0.07444605  0.0343162   0.25339392 -0.31079242  0.36660308
  -0.17445239 -0.22121756  0.05282031  0.19583331  0.20621078  0.28593293
   0.27767438 -0.21240801 -0.19205835  0.20662932  0.1854227   0.13113728
   0.08002418  0.18595897 -0.13082758  0.02995023  0.2500408   0.13970277
  -0.2572647  -0.1213844   0.40165848 -0.2434829  -0.14811689  0.07377668]
 [-0.56096435  0.0231129  -0.3808631  -0.32629225 -0.14366947 -0.38400501
   0.07179625  0.39404759 -0.20010631 -0.22393741  0.49536157 -0.19569698
  -0.4422127  -0.18441311  0.28883204  0.34762916  0.1088035   0.35578257
  -0.13603273  0.15409568  0.52172887 -0.24358167  0.52230328  0.05326709
  -0.24867064  0.02282925  0.41144127  0.0887484   0.34983253 -0.40487772]]
[-0.33845392 -0.24673301 -0.3655389  -0.27307671  0.08966788 -0.31054392
  0.39149475  0.10820217 -0.07034119  0.12206054  0.27698347  0.12138826
 -0.39553183 -0.14320077 -0.03989517  0.27269688  0.27888519  0.31218177
  0.20605575 -0.02440222  0.15019141 -0.02746951  0.57011849 -0.2566151
 -0.61592144 -0.13777719  0.65643907 -0.0091053   0.16856885 -0.02842922]
[[-0.11680563]
 [-0.01984018]
 [-0.10698355]
 [-0.03479928]
 [-0.05061364]
 [-0.18424375]
 [ 0.11714425]
 [ 0.12655964]
 [-0.10279007]
 [-0.01139848]
 [ 0.17800449]
 [ 0.1137258 ]
 [-0.18801117]
 [-0.02570065]
 [-0.00396875]
 [ 0.34369904]
 [ 0.07581491]
 [ 0.10131296]
 [ 0.09312021]
 [-0.02523571]
 [ 0.10649883]
 [ 0.01531885]
 [ 0.69991583]
 [-0.01806928]
 [-0.93370962]
 [-0.03242779]
 [ 1.10076034]
 [-0.08803938]
 [ 0.03614267]
 [-0.09751321]]
[ 1.34134448]
Optimization complete. (with seed: 109) Best validation score of 88.210000 % obtained at iteration 5000, with test performance 88.390000 %
... loading data
... building the model
... training
epoch 1, minibatch 5000/5000, validation error 88.140000 %
     epoch 1, minibatch 5000/5000, test error of best model 88.530000 %
epoch 2, minibatch 5000/5000, validation error 89.000000 %
9.04549694061
[ 5.]
[[-0.21313585  0.11764672 -0.08449757  0.05440675 -0.06605107  0.1112809
   0.3256982   0.04047541  0.00674208 -0.42136389 -0.02238502 -0.12811546
  -0.21471842 -0.35469174  0.11384387  0.003998   -0.3949821   0.02650309
  -0.11725855 -0.07860515 -0.0209254   0.16862774  0.05379203 -0.07327419
  -0.1670967  -0.28303024 -0.28007749  0.27496016  0.04888811  0.09868746]
 [ 0.2117459   0.05112199 -0.02680794  0.01510472 -0.46222875  0.16146058
  -0.38785887 -0.0157314  -0.18217377 -0.33488622 -0.01871009  0.18950762
   0.25690982  0.33912882 -0.41711578 -0.29870644  0.1064233  -0.34351441
   0.44601741  0.47537068 -0.73917043  0.22098841  0.28790426  0.28343579
   0.35113299 -0.07905969  0.24374542 -0.04141415  0.05952811  0.42130908]
 [ 0.22622152  0.11998151 -0.04590413  0.19752054 -0.29974332 -0.27147546
   0.09640411 -0.26155433  0.26202634 -0.30281922 -0.23360763  0.10608578
   0.25672156 -0.35299438  0.19430493 -0.03590555 -0.38554823  0.07622406
   0.40192941 -0.41645667 -0.3574537   0.29337204  0.22453046  0.17360541
  -0.15860805 -0.03927702 -0.13636525 -0.02552928 -0.1099463   0.38191569]
 [ 0.12844884 -0.13261855 -0.26554528 -0.29882067 -0.48988682  0.30284947
   0.07355931 -0.4186846  -0.10570806 -0.20276617  0.26390135  0.38075098
  -0.24358098  0.07864562 -0.33299616  0.02226834  0.16946836 -0.30764389
  -0.13171734  0.08995535  0.31747183  0.12815295 -0.12635608  0.08342822
   0.19890028  0.17732172  0.1088438  -0.07408539 -0.21790428  0.24816807]
 [ 0.05907993 -0.11648858  0.04529652 -0.15094724 -0.26928905  0.2560699
  -0.28052327  0.03209539 -0.0950719  -0.22134833 -0.10423062 -0.22607657
   0.0918729   0.06205877  0.233514   -0.10065913 -0.04270376 -0.21820414
   0.15715231  0.26400346 -0.06379402 -0.43221867  0.28635019 -0.18744205
  -0.22222432 -0.19456476 -0.11632616 -0.31835216 -0.27190384  0.26487663]
 [-0.29859278  0.1713246   0.34054983  0.11402496 -0.13724725  0.2720089
  -0.2977486   0.25201511  0.26845795 -0.27179784 -0.23947962 -0.16138794
   0.08900111 -0.05181097  0.29572785  0.13540435  0.22545914  0.10691562
  -0.01324878 -0.16779618 -0.61178499 -0.16069607  0.31518576  0.11310685
  -0.12008944  0.27870968 -0.10745901  0.00489389  0.20878679  0.04272587]
 [ 0.29965919 -0.20048487  0.20648944 -0.17692403 -0.04384965 -0.18799549
  -0.03547218 -0.03335934 -0.08450192 -0.25330526  0.10629264  0.34558749
  -0.3155286  -0.12216924  0.25819945  0.2765986   0.22859496  0.05808245
  -0.09268203 -0.16628318 -0.43393549 -0.20195025 -0.02720906 -0.22858995
   0.21680669 -0.08139492  0.2088681   0.33260471 -0.26798594  0.31087807]
 [-0.31681141  0.32059044 -0.12952171  0.05330612  0.10329474 -0.16528276
  -0.04784907 -0.30077177  0.08578846 -0.24423499  0.21771015  0.26093104
   0.42608035  0.09943801 -0.04559324  0.18648235  0.08911164  0.24609877
   0.42249715  0.32217625  0.49349886  0.04653131  0.2760123  -0.15691799
   0.28731334 -0.27442479 -0.15016143 -0.01546437  0.20343126 -0.02302361]
 [-0.00798297  0.21407788 -0.2065971   0.09135093 -0.26956889 -0.17752165
  -0.35096499  0.11567271 -0.32148483 -0.16605362 -0.26106632 -0.21496695
  -0.26785484  0.18739665  0.14704344  0.35734636 -0.17391255 -0.21821651
   0.31462362 -0.08102218 -0.1375729   0.0807933   0.09405193 -0.26171422
  -0.1433996   0.28760067  0.08103807 -0.09043837 -0.01403274  0.31043127]
 [-0.0065083  -0.31699646 -0.18463433  0.05101227 -0.28473508 -0.31320488
   0.33478907  0.27758673 -0.00799599  0.07649263 -0.09829864 -0.46178901
   0.15169157  0.40495697  0.41707438 -0.21848278  0.42204911 -0.26803225
   0.49408951  0.25180864 -0.07734711  0.11481693 -0.54433978  0.20146461
  -0.30992326 -0.19571999  0.28608635  0.56450659 -0.13074671  0.54046762]]
[-0.15062276 -0.25949234  0.13636073  0.1266451  -0.61788595 -0.11622538
  0.2581453   0.13696276  0.10393354 -0.39178893  0.14006111 -0.04717517
  0.40758863  0.17495242  0.54890466 -0.28824759  0.01141641 -0.28478727
  0.45146728  0.11023138  0.04811105  0.01309256 -0.4672718   0.07843776
 -0.3762221   0.16842638  0.15113774  0.22605635  0.15532827  0.6108281 ]
[[-0.08467385]
 [-0.05140717]
 [ 0.02493256]
 [ 0.05028819]
 [-0.75990313]
 [-0.04412445]
 [ 0.0229732 ]
 [ 0.12415504]
 [-0.00276533]
 [-0.52095073]
 [-0.03852541]
 [-0.17854515]
 [ 0.22283417]
 [ 0.12716952]
 [ 0.51013136]
 [-0.09879293]
 [ 0.04725618]
 [-0.21107714]
 [ 0.65306133]
 [ 0.20814246]
 [ 0.4774273 ]
 [ 0.01886089]
 [-0.07536079]
 [ 0.040167  ]
 [-0.1888991 ]
 [-0.04770837]
 [ 0.04492251]
 [ 0.20244639]
 [ 0.00832821]
 [ 0.86589658]]
[ 1.30825281]
Optimization complete. (with seed: 110) Best validation score of 88.140000 % obtained at iteration 5000, with test performance 88.530000 %
... loading data
... building the model
... training
epoch 1, minibatch 5000/5000, validation error 96.350000 %
     epoch 1, minibatch 5000/5000, test error of best model 96.090000 %
epoch 2, minibatch 5000/5000, validation error 62.520000 %
     epoch 2, minibatch 5000/5000, test error of best model 61.590000 %
epoch 3, minibatch 5000/5000, validation error 50.960000 %
     epoch 3, minibatch 5000/5000, test error of best model 50.680000 %
epoch 4, minibatch 5000/5000, validation error 37.910000 %
     epoch 4, minibatch 5000/5000, test error of best model 37.520000 %
epoch 5, minibatch 5000/5000, validation error 30.830000 %
     epoch 5, minibatch 5000/5000, test error of best model 30.260000 %
epoch 6, minibatch 5000/5000, validation error 27.100000 %
     epoch 6, minibatch 5000/5000, test error of best model 26.310000 %
epoch 7, minibatch 5000/5000, validation error 22.260000 %
     epoch 7, minibatch 5000/5000, test error of best model 21.650000 %
epoch 8, minibatch 5000/5000, validation error 16.350000 %
     epoch 8, minibatch 5000/5000, test error of best model 16.140000 %
epoch 9, minibatch 5000/5000, validation error 15.000000 %
     epoch 9, minibatch 5000/5000, test error of best model 15.090000 %
epoch 10, minibatch 5000/5000, validation error 15.000000 %
epoch 11, minibatch 5000/5000, validation error 13.550000 %
     epoch 11, minibatch 5000/5000, test error of best model 13.880000 %
epoch 12, minibatch 5000/5000, validation error 12.720000 %
     epoch 12, minibatch 5000/5000, test error of best model 12.990000 %
epoch 13, minibatch 5000/5000, validation error 12.490000 %
     epoch 13, minibatch 5000/5000, test error of best model 13.030000 %
epoch 14, minibatch 5000/5000, validation error 11.490000 %
     epoch 14, minibatch 5000/5000, test error of best model 11.930000 %
epoch 15, minibatch 5000/5000, validation error 9.720000 %
     epoch 15, minibatch 5000/5000, test error of best model 10.370000 %
epoch 16, minibatch 5000/5000, validation error 8.750000 %
     epoch 16, minibatch 5000/5000, test error of best model 9.390000 %
epoch 17, minibatch 5000/5000, validation error 8.080000 %
     epoch 17, minibatch 5000/5000, test error of best model 8.640000 %
epoch 18, minibatch 5000/5000, validation error 7.270000 %
     epoch 18, minibatch 5000/5000, test error of best model 7.660000 %
epoch 19, minibatch 5000/5000, validation error 6.140000 %
     epoch 19, minibatch 5000/5000, test error of best model 6.420000 %
epoch 20, minibatch 5000/5000, validation error 5.160000 %
     epoch 20, minibatch 5000/5000, test error of best model 5.250000 %
epoch 21, minibatch 5000/5000, validation error 4.180000 %
     epoch 21, minibatch 5000/5000, test error of best model 4.340000 %
epoch 22, minibatch 5000/5000, validation error 3.510000 %
     epoch 22, minibatch 5000/5000, test error of best model 3.630000 %
epoch 23, minibatch 5000/5000, validation error 2.850000 %
     epoch 23, minibatch 5000/5000, test error of best model 3.200000 %
epoch 24, minibatch 5000/5000, validation error 2.410000 %
     epoch 24, minibatch 5000/5000, test error of best model 2.600000 %
epoch 25, minibatch 5000/5000, validation error 1.600000 %
     epoch 25, minibatch 5000/5000, test error of best model 1.710000 %
epoch 26, minibatch 5000/5000, validation error 1.440000 %
     epoch 26, minibatch 5000/5000, test error of best model 1.550000 %
epoch 27, minibatch 5000/5000, validation error 1.440000 %
epoch 28, minibatch 5000/5000, validation error 1.240000 %
     epoch 28, minibatch 5000/5000, test error of best model 1.390000 %
epoch 29, minibatch 5000/5000, validation error 1.100000 %
     epoch 29, minibatch 5000/5000, test error of best model 1.170000 %
epoch 30, minibatch 5000/5000, validation error 1.100000 %
epoch 31, minibatch 5000/5000, validation error 1.100000 %
epoch 32, minibatch 5000/5000, validation error 1.010000 %
     epoch 32, minibatch 5000/5000, test error of best model 1.120000 %
epoch 33, minibatch 5000/5000, validation error 0.920000 %
     epoch 33, minibatch 5000/5000, test error of best model 1.000000 %
epoch 34, minibatch 5000/5000, validation error 0.810000 %
     epoch 34, minibatch 5000/5000, test error of best model 0.870000 %
epoch 35, minibatch 5000/5000, validation error 0.640000 %
     epoch 35, minibatch 5000/5000, test error of best model 0.690000 %
epoch 36, minibatch 5000/5000, validation error 0.570000 %
     epoch 36, minibatch 5000/5000, test error of best model 0.700000 %
epoch 37, minibatch 5000/5000, validation error 0.570000 %
epoch 38, minibatch 5000/5000, validation error 0.360000 %
     epoch 38, minibatch 5000/5000, test error of best model 0.530000 %
epoch 39, minibatch 5000/5000, validation error 0.360000 %
epoch 40, minibatch 5000/5000, validation error 0.360000 %
epoch 41, minibatch 5000/5000, validation error 0.360000 %
epoch 42, minibatch 5000/5000, validation error 0.360000 %
epoch 43, minibatch 5000/5000, validation error 0.360000 %
epoch 44, minibatch 5000/5000, validation error 0.360000 %
epoch 45, minibatch 5000/5000, validation error 0.360000 %
epoch 46, minibatch 5000/5000, validation error 0.360000 %
epoch 47, minibatch 5000/5000, validation error 0.360000 %
epoch 48, minibatch 5000/5000, validation error 0.360000 %
epoch 49, minibatch 5000/5000, validation error 0.360000 %
epoch 50, minibatch 5000/5000, validation error 0.360000 %
epoch 51, minibatch 5000/5000, validation error 0.360000 %
epoch 52, minibatch 5000/5000, validation error 0.360000 %
epoch 53, minibatch 5000/5000, validation error 0.360000 %
epoch 54, minibatch 5000/5000, validation error 0.360000 %
epoch 55, minibatch 5000/5000, validation error 0.360000 %
epoch 56, minibatch 5000/5000, validation error 0.360000 %
epoch 57, minibatch 5000/5000, validation error 0.360000 %
epoch 58, minibatch 5000/5000, validation error 0.360000 %
epoch 59, minibatch 5000/5000, validation error 0.360000 %
epoch 60, minibatch 5000/5000, validation error 0.360000 %
epoch 61, minibatch 5000/5000, validation error 0.360000 %
epoch 62, minibatch 5000/5000, validation error 0.360000 %
epoch 63, minibatch 5000/5000, validation error 0.360000 %
epoch 64, minibatch 5000/5000, validation error 0.360000 %
epoch 65, minibatch 5000/5000, validation error 0.360000 %
epoch 66, minibatch 5000/5000, validation error 0.360000 %
epoch 67, minibatch 5000/5000, validation error 0.360000 %
epoch 68, minibatch 5000/5000, validation error 0.360000 %
epoch 69, minibatch 5000/5000, validation error 0.360000 %
epoch 70, minibatch 5000/5000, validation error 0.360000 %
epoch 71, minibatch 5000/5000, validation error 0.360000 %
epoch 72, minibatch 5000/5000, validation error 0.360000 %
epoch 73, minibatch 5000/5000, validation error 0.360000 %
epoch 74, minibatch 5000/5000, validation error 0.360000 %
epoch 75, minibatch 5000/5000, validation error 0.360000 %
-1.52469968796
[ 5.]
[[ -6.56756282e-01  -2.69823611e-01   1.61224985e+00   5.59973776e-01
    1.24291158e+00  -4.52868760e-01   5.03108263e-01  -3.60979676e-01
    3.39553475e-01  -3.97184849e-01   6.22642398e-01  -1.38520882e-01
    3.35054696e-01   1.74486265e-01   3.15924734e-01   3.96480203e-01
    1.42487928e-01  -1.83155787e+00  -1.54735923e+00  -1.45398110e-01
    2.03801465e+00  -8.55416417e-01   8.08620393e-01   8.57000411e-01
   -2.34429970e-01   1.30923462e+00  -1.64675683e-01   3.02830160e-01
    1.68791604e+00  -6.61382675e-01]
 [  8.22444797e-01   1.34047508e+00  -1.65572429e+00  -8.09436858e-01
    1.59274864e+00   1.15484297e+00  -3.13175708e-01  -4.55222204e-02
    9.78158295e-01  -1.74907353e-02  -8.01970482e-01   1.23918317e-01
    1.05656005e-01   2.59935439e-01   1.17235243e+00   9.14129987e-02
   -3.14733714e-01   3.62966800e+00   1.44846117e+00   3.88027847e-01
   -4.16925478e+00   1.18113089e+00  -7.75765240e-01  -1.05027866e+00
    3.28796923e-01  -2.49135518e+00  -4.55250144e-01  -1.12820792e+00
    9.07148480e-01   1.25936544e+00]
 [  7.16921389e-01   2.22231239e-01  -1.59711289e+00  -6.33341432e-01
   -1.25841010e+00   4.31253195e-01  -5.49170792e-01   4.16915447e-01
   -3.56886178e-01   3.91532719e-01  -6.32067561e-01   2.33723491e-01
   -4.56039906e-01   1.76766992e-01  -3.50463450e-01  -4.76258397e-01
    6.52492121e-02   1.82753754e+00   1.55902040e+00   2.75540538e-02
   -2.03399062e+00   8.38634551e-01  -8.22197199e-01  -7.28689790e-01
    1.56437069e-01  -1.29579794e+00   2.18314916e-01  -2.97825485e-01
   -1.70749509e+00   6.67762756e-01]
 [  1.56575888e-01  -1.37965620e+00  -1.62855244e+00   1.04361236e+00
   -8.51976633e-01  -1.66082978e+00   1.17163002e+00   9.53233719e-01
   -1.20149744e+00   8.07505965e-01  -2.89057016e-01  -6.65281899e-03
   -1.17161870e+00   3.71430635e-01  -4.32852149e-01   4.53646183e-01
   -1.03826320e+00   4.64559841e+00  -1.41656756e+00  -2.09447995e-01
    4.08008385e+00  -3.45972896e-01   2.73669982e+00   1.36592138e+00
    2.82251179e-01  -1.45137239e+00   6.35264993e-01   1.43347955e+00
   -9.14513111e-01  -1.25052929e+00]
 [ -6.38122141e-01  -2.79354721e-01   1.61338425e+00   5.74680984e-01
    1.24273527e+00  -4.44149941e-01   5.11692584e-01  -3.50909501e-01
    3.42794538e-01  -4.21838284e-01   6.47734284e-01  -1.18129447e-01
    3.26133013e-01   2.43577138e-01   3.12685788e-01   4.07040149e-01
    1.47227883e-01  -1.83199584e+00  -1.55106544e+00  -1.88763350e-01
    2.04030919e+00  -8.53698075e-01   8.09915781e-01   8.41508448e-01
   -2.52633691e-01   1.30606341e+00  -1.68166786e-01   3.03360134e-01
    1.68718386e+00  -6.67210340e-01]
 [  6.79332376e-01   1.39623427e+00  -1.63794541e+00  -7.69619107e-01
    1.55973446e+00   1.07283998e+00   3.05509865e-01  -2.00609580e-01
    1.24492955e+00  -3.84873778e-01  -7.33176947e-01   4.66647670e-02
    4.24371928e-01   2.87556946e-01   9.86453831e-01  -3.75185817e-01
   -2.95061350e-01   3.65958071e+00   1.37644899e+00   2.85029918e-01
   -4.19483852e+00   1.20262623e+00  -6.87335968e-01  -1.02241325e+00
    2.46323928e-01  -2.51626372e+00   7.32969940e-01  -1.15820074e+00
    9.51172113e-01   1.34013200e+00]
 [  6.61730528e-01   2.60108173e-01  -1.60687327e+00  -5.62272072e-01
   -1.25365996e+00   4.39407140e-01  -5.22867084e-01   4.38390672e-01
   -3.45927089e-01   3.64320129e-01  -6.50503278e-01   1.89103901e-01
   -3.66417170e-01  -1.03370450e-01  -3.30189615e-01  -4.49983746e-01
   -6.97381869e-02   1.83070433e+00   1.53986859e+00   3.37781198e-02
   -2.04363990e+00   8.50582838e-01  -8.21196496e-01  -7.80869246e-01
    1.87192202e-01  -1.30477929e+00   1.90593719e-01  -3.23180646e-01
   -1.69772947e+00   6.60964429e-01]
 [ -7.11263776e-01  -1.24899673e+00   1.64820778e+00   8.89887989e-01
   -1.57975996e+00  -1.19472551e+00   2.06482902e-01   4.70112860e-01
   -1.26734269e+00   4.11954373e-01   6.51758671e-01  -1.17276661e-01
    1.32584602e-01   3.93520623e-01  -1.12689459e+00   6.24651508e-03
    1.63444787e-01  -3.66461062e+00  -1.42055523e+00  -3.94746453e-01
    4.19560480e+00  -1.20522273e+00   6.45219803e-01   1.08147430e+00
   -3.38220537e-01   2.53541017e+00  -1.90254766e-02   1.27824867e+00
   -9.58026946e-01  -1.27104247e+00]
 [ -6.20862484e-01  -2.72958398e-01   1.61340940e+00   6.08079970e-01
    1.24368215e+00  -4.34247613e-01   5.26156485e-01  -2.96522379e-01
    3.44458818e-01  -4.86792058e-01   6.68593168e-01  -7.70726800e-02
    3.10110211e-01   2.45628551e-01   3.18234086e-01   4.20512080e-01
    1.43463701e-01  -1.83159590e+00  -1.55899298e+00  -3.02364826e-01
    2.04172039e+00  -8.43221426e-01   8.06535482e-01   8.13235223e-01
   -2.89681852e-01   1.30585814e+00  -1.64633647e-01   3.20069611e-01
    1.68723726e+00  -6.82585359e-01]
 [  1.16333738e-01  -4.71793860e-03  -2.63310084e-03   1.06518073e-02
    1.92110555e-03   7.13022565e-03  -2.11334582e-02  -7.49931410e-02
   -4.13062051e-03   1.23724602e-01   1.10197298e-01   5.90467751e-01
    5.99358194e-02   4.69391011e-02   5.64145111e-03  -6.59094080e-02
    1.39379591e-01  -2.56229355e-03  -7.51333684e-03   2.93740809e-01
    5.57166245e-03  -4.53278422e-03  -2.72801891e-03  -1.99886728e-02
    4.33121353e-01   2.24195654e-03   2.83506047e-02  -3.61999101e-03
   -3.87338153e-03  -1.91084901e-03]]
[-0.28302506 -0.7032243  -3.49186087  0.58521014 -1.44094884  2.12949824
  0.58926958  0.14805296 -0.737831    0.43235362  0.17974134 -0.3773123
 -0.80733442  0.87181801 -0.77707183  0.84783161 -0.66468853  0.10290819
 -3.13156223 -0.36789146  1.39449537 -0.1828544  -2.78389597  3.15766025
  1.09329319 -0.35774645  0.23766695  0.65473413 -1.26400256  0.29963595]
[[-1.34996116]
 [-1.81773043]
 [ 3.65452051]
 [ 1.87877619]
 [-3.4385972 ]
 [ 2.27212119]
 [-1.75977385]
 [ 1.44615543]
 [ 1.93099058]
 [ 1.15370405]
 [ 1.27448642]
 [ 1.11401558]
 [-1.37979078]
 [ 0.92184389]
 [ 1.70359039]
 [-1.21188807]
 [-1.36378527]
 [ 5.75785875]
 [-3.50403786]
 [ 1.00795341]
 [-6.82099009]
 [-2.76014328]
 [-2.76274371]
 [-3.50678349]
 [ 1.49720287]
 [ 3.91104388]
 [ 1.12197578]
 [ 1.53894162]
 [ 2.55197287]
 [-2.43529844]]
[ 1.52296436]
Optimization complete. (with seed: 111) Best validation score of 0.360000 % obtained at iteration 190000, with test performance 0.530000 %
... loading data
... building the model
... training
epoch 1, minibatch 5000/5000, validation error 90.430000 %
     epoch 1, minibatch 5000/5000, test error of best model 90.450000 %
epoch 2, minibatch 5000/5000, validation error 50.810000 %
     epoch 2, minibatch 5000/5000, test error of best model 50.390000 %
epoch 3, minibatch 5000/5000, validation error 67.280000 %
9.807513237
[ 5.]
[[ -3.96518320e-01   1.24648258e-01  -2.94670820e-01  -1.37914494e-01
    2.35760547e-02   3.01324934e-01  -5.80561042e-01   5.00958897e-02
    4.29088384e-01  -1.49073169e-01  -4.37059879e-01   3.64062816e-01
   -2.69155234e-01  -2.52620965e-01  -1.12306930e-01  -2.96260625e-01
    1.37413576e-01   2.77721852e-01  -1.96750402e-01   4.27788824e-01
   -5.05307838e-02   1.78974658e-01  -2.12665290e-01   7.24212676e-02
   -4.03685063e-01  -4.76920128e-01  -4.99481887e-01  -2.18400621e+00
    5.02330959e-01   2.04074219e-01]
 [  6.77756011e-01  -5.39203167e-01   1.27223253e+00  -2.61340849e-02
    1.31962284e-01  -2.29967162e-01   1.27105987e+00   1.88447133e-01
   -3.49239409e-01   1.70216858e-01  -2.54647404e-01   3.61925393e-01
    1.78368121e-01   1.34391829e-01   1.57537103e-01   2.25706860e-01
   -4.33255285e-01  -4.29199219e-01   8.00148427e-01  -1.37577844e+00
   -4.88701671e-01  -3.86748016e-01  -2.40212366e-01   3.23773295e-01
   -7.95912817e-02   2.44270489e-01   9.51322496e-01   4.33902645e+00
   -6.13443434e-01  -3.95947546e-01]
 [  2.84402907e-01  -1.40975052e-02   2.56814003e-01  -2.83933669e-01
   -2.44521815e-02  -6.52754009e-02   5.70607245e-01  -2.00078860e-01
   -1.82185695e-01  -3.30407172e-01  -1.91811621e-02   6.40035188e-03
   -2.18222469e-01   3.86364579e-01   5.20174988e-02   8.70633870e-03
   -4.31616575e-01  -4.22502995e-01   1.56515971e-01  -6.09659553e-01
   -4.13700223e-01  -3.10839295e-01  -1.56684354e-01  -2.58601129e-01
   -5.22748172e-01   6.36469662e-01   4.68671292e-01   2.20133162e+00
   -5.32693505e-01  -2.15339839e-01]
 [ -8.88612926e-01   4.36970145e-01  -1.17060602e+00  -1.06166162e-01
   -3.65839422e-01   3.11414868e-01  -2.64051128e-02  -4.33553696e-01
    1.04145430e-01  -4.78793353e-01  -3.37866656e-02  -3.36568028e-01
   -4.70687449e-01  -2.67584920e-01  -2.86526412e-01  -2.07704172e-01
    3.67368907e-01   2.51307320e-02  -8.53619218e-01   1.20266795e+00
    5.36544442e-01   3.19609493e-01   3.20934743e-01   1.52373254e-01
    5.03102578e-02  -1.23953068e+00  -8.51974666e-01  -4.21907282e+00
    1.06740510e+00  -7.66082555e-02]
 [ -5.21322131e-01  -1.93668038e-01  -4.23546016e-01   4.32650715e-01
   -2.88906276e-01   1.58924371e-01  -6.37096643e-01  -3.23806167e-01
   -3.99061255e-02  -8.01580921e-02   1.14203863e-01  -2.11124405e-01
   -3.43408763e-01  -1.65536255e-01   2.80952215e-01  -1.66839793e-01
    2.07700998e-01  -5.56540154e-02  -2.04377890e-01   4.44420159e-01
    7.63392076e-03   3.52091670e-01  -2.09440067e-01  -1.54112816e-01
   -4.23732460e-01  -4.87540781e-01  -3.08451533e-01  -2.19107890e+00
    4.99505639e-01   2.31094316e-01]
 [  4.93787706e-01   9.58645940e-02   1.07249784e+00  -3.85608941e-01
    4.58152473e-01  -2.87104875e-01   1.23820066e+00   5.75845838e-02
   -2.48737872e-01  -3.04621071e-01   8.32141191e-02   1.66724220e-01
    9.42164287e-02   3.69344741e-01  -2.44020112e-02   2.19451457e-01
   -5.97354889e-01  -2.91651011e-01   7.06275403e-01  -7.59990454e-01
   -2.75938421e-01  -4.37016308e-01  -1.93531334e-01  -3.07628274e-01
   -8.21120571e-03   1.32973611e+00   6.08548105e-01   4.41272306e+00
   -7.12374330e-01  -1.27196640e-01]
 [  1.50423065e-01  -4.73270938e-02   3.71924043e-01   1.29151449e-01
   -1.30111184e-02   2.25949019e-01   5.86742461e-01   3.27795744e-01
   -2.96654761e-01   1.41838983e-01   3.10201228e-01   2.47966662e-01
   -9.42808241e-02   1.23829156e-01   2.59290189e-01   3.82805854e-01
   -1.59825370e-01   1.62911594e-01   5.54862320e-01  -6.13595665e-01
   -2.20491067e-02  -2.94364661e-01  -3.64493988e-02  -8.49007517e-02
   -3.48644286e-01   6.60702527e-01   3.20148349e-01   2.24383497e+00
   -4.40015435e-01   6.12373278e-02]
 [ -7.27198720e-01   2.30658635e-01  -7.55163372e-01   2.17890203e-01
   -2.71392018e-01   6.24530856e-03  -1.11149621e+00  -2.88884342e-01
    4.08338308e-01  -1.14004329e-01  -4.38430429e-01  -3.14135283e-01
   -2.56433934e-01  -5.42817116e-01  -8.89297202e-02  -1.57648176e-01
    8.09472442e-01   1.24860201e-02  -7.03612208e-01   9.43751037e-01
   -1.50849208e-01   3.33409101e-01   1.69979453e-01  -1.92870677e-01
   -3.96796525e-01  -1.05917776e+00  -7.76625395e-01  -4.37328005e+00
    7.40477383e-01  -6.09893352e-02]
 [ -4.02257204e-01  -1.69593856e-01  -4.40905482e-01   3.49373728e-01
    2.36885133e-03   2.15925664e-01  -6.33124053e-01   9.30588096e-02
    5.39589465e-01  -3.84691656e-01   3.77883427e-02  -2.37287171e-02
   -2.97396749e-01  -2.23737776e-01  -3.64443362e-01   2.91228294e-01
    3.11984986e-01   2.21792310e-01  -1.58155039e-01   4.26922292e-01
    1.27459109e-01   1.74223119e-03   3.09898645e-01   1.28799811e-01
   -3.55584294e-01  -5.26669979e-01  -4.43151504e-01  -2.19880533e+00
    4.62988138e-01   1.88869536e-01]
 [  2.25669101e-01  -8.61488357e-02  -1.62324519e-03  -2.84891367e-01
    3.78362507e-01   3.70382726e-01   1.37836002e-02   4.25185442e-01
   -6.02393270e-01  -4.00102437e-01   2.70343035e-01  -8.69418010e-02
    6.26282394e-02  -2.14892030e-01  -1.92756891e-01  -3.96978438e-01
    1.52279943e-01  -1.08019216e-02  -2.15288088e-01  -9.33204815e-02
   -7.60461763e-02  -4.44943368e-01   3.56161684e-01   2.56320149e-01
   -4.01309103e-01   9.03772190e-02  -1.76346466e-01   3.94110382e-03
    7.54131526e-02   1.17955647e-01]]
[-0.03168882  0.08951943 -0.09782649  0.05273633  0.3284772   0.47262281
 -0.78941959  0.20625307 -0.37615758 -0.84514713  0.05086236  0.12445892
 -0.61058909 -0.30354691  0.20342727 -0.43699598  0.64742237  0.14342721
 -0.78592795 -0.08667102  0.05423966 -0.47131145  0.05608858 -0.06402539
 -0.80883825  0.16533966 -0.33380902 -1.09711158  0.12844193  0.0513969 ]
[[-0.7475301 ]
 [-0.36777255]
 [-1.63939166]
 [-0.45865193]
 [ 0.61350691]
 [ 0.12684207]
 [-2.00177431]
 [ 0.51946056]
 [-0.76219541]
 [-0.42680234]
 [ 0.3015075 ]
 [ 0.43802634]
 [-0.32561916]
 [-0.05268041]
 [ 0.26636967]
 [ 0.09963409]
 [ 0.67519975]
 [-0.37827176]
 [-1.00457692]
 [ 1.8599093 ]
 [-0.57780135]
 [-0.90071243]
 [-0.24227872]
 [-0.0594235 ]
 [-0.69615042]
 [-1.85788012]
 [-1.2680248 ]
 [ 7.42368507]
 [ 1.29569137]
 [-0.24293125]]
[ 1.29180169]
Optimization complete. (with seed: 112) Best validation score of 50.810000 % obtained at iteration 10000, with test performance 50.390000 %
... loading data
... building the model
... training
epoch 1, minibatch 5000/5000, validation error 89.360000 %
     epoch 1, minibatch 5000/5000, test error of best model 89.630000 %
epoch 2, minibatch 5000/5000, validation error 52.510000 %
     epoch 2, minibatch 5000/5000, test error of best model 52.790000 %
epoch 3, minibatch 5000/5000, validation error 35.060000 %
     epoch 3, minibatch 5000/5000, test error of best model 35.270000 %
epoch 4, minibatch 5000/5000, validation error 23.590000 %
     epoch 4, minibatch 5000/5000, test error of best model 23.420000 %
epoch 5, minibatch 5000/5000, validation error 19.880000 %
     epoch 5, minibatch 5000/5000, test error of best model 19.410000 %
epoch 6, minibatch 5000/5000, validation error 16.520000 %
     epoch 6, minibatch 5000/5000, test error of best model 16.450000 %
epoch 7, minibatch 5000/5000, validation error 14.050000 %
     epoch 7, minibatch 5000/5000, test error of best model 13.990000 %
epoch 8, minibatch 5000/5000, validation error 11.350000 %
     epoch 8, minibatch 5000/5000, test error of best model 11.130000 %
epoch 9, minibatch 5000/5000, validation error 11.400000 %
epoch 10, minibatch 5000/5000, validation error 11.300000 %
     epoch 10, minibatch 5000/5000, test error of best model 11.380000 %
epoch 11, minibatch 5000/5000, validation error 11.370000 %
epoch 12, minibatch 5000/5000, validation error 12.130000 %
epoch 13, minibatch 5000/5000, validation error 11.740000 %
epoch 14, minibatch 5000/5000, validation error 9.940000 %
     epoch 14, minibatch 5000/5000, test error of best model 10.500000 %
epoch 15, minibatch 5000/5000, validation error 9.080000 %
     epoch 15, minibatch 5000/5000, test error of best model 9.280000 %
epoch 16, minibatch 5000/5000, validation error 8.300000 %
     epoch 16, minibatch 5000/5000, test error of best model 8.530000 %
epoch 17, minibatch 5000/5000, validation error 8.020000 %
     epoch 17, minibatch 5000/5000, test error of best model 8.210000 %
epoch 18, minibatch 5000/5000, validation error 7.580000 %
     epoch 18, minibatch 5000/5000, test error of best model 7.920000 %
epoch 19, minibatch 5000/5000, validation error 6.010000 %
     epoch 19, minibatch 5000/5000, test error of best model 6.440000 %
epoch 20, minibatch 5000/5000, validation error 5.210000 %
     epoch 20, minibatch 5000/5000, test error of best model 5.400000 %
epoch 21, minibatch 5000/5000, validation error 3.470000 %
     epoch 21, minibatch 5000/5000, test error of best model 3.660000 %
epoch 22, minibatch 5000/5000, validation error 3.060000 %
     epoch 22, minibatch 5000/5000, test error of best model 3.290000 %
epoch 23, minibatch 5000/5000, validation error 2.890000 %
     epoch 23, minibatch 5000/5000, test error of best model 3.080000 %
epoch 24, minibatch 5000/5000, validation error 2.430000 %
     epoch 24, minibatch 5000/5000, test error of best model 2.540000 %
epoch 25, minibatch 5000/5000, validation error 1.830000 %
     epoch 25, minibatch 5000/5000, test error of best model 1.960000 %
epoch 26, minibatch 5000/5000, validation error 1.420000 %
     epoch 26, minibatch 5000/5000, test error of best model 1.520000 %
epoch 27, minibatch 5000/5000, validation error 1.330000 %
     epoch 27, minibatch 5000/5000, test error of best model 1.430000 %
epoch 28, minibatch 5000/5000, validation error 1.200000 %
     epoch 28, minibatch 5000/5000, test error of best model 1.340000 %
epoch 29, minibatch 5000/5000, validation error 0.980000 %
     epoch 29, minibatch 5000/5000, test error of best model 1.130000 %
epoch 30, minibatch 5000/5000, validation error 0.890000 %
     epoch 30, minibatch 5000/5000, test error of best model 1.010000 %
epoch 31, minibatch 5000/5000, validation error 0.720000 %
     epoch 31, minibatch 5000/5000, test error of best model 0.830000 %
epoch 32, minibatch 5000/5000, validation error 0.610000 %
     epoch 32, minibatch 5000/5000, test error of best model 0.710000 %
epoch 33, minibatch 5000/5000, validation error 0.610000 %
epoch 34, minibatch 5000/5000, validation error 0.610000 %
epoch 35, minibatch 5000/5000, validation error 0.490000 %
     epoch 35, minibatch 5000/5000, test error of best model 0.510000 %
epoch 36, minibatch 5000/5000, validation error 0.490000 %
epoch 37, minibatch 5000/5000, validation error 0.320000 %
     epoch 37, minibatch 5000/5000, test error of best model 0.410000 %
epoch 38, minibatch 5000/5000, validation error 0.320000 %
epoch 39, minibatch 5000/5000, validation error 0.320000 %
epoch 40, minibatch 5000/5000, validation error 0.220000 %
     epoch 40, minibatch 5000/5000, test error of best model 0.310000 %
epoch 41, minibatch 5000/5000, validation error 0.220000 %
epoch 42, minibatch 5000/5000, validation error 0.220000 %
epoch 43, minibatch 5000/5000, validation error 0.220000 %
epoch 44, minibatch 5000/5000, validation error 0.220000 %
epoch 45, minibatch 5000/5000, validation error 0.220000 %
epoch 46, minibatch 5000/5000, validation error 0.220000 %
epoch 47, minibatch 5000/5000, validation error 0.220000 %
epoch 48, minibatch 5000/5000, validation error 0.220000 %
epoch 49, minibatch 5000/5000, validation error 0.220000 %
epoch 50, minibatch 5000/5000, validation error 0.220000 %
epoch 51, minibatch 5000/5000, validation error 0.220000 %
epoch 52, minibatch 5000/5000, validation error 0.220000 %
epoch 53, minibatch 5000/5000, validation error 0.220000 %
epoch 54, minibatch 5000/5000, validation error 0.220000 %
epoch 55, minibatch 5000/5000, validation error 0.220000 %
epoch 56, minibatch 5000/5000, validation error 0.220000 %
epoch 57, minibatch 5000/5000, validation error 0.220000 %
epoch 58, minibatch 5000/5000, validation error 0.220000 %
epoch 59, minibatch 5000/5000, validation error 0.220000 %
epoch 60, minibatch 5000/5000, validation error 0.220000 %
epoch 61, minibatch 5000/5000, validation error 0.220000 %
epoch 62, minibatch 5000/5000, validation error 0.220000 %
epoch 63, minibatch 5000/5000, validation error 0.220000 %
epoch 64, minibatch 5000/5000, validation error 0.220000 %
epoch 65, minibatch 5000/5000, validation error 0.220000 %
epoch 66, minibatch 5000/5000, validation error 0.220000 %
epoch 67, minibatch 5000/5000, validation error 0.220000 %
epoch 68, minibatch 5000/5000, validation error 0.220000 %
epoch 69, minibatch 5000/5000, validation error 0.220000 %
epoch 70, minibatch 5000/5000, validation error 0.220000 %
epoch 71, minibatch 5000/5000, validation error 0.220000 %
epoch 72, minibatch 5000/5000, validation error 0.220000 %
epoch 73, minibatch 5000/5000, validation error 0.220000 %
epoch 74, minibatch 5000/5000, validation error 0.220000 %
epoch 75, minibatch 5000/5000, validation error 0.220000 %
epoch 76, minibatch 5000/5000, validation error 0.220000 %
epoch 77, minibatch 5000/5000, validation error 0.220000 %
epoch 78, minibatch 5000/5000, validation error 0.220000 %
epoch 79, minibatch 5000/5000, validation error 0.220000 %
7.23947572708
[ 5.]
[[  4.35826480e-01  -6.50619686e-01   2.88508862e-01  -6.31982610e-02
   -8.07939291e-01  -5.89171529e-01   2.32671213e+00   1.69189048e+00
    1.06491484e-01   1.15780354e+00   1.33656931e+00   2.81831231e-02
    3.93084735e-01   3.42652828e-01   2.28516772e-01   1.96970558e+00
   -1.16243266e-01   3.08727860e-01   7.81548023e-01  -3.68098766e-02
   -3.14453006e-01  -1.48880526e-01   5.57695448e-01   7.28386164e-01
   -6.03433549e-01  -1.57131505e+00  -6.16839342e-02  -1.09512582e-01
   -5.41006982e-01   2.34547839e-01]
 [ -5.02961397e-01   1.26830053e+00  -4.76670951e-01   1.10230632e-01
    9.89043474e-01   9.93901253e-01  -4.65042782e+00  -7.28906810e-01
   -9.20575500e-01  -1.55619597e+00  -2.66903734e+00   4.06947106e-01
   -1.02231908e+00  -9.37458158e-01  -6.51346505e-01  -3.84118080e+00
   -5.73594756e-02   3.17694277e-01  -6.08380437e-01   3.33645523e-01
    6.76502287e-01  -2.26204824e-02  -9.51133192e-01  -1.36330271e+00
    2.68416256e-01  -1.54646075e+00  -9.76544321e-01  -1.02381945e-01
    1.46517980e+00   6.43076420e-01]
 [ -2.78262615e-01   6.58756614e-01  -1.81988090e-01   1.34568483e-01
    7.86934316e-01   5.57236135e-01  -2.31494808e+00  -1.68606067e+00
   -1.16120882e-01  -1.16178668e+00  -1.32620573e+00  -1.03152096e-01
   -4.06860590e-01  -3.94839048e-01  -2.42677867e-01  -1.97843552e+00
    6.76220730e-02  -2.74998754e-01  -7.97162414e-01   9.48357806e-02
    4.31887448e-01  -1.52138799e-01  -5.15242994e-01  -7.41100848e-01
    6.35031760e-01   1.55988765e+00  -2.77238832e-05   1.03488840e-01
    5.03691733e-01  -2.97691375e-01]
 [ -4.28190827e-02  -9.43267703e-01   6.77497149e-01   4.28652108e-01
   -5.47105253e-01  -1.14808059e+00   4.63827848e+00   1.64045835e+00
    5.95853865e-01   1.00637734e+00   2.60184836e+00   7.24443555e-01
    5.39818883e-01   6.04671896e-01   8.45563889e-01   3.86260414e+00
    2.94881374e-01  -2.71108538e-01   6.76195562e-01  -1.06361419e-01
   -5.88616133e-01  -5.04534006e-01   2.36760706e-01   1.63337219e+00
   -5.98711781e-02  -1.56563377e+00  -1.35580942e-01   3.55105877e-01
   -1.08521688e+00  -1.25724465e-01]
 [  4.32047397e-01  -6.58008516e-01   1.85052097e-01  -1.94458142e-02
   -7.96885967e-01  -5.87776005e-01   2.32696915e+00   1.69178820e+00
    1.07837617e-01   1.15644348e+00   1.33797455e+00   1.46688009e-03
    3.81376326e-01   3.58618945e-01   2.76915878e-01   1.97441483e+00
   -2.67434772e-02   3.23722810e-01   7.98503995e-01  -4.14026305e-02
   -3.49392772e-01  -4.10199389e-02   5.52818835e-01   7.31919646e-01
   -5.94647944e-01  -1.57367504e+00  -6.57566786e-02  -5.13138473e-02
   -5.45617044e-01   2.56902426e-01]
 [ -6.99591637e-01   1.27100170e+00  -2.61399806e-01   2.13411108e-01
    9.21724081e-01   1.32024276e+00  -4.64089346e+00  -1.24757445e+00
   -8.06192338e-01   6.27496660e-01  -2.62504601e+00   7.01535270e-02
   -9.82376933e-01  -8.54943216e-01  -6.49349749e-01  -3.85274029e+00
   -2.06775833e-02   1.64639596e-02  -6.25561416e-01   3.42857391e-01
    7.14352429e-01  -8.59509185e-02  -1.20274580e+00  -1.44788110e+00
    2.95227736e-01   1.41528356e+00   2.54374593e-01  -8.48740190e-02
    7.88087904e-01   3.64853561e-01]
 [ -3.10531110e-01   6.62442684e-01  -1.67117089e-01   1.33344367e-01
    7.85506487e-01   5.66964805e-01  -2.31860685e+00  -1.68376637e+00
   -1.38341486e-01  -1.15788603e+00  -1.33042502e+00  -6.52797148e-02
   -3.98608118e-01  -4.09208357e-01  -3.12938064e-01  -1.97971117e+00
    6.24700040e-02  -2.68795878e-01  -7.88376272e-01   2.09544823e-01
    3.63137424e-01  -2.85821296e-02  -5.22141159e-01  -7.47405171e-01
    6.13275588e-01   1.56165743e+00   2.42941044e-02   8.71195868e-02
    5.13806939e-01  -2.69919634e-01]
 [  7.84876347e-01  -9.37301159e-01   2.09292829e-01   5.36202192e-01
   -5.55094242e-01  -1.12092924e+00   4.63095570e+00   1.62607574e+00
    5.36275506e-01   1.02173746e+00   2.61697245e+00  -3.95278871e-01
    7.78921723e-01   5.66635728e-01   8.03715110e-01   3.85989666e+00
   -1.40993714e-01  -7.47952461e-01   5.35789192e-01  -3.11446518e-01
   -3.34089130e-01   7.97332004e-02   1.99185893e-01   1.65231419e+00
   -1.90692283e-02  -1.56114876e+00  -4.09407318e-01  -9.61808190e-02
   -1.00029361e+00   3.57104599e-01]
 [  3.64894599e-01  -6.47427142e-01   3.03972632e-01  -5.18378988e-02
   -7.84236908e-01  -5.89149594e-01   2.32573628e+00   1.68965340e+00
    1.36821240e-01   1.16102958e+00   1.33331120e+00   2.08823439e-02
    3.29663277e-01   5.12263417e-01   2.67742306e-01   1.97459233e+00
   -6.43228740e-02   3.05857033e-01   8.03270221e-01  -1.19585238e-01
   -2.31067002e-01  -5.26470579e-02   5.50230801e-01   7.34078944e-01
   -5.99761486e-01  -1.57291293e+00  -5.97980879e-02  -7.78714865e-02
   -5.32287240e-01   2.46652916e-01]
 [ -3.16531695e-02   7.81474914e-03  -1.77328754e-02  -2.12917360e-03
   -4.23807045e-03   6.60627428e-03   1.41528656e-03   7.26707606e-03
   -9.36948787e-03   4.85267350e-03   1.12141855e-03   4.27258527e-03
   -2.31248932e-03   5.57923969e-03  -1.00709304e-01  -2.33561033e-03
    6.69670522e-01  -4.06097509e-02   1.94549952e-02  -1.15532495e-01
   -3.03434115e-02  -2.24344522e-01  -3.72065627e-03  -5.44925686e-04
   -7.04473536e-03  -5.56057435e-04  -4.59971204e-02  -7.07440615e-01
   -8.68802832e-04  -9.14460123e-02]]
[ 0.13202004  2.94830871 -0.03071674 -0.40831256 -1.12961829 -0.05033048
  1.04996264  2.74589229 -0.85452896  2.54475093 -4.41113186  0.86285514
  0.41611999  0.4235982  -0.77795649 -8.55688095  0.43078348 -0.55936277
 -0.54134077 -0.26419908 -0.32972229  0.03774146  2.71598625 -2.06274152
  0.77113885 -2.22311997 -0.07916568 -0.6728158  -0.18474387  0.50694734]
[[-0.04340538]
 [-3.24977016]
 [ 0.08306313]
 [ 0.76538819]
 [-1.60002387]
 [-2.41603804]
 [-7.26537704]
 [ 3.66739273]
 [ 1.75605452]
 [-2.77908278]
 [ 3.02805734]
 [ 1.56445587]
 [ 1.65697992]
 [ 1.37540281]
 [ 0.13990475]
 [-7.36460352]
 [ 1.14350212]
 [-1.41265917]
 [-0.63729006]
 [ 0.10354868]
 [-0.78752047]
 [-0.50625664]
 [-2.36806464]
 [-2.04136229]
 [-1.40686202]
 [ 3.53592849]
 [-1.22423565]
 [-1.5165869 ]
 [-2.20149159]
 [ 1.56666803]]
[ 2.51672697]
Optimization complete. (with seed: 113) Best validation score of 0.220000 % obtained at iteration 200000, with test performance 0.310000 %
... loading data
... building the model
... training
epoch 1, minibatch 5000/5000, validation error 87.170000 %
     epoch 1, minibatch 5000/5000, test error of best model 87.490000 %
epoch 2, minibatch 5000/5000, validation error 87.850000 %
2.17081546783
[ 5.]
[[ -3.60232323e-01   2.35178083e-01   2.63741314e-01   1.28910214e-01
    1.47481948e-01  -1.98280752e-01  -3.71638030e-01   7.17620701e-02
    6.49513975e-02  -1.31831452e-01  -3.87243852e-02  -1.17059387e-01
    1.13946699e-01  -2.75012136e-01  -3.24290901e-01   7.40096718e-02
   -9.68462974e-02  -1.12991683e-01   2.31141955e-01  -1.42885476e-01
   -3.16553056e-01   1.36488691e-01   3.52842838e-01   8.88576284e-02
    2.24556938e-01   1.27164973e-02  -3.35338674e-02  -4.01786715e-01
   -1.50223792e-01   2.57795393e-01]
 [  1.41813353e-01  -2.75852889e-01   6.43205317e-03   2.72486340e-02
   -7.15083554e-02   9.88837779e-02   2.36819118e-01   3.72153282e-01
    3.10704976e-01   3.02036464e-01  -1.59477502e-01  -5.03546298e-01
   -2.08119541e-01  -1.76410526e-01  -1.50701180e-01   3.26599509e-01
   -3.21387410e-01   2.40883142e-01   1.17379278e-01  -1.47280499e-01
   -1.36078626e-03   3.41529883e-02  -3.28936875e-02   9.51057225e-02
   -2.91216392e-02  -9.11645293e-02   1.66387677e-01  -3.91149372e-02
   -9.33940783e-02   1.18617313e-02]
 [ -1.28826737e-01  -1.02409115e-02   2.88797826e-01  -1.62848741e-01
    1.07656261e-02  -3.22887450e-01  -3.32101345e-01  -7.45983720e-02
   -3.29752523e-03   4.02759127e-02   6.63297698e-02  -4.28097904e-01
   -4.17308472e-02  -9.33760628e-02  -5.77280112e-02  -7.58543909e-02
    1.64178029e-01   2.27999851e-01   9.84131359e-03  -2.85908669e-01
   -7.82400311e-04  -1.27351299e-01   1.64584205e-01  -2.97668159e-01
   -1.42840251e-01   1.43997252e-01  -1.11459680e-01  -7.92514533e-02
    9.56186950e-02  -2.56136596e-01]
 [ -1.90815583e-01  -1.88173234e-01  -1.42899245e-01  -2.22104445e-01
   -2.27778211e-01   3.34619462e-01   1.52745426e-01   3.10665399e-01
    5.12730796e-03   2.27365702e-01  -2.61872951e-02   1.26557415e-02
    4.73486818e-02   2.49505252e-01   9.54943821e-02   2.19595969e-01
    8.70532170e-02   6.64076135e-02   4.86862659e-01  -4.95780446e-02
   -2.38106912e-03  -1.09474398e-01   3.09427172e-01   2.04993784e-01
    2.30025470e-01  -1.17480524e-01   3.79770607e-01  -4.41134155e-01
   -1.74431637e-01   2.24276304e-01]
 [  3.02122325e-01  -2.90727913e-01   1.44659370e-01   1.29194692e-01
    1.95182506e-02  -3.43045354e-01  -1.06168546e-01   2.95269877e-01
    1.32931620e-01  -9.29163247e-02  -2.24721581e-01  -1.07770659e-01
   -2.51260787e-01   8.32046196e-02   2.67307222e-01   2.42759466e-01
    1.60240576e-01  -4.47745575e-03  -1.01100601e-01  -1.21312842e-01
    2.01209337e-02  -2.90116156e-03  -1.47260539e-02   1.94598094e-01
   -2.49403447e-01  -2.90082276e-01  -2.46208802e-01  -2.16976598e-01
   -1.74009010e-01  -1.49568602e-01]
 [ -1.79651886e-01  -1.15487538e-01   1.47089392e-01   2.17189655e-01
    3.50760967e-02  -9.94986668e-03  -4.19365078e-01   4.27788615e-01
   -1.46633789e-01  -4.49727960e-02   6.67870184e-03   4.56861146e-02
    1.70302033e-01  -1.67781189e-01  -1.80122882e-01   1.08541436e-02
    2.51484156e-01   8.69412348e-02   1.49956226e-01  -1.12970427e-01
    1.93100557e-01  -2.28954735e-03  -1.17481507e-01   1.02611728e-01
    1.79913919e-02   2.49625400e-01   2.51679927e-01   5.72660826e-02
    4.14309427e-02  -1.65074877e-02]
 [  2.12165684e-01   1.69060290e-01  -1.84900776e-01   3.96857977e-01
   -3.57518613e-01  -3.26187491e-01  -1.19043134e-01   4.05489743e-01
   -2.90188521e-01  -6.41462132e-02   2.40178630e-01   1.20907970e-01
    2.22077891e-01   1.70735717e-01  -5.05685620e-02   8.82769525e-02
    4.77390476e-02   7.65392706e-02   2.46754177e-02  -1.55577660e-01
   -2.79379427e-01   4.11395073e-01  -3.26348573e-01  -2.44768500e-01
   -2.48170629e-01   2.85315782e-01  -1.65805057e-01  -2.49675930e-01
    3.72968093e-02   1.71321169e-01]
 [  3.21897030e-01  -2.16850534e-01  -2.31398925e-01   4.63882349e-02
   -1.76453978e-01  -1.35424390e-01  -2.64280647e-01   2.01796398e-01
    9.30966809e-02   5.78068830e-02  -2.01383919e-01  -3.90104860e-01
   -5.48728779e-02   7.59475082e-02  -2.67378967e-02   9.46980417e-02
   -3.92964259e-02   8.16066265e-02  -3.95158887e-01   2.89806247e-01
    1.14113227e-01   3.62545490e-01   2.83453077e-01  -1.35745510e-01
    3.08373958e-01  -7.97103420e-02  -3.39364856e-01   2.77406037e-01
    2.13531151e-01  -1.27267092e-01]
 [ -1.58467084e-01  -3.36360522e-02   3.17979902e-01   6.87044412e-02
   -2.65813589e-01  -4.13811535e-01  -2.53138423e-01   4.02422279e-01
   -3.65408584e-02  -1.46908596e-01  -1.00947544e-01  -1.77090481e-01
    1.15560807e-01  -1.27553508e-01   1.00801930e-01  -2.52504289e-01
   -1.16140351e-01   6.63358793e-02   2.49839932e-01   1.98155969e-01
   -3.04161996e-01   1.60793617e-01  -6.54303506e-02  -3.01574469e-01
    1.53793350e-01   1.85964063e-01  -1.75084192e-02  -3.07646915e-02
    2.36999810e-01  -1.06109880e-01]
 [  2.68289417e-01   6.54300153e-01   8.43931958e-02  -4.06503528e-01
    3.64955276e-01  -3.49204689e-01   1.50497137e-02   2.87921280e-01
    3.58087242e-01  -1.73212335e-01   1.31662607e-01  -4.52772349e-01
   -2.67399579e-01   2.40658849e-01   2.07558006e-01   2.50514716e-01
   -7.54539296e-02  -4.43371296e-01   6.34283852e-03   2.03386359e-02
   -2.95644134e-01  -4.77837026e-01  -5.35063483e-02   2.47582152e-01
    2.09270805e-01   8.28922689e-02   3.13191354e-01   8.11143935e-01
    2.23119906e-03   1.58227921e-01]]
[ 0.10772976  0.35147288 -0.33676565 -0.15152705  0.26796237 -0.61954701
 -0.54207063  0.73916608  0.18104501 -0.07403287 -0.02567286 -0.31743333
  0.04100641 -0.07858023  0.05551337  0.38966444  0.24614139 -0.14230533
  0.23526992  0.16051729 -0.54159772 -0.23808491 -0.09515792  0.2000276
 -0.18714215 -0.26510906  0.24140285  0.52505875  0.22403853  0.03163629]
[[  1.13235146e-01]
 [  1.26224652e-01]
 [ -2.02869345e-02]
 [ -5.27502820e-02]
 [  1.16697975e-01]
 [ -6.34731829e-01]
 [ -4.88094389e-01]
 [  9.35532868e-01]
 [  1.71534434e-01]
 [ -9.37910005e-02]
 [ -1.06060944e-01]
 [ -5.21733046e-01]
 [ -6.10316359e-02]
 [  2.06917990e-02]
 [  9.08167660e-02]
 [  2.58180171e-01]
 [  6.48710057e-02]
 [ -1.19843423e-01]
 [  1.41314849e-01]
 [  9.66984406e-02]
 [ -3.41938704e-01]
 [ -1.01094827e-01]
 [ -3.60455737e-02]
 [  1.28807038e-01]
 [  1.04444697e-02]
 [ -1.08937785e-01]
 [  5.32889403e-02]
 [  2.46991456e-01]
 [  4.44114953e-02]
 [  4.15013783e-04]]
[ 1.41097462]
Optimization complete. (with seed: 114) Best validation score of 87.170000 % obtained at iteration 5000, with test performance 87.490000 %
