... loading data
... building the model
... training
epoch 1, minibatch 5000/5000, validation error 18.920000 %
     epoch 1, minibatch 5000/5000, test error of best model 19.640000 %
epoch 2, minibatch 5000/5000, validation error 6.800000 %
     epoch 2, minibatch 5000/5000, test error of best model 6.770000 %
epoch 3, minibatch 5000/5000, validation error 1.930000 %
     epoch 3, minibatch 5000/5000, test error of best model 2.170000 %
epoch 4, minibatch 5000/5000, validation error 0.330000 %
     epoch 4, minibatch 5000/5000, test error of best model 0.450000 %
epoch 5, minibatch 5000/5000, validation error 0.130000 %
     epoch 5, minibatch 5000/5000, test error of best model 0.150000 %
epoch 6, minibatch 5000/5000, validation error 0.000000 %
     epoch 6, minibatch 5000/5000, test error of best model 0.000000 %
epoch 7, minibatch 5000/5000, validation error 0.000000 %
epoch 8, minibatch 5000/5000, validation error 0.000000 %
epoch 9, minibatch 5000/5000, validation error 0.000000 %
epoch 10, minibatch 5000/5000, validation error 0.000000 %
epoch 11, minibatch 5000/5000, validation error 0.000000 %
-0.143879592419
[ 5.]
[[ -5.89915335e-01   9.90408286e-02  -1.74807146e-01   3.11979651e-01
    3.13086987e-01   8.92176703e-02   2.02495337e-01   3.35782528e-01
    3.37910086e-01   3.73761266e-01   1.65497541e-01   9.71177965e-02
    1.28616288e-01   4.39279228e-01  -9.71507370e-01   8.71517137e-02
   -4.01979446e-01  -1.73994198e-01  -1.43301591e-01   4.62412447e-01
   -3.01830053e-01  -4.53466654e-01  -3.49313796e-01   9.98539552e-02
    9.45191830e-02   2.31795147e-01  -1.85673684e-01   2.24359438e-01
    6.71790481e-01  -2.57377803e-01]
 [ -3.27591687e-01  -3.75031024e-01   7.35317692e-02  -9.72251967e-02
   -2.30948702e-01  -2.78670728e-01  -3.19789112e-01   8.90324175e-01
    9.62546706e-01  -5.75592399e-01  -4.13092107e-01  -3.25848907e-01
    1.02038868e-01  -1.53215714e-02   3.67514163e-01  -5.83783304e-03
   -1.35472655e-01   4.04461980e-01   9.67178494e-03   2.28442267e-01
   -1.90685511e-01   2.26022929e-01   4.55932021e-01   2.62003064e-01
   -2.87980586e-01   1.10249244e-01   3.86447519e-01  -5.53735375e-01
   -2.34333515e-01  -1.41925871e-01]
 [ -9.00943935e-01  -1.29273370e-01  -1.62738398e-01   4.39136811e-02
   -1.40214458e-01  -7.59403482e-02  -1.57268986e-01  -3.34297687e-01
   -3.37537348e-01  -3.72109205e-01  -1.01275802e-01  -1.36809409e-01
   -3.39067757e-01   1.18945897e-01  -6.02293134e-01  -1.14264917e-02
    2.35972941e-01   1.75559372e-01  -1.82980783e-02  -7.83695579e-01
   -3.75754267e-01  -4.21204895e-01   2.87821978e-01   1.54597729e-01
   -1.88890532e-01   5.28883040e-01   1.76234186e-01  -3.48018616e-01
    3.72556448e-01  -1.94596112e-01]
 [  3.24236900e-01   3.23250115e-01  -7.89552927e-02   9.07620043e-02
   -7.32786953e-02   9.89473611e-02   2.37652779e-01   6.66823685e-01
    6.61311388e-01   7.68865883e-01   3.30335885e-01   2.73254991e-01
   -1.01024151e-01  -3.43430229e-02  -3.70843142e-01  -2.59933015e-03
    1.43347174e-01  -3.07528853e-01  -3.98868173e-02  -2.29778275e-01
    1.92189693e-01  -2.29242653e-01  -5.79926312e-01   3.14428091e-01
    3.14478993e-01  -1.05700180e-01  -3.15302908e-01   6.18567050e-01
    2.25144684e-01   1.33815140e-01]
 [  8.95659029e-01   1.42005101e-01  -2.39669960e-02  -1.99787542e-01
   -2.40131959e-01  -2.74002459e-02   2.06640348e-01   3.35612923e-01
    3.38502467e-01   3.77941668e-01   1.70724824e-01   1.19812101e-01
   -1.70074582e-01  -1.87093288e-01   5.85808873e-01   8.23444687e-03
   -6.51019275e-01  -1.09841689e-01   5.61412387e-02  -8.32737267e-01
    4.63350058e-01   3.68149668e-01  -2.84250796e-01   3.43769521e-01
    1.91530496e-01  -3.28699470e-01  -1.20281972e-01   3.32273602e-01
   -4.08038467e-01   3.13925564e-01]
 [ -3.23056430e-01  -2.30467096e-01   4.86342497e-02  -1.08718619e-01
    2.70926580e-02   3.66817027e-01  -2.12865546e-01  -6.74441636e-01
   -6.48089051e-01  -7.06926942e-01  -4.01077718e-01  -4.54399198e-01
    1.10590965e-01   1.84116978e-02   3.67052376e-01  -1.31003456e-02
   -1.37899160e-01   3.19352239e-01  -5.94334072e-03   2.30111063e-01
   -1.95331767e-01   2.35534593e-01   6.28464818e-01   2.43634850e-01
    4.21530128e-01   1.04827426e-01   1.77099705e-01   9.07609046e-01
   -2.24360511e-01  -1.31045058e-01]
 [  6.54878199e-01  -1.47984654e-01  -1.46995530e-01   1.96135804e-01
    7.67015219e-02  -2.89185941e-02  -1.44381657e-01  -3.36719960e-01
   -3.36092889e-01  -3.87503237e-01  -1.97124332e-01  -9.97016653e-02
   -2.30908081e-01  -2.73082495e-01  -7.35227644e-01   9.49496590e-03
    2.66813904e-01   1.56042889e-01  -7.93462992e-02  -4.68385130e-01
    3.21831077e-01  -4.37471181e-01   2.93771118e-01   2.95516819e-01
   -1.54796854e-01  -2.16879413e-01   1.23338155e-01  -2.81930029e-01
    4.72798824e-01   3.36662680e-01]
 [  3.25859517e-01   3.23994070e-01  -7.47722089e-02   9.18288529e-02
    1.99576139e-01   1.02469243e-01   2.40611717e-01   6.66185081e-01
    6.60613716e-01   7.70632625e-01   3.28604192e-01   2.57306278e-01
   -1.05842143e-01  -9.93553698e-02  -3.69100153e-01   3.27351317e-03
    1.45469546e-01  -3.15421075e-01  -3.92390788e-02  -2.29321823e-01
    1.91779524e-01  -2.29455307e-01  -5.83608985e-01  -3.65343660e-01
    3.24466854e-01  -1.05275467e-01  -3.12371254e-01   6.25577748e-01
    2.23031059e-01   1.31250188e-01]
 [ -6.48782551e-01   1.48394659e-01   1.49449497e-01  -2.14068919e-01
    9.62866917e-02  -1.11723812e-02   1.38887078e-01   3.36312205e-01
    3.39570433e-01   3.85435104e-01   1.74579784e-01   1.69371128e-01
    2.40800500e-01   9.64332968e-02   7.39309371e-01  -1.03797643e-02
   -2.51992196e-01  -1.43271104e-01   5.31248711e-02   4.68003958e-01
   -3.21936727e-01   4.34291691e-01  -3.02119464e-01   2.36491755e-01
    1.46123379e-01   2.15597779e-01  -1.46585569e-01   2.75001585e-01
   -4.78153110e-01  -3.42011034e-01]
 [ -5.22140134e-03  -6.12043822e-03   4.73093195e-03  -4.37841937e-02
   -2.28158429e-01  -4.00520004e-02  -3.84231959e-03   5.03686257e-04
    2.93279852e-04  -2.13273847e-03  -2.64245289e-04   1.58491023e-02
   -9.49888781e-04   2.74019420e-01   1.33929871e-05  -7.19369829e-01
   -6.05319859e-03   1.08858515e-02  -2.80185670e-01  -2.68150703e-03
   -3.32394894e-03  -4.19539819e-03  -1.99098303e-03  -2.55257249e-01
    5.90808596e-03  -4.10985295e-03  -1.40566509e-02   4.48527187e-03
    1.37646229e-03   3.91859096e-03]]
[  9.84419808e-02  -7.06516802e-02  -1.63892955e-01  -4.22449708e-01
   5.36201783e-02  -3.33460391e-01  -1.04966894e-01  -3.11643153e-01
  -1.74840033e+00  -4.01855022e-01  -1.00257747e-01  -6.52208179e-02
  -1.20238662e-01   8.30533355e-02  -8.03669989e-02   1.56468824e-02
   4.25741486e-02   6.30391315e-02  -8.58717561e-02   8.36141407e-03
   2.19597835e-02   5.70901513e-01   3.26922625e-01  -1.20302248e-04
  -9.72702429e-02  -2.53420863e-02   8.36435705e-02  -2.14294761e-01
  -5.98658882e-02   3.72314043e-02]
[[  1.31866920e+00]
 [  1.73556614e+00]
 [  8.55711877e-01]
 [ -7.41956174e-01]
 [ -1.73417991e-03]
 [ -2.15116978e-01]
 [  1.03850543e+00]
 [  1.17034078e+00]
 [  1.16874897e+00]
 [  1.06707740e+00]
 [  1.00689590e+00]
 [  5.52996933e-01]
 [  8.86275828e-01]
 [  7.08314478e-02]
 [  1.01531267e+00]
 [  1.34619236e+00]
 [  5.38675487e-01]
 [  1.00330067e+00]
 [  8.38680208e-01]
 [  6.61324799e-01]
 [  1.00536168e+00]
 [ -1.08634853e+00]
 [  1.10854459e+00]
 [ -4.44221630e-04]
 [  6.48168623e-01]
 [  1.21670377e+00]
 [  8.04477155e-01]
 [  4.24026251e-01]
 [  1.16418195e+00]
 [  1.02942765e+00]]
[ 0.99117637]
Optimization complete. (with seed: 106) Best validation score of 0.000000 % obtained at iteration 30000, with test performance 0.000000 %
... loading data
... building the model
... training
epoch 1, minibatch 5000/5000, validation error 36.250000 %
     epoch 1, minibatch 5000/5000, test error of best model 36.400000 %
epoch 2, minibatch 5000/5000, validation error 10.050000 %
     epoch 2, minibatch 5000/5000, test error of best model 10.650000 %
epoch 3, minibatch 5000/5000, validation error 4.060000 %
     epoch 3, minibatch 5000/5000, test error of best model 4.370000 %
epoch 4, minibatch 5000/5000, validation error 3.640000 %
     epoch 4, minibatch 5000/5000, test error of best model 3.960000 %
epoch 5, minibatch 5000/5000, validation error 3.460000 %
     epoch 5, minibatch 5000/5000, test error of best model 3.790000 %
epoch 6, minibatch 5000/5000, validation error 3.310000 %
     epoch 6, minibatch 5000/5000, test error of best model 3.600000 %
epoch 7, minibatch 5000/5000, validation error 3.260000 %
     epoch 7, minibatch 5000/5000, test error of best model 3.520000 %
epoch 8, minibatch 5000/5000, validation error 3.070000 %
     epoch 8, minibatch 5000/5000, test error of best model 3.180000 %
epoch 9, minibatch 5000/5000, validation error 2.970000 %
     epoch 9, minibatch 5000/5000, test error of best model 2.990000 %
epoch 10, minibatch 5000/5000, validation error 2.360000 %
     epoch 10, minibatch 5000/5000, test error of best model 2.290000 %
epoch 11, minibatch 5000/5000, validation error 2.040000 %
     epoch 11, minibatch 5000/5000, test error of best model 1.930000 %
epoch 12, minibatch 5000/5000, validation error 1.940000 %
     epoch 12, minibatch 5000/5000, test error of best model 1.830000 %
epoch 13, minibatch 5000/5000, validation error 1.490000 %
     epoch 13, minibatch 5000/5000, test error of best model 1.560000 %
epoch 14, minibatch 5000/5000, validation error 1.240000 %
     epoch 14, minibatch 5000/5000, test error of best model 1.300000 %
epoch 15, minibatch 5000/5000, validation error 0.920000 %
     epoch 15, minibatch 5000/5000, test error of best model 1.080000 %
epoch 16, minibatch 5000/5000, validation error 0.780000 %
     epoch 16, minibatch 5000/5000, test error of best model 0.940000 %
epoch 17, minibatch 5000/5000, validation error 0.780000 %
epoch 18, minibatch 5000/5000, validation error 0.680000 %
     epoch 18, minibatch 5000/5000, test error of best model 0.840000 %
epoch 19, minibatch 5000/5000, validation error 0.570000 %
     epoch 19, minibatch 5000/5000, test error of best model 0.760000 %
epoch 20, minibatch 5000/5000, validation error 0.570000 %
epoch 21, minibatch 5000/5000, validation error 0.450000 %
     epoch 21, minibatch 5000/5000, test error of best model 0.630000 %
epoch 22, minibatch 5000/5000, validation error 0.370000 %
     epoch 22, minibatch 5000/5000, test error of best model 0.560000 %
epoch 23, minibatch 5000/5000, validation error 0.370000 %
epoch 24, minibatch 5000/5000, validation error 0.320000 %
     epoch 24, minibatch 5000/5000, test error of best model 0.410000 %
epoch 25, minibatch 5000/5000, validation error 0.320000 %
epoch 26, minibatch 5000/5000, validation error 0.320000 %
epoch 27, minibatch 5000/5000, validation error 0.320000 %
epoch 28, minibatch 5000/5000, validation error 0.320000 %
epoch 29, minibatch 5000/5000, validation error 0.320000 %
epoch 30, minibatch 5000/5000, validation error 0.320000 %
epoch 31, minibatch 5000/5000, validation error 0.220000 %
     epoch 31, minibatch 5000/5000, test error of best model 0.300000 %
epoch 32, minibatch 5000/5000, validation error 0.220000 %
epoch 33, minibatch 5000/5000, validation error 0.220000 %
epoch 34, minibatch 5000/5000, validation error 0.220000 %
epoch 35, minibatch 5000/5000, validation error 0.220000 %
epoch 36, minibatch 5000/5000, validation error 0.220000 %
epoch 37, minibatch 5000/5000, validation error 0.220000 %
epoch 38, minibatch 5000/5000, validation error 0.220000 %
epoch 39, minibatch 5000/5000, validation error 0.150000 %
     epoch 39, minibatch 5000/5000, test error of best model 0.190000 %
epoch 40, minibatch 5000/5000, validation error 0.150000 %
epoch 41, minibatch 5000/5000, validation error 0.150000 %
epoch 42, minibatch 5000/5000, validation error 0.150000 %
epoch 43, minibatch 5000/5000, validation error 0.150000 %
epoch 44, minibatch 5000/5000, validation error 0.150000 %
epoch 45, minibatch 5000/5000, validation error 0.150000 %
epoch 46, minibatch 5000/5000, validation error 0.150000 %
epoch 47, minibatch 5000/5000, validation error 0.150000 %
epoch 48, minibatch 5000/5000, validation error 0.150000 %
epoch 49, minibatch 5000/5000, validation error 0.150000 %
epoch 50, minibatch 5000/5000, validation error 0.150000 %
epoch 51, minibatch 5000/5000, validation error 0.150000 %
epoch 52, minibatch 5000/5000, validation error 0.150000 %
epoch 53, minibatch 5000/5000, validation error 0.150000 %
epoch 54, minibatch 5000/5000, validation error 0.150000 %
epoch 55, minibatch 5000/5000, validation error 0.150000 %
epoch 56, minibatch 5000/5000, validation error 0.150000 %
epoch 57, minibatch 5000/5000, validation error 0.150000 %
epoch 58, minibatch 5000/5000, validation error 0.150000 %
epoch 59, minibatch 5000/5000, validation error 0.150000 %
epoch 60, minibatch 5000/5000, validation error 0.150000 %
epoch 61, minibatch 5000/5000, validation error 0.150000 %
epoch 62, minibatch 5000/5000, validation error 0.150000 %
epoch 63, minibatch 5000/5000, validation error 0.150000 %
epoch 64, minibatch 5000/5000, validation error 0.150000 %
epoch 65, minibatch 5000/5000, validation error 0.150000 %
epoch 66, minibatch 5000/5000, validation error 0.150000 %
epoch 67, minibatch 5000/5000, validation error 0.150000 %
epoch 68, minibatch 5000/5000, validation error 0.150000 %
epoch 69, minibatch 5000/5000, validation error 0.150000 %
epoch 70, minibatch 5000/5000, validation error 0.150000 %
epoch 71, minibatch 5000/5000, validation error 0.150000 %
epoch 72, minibatch 5000/5000, validation error 0.150000 %
epoch 73, minibatch 5000/5000, validation error 0.150000 %
epoch 74, minibatch 5000/5000, validation error 0.150000 %
epoch 75, minibatch 5000/5000, validation error 0.150000 %
epoch 76, minibatch 5000/5000, validation error 0.150000 %
epoch 77, minibatch 5000/5000, validation error 0.150000 %
0.814919948578
[ 5.]
[[ -1.55024193e-02   2.64453560e-01   3.63531291e-01  -1.53267995e-01
    2.57284194e-01  -2.19004184e-01  -2.20056418e-02   5.42839706e-01
    1.23004608e-01   4.85556185e-01   7.68138289e-01   3.59881938e-01
    2.43332699e-01  -3.04623246e-01  -6.19320989e-01  -2.56846339e-01
    1.04012638e-01   3.13603580e-01   4.97026893e-04   2.42235586e-01
   -1.03048944e+00  -1.83563262e-01  -8.79943296e-02   1.47577099e-04
    1.05907060e-01  -1.96974978e-01   6.16947596e-04   3.55830818e-01
   -9.81358513e-02  -3.53654437e-02]
 [  1.36509389e-01   7.91445136e-01   1.08401012e+00   3.11128736e-01
    1.19483128e-01   1.68433532e-01  -3.88317406e-02   2.75365829e-01
    3.83481055e-01   2.67879307e-01   3.79599988e-01   1.09141445e+00
    7.20897019e-01  -1.41926065e-01  -3.02173078e-01  -1.41348481e-01
   -5.26440069e-02   1.50401860e-01  -2.46117804e-02   3.06746103e-02
    1.77036867e-01  -1.10240914e-01   1.46184210e-03   1.61141708e-01
    3.16411942e-01  -5.53809106e-01  -1.19123068e-02   1.07477820e+00
   -2.91133136e-01   6.62787110e-02]
 [ -5.55917434e-02  -2.62578189e-01  -3.62255633e-01  -2.67521515e-02
   -6.06967866e-01  -9.21226591e-02   4.17836569e-02  -5.51300883e-01
   -1.17549874e-01  -4.93714422e-01  -6.77007258e-01  -3.58563304e-01
   -2.42985889e-01   2.95982718e-01  -8.92783940e-01   2.55448431e-01
   -2.60695675e-03   4.33466136e-01  -1.37149338e-02   1.56907991e-01
   -1.45093083e-01   2.90478677e-01  -6.51411563e-02  -2.17072979e-01
   -1.00728117e-01   1.99801296e-01   2.11507324e-02  -3.55499417e-01
    1.22627437e-01   2.95964718e-01]
 [ -1.32946298e-01  -7.13675737e-01  -7.47552335e-01  -1.93745587e-02
   -1.16831005e-01   5.46574742e-02  -6.09899573e-02  -2.70971984e-01
   -4.84990537e-01  -2.74402350e-01  -3.71763319e-01   5.60700774e-01
   -8.73671651e-01   1.41840637e-01   3.04551005e-01   1.47400990e-01
    4.52971831e-02  -1.56766251e-01   8.21652077e-03   7.12688314e-03
   -1.73774824e-01   9.92080197e-02  -7.10432092e-03   1.91555500e-01
   -5.12512803e-01  -3.76071543e-01  -1.00113928e-01   6.13202751e-01
    3.88223737e-01  -4.64568362e-02]
 [  2.27553770e-01   2.56942421e-01   3.62956733e-01   9.92440898e-03
    2.33682856e-01   9.61719453e-02   1.41037777e-01   4.74643290e-01
    1.23645745e-01  -1.00190687e+00   7.38987923e-01   3.60311419e-01
    2.47484908e-01  -3.52050841e-01  -6.21207237e-01   4.12785470e-01
    3.83933246e-01   3.16945970e-01   8.62269476e-02  -2.40976014e-03
    3.50448459e-01  -1.26152262e-01  -1.35236187e-03  -1.86312869e-01
    1.09833941e-01  -1.93844318e-01  -1.02247689e-02   3.59146148e-01
   -9.30537060e-02   9.48935524e-02]
 [  1.29704729e-01  -5.29397428e-01  -7.40498304e-01  -4.63448279e-03
    1.19410813e-01   2.55739182e-01  -1.53684333e-01   2.71383047e-01
   -2.88741231e-01   2.78079391e-01   3.75253171e-01  -7.20988035e-01
   -4.69205260e-01  -1.48350775e-01  -3.02390009e-01  -1.47622511e-01
   -2.23062802e-02   1.52491570e-01   2.58696288e-01   1.79490494e-03
    1.67972863e-01  -1.29149571e-01  -2.91606667e-03  -9.74536985e-02
   -1.78901106e-01   4.07228738e-01   4.31496292e-01  -7.11015284e-01
    1.59999117e-01   6.49178773e-02]
 [ -2.72964388e-01  -2.60036439e-01  -3.68241012e-01  -1.51771335e-02
   -1.64613336e-01  -3.10335875e-01   6.04389124e-02  -5.37573636e-01
   -1.20963313e-01  -5.33744752e-01  -7.54762888e-01  -3.58656555e-01
   -2.44101465e-01   3.14149916e-01   6.12212181e-01   2.81575382e-01
    4.43914197e-02  -3.21054161e-01  -1.31890133e-01   4.55197357e-02
   -3.32122773e-01   2.87519336e-01  -2.52137836e-02  -7.63203725e-02
   -8.44085440e-02   2.02020571e-01   1.09988309e-01  -3.56783837e-01
    1.40210971e-01   1.54480159e-01]
 [ -1.27827674e-01   5.26740313e-01   7.44424522e-01   1.72089711e-02
   -1.16712511e-01   3.09749186e-01  -1.34842366e-01  -2.68774152e-01
    2.79832065e-01  -2.77322471e-01  -3.74453992e-01   7.15863645e-01
    4.75913376e-01   1.46207199e-01   3.06275249e-01   1.45704567e-01
    3.86726931e-02  -1.51339799e-01   4.01577652e-01  -1.00574959e-02
   -1.71245918e-01   1.21235833e-01   6.63361745e-03  -2.46346802e-01
    1.98116437e-01  -4.11448807e-01   1.81415096e-01   7.11193800e-01
   -1.48383141e-01  -6.66795745e-02]
 [  3.86229530e-02   2.62822837e-01   3.62330616e-01  -3.12612876e-02
   -7.79054165e-01  -2.99554914e-01   6.31345063e-02   5.67642152e-01
    1.19632848e-01   4.77544427e-01   6.82103395e-01   3.59011203e-01
    2.43209749e-01  -3.07093978e-01   9.05072331e-01  -2.54383475e-01
    9.85544324e-02  -4.27802265e-01   1.97785869e-02   8.59494209e-02
    1.16452187e-01  -1.55860364e-01  -3.46679464e-02   1.79413870e-01
    1.05818234e-01  -1.97182164e-01   2.67836396e-02   3.59042317e-01
   -1.03092298e-01   2.59372443e-01]
 [  3.40909988e-04   2.22638322e-04  -1.70933001e-03   2.45193541e-02
   -2.83094449e-03  -1.47319764e-01  -8.50589480e-03   2.86902254e-03
    1.56710579e-04  -2.13316223e-03   9.42178012e-05  -2.64819688e-03
    4.73016902e-04   6.23672502e-04   3.32154246e-04   1.00893911e-03
   -1.78263476e-03   2.78503587e-03   2.29178788e-03  -1.16711281e-01
   -4.87532088e-04  -1.25412911e-03  -5.46163678e-01   1.18737347e-01
   -7.36813433e-03   7.95701111e-04  -1.96683570e-03  -1.44407083e-03
   -2.50312523e-03  -1.34022562e-02]]
[ 0.00569242 -0.18749776 -0.46013626  0.2411104  -0.04799607 -0.11628853
  0.01697491 -0.09263171 -0.18168195 -0.03099826 -0.10145304 -0.3739647
  0.59514427  0.02704115  0.06735698  0.02360176  0.25130999 -0.03723851
  0.26884356  0.16919038 -0.01128338  0.01482425 -0.77965105  0.00948793
 -0.09029075  0.56766725  0.252327   -1.79889119  0.08189392  0.11736219]
[[ 0.72846204]
 [ 1.1574086 ]
 [ 0.7998414 ]
 [-0.39153278]
 [ 0.36750516]
 [-0.00400646]
 [-0.10338791]
 [ 1.31927383]
 [ 1.28904557]
 [ 0.74244183]
 [ 0.99751341]
 [ 1.33268666]
 [-0.89718372]
 [ 1.61187994]
 [ 0.88844401]
 [ 1.36296308]
 [ 0.25115672]
 [ 1.54068995]
 [ 0.08677099]
 [ 0.5955413 ]
 [ 0.56903636]
 [ 1.01673114]
 [-0.64480841]
 [ 0.00689619]
 [ 1.28510594]
 [-0.95911616]
 [ 0.10551176]
 [ 1.28769171]
 [ 1.3439424 ]
 [ 0.11244317]]
[ 1.4322331]
Optimization complete. (with seed: 107) Best validation score of 0.150000 % obtained at iteration 195000, with test performance 0.190000 %
... loading data
... building the model
... training
epoch 1, minibatch 5000/5000, validation error 37.790000 %
     epoch 1, minibatch 5000/5000, test error of best model 37.520000 %
epoch 2, minibatch 5000/5000, validation error 5.360000 %
     epoch 2, minibatch 5000/5000, test error of best model 5.590000 %
epoch 3, minibatch 5000/5000, validation error 2.110000 %
     epoch 3, minibatch 5000/5000, test error of best model 2.000000 %
epoch 4, minibatch 5000/5000, validation error 1.540000 %
     epoch 4, minibatch 5000/5000, test error of best model 1.420000 %
epoch 5, minibatch 5000/5000, validation error 0.620000 %
     epoch 5, minibatch 5000/5000, test error of best model 0.700000 %
epoch 6, minibatch 5000/5000, validation error 0.430000 %
     epoch 6, minibatch 5000/5000, test error of best model 0.470000 %
epoch 7, minibatch 5000/5000, validation error 0.220000 %
     epoch 7, minibatch 5000/5000, test error of best model 0.250000 %
epoch 8, minibatch 5000/5000, validation error 0.000000 %
     epoch 8, minibatch 5000/5000, test error of best model 0.000000 %
epoch 9, minibatch 5000/5000, validation error 0.000000 %
epoch 10, minibatch 5000/5000, validation error 0.000000 %
epoch 11, minibatch 5000/5000, validation error 0.000000 %
epoch 12, minibatch 5000/5000, validation error 0.000000 %
epoch 13, minibatch 5000/5000, validation error 0.000000 %
epoch 14, minibatch 5000/5000, validation error 0.000000 %
epoch 15, minibatch 5000/5000, validation error 0.000000 %
0.332158923149
[ 5.]
[[ -1.76727369e-01  -3.21596026e-01   4.67375759e-03  -1.41049653e-01
    1.62717581e-01   1.47151783e-01   3.57922226e-01  -4.66996804e-02
    3.09012104e-02   1.99011248e-02  -3.67384642e-01   2.43315116e-01
    2.06580937e-01  -7.21328795e-01  -8.34562659e-01  -1.33032138e-02
    1.01712728e+00  -1.77547455e-01   1.56250566e-01  -4.09136653e-01
   -7.00908244e-01  -3.05771083e-01  -3.28022003e-01  -1.15132295e-01
   -1.36843815e-01  -1.48690313e-01   1.03699073e-01  -1.39288440e-01
    3.85352492e-01  -2.33960792e-01]
 [ -2.18761824e-02  -8.55206549e-01  -4.94031375e-03  -2.55448576e-02
   -8.48768950e-02   1.10564590e-01   1.26158103e-01   4.59011495e-02
    1.83958933e-02   2.73351133e-01   5.83814800e-01  -1.02229614e-03
    1.31637990e-01  -3.51551771e-01   1.27125069e-01  -6.98953092e-01
   -1.47499770e-01   3.04510713e-01   4.92643058e-01  -2.26765111e-01
   -3.39261532e-01  -9.13879931e-01   5.83102942e-01  -1.42121673e-01
   -3.65653694e-01   3.42570364e-01   8.58916640e-02   2.75752932e-01
    2.34265029e-01   5.76465428e-01]
 [  4.25490364e-02   3.19079101e-01  -1.82059314e-02   1.50695816e-01
   -1.74251437e-01  -2.42485881e-01  -2.62670010e-01  -1.56580046e-01
    1.48868069e-01   3.17520872e-02   3.82070363e-01   5.11697419e-02
   -3.31690460e-01   6.98534071e-01  -2.45254323e-01   8.31007063e-02
    3.29507142e-01   1.60077959e-01  -1.39233038e-01   4.57634985e-01
    7.03534842e-01   3.11876833e-01   3.12904269e-01   3.21968161e-02
    1.48280486e-01   1.50905356e-01   9.28158537e-02   1.39070898e-01
   -4.39560086e-01   2.62370765e-01]
 [ -6.43768988e-04   6.72674060e-01  -2.36993516e-03  -4.05607641e-01
   -2.40754128e-01  -1.01528250e-01  -1.30940557e-01  -9.55040008e-02
    3.16551775e-02  -4.67414875e-03  -6.84906363e-01  -9.38811339e-03
   -1.24614686e-01   3.47118914e-01  -1.18469715e-01  -1.33079097e-01
    1.38350233e-01  -2.83344597e-01   5.64908504e-01   2.27277040e-01
    3.43517751e-01  -4.36201185e-01  -6.18669152e-01   3.21719319e-01
    6.09381318e-01  -2.95033574e-01   7.99153596e-02  -2.68130034e-01
   -2.42463663e-01  -5.08744776e-01]
 [  3.84507805e-01  -3.13850403e-01  -1.30495976e-03  -1.49077639e-01
   -3.36856037e-01  -8.51107061e-01   2.40157589e-01   1.39973804e-01
    3.25433522e-01   1.05651338e-02  -3.77656639e-01   3.95364501e-02
    1.79929212e-01  -7.11925149e-01   2.53616780e-01  -4.09353524e-02
   -3.03217232e-01  -1.68577895e-01   1.45660073e-01  -4.62131292e-01
   -6.90180182e-01  -3.06761891e-01  -3.22463840e-01   9.58478004e-02
   -1.41466424e-01  -1.53968200e-01   3.90457809e-01  -1.36185765e-01
    4.39403743e-01  -2.60245085e-01]
 [ -1.51593369e-02   6.74004793e-01   6.23092800e-03   3.06661069e-01
    2.74269849e-01   1.03777558e-01   1.33479580e-01   8.86501893e-02
   -7.43354633e-02   1.55251543e-03   7.60670066e-01  -4.60212119e-03
    1.33617237e-01  -3.43942970e-01   1.20495118e-01   9.35461149e-02
   -1.55133829e-01   3.54392886e-01  -2.91503549e-01  -2.23576009e-01
   -3.51283014e-01   6.57522261e-01   5.94767511e-01   3.51453185e-01
    3.31889004e-01   2.83609807e-01   2.45954171e-01   3.16951543e-01
    2.26533100e-01   4.25571948e-01]
 [  4.63612042e-02   3.19424391e-01   2.84312516e-02   1.48306429e-01
   -2.20795661e-01  -2.34127030e-01  -2.70560980e-01  -1.44616142e-01
    2.13343859e-01   6.08150475e-02   3.80164146e-01   4.02180813e-02
   -3.42062861e-01   7.01971412e-01  -2.51677781e-01   1.17906108e-01
    3.15983266e-01   1.62675545e-01  -1.34424821e-01   4.62753743e-01
    7.04500020e-01   3.11066389e-01   3.11448693e-01  -2.28341445e-02
    1.48994893e-01   1.48768768e-01   2.59385973e-01   1.37471929e-01
   -4.34540004e-01   2.59233087e-01]
 [  5.11941151e-04   8.68967712e-01  -3.57032847e-03   9.01572127e-03
    2.95356631e-01  -1.03950918e-01  -1.28562093e-01  -7.34456033e-02
   -5.79249673e-02   2.59964317e-01  -6.00373924e-01   1.75277281e-04
   -1.24228179e-01   3.49357128e-01  -1.24890327e-01  -6.53095305e-01
    1.47620335e-01  -3.02648634e-01  -4.85775828e-01   2.26839095e-01
    3.47208649e-01   9.23951983e-01  -5.82031488e-01   1.87436476e-01
    3.68423581e-01  -3.74338597e-01   2.16962919e-01  -2.81927317e-01
   -2.36157507e-01  -5.43268979e-01]
 [ -9.67787206e-02  -3.06221515e-01   4.39872645e-04  -1.48599491e-01
    4.68771532e-02   1.17661729e-01  -3.29956204e-01  -2.51771994e-02
   -8.37384835e-02  -2.94454652e-03  -3.91202569e-01   2.42981985e-01
    1.71168923e-01  -5.91301203e-01   1.62705064e-01  -4.48197126e-02
   -6.12465382e-01  -1.25805035e-01   1.52249917e-01   5.93297124e-01
    9.09796536e-01  -3.07451427e-01  -3.21189940e-01  -1.54722378e-01
   -1.28873751e-01  -1.45823434e-01   3.17884833e-02  -1.91813558e-01
    4.73628998e-01  -2.57396013e-01]
 [ -6.54415414e-03   2.10428308e-03  -6.30024910e-01   8.93244927e-04
   -1.48750871e-01   3.43338167e-03   1.50167674e-03  -2.60595363e-02
    1.21270396e-01   3.61559540e-02  -3.12303985e-03   7.17004668e-03
    1.24605757e-03   8.49974633e-04  -2.46868329e-03   3.61895859e-02
   -5.65273827e-03   2.12194421e-03  -8.62327288e-04  -9.02115833e-04
    1.75113662e-03   3.21862381e-03   6.15621684e-04   2.47081503e-01
   -2.26329593e-03  -7.93987513e-03  -2.88525164e-01   8.65579234e-04
    2.30245688e-03  -3.35203996e-03]]
[ 0.02785806 -0.4396196  -0.0108273   0.15945527  0.03305549  0.54742295
 -0.02975423 -0.05659112  0.12932624  0.08838971  0.24615414  0.19181119
  0.06147033  0.09540895  0.55657637  0.01867803  0.08114055  0.08816173
 -0.25655013  0.05811607  0.09869111  0.11145825  0.27872697  0.26693526
 -0.37485734  0.11961491  0.09239349  0.10082985 -0.00840851  0.19981553]
[[ -5.52363575e-01]
 [ -1.13623643e+00]
 [  1.62705541e+00]
 [  2.32040429e+00]
 [ -4.03657818e-04]
 [ -1.36473203e+00]
 [  1.19375193e+00]
 [  9.35545981e-01]
 [  8.81675556e-02]
 [  6.46825612e-01]
 [  1.18238890e+00]
 [  8.58262241e-01]
 [  1.74974000e+00]
 [  1.31956506e+00]
 [ -9.29801583e-01]
 [  3.12786430e-01]
 [  5.52273929e-01]
 [  1.64709449e+00]
 [  1.59253621e+00]
 [  1.19325197e+00]
 [  8.72200727e-01]
 [  1.42126250e+00]
 [  1.19752860e+00]
 [  2.09277589e-02]
 [ -1.03670394e+00]
 [  1.73927486e+00]
 [  2.45850645e-02]
 [  2.12239218e+00]
 [  1.75549722e+00]
 [  9.40936029e-01]]
[ 0.60498244]
Optimization complete. (with seed: 108) Best validation score of 0.000000 % obtained at iteration 40000, with test performance 0.000000 %
... loading data
... building the model
... training
epoch 1, minibatch 5000/5000, validation error 36.880000 %
     epoch 1, minibatch 5000/5000, test error of best model 37.670000 %
epoch 2, minibatch 5000/5000, validation error 8.470000 %
     epoch 2, minibatch 5000/5000, test error of best model 7.950000 %
epoch 3, minibatch 5000/5000, validation error 4.020000 %
     epoch 3, minibatch 5000/5000, test error of best model 3.680000 %
epoch 4, minibatch 5000/5000, validation error 2.860000 %
     epoch 4, minibatch 5000/5000, test error of best model 2.640000 %
epoch 5, minibatch 5000/5000, validation error 2.150000 %
     epoch 5, minibatch 5000/5000, test error of best model 2.150000 %
epoch 6, minibatch 5000/5000, validation error 1.420000 %
     epoch 6, minibatch 5000/5000, test error of best model 1.400000 %
epoch 7, minibatch 5000/5000, validation error 0.710000 %
     epoch 7, minibatch 5000/5000, test error of best model 0.830000 %
epoch 8, minibatch 5000/5000, validation error 0.710000 %
epoch 9, minibatch 5000/5000, validation error 0.630000 %
     epoch 9, minibatch 5000/5000, test error of best model 0.730000 %
epoch 10, minibatch 5000/5000, validation error 0.500000 %
     epoch 10, minibatch 5000/5000, test error of best model 0.620000 %
epoch 11, minibatch 5000/5000, validation error 0.500000 %
epoch 12, minibatch 5000/5000, validation error 0.440000 %
     epoch 12, minibatch 5000/5000, test error of best model 0.520000 %
epoch 13, minibatch 5000/5000, validation error 0.440000 %
epoch 14, minibatch 5000/5000, validation error 0.440000 %
epoch 15, minibatch 5000/5000, validation error 0.440000 %
epoch 16, minibatch 5000/5000, validation error 0.440000 %
epoch 17, minibatch 5000/5000, validation error 0.440000 %
epoch 18, minibatch 5000/5000, validation error 0.440000 %
epoch 19, minibatch 5000/5000, validation error 0.440000 %
epoch 20, minibatch 5000/5000, validation error 0.440000 %
epoch 21, minibatch 5000/5000, validation error 0.440000 %
epoch 22, minibatch 5000/5000, validation error 0.440000 %
epoch 23, minibatch 5000/5000, validation error 0.440000 %
1.95163750648
[ 5.]
[[  7.21687078e-02  -8.17230269e-02   9.50231254e-02   2.76728962e-02
    2.17154948e-03   1.00601293e-01  -3.29685539e-01  -2.75896877e-01
   -7.20966756e-01   7.22203076e-01  -8.31599254e-03  -6.59373045e-01
    4.69769865e-01   2.99174994e-01  -1.86880395e-01   1.25559002e-01
    2.37148907e-02  -3.10383067e-02  -2.21796289e-01  -2.69208908e-01
    1.65555179e-02   3.75554889e-01  -3.32120389e-01  -3.14473480e-01
   -2.72454351e-01  -9.92697105e-02   4.14155006e-01  -3.49570870e-01
    1.12779237e-01   1.63824614e-02]
 [  1.54716387e-01   3.30355942e-01   1.39097333e-01  -2.62912456e-02
   -5.43834344e-02   1.64577365e-01  -9.53072786e-01   4.06792670e-01
    1.41954303e+00   3.12069327e-01   7.73772448e-02  -3.51362020e-01
   -5.58801070e-02   1.10896535e-01   5.42076945e-01  -3.18514824e-01
    6.30116463e-02  -6.89569473e-01   3.33342761e-01  -6.88441545e-02
   -9.24667250e-03  -3.58812183e-01  -2.02316970e-01  -1.10541768e-01
    5.59177816e-01   5.99901043e-02   2.44823173e-01  -8.16807985e-01
   -4.13088530e-01   2.16737483e-02]
 [ -5.51761873e-02   7.33214468e-02   1.93875477e-01  -2.69839112e-02
   -4.40447079e-03   2.15366974e-01   3.31600338e-01   2.75617242e-01
    7.15117931e-01  -7.21523225e-01   2.53441110e-02   6.56018853e-01
   -4.86443073e-01   2.27000877e-01   1.89582124e-01  -1.25646740e-01
   -3.06747090e-02   2.86256243e-02   2.16559246e-01   2.70227462e-01
   -1.96038429e-02  -3.78558010e-01   3.35517883e-01   3.09476912e-01
    2.73773581e-01   1.06582254e-01  -4.11255360e-01   3.49299639e-01
   -1.38283193e-01   1.42180286e-02]
 [  2.01591328e-01   7.89399087e-01   1.47047997e-01   3.15323584e-02
    1.32001601e-02  -7.88308401e-03  -6.28456116e-01  -5.65230727e-01
   -1.41521251e+00  -3.32675606e-01  -1.04560807e-01   3.00009817e-01
   -3.19979459e-01   7.74263442e-02  -4.42338169e-01   2.61539131e-01
   -9.21042711e-02  -1.28534675e-01  -3.15482289e-01   9.63248983e-02
   -5.83383779e-04   7.79707193e-01   1.45910427e-01   1.20851569e-01
   -5.44531584e-01   7.32471421e-02  -1.97640166e-01  -6.99917257e-01
   -5.98939180e-01  -1.11456718e-02]
 [ -3.68721387e-03  -8.20264816e-02   2.80644685e-01   2.82912273e-02
    1.65934581e-02  -2.82939315e-01  -3.30103308e-01  -2.77190149e-01
   -7.18064964e-01   7.21828222e-01  -1.71941402e-03  -6.57647192e-01
    4.69722003e-01   1.79595500e-01  -1.88085839e-01   1.27375379e-01
    1.94062516e-02  -2.60832999e-02  -2.22522274e-01  -2.69455731e-01
    1.22846756e-02   3.73999476e-01  -3.34777325e-01  -3.09840441e-01
   -2.74304837e-01  -1.00395910e-01   4.13513511e-01  -3.47675651e-01
   -5.96863776e-02  -7.28031434e-03]
 [ -2.72361725e-03   9.64559019e-02  -1.92088395e-01   6.27924919e-01
   -7.47801587e-02  -3.04810554e-01   6.11452937e-01   6.55697644e-01
    1.40196931e+00   3.37052971e-01   1.40769377e-01  -2.91569829e-01
    2.97365487e-01   6.67080805e-02  -8.56113374e-01  -2.85795871e-02
   -6.31838977e-01   1.47664070e-01   3.63342464e-01  -1.14056252e-01
    7.04716370e-02  -7.25516617e-01  -1.54582858e-01  -9.96873602e-02
    5.55039585e-01  -3.25608887e-02   2.00997040e-01   6.69793844e-01
   -4.35753688e-02  -7.82345533e-02]
 [  7.71512687e-02   7.84770995e-02   2.63825387e-01  -3.38187590e-02
   -3.11272815e-02   6.87593594e-02   3.25588793e-01   2.91515172e-01
    6.98590934e-01  -5.79850018e-01   2.03207973e-02  -8.39027226e-01
    8.65162253e-01  -1.56655595e-01   2.11911887e-01  -1.56822324e-01
   -1.81184523e-02   6.73762932e-02   1.83382362e-01   3.08863133e-01
   -2.18198709e-02  -3.75266224e-01  -4.30799633e-01   1.49199553e-02
    2.65601546e-01  -5.41867077e-01  -4.42229629e-01   3.48828614e-01
    1.38671016e-02   9.37699433e-03]
 [ -8.93226489e-02  -1.52195826e-01  -1.03758378e-02   6.59404516e-01
   -7.00854808e-02   1.42703867e-02  -6.19461894e-01  -6.40178084e-01
   -1.40407705e+00  -3.30790728e-01   2.70082112e-02   2.91694760e-01
   -3.15659672e-01  -2.00105608e-01   9.30415392e-01   8.75179768e-02
   -1.61672588e-02  -1.57467887e-01  -3.51319522e-01   1.10876679e-01
    1.25948191e-02   7.20989048e-01   1.47682726e-01   1.16839625e-01
   -5.68069696e-01   5.95744476e-02  -1.99386626e-01  -6.69139743e-01
    3.66905443e-02  -1.15721449e-01]
 [  7.07980469e-02  -9.13967937e-02   1.10807471e-01   4.55137827e-02
   -1.93350296e-02   3.03260922e-01  -3.26883942e-01  -2.68222541e-01
   -6.76957190e-01   6.29408419e-01  -2.19142251e-02   8.88512731e-01
    5.75209856e-01  -3.11087251e-01  -2.33852878e-01   1.66141897e-01
   -3.43177322e-04  -5.31415679e-02  -1.72777385e-01  -2.44146496e-01
    1.11472318e-02   3.78759891e-01   4.31797117e-01  -5.55295963e-03
   -2.69771516e-01  -4.70574528e-01   4.76826400e-01  -3.45572174e-01
   -1.29289389e-01   2.38367002e-02]
 [ -1.43098876e-01  -1.73478841e-03   7.96683580e-02  -4.85023819e-02
   -2.91600883e-01  -1.30407050e-01   5.81356289e-04  -9.95360967e-03
   -1.36541529e-03  -2.48940825e-03   1.89690441e-01   1.98132172e-03
   -7.58091826e-03  -1.26215983e-02   6.01195591e-03  -5.52735524e-04
   -5.24668358e-02  -1.08458567e-02   1.04632811e-03  -1.65504776e-03
    5.80647886e-01  -7.53494399e-03  -5.83536981e-04   1.06478133e-03
    5.65720766e-05   1.61738147e-03   3.99782788e-03  -2.77198222e-03
    2.12206975e-01  -3.69011790e-01]]
[ -2.42670309e-02  -4.00306553e-01   9.17071179e-02  -3.62371374e-03
  -1.19562045e-01  -6.11725375e-02   1.74762666e+00   2.27204949e-01
   3.52210999e+00  -1.34505212e-01   1.28683880e-01   1.03747860e-01
  -5.97720802e-01  -1.76007394e-02   6.01778030e-02  -9.21404883e-02
  -5.98281287e-02  -7.31029660e-02   2.54728258e-01   2.40146350e-02
   3.22521804e-03  -4.68516856e-01   8.13557878e-02   5.16699143e-02
  -4.78600442e-01   4.28768486e-01  -9.43255946e-02   2.93840796e-01
  -2.40472957e-01  -1.18132688e-01]
[[-0.07527231]
 [-0.73632872]
 [ 0.01305596]
 [ 0.53165102]
 [ 0.5427261 ]
 [-0.00245872]
 [ 1.24740338]
 [ 0.92650938]
 [ 0.11170823]
 [ 1.20576918]
 [ 0.60032076]
 [ 1.00847042]
 [-0.31568047]
 [-0.00768644]
 [ 0.71955585]
 [ 1.36989284]
 [ 0.54348361]
 [ 0.64557636]
 [ 0.98760903]
 [ 2.09664941]
 [ 0.87102079]
 [ 0.92626488]
 [ 1.67790508]
 [ 1.38183045]
 [-0.81496096]
 [-0.67574418]
 [ 1.70304799]
 [ 1.29262662]
 [ 0.02201522]
 [ 0.39744934]]
[ 1.70030475]
Optimization complete. (with seed: 109) Best validation score of 0.440000 % obtained at iteration 60000, with test performance 0.520000 %
... loading data
... building the model
... training
epoch 1, minibatch 5000/5000, validation error 47.440000 %
     epoch 1, minibatch 5000/5000, test error of best model 49.230000 %
epoch 2, minibatch 5000/5000, validation error 33.490000 %
     epoch 2, minibatch 5000/5000, test error of best model 33.300000 %
epoch 3, minibatch 5000/5000, validation error 12.440000 %
     epoch 3, minibatch 5000/5000, test error of best model 12.510000 %
epoch 4, minibatch 5000/5000, validation error 5.390000 %
     epoch 4, minibatch 5000/5000, test error of best model 5.730000 %
epoch 5, minibatch 5000/5000, validation error 5.280000 %
     epoch 5, minibatch 5000/5000, test error of best model 5.650000 %
epoch 6, minibatch 5000/5000, validation error 4.950000 %
     epoch 6, minibatch 5000/5000, test error of best model 5.370000 %
epoch 7, minibatch 5000/5000, validation error 4.550000 %
     epoch 7, minibatch 5000/5000, test error of best model 5.020000 %
epoch 8, minibatch 5000/5000, validation error 3.780000 %
     epoch 8, minibatch 5000/5000, test error of best model 4.390000 %
epoch 9, minibatch 5000/5000, validation error 3.520000 %
     epoch 9, minibatch 5000/5000, test error of best model 3.960000 %
epoch 10, minibatch 5000/5000, validation error 2.800000 %
     epoch 10, minibatch 5000/5000, test error of best model 3.140000 %
epoch 11, minibatch 5000/5000, validation error 2.430000 %
     epoch 11, minibatch 5000/5000, test error of best model 2.690000 %
epoch 12, minibatch 5000/5000, validation error 1.870000 %
     epoch 12, minibatch 5000/5000, test error of best model 2.150000 %
epoch 13, minibatch 5000/5000, validation error 1.720000 %
     epoch 13, minibatch 5000/5000, test error of best model 1.940000 %
epoch 14, minibatch 5000/5000, validation error 1.390000 %
     epoch 14, minibatch 5000/5000, test error of best model 1.610000 %
epoch 15, minibatch 5000/5000, validation error 1.220000 %
     epoch 15, minibatch 5000/5000, test error of best model 1.330000 %
epoch 16, minibatch 5000/5000, validation error 1.080000 %
     epoch 16, minibatch 5000/5000, test error of best model 1.120000 %
epoch 17, minibatch 5000/5000, validation error 0.950000 %
     epoch 17, minibatch 5000/5000, test error of best model 0.940000 %
epoch 18, minibatch 5000/5000, validation error 0.950000 %
epoch 19, minibatch 5000/5000, validation error 0.950000 %
epoch 20, minibatch 5000/5000, validation error 0.950000 %
epoch 21, minibatch 5000/5000, validation error 0.870000 %
     epoch 21, minibatch 5000/5000, test error of best model 0.800000 %
epoch 22, minibatch 5000/5000, validation error 0.870000 %
epoch 23, minibatch 5000/5000, validation error 0.820000 %
     epoch 23, minibatch 5000/5000, test error of best model 0.720000 %
epoch 24, minibatch 5000/5000, validation error 0.660000 %
     epoch 24, minibatch 5000/5000, test error of best model 0.630000 %
epoch 25, minibatch 5000/5000, validation error 0.450000 %
     epoch 25, minibatch 5000/5000, test error of best model 0.450000 %
epoch 26, minibatch 5000/5000, validation error 0.240000 %
     epoch 26, minibatch 5000/5000, test error of best model 0.280000 %
epoch 27, minibatch 5000/5000, validation error 0.190000 %
     epoch 27, minibatch 5000/5000, test error of best model 0.130000 %
epoch 28, minibatch 5000/5000, validation error 0.190000 %
epoch 29, minibatch 5000/5000, validation error 0.190000 %
epoch 30, minibatch 5000/5000, validation error 0.190000 %
epoch 31, minibatch 5000/5000, validation error 0.190000 %
epoch 32, minibatch 5000/5000, validation error 0.190000 %
epoch 33, minibatch 5000/5000, validation error 0.190000 %
epoch 34, minibatch 5000/5000, validation error 0.190000 %
epoch 35, minibatch 5000/5000, validation error 0.190000 %
epoch 36, minibatch 5000/5000, validation error 0.190000 %
epoch 37, minibatch 5000/5000, validation error 0.080000 %
     epoch 37, minibatch 5000/5000, test error of best model 0.040000 %
epoch 38, minibatch 5000/5000, validation error 0.080000 %
epoch 39, minibatch 5000/5000, validation error 0.000000 %
     epoch 39, minibatch 5000/5000, test error of best model 0.000000 %
epoch 40, minibatch 5000/5000, validation error 0.000000 %
epoch 41, minibatch 5000/5000, validation error 0.000000 %
epoch 42, minibatch 5000/5000, validation error 0.000000 %
epoch 43, minibatch 5000/5000, validation error 0.000000 %
epoch 44, minibatch 5000/5000, validation error 0.000000 %
epoch 45, minibatch 5000/5000, validation error 0.000000 %
epoch 46, minibatch 5000/5000, validation error 0.000000 %
epoch 47, minibatch 5000/5000, validation error 0.000000 %
epoch 48, minibatch 5000/5000, validation error 0.000000 %
epoch 49, minibatch 5000/5000, validation error 0.000000 %
epoch 50, minibatch 5000/5000, validation error 0.000000 %
epoch 51, minibatch 5000/5000, validation error 0.000000 %
epoch 52, minibatch 5000/5000, validation error 0.000000 %
epoch 53, minibatch 5000/5000, validation error 0.000000 %
epoch 54, minibatch 5000/5000, validation error 0.000000 %
epoch 55, minibatch 5000/5000, validation error 0.000000 %
epoch 56, minibatch 5000/5000, validation error 0.000000 %
epoch 57, minibatch 5000/5000, validation error 0.000000 %
epoch 58, minibatch 5000/5000, validation error 0.000000 %
epoch 59, minibatch 5000/5000, validation error 0.000000 %
epoch 60, minibatch 5000/5000, validation error 0.000000 %
epoch 61, minibatch 5000/5000, validation error 0.000000 %
epoch 62, minibatch 5000/5000, validation error 0.000000 %
epoch 63, minibatch 5000/5000, validation error 0.000000 %
epoch 64, minibatch 5000/5000, validation error 0.000000 %
epoch 65, minibatch 5000/5000, validation error 0.000000 %
epoch 66, minibatch 5000/5000, validation error 0.000000 %
epoch 67, minibatch 5000/5000, validation error 0.000000 %
epoch 68, minibatch 5000/5000, validation error 0.000000 %
epoch 69, minibatch 5000/5000, validation error 0.000000 %
epoch 70, minibatch 5000/5000, validation error 0.000000 %
epoch 71, minibatch 5000/5000, validation error 0.000000 %
epoch 72, minibatch 5000/5000, validation error 0.000000 %
epoch 73, minibatch 5000/5000, validation error 0.000000 %
epoch 74, minibatch 5000/5000, validation error 0.000000 %
epoch 75, minibatch 5000/5000, validation error 0.000000 %
epoch 76, minibatch 5000/5000, validation error 0.000000 %
epoch 77, minibatch 5000/5000, validation error 0.000000 %
-0.3778411448
[ 5.]
[[ -4.02219951e-01  -1.10329174e-01   1.22990197e-04   1.88380942e-01
   -1.84999138e-01   2.75173932e-01   9.55599725e-01   7.39513874e-01
   -3.74171644e-01  -1.87002391e-01  -3.27598751e-01  -6.08354032e-01
   -2.65859574e-01   1.55322716e-01  -1.67358033e-02   1.20952889e-01
   -2.52778996e-02  -4.63512331e-01   1.76917180e-01   3.18979025e-01
   -4.96482134e-01  -7.62596205e-02   8.22912380e-02  -3.98820043e-01
   -3.49466085e-01  -2.62431711e-01  -2.15254873e-01  -1.87602535e-01
    2.80839145e-01   1.27558261e-01]
 [ -1.56972423e-01   4.28655952e-01  -1.66527845e-03   8.63477886e-02
   -4.54939693e-01  -4.46217418e-01  -2.14312822e-01   3.56707990e-01
   -1.05967188e+00  -1.85858682e-02  -5.97131401e-02  -3.57571989e-01
   -7.51896501e-01   5.32851741e-02   3.97434309e-02  -3.30698252e-01
    2.12386195e-02  -9.76879224e-02   7.26606965e-01   9.41492021e-01
   -2.54775345e-01  -5.26643395e-02   1.85729116e-01   5.50439835e-01
   -1.91758290e-01  -7.50554740e-01   4.82045710e-01  -1.18655756e-01
    1.53707728e-01   1.20483585e-01]
 [  4.06970680e-01   1.10005312e-01  -1.28454179e-01  -1.80374146e-01
    1.85525700e-01  -2.71219909e-01   4.74945515e-01  -7.39062428e-01
    3.75168830e-01  -2.60524154e-01   1.95269376e-01   6.40662730e-01
    2.61045218e-01  -2.68287331e-01   1.80914458e-02  -1.25913516e-01
    6.22577965e-02   1.89462826e-01  -1.73465908e-01  -3.16851020e-01
    4.97508019e-01   1.75020501e-01  -3.12627435e-01   4.01648879e-01
    3.09374005e-01   2.64866084e-01   2.22669452e-01   2.60938615e-01
   -4.10704434e-01  -1.28556639e-01]
 [  3.65851849e-01  -1.41615540e-01  -1.06716796e-03   2.29073614e-01
   -4.60557103e-01   6.67997122e-01   1.19652748e-01  -4.03310299e-01
   -8.54513049e-01   1.47725025e-03  -7.26027340e-02   2.59719908e-01
   -3.97035658e-01   3.71126384e-02   1.97928045e-02  -2.53477544e-01
    5.77652417e-02   7.60976821e-02   6.99940741e-01   4.66878146e-01
    2.97247231e-01  -1.43203912e-02  -1.07227802e-01  -6.67653561e-01
    2.23964512e-01   8.40359092e-01  -4.46701020e-01   5.72522543e-02
   -5.99698797e-02   1.48946896e-01]
 [ -4.03455317e-01  -1.12524427e-01  -4.50211763e-03   1.87670082e-01
   -1.79524466e-01   2.72599697e-01  -4.88634944e-01   7.43114769e-01
   -3.76660198e-01  -1.25797048e-01  -2.03708991e-01  -6.17745578e-01
   -2.64403880e-01   1.55437440e-01  -6.45150291e-03   1.26646116e-01
    8.30417201e-02  -2.02402502e-01   1.70517221e-01   3.17101449e-01
   -4.98021901e-01  -5.80517590e-01   3.43751997e-01  -4.00130689e-01
   -3.22183698e-01  -2.63740748e-01  -2.19939023e-01   3.45470197e-02
   -1.11757731e+00   1.24840379e-01]
 [ -2.34024763e-01   5.10604501e-01  -1.66521102e-04  -3.13091487e-01
    3.41038227e-01   7.80563176e-01  -1.90715268e-01   3.69344532e-01
    7.32981861e-01  -7.99041912e-02  -5.19279018e-02  -3.22397172e-01
    5.65332055e-01  -1.66715514e-02   1.32454066e-02  -1.12226672e-01
    7.50322863e-02  -8.36611241e-02  -2.94078946e-01  -6.56630099e-01
   -2.54229516e-01  -1.90509483e-02   1.95625752e-01   6.77756727e-01
   -2.33024552e-01   5.93035579e-01   4.03186828e-01  -1.04473598e-01
    1.00708686e-01  -5.33735693e-01]
 [  4.00050402e-01   1.09181762e-01  -5.16850874e-03  -1.89462885e-01
    1.88104361e-01  -2.76893795e-01  -9.47618425e-01  -7.38345623e-01
    3.75076622e-01  -1.59887597e-01   3.25289935e-01   6.09635234e-01
    2.65707463e-01  -1.52186081e-01   8.14771466e-03  -1.17769547e-01
    3.91186066e-02   4.68417346e-01  -1.71736002e-01  -3.18391860e-01
    4.98775095e-01   7.09629059e-02  -8.55075046e-02   3.95585716e-01
    3.50161493e-01   2.64863282e-01   2.16975436e-01   1.84043050e-01
   -2.77305394e-01  -1.25107974e-01]
 [  1.70355961e-01   3.77528548e-01   3.56740697e-04   1.05749331e-01
   -4.98476505e-01  -7.34654248e-01   1.68951035e-01  -3.78298789e-01
   -7.88641155e-01  -3.89629081e-02   7.48555139e-02   2.92634338e-01
    8.82573545e-01  -5.33380993e-02  -6.54228358e-03   1.12242125e-01
    3.47398706e-02   6.66656122e-02   2.23179460e-01   4.90334719e-01
    3.42283130e-01   3.81806009e-02  -1.45012796e-01  -6.58927798e-01
    2.10779682e-01  -5.05488455e-01  -4.40498382e-01   9.54265818e-02
   -1.30398035e-01   3.56772929e-01]
 [ -4.05457765e-01  -1.09301716e-01   1.91610458e-03   1.81676626e-01
   -1.82582289e-01   2.73385495e-01  -4.62513626e-01   7.37261951e-01
   -3.75559926e-01  -3.90491374e-02  -1.91999942e-01  -6.45079672e-01
   -2.63664931e-01   2.86039084e-01  -1.08631151e-02   1.26215398e-01
   -1.84072584e-01  -1.91977635e-01   1.73107639e-01   3.17933977e-01
   -4.95399475e-01  -1.67906180e-01   3.04949880e-01  -4.03204441e-01
   -3.14053327e-01  -2.62498081e-01  -2.22166747e-01  -2.64441252e-01
    4.18840587e-01   1.26748443e-01]
 [ -4.90466924e-03   1.94420351e-03  -4.53408629e-01   2.71289027e-04
   -1.65502040e-03  -3.87472566e-04  -1.66991050e-03  -2.04656064e-03
   -4.53108951e-04   1.35523364e-01  -3.59780947e-03   1.37406797e-03
    2.49149604e-03  -5.74877486e-04   4.91032273e-01   4.36242810e-03
    3.18955518e-02   1.57749309e-05  -2.76236003e-03   2.10842723e-03
    3.51440423e-04  -2.68609077e-03   3.77717195e-03   1.58684340e-03
    3.09553090e-03   6.44173706e-04  -1.31608255e-03   2.12723762e-03
   -6.17377181e-03   1.27645268e-03]]
[-0.03777854 -0.5317564  -0.0419755  -0.13258809 -0.54951489 -0.25146583
  0.12508753 -0.08368682 -0.40504429  0.05321353  0.09780795  0.1311567
  0.21224657 -0.13020478  0.06663459  0.40926656  0.26536354  0.03685198
 -0.17673074 -0.18141988 -0.00256114  0.17639704  0.63007331  0.25015336
  0.05546525  0.19271904  0.19653344  0.10055104  0.02352939 -0.07764373]
[[ 1.16641998]
 [-1.47201741]
 [ 0.9955461 ]
 [ 1.65458846]
 [-0.67975998]
 [ 0.82630569]
 [ 0.4700577 ]
 [ 1.13293028]
 [-0.62038916]
 [ 0.01139876]
 [ 1.44098842]
 [ 1.09277213]
 [ 0.85351932]
 [ 1.18104243]
 [ 0.92551821]
 [-0.77450269]
 [ 0.4850131 ]
 [ 1.42120481]
 [ 0.73886204]
 [ 0.72412169]
 [ 1.15361106]
 [ 0.53037047]
 [-0.77920032]
 [ 1.23186111]
 [ 1.23663938]
 [ 0.85762537]
 [ 1.61942983]
 [ 1.17283213]
 [ 0.49000472]
 [ 1.65230572]]
[ 0.70636529]
Optimization complete. (with seed: 110) Best validation score of 0.000000 % obtained at iteration 195000, with test performance 0.000000 %
... loading data
... building the model
... training
epoch 1, minibatch 5000/5000, validation error 63.390000 %
     epoch 1, minibatch 5000/5000, test error of best model 62.380000 %
epoch 2, minibatch 5000/5000, validation error 35.830000 %
     epoch 2, minibatch 5000/5000, test error of best model 34.600000 %
epoch 3, minibatch 5000/5000, validation error 16.600000 %
     epoch 3, minibatch 5000/5000, test error of best model 16.670000 %
epoch 4, minibatch 5000/5000, validation error 10.100000 %
     epoch 4, minibatch 5000/5000, test error of best model 10.210000 %
epoch 5, minibatch 5000/5000, validation error 7.120000 %
     epoch 5, minibatch 5000/5000, test error of best model 7.080000 %
epoch 6, minibatch 5000/5000, validation error 5.910000 %
     epoch 6, minibatch 5000/5000, test error of best model 6.020000 %
epoch 7, minibatch 5000/5000, validation error 5.070000 %
     epoch 7, minibatch 5000/5000, test error of best model 5.260000 %
epoch 8, minibatch 5000/5000, validation error 4.520000 %
     epoch 8, minibatch 5000/5000, test error of best model 4.650000 %
epoch 9, minibatch 5000/5000, validation error 3.790000 %
     epoch 9, minibatch 5000/5000, test error of best model 4.000000 %
epoch 10, minibatch 5000/5000, validation error 3.350000 %
     epoch 10, minibatch 5000/5000, test error of best model 3.540000 %
epoch 11, minibatch 5000/5000, validation error 2.850000 %
     epoch 11, minibatch 5000/5000, test error of best model 2.980000 %
epoch 12, minibatch 5000/5000, validation error 2.590000 %
     epoch 12, minibatch 5000/5000, test error of best model 2.760000 %
epoch 13, minibatch 5000/5000, validation error 2.590000 %
epoch 14, minibatch 5000/5000, validation error 2.420000 %
     epoch 14, minibatch 5000/5000, test error of best model 2.530000 %
epoch 15, minibatch 5000/5000, validation error 2.270000 %
     epoch 15, minibatch 5000/5000, test error of best model 2.330000 %
epoch 16, minibatch 5000/5000, validation error 1.760000 %
     epoch 16, minibatch 5000/5000, test error of best model 1.950000 %
epoch 17, minibatch 5000/5000, validation error 1.310000 %
     epoch 17, minibatch 5000/5000, test error of best model 1.600000 %
epoch 18, minibatch 5000/5000, validation error 1.070000 %
     epoch 18, minibatch 5000/5000, test error of best model 1.410000 %
epoch 19, minibatch 5000/5000, validation error 1.010000 %
     epoch 19, minibatch 5000/5000, test error of best model 1.300000 %
epoch 20, minibatch 5000/5000, validation error 0.780000 %
     epoch 20, minibatch 5000/5000, test error of best model 1.070000 %
epoch 21, minibatch 5000/5000, validation error 0.720000 %
     epoch 21, minibatch 5000/5000, test error of best model 0.950000 %
epoch 22, minibatch 5000/5000, validation error 0.720000 %
epoch 23, minibatch 5000/5000, validation error 0.520000 %
     epoch 23, minibatch 5000/5000, test error of best model 0.810000 %
epoch 24, minibatch 5000/5000, validation error 0.390000 %
     epoch 24, minibatch 5000/5000, test error of best model 0.660000 %
epoch 25, minibatch 5000/5000, validation error 0.290000 %
     epoch 25, minibatch 5000/5000, test error of best model 0.500000 %
epoch 26, minibatch 5000/5000, validation error 0.290000 %
epoch 27, minibatch 5000/5000, validation error 0.180000 %
     epoch 27, minibatch 5000/5000, test error of best model 0.360000 %
epoch 28, minibatch 5000/5000, validation error 0.180000 %
epoch 29, minibatch 5000/5000, validation error 0.050000 %
     epoch 29, minibatch 5000/5000, test error of best model 0.150000 %
epoch 30, minibatch 5000/5000, validation error 0.050000 %
epoch 31, minibatch 5000/5000, validation error 0.000000 %
     epoch 31, minibatch 5000/5000, test error of best model 0.000000 %
epoch 32, minibatch 5000/5000, validation error 0.000000 %
epoch 33, minibatch 5000/5000, validation error 0.000000 %
epoch 34, minibatch 5000/5000, validation error 0.000000 %
epoch 35, minibatch 5000/5000, validation error 0.000000 %
epoch 36, minibatch 5000/5000, validation error 0.000000 %
epoch 37, minibatch 5000/5000, validation error 0.000000 %
epoch 38, minibatch 5000/5000, validation error 0.000000 %
epoch 39, minibatch 5000/5000, validation error 0.000000 %
epoch 40, minibatch 5000/5000, validation error 0.000000 %
epoch 41, minibatch 5000/5000, validation error 0.000000 %
epoch 42, minibatch 5000/5000, validation error 0.000000 %
epoch 43, minibatch 5000/5000, validation error 0.000000 %
epoch 44, minibatch 5000/5000, validation error 0.000000 %
epoch 45, minibatch 5000/5000, validation error 0.000000 %
epoch 46, minibatch 5000/5000, validation error 0.000000 %
epoch 47, minibatch 5000/5000, validation error 0.000000 %
epoch 48, minibatch 5000/5000, validation error 0.000000 %
epoch 49, minibatch 5000/5000, validation error 0.000000 %
epoch 50, minibatch 5000/5000, validation error 0.000000 %
epoch 51, minibatch 5000/5000, validation error 0.000000 %
epoch 52, minibatch 5000/5000, validation error 0.000000 %
epoch 53, minibatch 5000/5000, validation error 0.000000 %
epoch 54, minibatch 5000/5000, validation error 0.000000 %
epoch 55, minibatch 5000/5000, validation error 0.000000 %
epoch 56, minibatch 5000/5000, validation error 0.000000 %
epoch 57, minibatch 5000/5000, validation error 0.000000 %
epoch 58, minibatch 5000/5000, validation error 0.000000 %
epoch 59, minibatch 5000/5000, validation error 0.000000 %
epoch 60, minibatch 5000/5000, validation error 0.000000 %
epoch 61, minibatch 5000/5000, validation error 0.000000 %
0.200306564569
[ 5.]
[[ -1.23258665e-01   4.34812717e-02   4.17316984e-03   3.39802623e-01
    1.15669139e-01  -4.55152899e-01  -3.13832849e-01  -6.24126136e-01
    1.39117926e-01  -7.22419620e-01  -2.58983928e-04  -9.84380305e-01
   -6.66705310e-01   3.24531019e-01   1.62645355e-01  -6.30066032e-03
   -3.77605259e-02  -2.84143593e-02  -6.23169482e-01  -1.05936058e-01
    3.74286115e-01  -8.66450667e-02  -2.74155915e-01   4.48332340e-01
   -3.02606463e-01   1.62682235e-01  -2.87582904e-01   2.42645785e-01
    2.52587795e-01  -3.55606645e-01]
 [  9.90181230e-03   1.22684091e-01   2.93312874e-03  -5.85402608e-01
    6.62118733e-01  -2.76215404e-01   3.33107784e-02  -2.89595336e-01
    7.75124356e-02  -3.66705507e-01   3.40225082e-03   1.89981028e-01
    2.36386992e-02   1.51491493e-01   1.15129918e-01  -1.25515321e-02
   -1.85680345e-01   1.92029074e-01   9.79000777e-02   5.03730893e-01
   -4.05764371e-01   4.12170798e-01  -1.63936362e-01  -1.43066691e-02
   -8.52259398e-01  -5.24340630e-01  -9.07567322e-01  -3.57038647e-01
   -2.51492679e-01  -7.63305545e-01]
 [  1.77801892e-01  -6.44229129e-02  -4.50654887e-04  -3.41032058e-01
   -1.13116197e-01   4.57354307e-01   6.85811713e-02   6.22532606e-01
   -1.58687502e-01   7.25954711e-01   3.67328199e-03   1.02677870e+00
   -4.21937495e-01  -3.21027070e-01  -1.79701716e-01  -1.34685691e-02
    6.95775002e-02  -1.42765954e-01   5.54167926e-01   1.07457593e-01
   -3.74949723e-01   9.19812024e-02   2.73136437e-01   2.70053208e-01
    3.01693290e-01  -1.61273137e-01   2.91406691e-01  -2.39529580e-01
   -2.47388601e-01   3.56046140e-01]
 [  1.01727448e-01  -2.99810737e-01  -6.92564354e-04   7.38876104e-01
    2.49107018e-01   2.68678188e-01   1.28089085e-01   2.94315815e-01
   -1.06147185e-01   3.64471555e-01   5.60803292e-03  -2.11380064e-01
   -5.31138517e-02  -1.51393175e-01  -1.46160945e-01  -9.77200642e-03
   -4.24014926e-01   3.41211647e-01  -1.01338878e-01  -3.58257979e-01
    7.15209246e-01  -1.24469124e-01   1.28246054e-01   4.49405238e-02
   -5.74365556e-01   3.77098441e-01  -5.43813944e-01   4.82425928e-01
   -8.94960582e-01  -7.57050872e-01]
 [ -8.86212215e-02   8.86609331e-02  -2.49896899e-01   3.45706612e-01
    1.35063693e-01  -4.73681986e-01  -9.92322490e-02  -6.05790138e-01
    1.62928879e-01  -7.41434872e-01  -4.84789833e-02   4.60976452e-01
    7.33507276e-02   3.13331246e-01  -9.68855083e-01  -2.26797760e-01
   -5.65027408e-02   4.26199824e-01   2.19872460e-01  -1.05206840e-01
    3.70335132e-01  -5.79729453e-02  -3.03466409e-01  -7.31610283e-02
   -2.99220949e-01   1.66769847e-01  -2.86667943e-01   2.53217250e-01
    2.38152608e-01  -3.55829120e-01]
 [ -9.86548956e-04   2.45574892e-01   4.66250320e-04   8.50322723e-01
   -3.08710992e-01  -2.68447518e-01   1.08200438e-01  -2.98762679e-01
    1.05799578e-01  -3.61370951e-01  -1.03332591e-03   2.09307641e-01
    1.54191524e-01   1.58364028e-01   1.43460900e-01  -3.93303763e-03
   -3.26523930e-01   4.43887487e-02   8.43671486e-02   4.07718122e-01
   -6.50688469e-01   2.50158995e-01  -1.17420554e-01   1.51258439e-01
    5.70506155e-01  -7.89616108e-02   6.14873886e-01  -6.46401048e-01
    4.58151788e-01   7.05735087e-01]
 [  9.19391513e-02  -1.21985555e-01   4.72441800e-02  -3.45036954e-01
   -1.30323067e-01   4.72920120e-01  -3.08108896e-01   6.06231272e-01
   -4.18253452e-01   7.47848451e-01  -8.24099705e-02  -4.39120173e-01
   -7.85449967e-02  -3.17471772e-01  -3.13566923e-01  -7.58605301e-02
    5.35453819e-02   3.87416482e-02  -2.12820187e-01   1.04015835e-01
   -3.67147028e-01   5.27438335e-02   3.23019683e-01   7.55219832e-02
    2.99662143e-01  -1.63001910e-01   2.84512997e-01  -2.56380022e-01
   -2.40733832e-01   3.57219875e-01]
 [  6.93742419e-03  -1.70490041e-01   8.30259742e-05   7.65641689e-01
    3.47113162e-01   2.74197638e-01   2.03209504e-01   2.86161363e-01
   -8.86071399e-02   3.68972361e-01   4.94606909e-04  -1.99970320e-01
   -3.19515914e-02  -1.49128407e-01  -1.24276042e-01   2.87792529e-03
   -1.98588684e-01  -2.39708200e-01  -9.85585004e-02  -1.45247668e-01
    7.09578514e-01  -3.07233006e-01   1.51233032e-01   2.67596617e-02
   -5.68588614e-01   3.87229323e-01  -5.39119124e-01   5.12146115e-01
    5.91740310e-01  -7.59321749e-01]
 [  8.40357691e-02   1.54341817e-01   2.22100019e-02   3.34644616e-01
    9.11258385e-02  -4.72036630e-01   8.77992809e-02   8.66629124e-01
    2.17230022e-01  -6.58386052e-01   2.17151996e-02   3.83499235e-01
    6.63554519e-02  -4.08630013e-01   2.90120989e-01  -1.01151869e-01
   -4.93836552e-02  -2.47082993e-01   1.83683261e-01  -1.08555503e-01
    3.79728466e-01  -1.16270155e-01  -3.03376317e-01  -3.06176022e-02
   -3.08449686e-01   1.69725269e-01  -2.91712940e-01   2.44610220e-01
    2.40804657e-01  -3.52214307e-01]
 [  2.51237992e-02   2.69172946e-03  -4.17447299e-01   7.96757755e-04
   -1.09391392e-03   3.19983275e-03  -2.49086812e-01  -1.40987185e-03
    1.89707649e-03  -8.23561350e-05   7.13059187e-01   3.99119966e-03
   -2.48248805e-03   2.07907342e-05   6.76011248e-03  -1.22099303e-01
    3.45435692e-05  -3.62206139e-02  -5.68146410e-04  -1.58082019e-03
    3.65201524e-03  -4.95249056e-04   1.85778423e-03  -1.21009338e-03
   -2.34944164e-03  -2.97097198e-04   2.07171543e-03  -1.71988341e-03
    3.79835232e-03  -4.96303954e-04]]
[ 0.11350871  0.04459353 -0.03057916 -0.32515413 -0.587901    0.03800356
 -0.16576451  0.09865991  0.04651126  0.08896014  0.01632701 -0.09298465
  0.49538273 -0.04704166 -0.06301171 -0.09106463 -0.00527368 -0.0347304
  0.00959691 -0.07803489 -0.43484515  0.022643    0.02792866  0.21765037
  1.62623036 -0.08191134  0.21537992 -0.26095894 -0.27810422  1.06630063]
[[ 0.73370314]
 [ 0.58033454]
 [ 0.79980874]
 [ 0.39485338]
 [-1.10834253]
 [ 1.7548033 ]
 [-0.00396137]
 [ 0.84538847]
 [ 1.16322148]
 [ 1.3498435 ]
 [ 1.00088024]
 [ 0.65260798]
 [-0.63741964]
 [ 1.63698912]
 [ 0.48704028]
 [ 0.78782147]
 [ 0.16595894]
 [-0.0073382 ]
 [ 1.0217886 ]
 [ 1.29076779]
 [ 1.15348101]
 [ 1.05349684]
 [ 1.49470735]
 [ 0.14625162]
 [ 1.20968509]
 [ 1.32387197]
 [ 1.20024335]
 [ 1.13804042]
 [ 0.21731187]
 [-1.17561829]]
[ 1.22415364]
Optimization complete. (with seed: 111) Best validation score of 0.000000 % obtained at iteration 155000, with test performance 0.000000 %
... loading data
... building the model
... training
epoch 1, minibatch 5000/5000, validation error 67.890000 %
     epoch 1, minibatch 5000/5000, test error of best model 67.180000 %
epoch 2, minibatch 5000/5000, validation error 8.590000 %
     epoch 2, minibatch 5000/5000, test error of best model 9.000000 %
epoch 3, minibatch 5000/5000, validation error 0.490000 %
     epoch 3, minibatch 5000/5000, test error of best model 0.530000 %
epoch 4, minibatch 5000/5000, validation error 0.380000 %
     epoch 4, minibatch 5000/5000, test error of best model 0.380000 %
epoch 5, minibatch 5000/5000, validation error 0.420000 %
epoch 6, minibatch 5000/5000, validation error 0.420000 %
epoch 7, minibatch 5000/5000, validation error 0.230000 %
     epoch 7, minibatch 5000/5000, test error of best model 0.200000 %
epoch 8, minibatch 5000/5000, validation error 0.230000 %
epoch 9, minibatch 5000/5000, validation error 0.000000 %
     epoch 9, minibatch 5000/5000, test error of best model 0.000000 %
epoch 10, minibatch 5000/5000, validation error 0.000000 %
epoch 11, minibatch 5000/5000, validation error 0.000000 %
epoch 12, minibatch 5000/5000, validation error 0.000000 %
epoch 13, minibatch 5000/5000, validation error 0.000000 %
epoch 14, minibatch 5000/5000, validation error 0.000000 %
epoch 15, minibatch 5000/5000, validation error 0.000000 %
epoch 16, minibatch 5000/5000, validation error 0.000000 %
epoch 17, minibatch 5000/5000, validation error 0.000000 %
0.341252446175
[ 5.]
[[ -3.38462412e-01  -2.95114964e-01   2.06033617e-01   1.95482343e-01
    7.62273908e-01   1.49375359e-02  -3.19282472e-01   6.05999827e-01
    3.94444346e-01   1.71383709e-01  -5.75174928e-01   3.20381135e-01
   -7.37819746e-02  -2.03440398e-01  -2.46025562e-01  -4.45276797e-01
    3.52658667e-02   5.20263426e-02   2.26940885e-01   1.18574575e-01
   -9.05423909e-02   4.21147525e-01  -1.65994227e-01   3.94817859e-01
    3.23338151e-01  -2.98662156e-01  -1.36037230e-01  -5.81405079e-03
    1.73333630e-01   2.50134110e-01]
 [  4.45915937e-01  -7.75896251e-01   1.12557799e-01  -1.66460574e-01
    3.80589426e-01  -5.96950203e-03   5.16105294e-01   3.00261438e-01
    1.96261376e-01   2.10103720e-01  -2.88871467e-01   1.59352124e-01
    2.87292898e-02  -9.95116904e-02  -1.06009126e-01   1.00073945e-02
    8.13914388e-02  -2.11747736e-01   1.20050997e-01  -3.70072722e-01
   -5.70341349e-01   2.07442492e-01  -1.69566974e-01   9.07834351e-01
    1.63112938e-01  -8.30129743e-01   4.24134314e-01   8.17134418e-03
    4.71336506e-02   1.34824291e-01]
 [  3.41298461e-01   2.95950204e-01  -2.03512087e-01  -1.96195051e-01
   -7.64803886e-01  -6.88880403e-03   3.20627213e-01  -6.04941666e-01
   -3.93944114e-01  -2.23706707e-01   5.74367046e-01  -3.24695617e-01
   -1.62438110e-01   2.04455063e-01   2.47664690e-01  -2.22421974e-01
   -3.84480990e-02  -5.60466982e-02  -2.14276865e-01  -1.20249860e-01
    8.92626643e-02  -4.23749238e-01  -3.30900073e-01  -3.95177484e-01
   -3.24505448e-01   3.00735861e-01   1.32237077e-01   7.97309168e-03
   -1.72333464e-01  -2.47107819e-01]
 [ -4.47186470e-01  -5.35132468e-01  -9.89286229e-02  -6.78852737e-01
   -3.74436080e-01   8.02043267e-03   6.46225214e-01  -3.00857633e-01
   -1.57393977e-01  -1.99973047e-01   3.01649839e-01  -1.64564595e-01
    7.10924566e-02   1.39316037e-01   1.12714857e-01  -2.13909857e-02
   -8.80766381e-03  -1.95936307e-01  -1.08284660e-01   5.07408917e-01
   -9.30622518e-02  -2.18274474e-01   1.86059967e-01   7.49123454e-01
   -1.83176249e-01  -5.71583390e-01  -5.04422903e-01  -3.54968280e-01
    2.59909868e-01  -8.56430456e-02]
 [ -3.34104985e-01  -2.95350105e-01  -4.34660822e-01   1.95370540e-01
   -1.14766192e+00   2.64613070e-02  -3.19963813e-01  -8.80793393e-01
   -6.22124076e-01   5.55655994e-02   8.08817804e-01  -5.06347775e-01
   -2.16533020e-01  -2.51505405e-01   2.61876822e-01  -3.24568957e-01
    5.20034228e-03   2.82343198e-02  -4.42874469e-02   1.38708115e-01
   -8.61671790e-02   8.07225585e-01  -2.12324575e-01   3.94258410e-01
   -4.92694020e-01  -3.00469965e-01  -1.22502841e-01  -7.11670052e-03
    1.77471101e-01  -1.86394900e-01]
 [  6.70294404e-01   6.00840688e-01   9.88659486e-02  -4.38086748e-01
    3.74559969e-01   1.82028431e-02   6.42482996e-01   3.02666813e-01
    1.72767609e-01  -2.70255566e-01  -2.97711313e-01   1.63865253e-01
   -8.26447308e-02  -1.63835064e-01  -1.19610742e-01   4.22457978e-02
    2.17652805e-02  -1.47536635e-01   1.15759686e-01  -2.37118438e-01
    2.02696562e-01   2.08906263e-01  -7.14822859e-02  -7.77203262e-01
    1.74735591e-01   5.99230528e-01   2.47993663e-01  -2.72157252e-01
   -2.68303424e-01   1.02095418e-01]
 [  3.38064373e-01   2.94248283e-01   2.93445617e-01  -1.92304924e-01
   -6.75743699e-01  -5.36611490e-03   3.19359958e-01   8.72056544e-01
   -3.86982977e-01   3.29625487e-01   4.59195733e-01   5.71999073e-01
   -1.36557952e-01   2.27247268e-01  -9.47023705e-02   3.32894892e-01
    4.01401669e-02   1.41015947e-02   1.16975099e-01  -1.51545078e-01
    8.70737359e-02  -4.02888954e-01   1.22832991e-01  -3.94869268e-01
   -2.62003601e-01   3.00073445e-01   1.21550567e-01  -1.35902013e-03
   -1.84293374e-01  -1.68265268e-01]
 [ -6.12111747e-01  -8.08831155e-01  -9.33321044e-02   2.96732813e-01
   -3.86403501e-01  -1.70894843e-02  -6.01044655e-01  -3.00278902e-01
   -2.05476761e-01   5.98317459e-02   2.86413729e-01  -1.61217883e-01
    9.42042097e-02   1.12611078e-01   1.17795639e-01  -5.94044216e-02
   -4.08616140e-02  -1.04836689e-03  -1.16070777e-01   2.98138946e-01
   -2.03960761e-01  -1.96149468e-01   6.67966008e-02  -9.37677264e-01
   -1.59093961e-01  -7.88508594e-01  -3.29914063e-01   3.09924800e-02
   -1.11939400e-01  -1.52861267e-01]
 [ -3.40675920e-01  -2.93252230e-01   2.08525687e-01   1.93859473e-01
    7.60646105e-01   8.28493107e-03  -3.20846349e-01   6.06759071e-01
    3.93324792e-01  -2.46338725e-01  -5.75565517e-01   3.19411010e-01
   -4.49677929e-02  -2.05282226e-01  -2.44619876e-01   2.78963774e-01
    3.53940651e-02   3.32477205e-02   2.26781085e-01   1.20685332e-01
   -9.07631516e-02   4.19486195e-01   4.09400284e-01   3.93667489e-01
    3.26431602e-01  -2.98389673e-01  -1.34116307e-01  -6.47439715e-03
    1.73376143e-01   2.47316271e-01]
 [ -1.36921517e-04   5.11074089e-04  -1.15596280e-02  -5.78371924e-04
   -2.45658623e-04   5.48432946e-01  -1.54943147e-03  -1.88402060e-04
    6.98539428e-03  -1.98796108e-01   1.69934495e-03   1.12437154e-03
    1.92390338e-01   2.24232906e-03  -1.86784714e-02  -3.25928688e-01
    2.60404944e-01  -9.72364992e-02  -5.37797585e-02   8.72415956e-03
   -8.91161896e-03  -4.12987219e-03   1.58784375e-01   3.02130968e-04
   -5.91973867e-03  -1.64929894e-04   5.32710413e-03   3.83807067e-03
    8.52583151e-04   1.11195780e-02]]
[ 0.24495675  0.2782805   0.02130605 -0.36603826 -0.09553421  0.04854232
 -0.33137122 -0.05795223 -0.13522342  0.01960914  0.09304787 -0.04782375
  0.12215009 -0.00948269 -0.00238732  0.0037107   0.12497038 -0.00926419
  0.04404343 -0.15295288 -0.14013156 -0.06401968  0.01765591 -0.2528595
 -0.73068196  1.69048178  0.19287248 -0.07255494 -0.08184242 -0.00334054]
[[  1.43232489e+00]
 [  1.31823123e+00]
 [  1.02317226e+00]
 [  6.09257638e-01]
 [  9.48410928e-01]
 [  1.17495465e+00]
 [ -1.31942761e+00]
 [  1.16457963e+00]
 [  8.47246170e-01]
 [  3.20473977e-04]
 [  1.20493019e+00]
 [  1.31558692e+00]
 [ -1.46287093e-02]
 [  6.11399829e-01]
 [  1.24624956e+00]
 [ -2.77141039e-03]
 [  1.02725768e+00]
 [  1.81845859e-01]
 [  5.88089287e-01]
 [  9.24534321e-01]
 [  5.08598745e-01]
 [  7.34475017e-01]
 [ -2.86865892e-04]
 [  8.16757143e-01]
 [ -8.64093006e-01]
 [  1.20924604e+00]
 [  1.60933685e+00]
 [  6.65023565e-01]
 [  8.70110691e-01]
 [  9.27567244e-01]]
[ 1.16469681]
Optimization complete. (with seed: 112) Best validation score of 0.000000 % obtained at iteration 45000, with test performance 0.000000 %
... loading data
... building the model
... training
epoch 1, minibatch 5000/5000, validation error 65.040000 %
     epoch 1, minibatch 5000/5000, test error of best model 65.330000 %
epoch 2, minibatch 5000/5000, validation error 32.450000 %
     epoch 2, minibatch 5000/5000, test error of best model 33.610000 %
epoch 3, minibatch 5000/5000, validation error 62.550000 %
-0.595389544964
[ 5.]
[[  5.21335065e-01  -2.71865517e-01   1.35186791e-01   2.66665727e-01
   -5.24373986e-02  -1.44137919e-01  -8.73087272e-02   2.27905422e-01
    3.14790696e-01   2.88635612e-01   1.61996424e-01  -1.59949064e-01
   -4.63564740e-03   3.53372544e-01  -2.90478110e-01   8.90985012e-01
   -3.98739785e-01  -1.11380661e+00   3.47717166e-01  -3.15271437e-01
    1.60013229e-01  -4.14753675e-01  -1.32668093e-01   4.78882372e-01
   -1.99882373e-01  -3.58505726e-01  -8.90785754e-02  -3.12818289e-02
    6.73226118e-01  -9.47475910e-01]
 [ -1.78126782e-01   9.52161327e-02  -3.24577600e-01  -5.68878531e-01
    3.62493657e-02   3.11469078e-01  -1.19368330e-01  -3.71320337e-01
   -6.23918712e-01  -9.79835987e-02  -2.51918197e-01   2.90442556e-01
   -1.83818843e-02  -7.15507984e-01  -2.68565089e-01  -2.97420174e-01
    8.06723535e-01   4.01294708e-01  -9.12018046e-02   5.87358892e-01
    1.48957944e-03   1.50299415e-01   3.10293555e-01  -1.40577853e-01
    1.41141575e-03  -3.48733485e-01  -9.60995078e-01  -4.77832705e-02
   -2.34106526e-01   3.14149559e-01]
 [  1.42066449e-01  -2.32650429e-01  -1.59749150e-01  -2.98494995e-01
    1.56985432e-01   1.51190504e-01  -2.13778675e-01  -1.82973325e-01
   -3.22431713e-01   2.11476579e-01  -1.33643761e-01   1.44967332e-01
   -1.28293619e-03  -3.46593559e-01   1.45637840e-01   4.77774233e-01
    3.76365602e-01  -7.29867935e-01   3.88722643e-02   2.97844768e-01
   -1.97060294e-02  -3.86709243e-01   1.29222900e-01  -5.60848832e-01
   -2.06762820e-01  -3.18492204e-01   1.30177036e-01  -1.60974264e-01
    6.44451797e-01   9.60868716e-01]
 [  1.72887132e-01  -7.51911998e-02   4.67764258e-01   5.07556736e-01
    2.85689056e-01  -4.42791820e-01   7.07038268e-02  -6.29856288e-01
    4.84756261e-01   7.81398863e-02   2.65651256e-01  -3.81980300e-01
   -2.04309188e-02   5.10771632e-01   1.25295803e-01   2.80843616e-01
    1.00834417e+00  -3.65437061e-01   1.02257848e-01   6.38491154e-01
   -3.53086263e-01  -1.50924563e-01  -5.36585391e-01   1.47673815e-01
    2.54111260e-01  -4.90348250e-01   1.26301274e-01  -6.76875412e-02
    2.15678409e-01  -3.19707304e-01]
 [  3.43877256e-01   2.26453885e-01   1.53997034e-01   2.99844146e-01
   -5.98525703e-02  -1.46577269e-01   1.71349376e-01   1.61235437e-01
    3.33927870e-01  -2.57783294e-01   1.44003421e-01  -1.42403603e-01
    4.74057021e-03   3.55502427e-01   1.63773656e-01   9.99407530e-01
   -3.78203303e-01   7.65007436e-01   9.23309922e-02  -3.03653657e-01
    4.32349890e-01   3.93653423e-01  -1.19236588e-01  -4.28886861e-01
    1.51611686e-01  -4.39927459e-01  -1.06916636e-01   1.05137080e-01
   -5.46006620e-01   4.92051691e-01]
 [ -1.56018928e-01   8.49236026e-02  -3.05969596e-01  -5.63007236e-01
    1.25573963e-01   2.97671646e-01  -1.55811206e-01  -3.69954467e-01
   -6.31382406e-01  -9.19176415e-02  -3.15805405e-01   3.01626235e-01
   -7.31964596e-04  -7.29277492e-01   3.56776863e-01  -3.03607970e-01
    7.65138149e-01   3.92613471e-01  -9.37833786e-02   5.97692907e-01
    1.09361045e-01   1.76420808e-01   2.41505399e-01  -1.42582431e-01
    2.05846697e-01  -3.36540222e-01   2.06360146e-01   7.53883645e-03
   -2.23744586e-01   3.12569141e-01]
 [  3.42123270e-01  -1.60859630e-01  -1.56503603e-01  -3.31230044e-01
    1.04536422e-01   1.46910861e-01   6.89440072e-01  -1.88478768e-01
   -3.26441526e-01   1.87966645e-01  -1.14099257e-01   1.41458705e-01
    7.95176625e-03  -3.65261346e-01  -1.19198896e-01   5.87073386e-01
    3.57721180e-01  -7.18579113e-01   1.85923547e-01   3.01854283e-01
    2.13794690e-02  -2.60257542e-01   1.07245274e-01   3.24606687e-01
    1.67963341e-01   2.35992312e-01   9.33028758e-02  -8.78509805e-02
    4.37740475e-01  -6.34377480e-01]
 [  9.42248553e-02  -7.84604624e-02   3.07727575e-01   5.70988178e-01
   -7.66368061e-02  -3.04261595e-01   8.04161876e-02   3.86438042e-01
    6.32888973e-01   6.53702468e-02   3.15582812e-01  -3.10335308e-01
   -9.28251655e-04   7.35178649e-01   3.27393860e-01   2.75642216e-01
   -7.52288043e-01  -3.98520470e-01  -1.06767881e+00  -5.85140646e-01
    3.28606397e-01  -2.01669484e-01  -2.47264028e-01   1.39844745e-01
    6.57013878e-02  -1.25545025e-01  -1.83388159e-01  -5.04216664e-02
    2.39770055e-01  -3.07928920e-01]
 [ -3.64352673e-01   2.01064542e-01   1.46621749e-01   2.88036495e-01
    8.69277585e-03  -1.43715575e-01   3.76109332e-01   2.01069728e-01
    3.40985149e-01  -2.07594991e-01   1.45286843e-01  -1.46522254e-01
   -9.86953080e-03   3.47891867e-01  -1.55690059e-01  -5.85218191e-01
   -3.77172828e-01   7.03009307e-01  -1.75212845e-01  -2.91931391e-01
    2.19678015e-01   2.43345007e-01  -1.07845083e-01  -3.16402316e-01
   -2.19276547e-01   1.38267562e-01  -8.53590742e-02  -1.43267056e-02
   -4.56977099e-01   6.42692983e-01]
 [  1.15831057e-02  -2.34263763e-02  -1.64833963e-02  -7.87329581e-03
    3.40595096e-02   7.49539584e-03  -4.29026671e-02   2.45799702e-02
    1.53288478e-02  -1.82313863e-02  -3.28205503e-03  -4.44082823e-03
    6.79468632e-01   4.85362718e-03   2.08371267e-01  -9.88272298e-03
   -4.06097509e-02   1.34535702e-02   4.65273531e-03   7.51222810e-03
   -1.96823999e-01   3.64363305e-02  -9.50720441e-03  -2.30643502e-03
   -2.94543356e-01   6.54169023e-02   1.78503860e-02  -2.05309793e-01
    7.71898357e-03  -2.91163707e-03]]
[-0.62728035 -0.09149272 -0.16317159 -0.13764194  0.08697541  0.16987723
  0.20997852 -0.20938385 -0.16888398  0.1263482  -0.20096992  0.1817572
  0.01047981 -0.18847369  0.13686161 -1.50910985  0.24817921 -0.1053801
  0.29011407 -0.42682484  0.43747696 -0.16639009  0.14997442  0.11799334
 -0.00954817 -0.18955109  0.14837296 -0.06321443  0.14792964  0.04364447]
[[ 1.55350506]
 [ 1.28922713]
 [ 1.23942304]
 [ 1.25717306]
 [ 0.45084581]
 [ 1.41270101]
 [ 0.15431377]
 [ 0.68735754]
 [ 1.00342989]
 [ 1.17424679]
 [ 2.05219078]
 [ 1.56128561]
 [ 1.31983316]
 [ 0.973185  ]
 [-0.01361942]
 [ 1.15789366]
 [ 0.61311442]
 [ 0.8384673 ]
 [-1.35100198]
 [-1.84066319]
 [ 0.06871169]
 [ 1.2341336 ]
 [ 1.88369679]
 [ 1.01001   ]
 [-0.05840649]
 [-0.01621946]
 [ 0.51058942]
 [ 0.69954431]
 [ 1.20129728]
 [ 0.85236776]]
[ 0.48359221]
Optimization complete. (with seed: 113) Best validation score of 32.450000 % obtained at iteration 10000, with test performance 33.610000 %
... loading data
... building the model
... training
epoch 1, minibatch 5000/5000, validation error 56.520000 %
     epoch 1, minibatch 5000/5000, test error of best model 55.720000 %
epoch 2, minibatch 5000/5000, validation error 20.540000 %
     epoch 2, minibatch 5000/5000, test error of best model 20.420000 %
epoch 3, minibatch 5000/5000, validation error 7.470000 %
     epoch 3, minibatch 5000/5000, test error of best model 7.490000 %
epoch 4, minibatch 5000/5000, validation error 2.020000 %
     epoch 4, minibatch 5000/5000, test error of best model 1.780000 %
epoch 5, minibatch 5000/5000, validation error 0.480000 %
     epoch 5, minibatch 5000/5000, test error of best model 0.520000 %
epoch 6, minibatch 5000/5000, validation error 0.100000 %
     epoch 6, minibatch 5000/5000, test error of best model 0.100000 %
epoch 7, minibatch 5000/5000, validation error 0.000000 %
     epoch 7, minibatch 5000/5000, test error of best model 0.000000 %
epoch 8, minibatch 5000/5000, validation error 0.000000 %
epoch 9, minibatch 5000/5000, validation error 0.000000 %
epoch 10, minibatch 5000/5000, validation error 0.000000 %
epoch 11, minibatch 5000/5000, validation error 0.000000 %
epoch 12, minibatch 5000/5000, validation error 0.000000 %
epoch 13, minibatch 5000/5000, validation error 0.000000 %
-0.0231360644102
[ 5.]
[[ -3.70541602e-01  -2.62352556e-01   4.64618176e-01   5.71745671e-02
    6.41491771e-01  -3.84697467e-01  -1.23251207e-01   7.37344384e-01
    2.07493037e-01  -1.80527017e-01  -2.17596292e-01  -4.91160862e-02
   -2.87272632e-01  -2.74765402e-01  -1.71491936e-01   7.97625184e-02
    8.20991695e-02   6.77569732e-02   3.30238521e-01   1.60265729e-01
   -1.97427481e-01  -3.66716795e-02   3.74206036e-01   4.95963633e-01
    2.27127507e-01  -1.65375277e-01  -3.10308635e-01   3.31328988e-01
   -2.96187401e-01   2.21511275e-01]
 [ -1.68044508e-01  -1.73915252e-01   2.61537910e-01   1.62524637e-02
    3.07444453e-01   2.81751696e-02   2.05778614e-01   3.67597729e-01
    3.76567185e-01   1.71997711e-01  -7.70178914e-01   2.24203966e-03
   -1.59786403e-01  -3.45096290e-02  -3.30357999e-02   4.23520565e-01
   -5.70251094e-03   4.78416076e-03   9.34294999e-01  -2.24564314e-01
    2.56367534e-01  -1.57084897e-01  -5.92914343e-01   2.67734706e-01
    8.93707667e-03  -1.79489508e-01   5.53319693e-01   9.31883633e-01
   -1.34319067e-01   7.81091511e-01]
 [  3.69550616e-01   2.55984664e-01  -4.65408772e-01  -1.08443968e-01
   -6.43777907e-01  -5.01492679e-01  -1.76307127e-01  -7.40009785e-01
   -2.11703449e-01   1.82297304e-01   2.16454476e-01  -5.16356379e-02
    2.89427578e-01   2.69045919e-01   1.70924008e-01  -7.64890537e-02
   -7.59625901e-03  -4.44137938e-02  -3.35030496e-01  -1.48368478e-01
    1.97904602e-01  -3.49998802e-01  -3.71318579e-01  -4.94380593e-01
   -1.15583323e-01   1.57547399e-01   3.06136250e-01  -3.35014194e-01
    3.00518870e-01  -2.20927566e-01]
 [  1.90015033e-01   4.81980015e-03  -2.33017549e-01  -3.78047749e-02
   -3.13737273e-01   2.45199829e-01   1.19812220e-01  -3.68079692e-01
   -2.02594209e-03   2.44861454e-01  -5.65468252e-01   5.18018939e-03
    1.67745382e-01   1.47924423e-01   5.95574491e-02   3.45119327e-01
    2.50026863e-02   8.74511246e-03   6.20365500e-01  -3.06434482e-01
   -4.26056176e-01  -1.91286564e-01   5.73539793e-01  -2.60278940e-01
    2.30080128e-01  -1.54426351e-01   8.81689310e-01  -8.44418645e-01
    1.38100594e-01   5.67785561e-01]
 [  1.06964314e+00  -1.41438767e-01   5.34699202e-01  -5.55541925e-02
    6.78592622e-01  -4.70648706e-01  -3.47683728e-02   7.29540944e-01
    2.29551300e-01  -1.86660886e-01  -2.16221675e-01  -1.15996143e-02
   -4.41712402e-02  -1.92985907e-01   2.60922611e-01   4.97335680e-02
   -3.87858748e-02  -7.25866184e-02   3.25335741e-01   1.46469027e-01
   -2.10027009e-01  -4.58776951e-02   3.76285970e-01   4.22728956e-01
   -2.10240051e-01  -1.52942359e-01  -3.03372055e-01   3.30877870e-01
   -4.10395920e-01   2.28731081e-01]
 [ -1.91815302e-01   8.09407160e-02   2.41960853e-01   5.66863865e-02
    3.11234683e-01  -1.18014805e-01  -1.47122100e-01   3.69122893e-01
   -3.68086368e-01   3.13151747e-01   4.35636520e-01  -3.52471173e-02
   -1.57172680e-01  -2.73259103e-01  -5.53175658e-02  -3.19210738e-02
   -7.47101568e-03   4.27774881e-04  -6.96883917e-01  -3.50071609e-01
    3.71206671e-01  -1.80146471e-01  -6.90658391e-01   2.55710781e-01
    3.58740590e-03   3.40303510e-01   6.25951529e-01  -7.24555731e-01
   -1.36824787e-01  -4.37661260e-01]
 [  3.70443672e-01   2.56605536e-01  -4.66049105e-01  -5.10650314e-02
   -6.45443797e-01  -5.44377148e-01  -1.66387007e-01  -7.38237321e-01
   -2.09140018e-01   1.81826651e-01   2.12708771e-01  -2.49497369e-02
    2.90372580e-01   2.69404471e-01   1.67584717e-01  -7.41328150e-02
   -4.07982208e-02  -6.12694398e-02  -3.32059562e-01  -1.50047243e-01
    2.00118750e-01   4.15304065e-01  -3.70342225e-01  -4.91633743e-01
   -2.25259662e-01   1.61817297e-01   3.03746849e-01  -3.34689468e-01
    2.97887117e-01  -2.24638700e-01]
 [  1.84857219e-01   5.74394166e-02  -2.35475138e-01   1.13769025e-02
   -3.05234253e-01   1.28702894e-01  -2.66762614e-01  -3.71706396e-01
    1.04743041e-01  -2.89807051e-01  -6.60723269e-01  -7.78040886e-02
    1.44534603e-01   1.76521420e-01   7.79618844e-02   3.25748861e-01
   -1.47370249e-02  -6.91278726e-02  -8.55639696e-01   2.55897790e-01
   -2.81544447e-01   5.09037450e-02   6.53464615e-01  -2.59520262e-01
    2.24268392e-01  -2.50378519e-01  -5.47771096e-01   6.65506303e-01
    1.37687385e-01   6.24258935e-01]
 [ -3.72338891e-01  -2.12241024e-01   3.92417371e-01  -2.61883829e-02
   -8.91587973e-01  -4.22945350e-01  -5.18193953e-02   6.26251578e-01
    1.97319612e-01  -2.02070639e-01  -2.10682198e-01  -6.50282353e-02
   -1.86501220e-01  -2.28740290e-01   6.53880984e-02   6.42298386e-02
   -1.24344252e-01   8.32477883e-02   3.23081553e-01   1.41130105e-01
   -2.21342579e-01   1.14111351e-02   3.98074269e-01   6.27479315e-01
    1.50072947e-01  -1.65345788e-01  -3.11835915e-01   3.20527643e-01
    4.45514321e-01   2.16790199e-01]
 [  6.79616444e-03  -5.93521260e-03   2.18434562e-03  -3.47478569e-01
    2.39685993e-03  -1.34754479e-02   3.58911604e-01   1.69324619e-03
   -7.57804009e-05   4.40240186e-03  -1.95467775e-03  -6.39179945e-01
    1.64646725e-03   8.72200937e-04  -6.46865144e-02   9.13620833e-03
   -2.49130949e-01  -2.70406425e-01   1.32120261e-03   8.87973886e-03
    2.10539275e-03  -2.63928115e-01  -3.30679730e-04  -3.91135365e-03
    2.83737272e-01   7.93634262e-03  -6.04022527e-03   1.20157271e-03
   -1.97739853e-03  -4.08846233e-03]]
[ 0.02454699  0.06222511  0.59131235 -0.12541883 -0.08742038 -0.090321
  0.03272348 -0.08753168 -0.20687732 -0.35025147  1.64907718 -0.63007325
  0.07170177  0.05834495  0.18137044  0.15324409 -0.17645213 -0.15528077
 -0.26861003  0.54051262  0.21266848 -0.2155471  -0.22366205  0.02712739
 -0.06965609 -0.31798479 -1.27212727 -0.21987984  0.09114358 -0.24644487]
[[ 0.62426811]
 [ 1.05118632]
 [-0.95599574]
 [ 0.39849189]
 [ 0.80656344]
 [-0.00264751]
 [ 0.03889503]
 [ 1.28409314]
 [ 1.34664202]
 [ 0.98889703]
 [ 1.25328708]
 [-0.25942829]
 [ 1.52584922]
 [ 1.22310615]
 [ 0.54510403]
 [ 0.39312381]
 [ 0.614829  ]
 [ 0.66599977]
 [ 1.05218661]
 [ 1.04333329]
 [ 1.49988842]
 [ 0.00293623]
 [ 1.28871787]
 [ 1.42256486]
 [-0.00592518]
 [-0.64776838]
 [ 0.83574963]
 [ 0.9722445 ]
 [ 1.34023046]
 [ 1.17469084]]
[ 1.2239213]
Optimization complete. (with seed: 114) Best validation score of 0.000000 % obtained at iteration 35000, with test performance 0.000000 %
