Using gpu device 0: GeForce GTX 980
... loading data
... building the model
... training
epoch 1, minibatch 5000/5000, validation error 84.130000 %
     epoch 1, minibatch 5000/5000, test error of best model 83.880000 %
epoch 2, minibatch 5000/5000, validation error 80.120000 %
     epoch 2, minibatch 5000/5000, test error of best model 80.980000 %
epoch 3, minibatch 5000/5000, validation error 78.170000 %
     epoch 3, minibatch 5000/5000, test error of best model 79.050000 %
epoch 4, minibatch 5000/5000, validation error 74.060000 %
     epoch 4, minibatch 5000/5000, test error of best model 74.520000 %
epoch 5, minibatch 5000/5000, validation error 72.630000 %
     epoch 5, minibatch 5000/5000, test error of best model 72.490000 %
epoch 6, minibatch 5000/5000, validation error 68.690000 %
     epoch 6, minibatch 5000/5000, test error of best model 68.470000 %
epoch 7, minibatch 5000/5000, validation error 72.260000 %
epoch 8, minibatch 5000/5000, validation error 69.520000 %
epoch 9, minibatch 5000/5000, validation error 69.440000 %
epoch 10, minibatch 5000/5000, validation error 69.710000 %
epoch 11, minibatch 5000/5000, validation error 70.900000 %
-27.2001800537
[ 4.]
[[ -2.00864029e+00   6.33487031e-02   1.05391407e+00  -1.61946982e-01
    1.66021156e+00   9.35153604e-01   1.01342475e+00  -4.98566031e-01
    1.42803848e+00   3.21071446e-01  -6.38583183e-01  -1.05777848e+00
    6.15994751e-01   4.56197321e-01  -9.15075958e-01  -1.13615716e+00
   -1.55376649e+00  -6.00994408e-01  -2.90660918e-01   1.06613326e+00
    7.64523029e-01   3.61519814e-01   4.62061048e-01  -1.11440696e-01
   -5.89744985e-01  -1.24576378e+00   6.88867688e-01   1.55653894e+00
   -1.24425507e+00  -3.58302712e-01]
 [ -9.24858212e-01  -2.47755915e-01  -1.55558467e+00   4.42020446e-01
   -2.30786228e+00  -4.57746655e-01  -7.46699452e-01   2.59266472e+00
    1.50038838e+00  -5.12933135e-01  -1.21897340e+00   1.73303640e+00
    3.05651337e-01  -2.94055849e-01  -1.13162565e+00  -3.39183021e+00
   -9.81070876e-01  -2.75289357e-01   6.72003388e-01   3.61886829e-01
   -1.00503695e+00   2.75718999e+00   1.26856077e+00   7.12530494e-01
   -3.04122061e-01  -7.34036684e-01  -1.81932375e-01  -1.35722458e+00
   -8.87568474e-01   2.38002491e+00]
 [  3.03016114e+00   3.10803860e-01  -2.11722064e+00   3.25093985e-01
   -9.68187153e-01  -3.15642089e-01   6.32484019e-01  -1.28207719e+00
    1.56744480e-01   7.63080299e-01  -9.22470212e-01  -1.19975424e+00
   -1.44612396e+00   1.25270391e+00  -1.01814854e+00  -2.08234692e+00
    2.07347202e+00   2.08942160e-01  -9.15233374e-01  -2.26084900e+00
   -1.29119062e+00   2.22229362e+00   1.34937012e+00   7.46819317e-01
   -1.63746417e+00   1.83076775e+00  -1.15975094e+00   1.53470445e+00
    7.82545865e-01   5.36522925e-01]
 [ -2.06488323e+00   2.52750099e-01  -2.01742244e+00   1.25838351e+00
   -1.04389250e+00  -3.04756224e-01   1.33705604e+00   1.91865969e+00
   -1.65960515e+00   2.20381588e-01   1.98658955e+00   2.53507376e+00
   -6.40124381e-01  -4.78819340e-01   7.52640784e-01   3.09356189e+00
    7.74398327e-01  -1.01797485e+00   8.24657857e-01   1.37942123e+00
   -4.90465164e-01  -3.41029239e+00  -1.25534141e+00   1.53022814e+00
   -1.20101440e+00   7.94308662e-01   1.30728412e+00   2.37873173e+00
    4.76975679e-01  -1.45204878e+00]
 [  1.93586624e+00  -8.79486725e-02  -2.48084998e+00  -1.74175537e+00
   -3.09138030e-01  -4.39663380e-01   8.91350925e-01  -2.36468863e+00
    4.12145764e-01  -3.01000327e-01   1.83431172e+00  -1.58323276e+00
    1.88765481e-01  -5.56784570e-01   1.13628995e+00  -1.56363416e+00
   -2.11584210e+00  -4.42840636e-01  -1.34818625e+00  -2.21461630e+00
    2.76390254e-01   2.38277411e+00  -2.06951523e+00  -2.87039220e-01
    2.05232310e+00  -7.88313299e-02  -2.03295708e+00   1.90475035e+00
   -7.14859366e-02   1.51051307e+00]
 [ -1.95249307e+00  -4.03618515e-01   9.83223915e-01   2.87780404e-01
    1.44408989e+00   9.57284153e-01   7.80157626e-01  -7.10729480e-01
   -1.08840311e+00  -6.82262778e-01  -3.84286374e-01  -1.98565948e+00
    1.12831020e+00   1.52218258e+00  -6.05603635e-01  -9.69651878e-01
    1.12496868e-01   8.5The code for file bin-to-dec-vec-10.py ran for 0.92m
9925151e-01  -1.19597006e+00   1.57987142e+00
   -4.08075631e-01   9.77392554e-01   7.74557590e-01  -1.23209685e-01
    3.10167050e+00  -9.44622993e-01   2.20820379e+00   1.33852112e+00
    1.13589168e+00   1.03765154e+00]
 [ -1.23483002e+00  -4.57695007e-01   4.47453648e-01   1.89892793e+00
    1.17352319e+00   6.42527997e-01   2.44230017e-01  -6.78656161e-01
    5.97652555e-01  -3.69117618e-01  -9.87274468e-01  -6.01257086e-01
   -9.75123465e-01  -1.25060391e+00  -5.30521631e-01  -1.04217637e+00
    9.87110198e-01  -7.46452332e-01  -9.54599500e-01   9.62566078e-01
    1.01186872e+00  -2.65532076e-01   4.81894821e-01  -9.28051293e-01
   -5.52008748e-01  -6.51913106e-01   1.27952373e+00   1.20929934e-01
   -8.25530231e-01  -8.00083280e-02]
 [ -8.12367857e-01   7.22643808e-02   1.19657628e-01  -8.11628640e-01
    4.71693486e-01   2.61723902e-03   1.45519882e-01  -7.14305341e-01
    4.34174061e-01  -3.36762369e-01   1.30707741e-01  -5.88689208e-01
   -1.63603413e+00  -1.25366330e+00  -1.28449333e+00   2.08161980e-01
    4.16633725e-01  -1.26446235e+00   1.72734320e-01   9.61026728e-01
    3.40684325e-01   4.81161624e-01  -9.72754955e-02  -1.12561440e+00
   -8.07713032e-01  -2.84767330e-01  -9.40051004e-02   3.08191568e-01
   -4.10330266e-01   7.87997901e-01]
 [  6.72851223e-03  -1.54326454e-01  -2.12980397e-02   1.00135747e-02
    4.49519120e-02  -3.74179333e-02  -1.15406606e-02  -4.97919600e-03
    5.59375063e-03   9.07856878e-03  -2.23412793e-02  -1.40929110e-02
   -6.22373745e-02   3.36352997e-02  -2.68429983e-02   1.22480569e-02
    1.08843833e-01   2.37249397e-02   2.38427278e-02   2.59009516e-03
    7.17761666e-02  -1.28766219e-03   3.42322253e-02  -2.72577517e-02
    5.15320003e-02   1.99589077e-02  -7.99586251e-03   4.03996967e-02
    1.38516640e-02  -6.22007065e-03]
 [  2.49816161e-02  -3.29376489e-01  -3.98461036e-02  -2.01861952e-02
   -6.17396943e-02   2.22062282e-02   7.61178043e-03  -3.79767232e-02
   -1.33227054e-02   1.04128337e-02  -3.71600711e-03  -2.18500365e-02
    6.94979075e-03  -9.92680155e-03   1.53631350e-04   3.38699520e-02
    2.07131933e-02   3.08090765e-02  -8.34434573e-03  -1.30570950e-02
    1.57889724e-02   1.72566809e-02   3.29372808e-02   1.09650828e-02
   -2.28808708e-02   1.22857746e-02  -1.89634059e-02   4.46203072e-03
   -2.82477494e-03  -4.10999218e-03]]
[ 1.02182841 -0.03033199  1.49161792 -0.59575081 -2.28386068 -1.30651033
 -1.17432749  1.19099009  0.00386471  1.13212693 -1.12051368  1.42179787
  0.52064252 -0.21224807 -0.60585886  0.04724061 -0.95744544  0.63258851
  0.53270453  0.85768098 -0.8577401  -3.67909741 -0.81539845  0.6831947
 -0.02812901  1.06754017 -1.30614805 -2.15816379  1.34917665 -1.43207562]
[[ 2.1545577 ]
 [ 0.40261576]
 [ 2.78523755]
 [-1.37971103]
 [-3.16670442]
 [-1.52771974]
 [ 0.82311451]
 [ 1.53114223]
 [ 1.2048775 ]
 [-0.68670559]
 [-1.74805224]
 [ 1.93525136]
 [-1.6923542 ]
 [ 1.33582592]
 [ 2.48536062]
 [ 3.45180988]
 [ 2.00078893]
 [-1.76614594]
 [-1.8093667 ]
 [-1.63499296]
 [ 2.01602387]
 [-2.27802539]
 [ 1.6597954 ]
 [-0.9350881 ]
 [ 1.77374363]
 [-1.0467577 ]
 [ 2.01966047]
 [ 1.44948435]
 [-1.1011641 ]
 [ 1.40045011]]
[-2.56080365]
Optimization complete. (with seed: 106) Best validation score of 68.690000 % obtained at iteration 30000, with test performance 68.470000 %
... loading data
... building the model
... training
epoch 1, minibatch 5000/5000, validation error 75.600000 %
     epoch 1, minibatch 5000/5000, test error of best model 75.080000 %
epoch 2, minibatch 5000/5000, validation error 76.660000 %
-13.6984653473
[ 4.]
[[ -2.69087404e-01   1.32174447e-01   5.17154932e-02  -3.36253732e-01
   -3.17618906e-01  -3.31301510e-01  -1.46768704e-01  -3.91863108e-01
   -7.19944656e-01  -1.05685925e+00   3.98423851e-01   1.82102352e-01
    2.99492687e-01  -2.26670861e-01   4.41672921e-01  -2.14701161e-01
    7.41209626e-01   6.67456090e-01  -5.20555556e-01   1.90546229e-01
   -6.12471223e-01   1.76124886e-01  -3.23728979e-01  -9.10310328e-01
   -4.51869965e-01   3.71522456e-01   5.27713478e-01  -2.43886203e-01
    5.29820800e-01   4.64773387e-01]
 [ -1.49835095e-01   2.50469297e-01   2.73355395e-01   6.87811792e-01
    1.18380237e+00   2.96118379e-01  -4.73703742e-02  -1.38875559e-01
    9.77165639e-01   3.44856429e+00   1.30986238e+00   4.33318079e-01
    1.12708163e+00  -4.61213559e-01   5.50829649e-01   2.33446255e-01
   -5.58431089e-01   2.89967269e-01   1.49932569e-02   1.66065991e-01
   -9.50310007e-02   8.75333726e-01  -3.15243632e-01   3.13824296e+00
   -9.79667664e-01  -9.66296673e-01  -7.18241334e-01  -2.57660467e-02
   -2.56296962e-01  -1.31835067e+00]
 [ -1.38656244e-01  -7.62414094e-03  -2.85699040e-01  -4.96414214e-01
   -6.77672923e-01  -3.46359238e-02   2.85303742e-01  -4.71988320e-01
    1.09878510e-01  -1.96158791e+00   7.96757102e-01   2.61090279e-01
    1.71029305e+00   1.82530239e-01  -1.12493932e+00   3.91836196e-01
   -1.20829904e+00  -3.21274996e-01  -5.28160930e-02   2.99367905e-01
    1.17493796e+00   4.22954112e-01  -2.49978215e-01  -1.98121381e+00
   -7.28775442e-01   7.59667873e-01  -4.50627282e-02   3.88526469e-02
    5.93102396e-01   1.32355261e+00]
 [ -2.50961572e-01  -6.94729313e-02  -2.43844360e-01   2.99368471e-01
    9.90734160e-01   4.06418107e-02  -1.28257781e-01  -2.00898610e-02
    5.75415730e-01   2.96057200e+00  -1.17319524e+00  -3.98404628e-01
   -1.93358195e+00   4.39295948e-01   1.03415751e+00  -3.36471677e-01
   -5.86600184e-01  -2.24155769e-01   1.11442573e-01  -2.23098785e-01
   -6.80261731e-01   9.01702106e-01   1.84458002e-01   2.64116645e+00
    1.23794723e+00  -4.79836166e-01  -4.03625548e-01   1.27268881e-01
    8.56548324e-02  -2.01362896e+00]
 [  1.57388017e-01   2.17377171e-02   1.30190283e-01   4.09073502e-01
   -7.47961283e-01   1.12347953e-01   2.47429654e-01   5.05046427e-01
   -2.51313269e-01  -2.32227802e+00   6.87026262e-01   2.81116992e-01
    1.79257488e+00  -5.51895499e-01  -1.13150227e+00   2.41982967e-01
    6.60972059e-01   8.50089967e-01   1.39638737e-01  -1.02270089e-01
    1.01589859e+00  -1.06393707e+00  -5.16542830e-02  -2.16651464e+00
   -8.66785645e-01  -6.85731590e-01   1.47219181e-01   2.94059873e-01
   -3.23505998e-01   1.48899317e+00]
 [ -1.21381707e-01  -4.27029103e-01  -9.92646068e-02  -1.38220951e-01
   -7.55491018e-01   3.27212721e-01  -2.84250766e-01   5.10705948e-01
   -8.99082780e-01  -1.43432367e+00   3.46041262e-01   5.42093329e-02
    5.84591508e-01   3.36929083e-01   6.22322500e-01   2.15492234e-01
    4.26897258e-01   2.96261385e-02   1.47218481e-01   9.53704119e-02
   -9.83085394e-01   3.47887605e-01   4.46633846e-02  -1.12540483e+00
   -2.51078129e-01   4.14950520e-01   6.70822382e-01  -3.03421926e-04
    3.98831308e-01   9.85884547e-01]
 [ -3.38207781e-01  -3.45327199e-01  -1.75469860e-01  -3.03521842e-01
   -1.99719399e-01  -4.11775351e-01  -1.07928574e-01  -1.75017372e-01
   -4.13191199e-01  -7.57098794e-01   6.55751109e-01   2.07237259e-01
   -1.05368987e-01  -4.91984546e-01   3.57449561e-01   1.76188245e-01
    3.54099423e-01  -5.54569423e-01  -2.17408687e-01   9.58619043e-02
   -3.95353675e-01   4.94979322e-01  -2.24708885e-01  -7.05717146e-01
   -4.97549623e-01   4.05237317e-01   3.24228704e-01  -1.97850645e-01
    3.10876127e-02   1.30493358e-01]
 [ -1.92824572e-01   1.76325560e-01   2.96520114e-01  -9.80326012e-02
   -1.63586438e-01   2.82279730e-01  -1.42968133e-01  -6.88033029e-02
   -3.41822386e-01  -3.01216632e-01  -2.39101890e-03   2.46028863e-02
    1.38589934e-01   1.41420618e-01   2.43695766e-01  -4.43981215e-02
    6.02595471e-02  -5.98980010e-01   3.15313876e-01   1.16564617e-01
   -2.34482720e-01   6.35819137e-02   7.92529210e-02  -2.97232658e-01
   -4.15520258e-02   2.34527308e-02   2.23813504e-01   1.35468408e-01
    1.36400074e-01   2.87053317e-01]
 [ -1.93142816e-01   5.17418534e-02   2.72689521e-01   9.33948252e-03
    3.33889853e-03  -3.93368751e-01   2.70537846e-02   1.16433091e-02
    1.52220987e-02   7.15307891e-03   3.12900543e-02   2.73261815e-02
   -8.55105650e-03  -1.77268405e-02   8.87201950e-02   2.66677551e-02
   -6.98952600e-02   2.31546676e-03  -2.35724419e-01  -1.45209998e-01
    2.48794891e-02  -7.32022375e-02  -3.79892945e-01  -9.412The code for file bin-to-dec-vec-10.py ran for 0.22m
31009e-03
    3.27262543e-02  -8.14718977e-02   4.88800816e-02   1.45080268e-01
   -1.51340971e-02   1.63018156e-03]
 [  2.09976196e-01  -3.73470306e-01  -3.72311562e-01   6.92714155e-02
   -2.10099909e-02  -2.45008573e-01  -1.36170805e-01  -3.27377841e-02
   -1.97186433e-02  -4.53886725e-02  -3.53752915e-03  -1.11941686e-02
    2.11925246e-02  -3.14699905e-03   9.79394931e-03  -3.64278397e-03
   -1.03264973e-01  -1.54701183e-02   4.84252954e-03  -2.31236443e-01
    1.14464425e-02  -2.24648528e-02  -2.07707196e-01  -2.09309645e-02
    2.13647783e-02  -9.45424289e-02   8.05640128e-03   1.13569470e-02
    1.31510915e-02   5.34805395e-02]]
[-0.12032105  0.06808825  0.05638507  0.18080698 -0.35509875 -0.00751094
 -0.11276858  0.0898908   0.01061467  0.3326768  -0.22431237 -0.06722975
 -1.94930971 -0.09621123 -0.34227094  0.17488047 -0.07769641  0.02337347
 -0.12997681 -0.0322695  -0.00244267 -1.29129493 -0.07021324 -0.75528246
 -0.01212585 -0.24710989 -0.05521635  0.08744937  0.01787157 -1.18736887]
[[-0.36467025]
 [-0.11800206]
 [-0.04176323]
 [-0.72472757]
 [-1.77135801]
 [ 0.05205081]
 [-0.36827779]
 [ 0.6198163 ]
 [ 1.34538758]
 [ 3.75397086]
 [ 1.28890049]
 [ 0.37918699]
 [-2.48651361]
 [ 0.688039  ]
 [ 1.39234519]
 [ 0.22773069]
 [-1.38193333]
 [ 0.93918806]
 [-0.28796452]
 [ 0.11500527]
 [ 1.27769244]
 [-1.38128424]
 [-0.2527014 ]
 [-4.64726019]
 [ 1.84896123]
 [-1.23697245]
 [ 0.78609598]
 [ 0.03188688]
 [ 0.4621239 ]
 [ 2.75462222]]
[ 0.26497617]
Optimization complete. (with seed: 107) Best validation score of 75.600000 % obtained at iteration 5000, with test performance 75.080000 %
... loading data
... building the model
... training
epoch 1, minibatch 5000/5000, validation error 86.160000 %
     epoch 1, minibatch 5000/5000, test error of best model 86.350000 %
epoch 2, minibatch 5000/5000, validation error 81.040000 %
     epoch 2, minibatch 5000/5000, test error of best model 81.120000 %
epoch 3, minibatch 5000/5000, validation error 80.260000 %
     epoch 3, minibatch 5000/5000, test error of best model 80.240000 %
epoch 4, minibatch 5000/5000, validation error 77.450000 %
     epoch 4, minibatch 5000/5000, test error of best model 77.410000 %
epoch 5, minibatch 5000/5000, validation error 73.180000 %
     epoch 5, minibatch 5000/5000, test error of best model 73.080000 %
epoch 6, minibatch 5000/5000, validation error 71.860000 %
     epoch 6, minibatch 5000/5000, test error of best model 73.370000 %
epoch 7, minibatch 5000/5000, validation error 69.020000 %
     epoch 7, minibatch 5000/5000, test error of best model 69.960000 %
epoch 8, minibatch 5000/5000, validation error 62.770000 %
     epoch 8, minibatch 5000/5000, test error of best model 64.760000 %
epoch 9, minibatch 5000/5000, validation error 60.470000 %
     epoch 9, minibatch 5000/5000, test error of best model 60.450000 %
epoch 10, minibatch 5000/5000, validation error 58.970000 %
     epoch 10, minibatch 5000/5000, test error of best model 59.260000 %
epoch 11, minibatch 5000/5000, validation error 57.550000 %
     epoch 11, minibatch 5000/5000, test error of best model 58.090000 %
epoch 12, minibatch 5000/5000, validation error 58.460000 %
epoch 13, minibatch 5000/5000, validation error 58.030000 %
epoch 14, minibatch 5000/5000, validation error 56.640000 %
     epoch 14, minibatch 5000/5000, test error of best model 57.020000 %
epoch 15, minibatch 5000/5000, validation error 55.290000 %
     epoch 15, minibatch 5000/5000, test error of best model 54.920000 %
epoch 16, minibatch 5000/5000, validation error 53.430000 %
     epoch 16, minibatch 5000/5000, test error of best model 53.240000 %
epoch 17, minibatch 5000/5000, validation error 53.900000 %
epoch 18, minibatch 5000/5000, validation error 55.420000 %
epoch 19, minibatch 5000/5000, validation error 58.780000 %
epoch 20, minibatch 5000/5000, validation error 52.710000 %
     epoch 20, minibatch 5000/5000, test error of best model 53.280000 %
epoch 21, minibatch 5000/5000, validation error 50.270000 %
     epoch 21, minibatch 5000/5000, test error of best model 50.490000 %
epoch 22, minibatch 5000/5000, validation error 52.010000 %
epoch 23, minibatch 5000/5000, validation error 53.690000 %
epoch 24, minibatch 5000/5000, validation error 55.240000 %
epoch 25, minibatch 5000/5000, validation error 57.670000 %
epoch 26, minibatch 5000/5000, validation error 60.680000 %
epoch 27, minibatch 5000/5000, validation error 61.680000 %
epoch 28, minibatch 5000/5000, validation error 62.400000 %
epoch 29, minibatch 5000/5000, validation error 58.720000 %
epoch 30, minibatch 5000/5000, validation error 59.330000 %
epoch 31, minibatch 5000/5000, validation error 59.620000 %
epoch 32, minibatch 5000/5000, validation error 59.730000 %
epoch 33, minibatch 5000/5000, validation error 58.520000 %
epoch 34, minibatch 5000/5000, validation error 57.940000 %
epoch 35, minibatch 5000/5000, validation error 58.970000 %
epoch 36, minibatch 5000/5000, validation error 59.920000 %
epoch 37, minibatch 5000/5000, validation error 59.350000 %
epoch 38, minibatch 5000/5000, validation error 59.700000 %
epoch 39, minibatch 5000/5000, validation error 59.400000 %
epoch 40, minibatch 5000/5000, validation error 59.390000 %
epoch 41, minibatch 5000/5000, validation error 59.600000 %
-27.6188774109
[ 4.]
[[  3.05655420e-01  -4.71312374e-01   1.11199319e+00  -1.18654037e+00
    1.05395071e-01  -1.14088154e+00  -1.22031605e+00   5.46055675e-01
   -1.61365700e+00  -1.83807850e+00  -1.66861296e+00  -4.12982047e-01
    1.40591550e+00   2.13035613e-01  -4.26707476e-01   2.15098929e+00
    6.50755912e-02  -2.39535141e+00  -3.44927371e-01   7.55604804e-01
    3.46042097e-01  -1.82240713e+00   1.52090764e+00  -6.08397067e-01
    1.22786082e-01   6.96301401e-01  -9.32029784e-02  -2.09488225e+00
   -1.48785377e+00   9.45862234e-01]
 [ -2.76816964e+00  -7.97448277e-01  -1.40530527e+00   2.31202245e+00
    3.20764184e-01   4.75794840e+00   2.13091636e+00  -1.47804356e+00
   -8.20810497e-01   6.88007891e-01  -9.23049986e-01  -2.58489966e-01
    6.27598882e-01  -1.65655470e+00  -2.44927168e-01  -1.76068330e+00
   -3.78203630e-01   1.47592103e+00   3.40030527e+00  -2.63249302e+00
   -6.67206705e-01  -1.37765110e+00  -3.45826149e-01  -3.32623571e-01
   -2.09386301e+00  -4.04531211e-02   1.49668619e-01  -5.84754884e-01
    5.22434282e+00   7.37641454e-01]
 [  1.95767283e+00  -1.62446070e+00  -1.69623780e+00  -1.29943800e+00
   -1.86733675e+00  -2.95643759e+00  -1.80067348e+00  -8.65993857e-01
    3.18791485e+00   9.35253859e-01   4.33717459e-01  -3.85315806e-01
   -4.96454924e-01   1.41298473e+00  -1.04285312e+00  -1.39796352e+00
    1.59223035e-01   8.50197017e-01  -2.69713163e+00   1.73585796e+00
    7.08843827e-01   1.87852132e+00  -6.73396170e-01  -2.57679731e-01
    1.51578486e+00   6.71147943e-01  -3.23724508e-01   3.67989326e+00
   -3.68815184e+00   5.61307490e-01]
 [  1.09269476e+00   1.93865943e+00  -1.15749907e+00  -2.01228070e+00
   -1.38317323e+00   3.76795077e+00   8.50808561e-01  -3.75270516e-01
   -1.27673519e+00  -1.28792286e+00   7.00832009e-01  -1.73597157e+00
   -7.26027712e-02   1.44554949e+00  -5.13042271e-01  -7.12782443e-01
    9.91468504e-02   9.38747883e-01   1.20775342e+00  -1.17253065e+00
    4.12294967e-03   5.99044383e-01   9.06445503e-01  -3.56515348e-01
    3.46724391e-01  -6.82078838e-01  -1.83680847e-01  -2.03026032e+00
    4.72960377e+00  -8.59715581e-01]
 [  1.40017092e+00  -1.80072153e+00  -6.62161410e-01  -1.88498783e+00
   -2.44460881e-01  -3.36767673e+00  -1.56920385e+00   1.12996900e+00
    2.07038045e+00   1.64918220e+00  -1.07828630e-02   8.98778617e-01
    2.09314895e+00   1.60142064e+00  -8.13352823e-01   4.58915979e-01
   -2.03346357e-01  -2.25026816e-01  -3.32879901e+00   1.73655057e+00
   -3.65453154e-01  -1.14563107e+00  -1.14544928e+00   1.28923193e-01
    7.47967958e-01  -4.60746437e-01   3.43056709e-01   2.80114007e+00
   -4.17043924e+00   1.85576999e+00]
 [  8.69756579e-01  -5.22832930e-01  -1.33187711e-01  -2.35770822e-01
    1.72376895e+00  -1.73274601e+00  -3.74475360e-01  -1.16991544e+00
   -2.39468646e+00  -1.13219762e+00   2.52511263e+00   5.04051685e-01
   -2.38810122e-01   1.05993307e+00   1.10758686The code for file bin-to-dec-vec-10.py ran for 4.53m
e+00   5.89391589e-01
    5.34227639e-02   1.59189188e+00  -1.25997698e+00   1.48438096e+00
   -2.71283425e-02  -7.56304681e-01   1.23688698e+00   1.27808288e-01
    8.82521272e-01  -4.03513491e-01   1.30889460e-01  -2.55814457e+00
   -2.41935372e+00  -9.52376187e-01]
 [  5.49672425e-01  -2.19210461e-01  -3.74486893e-02   5.62654398e-02
   -1.16005290e+00  -1.37228453e+00  -1.08010840e+00   1.07678461e+00
   -4.53448147e-01   1.66223705e+00  -5.74293733e-01  -1.64093053e+00
   -9.51956570e-01  -8.09939981e-01  -1.45707047e+00   9.52457190e-01
    2.32925817e-01  -1.32555079e+00  -2.21963376e-01   9.39426780e-01
    3.47126812e-01   1.58491719e+00   4.22113329e-01  -5.09797573e-01
    1.00166833e+00   1.78197730e+00   6.37469143e-02  -9.00069296e-01
   -1.23597419e+00   2.09959221e+00]
 [  2.38797441e-01  -1.38140306e-01   7.11381793e-01  -7.92344511e-02
    1.54702795e+00  -5.69968283e-01  -1.01548517e+00  -7.32873678e-01
   -1.04327834e+00   2.00914487e-01  -5.84568560e-01   1.27320158e+00
   -8.87684941e-01   3.71028006e-01   4.10669178e-01   2.94905484e-01
    1.79730281e-01  -6.70536041e-01  -2.57709980e-01  -2.89926350e-01
    4.06424612e-01   5.72796047e-01  -7.02487767e-01   7.38723993e-01
   -4.74266291e-01  -1.09617388e+00   2.47588530e-01  -9.93747473e-01
   -5.76973498e-01  -6.32964432e-01]
 [ -3.51486802e-02  -8.50511622e-03  -8.03514570e-03   6.09252416e-02
    1.45631535e-02  -2.12375373e-02   7.92783201e-02  -4.23736162e-02
   -4.24054600e-02   2.88171638e-02   1.05990609e-02  -6.31091511e-03
   -7.44686797e-02   2.54747234e-02  -1.20834745e-02  -2.81117968e-02
   -6.65061325e-02   2.29515340e-02   2.40463354e-02  -1.83370691e-02
   -2.32916861e-03   2.31381655e-01   1.52129298e-02  -7.13272318e-02
    1.03182212e-01  -3.68440598e-02   1.71980977e-01  -1.45710381e-02
   -6.51090294e-02  -3.73246297e-02]
 [ -1.19719738e-02   6.53510401e-03   1.45233274e-02   6.65495824e-03
    2.60671750e-02   6.62719831e-03   5.76088903e-03   1.31370025e-02
   -3.02152634e-02  -1.67048890e-02  -1.09994235e-02  -1.77084524e-02
   -9.78517998e-03  -3.37896745e-05   5.51166991e-03  -2.97887102e-02
   -2.63313465e-02   1.17813461e-02  -1.57643855e-02   1.69397984e-02
   -6.28509047e-03  -2.11947685e-04   3.64462670e-04   4.09086347e-02
   -1.13889761e-02   2.37617176e-03  -3.44786823e-01  -1.79938283e-02
    1.31588639e-03   2.91969590e-02]]
[ -2.51444960e+00   2.74808860e+00   6.98260307e-01   2.96637118e-01
  -1.33730501e-01  -7.82024741e-01   1.94268036e+00   3.26500572e-02
  -7.86996067e-01   5.37729979e-01  -1.33853927e-01   1.01152527e+00
  -1.78317702e+00  -8.04269731e-01   8.70874047e-01  -2.28032041e+00
   6.32778183e-02  -6.22541189e-01  -4.04929042e-01  -2.01909041e+00
  -3.58632840e-02  -5.05785227e-01  -6.71759248e-01   4.12271202e-01
  -1.79184687e+00   9.24867749e-01  -7.48052895e-02   2.08143028e-03
   9.06180978e-01  -3.79623622e-01]
[[-1.98279715]
 [-1.45678174]
 [ 1.72859275]
 [ 2.11012006]
 [ 1.53003097]
 [-3.23740172]
 [ 1.34767091]
 [ 1.53742766]
 [-3.10735393]
 [-1.4581238 ]
 [ 1.34906983]
 [-1.48380828]
 [-1.99550033]
 [ 1.16900957]
 [-1.49326217]
 [-2.62612581]
 [ 0.25531331]
 [-1.56603658]
 [-1.99121308]
 [ 1.94267642]
 [ 0.65132523]
 [ 1.63191724]
 [ 0.94665325]
 [ 1.00961447]
 [-1.53517425]
 [-1.04388893]
 [ 0.42020434]
 [ 2.99330902]
 [ 3.25195289]
 [ 1.23872757]]
[ 0.97816432]
Optimization complete. (with seed: 108) Best validation score of 50.270000 % obtained at iteration 105000, with test performance 50.490000 %
... loading data
... building the model
... training
epoch 1, minibatch 5000/5000, validation error 86.560000 %
     epoch 1, minibatch 5000/5000, test error of best model 85.620000 %
epoch 2, minibatch 5000/5000, validation error 83.370000 %
     epoch 2, minibatch 5000/5000, test error of best model 84.300000 %
epoch 3, minibatch 5000/5000, validation error 79.490000 %
     epoch 3, minibatch 5000/5000, test error of best model 79.860000 %
epoch 4, minibatch 5000/5000, validation error 77.480000 %
     epoch 4, minibatch 5000/5000, test error of best model 77.860000 %
epoch 5, minibatch 5000/5000, validation error 70.540000 %
     epoch 5, minibatch 5000/5000, test error of best model 71.050000 %
epoch 6, minibatch 5000/5000, validation error 69.570000 %
     epoch 6, minibatch 5000/5000, test error of best model 69.310000 %
epoch 7, minibatch 5000/5000, validation error 69.500000 %
     epoch 7, minibatch 5000/5000, test error of best model 69.620000 %
epoch 8, minibatch 5000/5000, validation error 69.210000 %
     epoch 8, minibatch 5000/5000, test error of best model 69.210000 %
epoch 9, minibatch 5000/5000, validation error 65.300000 %
     epoch 9, minibatch 5000/5000, test error of best model 65.540000 %
epoch 10, minibatch 5000/5000, validation error 65.270000 %
     epoch 10, minibatch 5000/5000, test error of best model 65.340000 %
epoch 11, minibatch 5000/5000, validation error 63.890000 %
     epoch 11, minibatch 5000/5000, test error of best model 63.760000 %
epoch 12, minibatch 5000/5000, validation error 62.250000 %
     epoch 12, minibatch 5000/5000, test error of best model 61.860000 %
epoch 13, minibatch 5000/5000, validation error 60.550000 %
     epoch 13, minibatch 5000/5000, test error of best model 60.290000 %
epoch 14, minibatch 5000/5000, validation error 60.010000 %
     epoch 14, minibatch 5000/5000, test error of best model 59.270000 %
epoch 15, minibatch 5000/5000, validation error 61.670000 %
epoch 16, minibatch 5000/5000, validation error 60.510000 %
epoch 17, minibatch 5000/5000, validation error 60.690000 %
epoch 18, minibatch 5000/5000, validation error 61.040000 %
epoch 19, minibatch 5000/5000, validation error 61.080000 %
epoch 20, minibatch 5000/5000, validation error 61.140000 %
epoch 21, minibatch 5000/5000, validation error 61.280000 %
epoch 22, minibatch 5000/5000, validation error 59.630000 %
     epoch 22, minibatch 5000/5000, test error of best model 59.060000 %
epoch 23, minibatch 5000/5000, validation error 59.070000 %
     epoch 23, minibatch 5000/5000, test error of best model 58.570000 %
epoch 24, minibatch 5000/5000, validation error 58.880000 %
     epoch 24, minibatch 5000/5000, test error of best model 58.320000 %
epoch 25, minibatch 5000/5000, validation error 57.720000 %
     epoch 25, minibatch 5000/5000, test error of best model 57.470000 %
epoch 26, minibatch 5000/5000, validation error 58.030000 %
epoch 27, minibatch 5000/5000, validation error 58.330000 %
epoch 28, minibatch 5000/5000, validation error 58.630000 %
epoch 29, minibatch 5000/5000, validation error 59.460000 %
epoch 30, minibatch 5000/5000, validation error 58.770000 %
epoch 31, minibatch 5000/5000, validation error 59.340000 %
epoch 32, minibatch 5000/5000, validation error 58.460000 %
epoch 33, minibatch 5000/5000, validation error 58.580000 %
epoch 34, minibatch 5000/5000, validation error 57.980000 %
epoch 35, minibatch 5000/5000, validation error 58.590000 %
epoch 36, minibatch 5000/5000, validation error 58.760000 %
epoch 37, minibatch 5000/5000, validation error 59.690000 %
epoch 38, minibatch 5000/5000, validation error 60.490000 %
epoch 39, minibatch 5000/5000, validation error 60.740000 %
epoch 40, minibatch 5000/5000, validation error 60.790000 %
epoch 41, minibatch 5000/5000, validation error 59.620000 %
epoch 42, minibatch 5000/5000, validation error 59.450000 %
epoch 43, minibatch 5000/5000, validation error 60.300000 %
epoch 44, minibatch 5000/5000, validation error 59.860000 %
epoch 45, minibatch 5000/5000, validation error 58.860000 %
epoch 46, minibatch 5000/5000, validation error 58.410000 %
epoch 47, minibatch 5000/5000, validation error 58.800000 %
epoch 48, minibatch 5000/5000, validation error 59.400000 %
epoch 49, minibatch 5000/5000, validation error 59.960000 %
-28.5043048859
[ 4.]
[[  1.66935563e+00  -1.20952451e+00   2.29419851e+00  -9.81757522e-01
    1.85375440e+00  -3.25487882e-01   7.15667188e-01   2.15713429e+00
   -2.35728741e+00  -9.19502020e-01  -1.50959826e+00  -6.01303160e-01
    1.79527807e+00   1.70242810e+00   3.63530487e-01   2.13966417e+00
   -9.47904825e-01   1.31186754e-01  -2.17803106e-01  -1.68814147e+00
    7.68609345e-01   8.37890506e-02  -5.78190684e-01  -2.38770461e+00
    1.12003446e+00  -2.56908864e-01   9.55209062e-02  -1.01094604e+00
    1.59013331e+00   1.70079440e-01]
 [  8.43099177e-01   2.48527670e+00   1.62284732e+00   6.90089226e-01
   -7.12432802e-01   4.23790026e+00  -3.69105172e+00   1.56071901e+00
    6.41422153e-01  -1.03632712e+00   1.60084933e-01   1.63021839e+00
   -2.80914879e+00  -1.45820415e+00   2.30693483e+00  -2.05831361e+00
    3.35508275e+00  -3.54683876e+00   4.44470435e-01   1.19066989e+00
    5.60365140e-01  -4.74929780e-01   3.29703188e+00  -1.26740646e+00
   -1.30201221e+00  -1.03161752e-01  -1.87137735e+00  -1.62282944e+00
   -2.83643675e+00  -2.57359147e-01]
 [ -2.09863162e+00  -2.35261965e+00   3.60782817e-02  -1.34196103e-01
   -3.16038609e+00  -1.83660877e+00   1.41887856e+00  -1.73086715e+00
    1.04560614e+00  -1.34951138e+00   2.29240394e+00  -8.72127175e-01
    1.81125486e+00   1.69026518e+00   1.96629274e+00  -1.31673574e+00
   -2.18607044e+00   2.96475720e+00  -2.24931455e+00   1.11692655e+00
    6.48994744e-02  -1.50137031e+00  -1.94755793e+00   2.06921530e+00
   -9.99477804e-01   2.32046223e+00   1.38524818e+00  -5.69145143e-01
    1.22493356e-01  -2.07782179e-01]
 [ -7.05231667e-01   1.48577762e+00  -5.65814316e-01  -1.05171120e+00
    5.31560063e-01   1.62097943e+00  -2.86298847e+00  -9.57641602e-02
    2.25174665e+00  -1.68598592e+00  -9.38262641e-01   1.68467772e+00
   -1.72602069e+00   1.43956590e+00  -1.32603943e+00  -6.86407685e-01
   -2.35223913e+00  -3.36732006e+00  -1.07290649e+00   9.06915069e-01
   -1.49548316e+00   4.37016487e-01   2.54319215e+00  -1.94472480e+00
    1.13397062e+00   2.30980921e+00   1.32048345e+00  -5.08131564e-01
   -1.55874693e+00  -1.81789547e-01]
 [  1.25326896e+00  -1.63666582e+00  -2.37376526e-01   4.96587753e-01
   -2.00234175e+00  -2.62279391e+00   1.22361648e+00   2.16796303e+00
    8.38136017e-01   1.83389616e+00   4.27419633e-01  -1.49332726e+00
    2.74909210e+00   2.98573852e-01  -1.28265190e+00  -5.58812082e-01
   -2.25823808e+00   3.20961070e+00   2.37313795e+00   9.89838541e-01
   -1.29766226e+00   1.41948211e+00  -2.50394917e+00   2.83295918e+00
   -1.31980336e+00  -1.13917363e+00  -8.84344459e-01   4.56990957e-01
    9.44936752e-01  -1.84950262e-01]
 [  1.10581803e+00  -9.55587208e-01  -2.67383122e+00   1.73872089e+00
    4.13670242e-01  -1.72057569e+00   5.50380707e-01   2.74004877e-01
   -7.70355463e-01  -1.63026810e+00  -6.82965398e-01  -1.12378943e+00
    7.91919529e-01   1.83493346e-01   9.10079300e-01  -1.13900590e+00
   -1.28873420e+00   2.07793689e+00   2.09580350e+00   1.74006057e+00
   -2.73742974e-01   1.98170543e-01  -1.28945398e+00   3.65680122e+00
    7.62574434e-01  -1.14029026e+00  -1.78238201e+00   5.86360037e-01
    1.99481833e+00   1.11409485e-01]
 [ -1.37012959e+00   5.30868649e-01   1.70083630e+00  -1.60640144e+00
    1.06561100e+00  -1.91939914e+00   1.00998819e+00  -1.41666961e+00
    1.50376642e+00  -5.19937456e-01  -1.31948292e+00  -4.31197822e-01
    1.04823828e+00  -1.89465392e+00   5.24867177e-01   1.34363961e+00
   -6.21972740e-01   5.22235155e-01  -6.92793131e-01  -1.58308971e+00
    2.14113760e+00   1.13187194e+00  -7.95716226e-01  -1.50363326e+00
    9.46209669e-01   1.73679873e-01  -4.56673533e-01   3.85902941e-01
    1.86327016e+00  -1.83636442e-01]
 [ -1.74672186e+00   1.18884720e-01   5.43526888e-01   6.45372331e-01
    1.13741648e+00  -6.81689322e-01  -1.07156061e-01  -1.00292730e+00
    6.56826496e-01  -3.34982097e-01   3.59030098e-01  -2.58761585e-01
    7.17380404e-01  -1.68820643e+00  -4.23740059e-01   7.35891938e-01
   -3.92663181e-01   1.09642541e+00  -1.08222008e+00  -5.01607776e-01
    1.47113073e+00   6.68563247e-01  -2.79925466e-01   9.26296860e-02
   -5.62582970e-01  -4.46194440e-01   3.39936703e-01  -5.13695776e-01
    1.13234258e+00   2.31927056e-02]
 [ -9.80005711e-02  -3.85190430e-03   3.35382521e-02   6.54954137e-03
    2.65011955e-02   8.55260156e-03  -3.69610488e-02  -1.68345317e-01
    1.50504736e-02   7.71984365e-03   2.31737942e-02   1.29873395e-01
   -1.57851130e-02  -8.13548360e-03   5.61732501eThe code for file bin-to-dec-vec-10.py ran for 5.38m
-02   1.04737906e-02
   -1.44330459e-02   3.63252386e-02   4.73258160e-02   1.83859970e-02
    6.97311834e-02  -7.35947639e-02  -4.82332036e-02  -2.53391475e-03
   -6.08139597e-02  -3.24106999e-02   2.57222075e-02  -6.32370962e-03
    6.02851249e-03  -5.76227084e-02]
 [ -1.33283623e-02  -3.58272553e-03  -4.84590000e-03  -5.25209820e-03
   -3.35442089e-02   1.20979105e-03   2.07285564e-02   2.14116592e-02
    6.34836080e-03   2.73021124e-03   3.23963119e-03   1.22397644e-02
   -2.45019160e-02  -9.38577112e-03   4.70095361e-03  -2.48384140e-02
    1.17184536e-03   2.91712154e-02  -6.81992108e-03   3.51616618e-04
   -4.16228395e-05  -3.15242005e-03  -1.46164419e-02   2.58219745e-02
   -6.65243622e-03  -5.11791976e-03   7.75540771e-04   3.53528245e-04
   -1.38449762e-02  -2.78671831e-01]]
[-0.40352443 -1.01498938 -1.68083644 -0.21756849  0.66716999  0.2952548
  0.36970666 -0.50137699 -0.96221721  0.18932599 -0.03398298  0.43272263
 -0.80476791 -0.31574023 -2.16079569  1.25313902  0.43379894 -2.67378139
 -0.33090505 -0.06616385 -1.39490426 -1.50060284  0.26755682 -0.2504712
 -2.78279543 -2.23879576  1.29886818  0.71309662 -0.76628089 -0.12332284]
[[-1.76563406]
 [-2.26262736]
 [ 1.60017622]
 [ 1.17299044]
 [ 1.53120494]
 [-2.72053647]
 [ 1.45700216]
 [ 1.36246824]
 [ 1.31137168]
 [ 2.93499279]
 [ 1.13612819]
 [ 1.17911875]
 [-1.73730624]
 [ 1.34645784]
 [ 1.50259233]
 [-1.27049172]
 [ 3.21448326]
 [ 2.06065059]
 [ 1.39900053]
 [ 1.18537986]
 [-1.32007325]
 [-1.04721105]
 [ 2.04154515]
 [-1.9642731 ]
 [-3.43872023]
 [-2.12209272]
 [ 1.22577083]
 [ 1.22707665]
 [ 1.70328486]
 [-0.25102723]]
[-4.61146545]
Optimization complete. (with seed: 109) Best validation score of 57.720000 % obtained at iteration 125000, with test performance 57.470000 %
... loading data
... building the model
... training
epoch 1, minibatch 5000/5000, validation error 80.280000 %
     epoch 1, minibatch 5000/5000, test error of best model 79.910000 %
epoch 2, minibatch 5000/5000, validation error 74.670000 %
     epoch 2, minibatch 5000/5000, test error of best model 74.710000 %
epoch 3, minibatch 5000/5000, validation error 73.090000 %
     epoch 3, minibatch 5000/5000, test error of best model 73.060000 %
epoch 4, minibatch 5000/5000, validation error 72.670000 %
     epoch 4, minibatch 5000/5000, test error of best model 72.460000 %
epoch 5, minibatch 5000/5000, validation error 70.030000 %
     epoch 5, minibatch 5000/5000, test error of best model 69.520000 %
epoch 6, minibatch 5000/5000, validation error 68.330000 %
     epoch 6, minibatch 5000/5000, test error of best model 67.640000 %
epoch 7, minibatch 5000/5000, validation error 69.430000 %
epoch 8, minibatch 5000/5000, validation error 68.960000 %
epoch 9, minibatch 5000/5000, validation error 67.090000 %
     epoch 9, minibatch 5000/5000, test error of best model 67.410000 %
epoch 10, minibatch 5000/5000, validation error 68.340000 %
epoch 11, minibatch 5000/5000, validation error 69.760000 %
epoch 12, minibatch 5000/5000, validation error 69.140000 %
epoch 13, minibatch 5000/5000, validation error 70.250000 %
epoch 14, minibatch 5000/5000, validation error 71.350000 %
epoch 15, minibatch 5000/5000, validation error 70.040000 %
epoch 16, minibatch 5000/5000, validation error 70.560000 %
epoch 17, minibatch 5000/5000, validation error 66.760000 %
     epoch 17, minibatch 5000/5000, test error of best model 67.670000 %
-41.9934501648
[ 4.]
[[ -7.60561585e-01  -1.84968448e+00   1.30467749e+00  -4.87701774e-01
    1.12279391e+00   1.17565639e-01   1.48301125e+00   9.38668489e-01
    1.15010214e+00  -5.68896472e-01   3.68358463e-01  -9.43313658e-01
   -2.33029246e+00  -6.01517379e-01  -6.99649751e-02   1.14040470e+00
   -1.06600487e+00   2.01548532e-01  -5.63702524e-01  -7.07278848e-01
   -9.28232610e-01  -6.31476641e-01   1.06550205e+00  -5.81171870e-01
   -1.56478906e+00  -9.17881548e-01  -1.04303384e+00   5.97531796e-01
    2.43814543e-01   2.65343815e-01]
 [  3.47785372e-03  -7.85719454e-02  -8.26787353e-01   6.39926970e-01
   -1.64703667e+00   9.97047007e-01  -1.30356288e+00  -2.41690564e+00
   -1.56495166e+00  -1.18869698e+00  -8.18317950e-01  -7.17405438e-01
   -9.70734239e-01   3.55287671e+00  -9.13654387e-01  -2.72287178e+00
    5.91110289e-01   6.02729991e-03  -2.13132429e+00   1.61371684e+00
   -6.21937811e-01   1.63027656e+00   9.19363618e-01   1.49546731e+00
    5.82430172e+00  -1.99426568e+00   4.40980864e+00  -7.42076635e-01
    1.07410192e+00   2.31691916e-02]
 [  1.16280794e+00   3.60599828e+00   1.66534591e+00  -3.03485274e-01
   -1.37659407e+00  -1.97722569e-01   6.73651397e-01   6.94354236e-01
    1.54972410e+00  -1.88025379e+00   2.52454311e-01   3.09943467e-01
    4.57968903e+00  -2.19172406e+00   4.59956825e-01   2.40788889e+00
   -8.73492658e-01   4.78709966e-01   2.11041403e+00  -4.47583050e-01
    8.54060590e-01  -1.08763647e+00   2.61316872e+00  -1.16933680e+00
   -3.57831359e+00  -1.73017764e+00  -2.73768210e+00   1.32987404e+00
   -1.29082000e+00   1.26134574e+00]
 [ -5.11888683e-01  -7.67230093e-01  -2.79357409e+00  -3.93099576e-01
   -9.12697077e-01  -5.04794717e-01  -5.24109960e-01  -1.09914267e+00
   -2.23026466e+00   9.21154261e-01   1.32393107e-01   5.80478787e-01
   -2.04536819e+00   2.89588070e+00  -1.94849610e+00  -1.04823685e+00
    2.22018027e+00  -2.88004249e-01  -7.04096198e-01   1.67596161e+00
   -1.25533953e-01   1.43764746e+00  -3.34932351e+00   1.31960189e+00
    4.73855257e+00   2.07962465e+00   3.81782317e+00  -3.90172690e-01
   -1.58207273e+00  -5.19138396e-01]
 [  6.11594558e-01   2.05739427e+00   2.15589333e+00   1.67289197e+00
    3.98435980e-01   9.10791814e-01  -7.10705161e-01   9.32890713e-01
    1.21809435e+00  -1.30248570e+00  -8.94286513e-01  -1.51848292e+00
    3.24346852e+00  -2.35857868e+00   1.33830249e+00  -1.57917798e+00
   -3.09885889e-01  -3.36171567e-01   1.54844844e+00  -8.42245221e-01
   -3.11164171e-01  -9.99439597e-01   2.97730923e+00  -9.44515109e-01
   -4.19879580e+00  -1.50788236e+00  -3.00986242e+00  -5.57580709e-01
   -1.58061910e+00  -3.71533960e-01]
 [ -1.08309233e+00  -1.47275877e+00   1.58510113e+00   7.84663498e-01
    1.34461141e+00   1.08381689e+00  -8.05762887e-01   1.48564923e+00
    1.26008761e+00  -1.35710955e+00  -1.06215894e+00  -7.18557835e-02
   -2.89856672e+00  -1.21672630e+00   7.27053940e-01   3.30873609e-01
   -1.05486885e-01   2.32995927e-01  -1.48719966e+00  -1.20773304e+00
   -6.19089484e-01  -6.89772964e-01   1.72218347e+00  -7.51143277e-01
   -2.31695557e+00  -9.05130565e-01  -1.42787230e+00  -5.05815446e-01
   -3.94777246e-02   1.46505952e+00]
 [  2.05735043e-01  -1.16465390e+00   6.47096455e-01   1.19489408e+00
    1.08898938e+00  -1.51979136e+00  -7.25338995e-01   1.28200531e+00
    2.26657659e-01  -2.72183657e-01   1.05391562e+00   8.65026951e-01
   -1.32362080e+00  -5.76213419e-01  -1.07023633e+00   7.14256883e-01
    1.17423880e+00  -2.98569947e-01   1.75817296e-01   1.78905383e-01
   -7.83961654e-01  -2.57752031e-01   4.45217371e-01  -3.83073092e-01
   -1.43485820e+00  -8.72321725e-01  -8.64205182e-01   4.25619304e-01
   -5.53793192e-01  -7.83685923e-01]
 [ -4.08930480e-01  -1.04455936e+00   8.36122155e-01  -4.22973782e-01
    4.91959184e-01   1.51819229e+00  -4.37188625e-01   1.02576494e+00
   -5.50574437e-02   2.99283117e-01  -6.18460119e-01   1.53870654e+00
   -1.28352892e+00  -3.87639493e-01   9.30909038e-01   1.07369140e-01
    9.34082866e-01   4.37352471e-02  -3.55157107e-01  -5.06986558e-01
    1.59143254e-01   1.10109232e-01   5.31046271e-01  -4.18567024e-02
   -7.10613608e-01   4.86302795e-03  -2.97742069e-01   1.00369525e+00
   -2.46980011e-01  -1.46501184e+00]
 [ -1.45358983e-02  -4.34977422e-03   3.13024893e-02   5.75483590e-02
   -1.55724678e-02   6.45034621e-03  -2.28835084e-02   5.25790043e-02
   -4.12180722e-02  -4.80524031e-03  -6.95235934e-03   3.17122787e-02
    6.45051477e-03  -4.33124676e-02   5.65769523e-02  -4.08837618e-03
    1.05255814e-02  -5.91877639e-01   2.92917490e-02   8.59557539e-02
    3.24612297e-02  -1.00132637e-02   1.75507143e-02   1.76638979e-02
   -3.76988538e-02   1.55133232e-02  -3.08382865e-02  -3.89581756e-03
   -1.26778809e-02   5.19157713e-03]
 [ -6.52150437e-03   The code for file bin-to-dec-vec-10.py ran for 1.94m
1.27883693e-02   7.71113904e-04  -1.03826569e-02
   -3.78303863e-02  -3.20861675e-03   1.53442696e-02   9.74450167e-03
    2.79360991e-02   2.24619615e-03   6.96586072e-03   7.29232095e-03
    2.41459906e-02  -1.40170159e-03   1.97163392e-02  -3.02019119e-02
    8.88478197e-03   2.85565387e-03  -2.33039688e-02  -1.61087494e-02
    1.49530787e-02  -2.53274711e-03  -7.81536009e-03  -2.87057390e-03
   -1.20917475e-02   9.02798492e-03  -4.74673836e-03   2.05524862e-02
    4.51940605e-06  -3.68612935e-03]]
[-0.19946863 -1.29357851 -2.89296651 -0.50294882 -1.94702673 -1.89074433
  0.56961423 -0.86595708 -1.42552888  0.63407153 -0.61365855 -0.22781113
  0.04143263 -0.10160831  0.57717454 -0.48435992 -1.47693408 -0.19066757
  0.1274163  -0.00811854  0.05595606  0.14350545 -4.48665047  0.41169879
 -0.64352453  0.57416517 -0.20709376 -0.11579175  0.23595086 -0.38818517]
[[-1.14597571]
 [-2.58886504]
 [ 2.0658834 ]
 [ 0.98182213]
 [-1.93053329]
 [ 1.58460999]
 [ 1.1159898 ]
 [ 1.45510292]
 [ 1.40604532]
 [-2.85917664]
 [ 1.89978385]
 [ 1.12711322]
 [ 3.16258883]
 [ 1.95816839]
 [-1.13489735]
 [-1.78379464]
 [-1.45161974]
 [-0.41890457]
 [-1.86750317]
 [ 1.49493897]
 [ 1.38824844]
 [ 0.98299271]
 [-2.42280555]
 [ 0.91898704]
 [-3.93750882]
 [ 3.03701544]
 [ 2.46776628]
 [ 0.85375315]
 [ 2.30959487]
 [ 1.43936515]]
[-0.85138404]
Optimization complete. (with seed: 110) Best validation score of 66.760000 % obtained at iteration 85000, with test performance 67.670000 %
... loading data
... building the model
... training
epoch 1, minibatch 5000/5000, validation error 78.510000 %
     epoch 1, minibatch 5000/5000, test error of best model 78.140000 %
epoch 2, minibatch 5000/5000, validation error 78.230000 %
     epoch 2, minibatch 5000/5000, test error of best model 78.730000 %
-8.43692016602
[ 4.]
[[  2.05387473e-01  -2.67914116e-01  -7.47658312e-01   7.61286438e-01
   -1.27262449e+00   2.82811522e-01  -9.35509264e-01  -3.72046888e-01
   -5.97468674e-01  -8.79801929e-01   8.61195743e-01  -3.13577831e-01
   -4.62402672e-01  -1.11877481e-02  -9.24593508e-01  -1.24487758e+00
   -7.50025332e-01  -4.13167745e-01   3.19101781e-01   2.26054892e-01
    4.05490428e-01  -3.58374000e-01   5.58093727e-01   4.09483045e-01
    5.99842250e-01   1.46340013e-01   1.28136024e-01  -6.63093925e-01
    9.01390374e-01  -6.69556439e-01]
 [  2.23519698e-01  -2.48685740e-02   1.38618958e+00   1.84340328e-01
    3.97462726e+00  -2.13327312e+00   5.55435121e-01  -3.18209946e-01
   -1.93074904e-02   2.86985493e+00   4.10173655e-01  -5.40463775e-02
   -4.82595742e-01   4.53172803e-01   2.78756428e+00   1.65095794e+00
    8.03256780e-02   1.30125225e-01   6.79834962e-01   1.74647495e-01
    2.63237264e-02   2.90664762e-01   4.93009806e-01  -4.62669820e-01
   -1.13859391e+00  -1.04893255e+00  -1.04922295e+00  -1.57819927e+00
   -2.10852265e+00  -2.06544161e-01]
 [  1.52491890e-02  -2.46194124e-01  -3.77593637e-01  -1.47275782e+00
   -2.44595933e+00   1.16013336e+00   8.28062057e-01   4.24262553e-01
   -3.08565013e-02  -1.61767220e+00   2.65880615e-01   2.48890623e-01
   -7.41949618e-01   1.16850682e-01  -1.65574145e+00   4.45920616e-01
    9.56310630e-01  -3.78918022e-01   1.46857572e+00  -1.14115521e-01
   -2.43372947e-01   8.84019077e-01   1.97675787e-02   1.31405339e-01
   -1.59652483e+00  -5.07687509e-01   8.54616582e-01  -8.99939179e-01
   -1.52341080e+00   7.55538583e-01]
 [  1.44375369e-01  -3.40298712e-01  -1.35253465e+00   9.73635375e-01
    3.19724607e+00  -2.61617303e+00   2.09461451e-01   2.73887932e-01
   -4.13108349e-01   2.25334549e+00  -9.98801649e-01  -1.74742520e-01
    4.44445899e-03  -4.89821553e-01   2.61588073e+00   1.02362001e+00
   -3.96287888e-01   1.64508611e-01  -1.66776121e+00  -6.85438961e-02
    4.00559932e-01  -6.55653358e-01   1.88797310e-01   4.50597465e-01
   -8.64894092e-01   1.15943301e+00   8.67844582e-01   1.61203074e+00
   -1.74287951e+00  -3.83097619e-01]
 [  1.66447267e-01   6.68753386e-02  -6.15423918e-01  -1.20410335e+00
   -2.94041991e+00   2.27325535e+00   2.44842485e-01  -6.07057691e-01
   -3.20693046e-01  -2.23442054e+00   5.65180123e-01   2.59195566e-01
   -2.66025841e-01   3.15825433e-01  -2.03034711e+00  -2.13449463e-01
    7.95001090e-01   3.94876540e-01   1.33125091e+00  -2.06557974e-01
    1.83031008e-01  -8.34660530e-01  -5.14027834e-01  -6.77011967e-01
   -1.99187741e-01  -9.57717597e-01   8.77805293e-01  -1.29459822e+00
    1.27185321e+00  -7.39660144e-01]
 [  1.39262050e-01   1.97026297e-01  -9.59010601e-01   1.18069565e+00
   -1.50284529e+00   1.09709942e+00   2.94725716e-01  -2.33252980e-02
    1.54824913e-01  -9.36470926e-01  -7.41643727e-01  -2.15988263e-01
   -2.51206279e-01   1.60503477e-01  -1.28834045e+00  -1.51422751e+00
   -1.05604184e+00   5.31003177e-01   1.05142319e+00   3.04981053e-01
   -1.88163251e-01   1.04289246e+00  -3.86323035e-01   3.92484874e-01
   -2.23522395e-01   5.37201643e-01   2.09102839e-01  -2.88289100e-01
    5.47257900e-01   6.04017854e-01]
 [ -9.48419347e-02  -3.52494270e-02  -2.58047372e-01   4.98253047e-01
   -1.00947261e+00   1.62512004e-01  -3.65610123e-01   4.93594915e-01
   -2.95635194e-01  -6.92094803e-01   7.98498750e-01  -4.08980966e-01
   -5.18067300e-01  -5.13129756e-02  -7.71181583e-01  -7.52331316e-01
   -5.07579207e-01   1.31606415e-01   9.70110595e-02  -6.58364370e-02
    1.45863518e-01  -8.74932448e-04  -1.95303366e-01   3.59243870e-01
    2.77953655e-01  -1.13871135e-01  -4.53330308e-01  -6.84804678e-01
    4.83508289e-01  -4.00872618e-01]
 [ -3.91397357e-01  -2.56783158e-01  -2.26388723e-01   4.45295274e-01
   -3.15187573e-01   2.07513466e-01  -5.53646743e-01   4.80617553e-01
   -5.80328465e-01  -1.14709415e-01   1.16650797e-01  -4.38173823e-02
    2.99617290e-01  -1.51809931e-01  -3.83245319e-01  -7.32538998e-01
   -4.63500172e-01  -4.07809645e-01   2.34984711e-01  -2.18154833e-01
    3.02680433e-01  -3.84019464e-01  -5.85660517e-01  -3.58044744e-01
    3.64876360e-01  -3.91303115e-02  -2.42812093e-02  -3.49151492e-02
    4.43562716e-01  -2.12431654e-01]
 [ -2.85041720e-01  -8.19369704e-02  -3.30086723e-02   2.93173287e-02
    1.48363430e-02  -6.05914509e-04  -3.14227529e-02   1.45553350e-01
    5.59567055e-03   7.13615865e-03   1.05713969e-02   1.50597841e-01
    3.31065282e-02   9.24415439e-02   3.35989594e-02  -4.43074247e-03
   -7.83301592e-02  -2.15390950e-01  -2.34530866e-02  -4.66439545e-01
   -1.18698813e-01   4.26215827e-02  -2.69070826e-03  -1.57307357e-01
    8.87946561e-02  -1.31730080e-01   2.42938884e-02   1.11997442e-03
   -2.05591451e-02  -5.59424749e-04]
 [  3.12303185e-01   1.68128684e-01  -2.69481577e-02   3.48391086e-02
   -4.74944338e-02   6.20902851e-02   1.94901675e-02   1.09124817e-02
    3.00332326e-02   1.38892904e-02  -1.05493460e-02   1.71002835e-01
   -7.88271427e-03  -3.36253285e-01   2.27816459e-02  -4.20033233e-03
   -1.18480017e-02  -1.84179351e-01   2.85638459e-02   1.91085145e-01
    1.99070573e-02   2.41577253e-02   3.21790837e-02  -7.77058750e-02
    3.11922915e-02  -3.24478149e-02   1.33872135e-02   1.22983921e-02
   -6.62935153e-02  -1.46800755e-02]]
[ -5.10600358e-02  -1.68467358e-01  -3.47668193e-02  -1.94433942e-01
  -6.29580796e-01  -6.56902075e-01  -3.83287281e-01   2.95250982e-01
   6.19625390e-01   2.34604642e-01  -5.21930344e-02  -2.58722574e-01
   4.00937140e-01   2.44482934e-01   3.26614767e-01  -2.21847761e-02
  -4.13681298e-01   7.04257339e-02  -1.98441708e+00  -1.56224474e-01
  -9.55132097e-02  -3.65488321e-01   2.79834628e-01  -6.21122241e-01
   6.83750153e-01   4.46313083e-01  -2.15893704e-02  -1.95875857e-03
   4.18279111e-01  -3.69821399e-01]
[[ 0.15043542]
 [-0.358628  ]
 [ 2.02499461]
 [ 1.60731804]
 [-5.07833767]
 [ 2.81055164]
 [-1.25703669]
 [-0.62142485]
 [-0.99135798]
 [ 2.64313245]
 [ 0.91725636]
 [-0.30057815]
 [-1.0779326 ]
 [ 0.18252127]
 [ 2.72227693]
 [ 1.80393541]
 [-1.81061709]
 [ 0.47320941]
 [-1.75307143]
 [ 0.05692108]
 [-0.39710388]
 [ 1.30815506]
 [-0.85083973]
 [-1.04894912]
 [ 1.46422946]
 [-1.17787683]
 [ 0.67743409]
 [ 2.46599627]
 [-2.00981736]
 [-1.29308343]]
[ 0.8776446]
Optimization complete. (with seed: 111) Best validation score of 78.230000 % obtained at iteration 10000, with test performaThe code for file bin-to-dec-vec-10.py ran for 0.22m
nce 78.730000 %
... loading data
... building the model
... training
epoch 1, minibatch 5000/5000, validation error 77.500000 %
     epoch 1, minibatch 5000/5000, test error of best model 78.460000 %
epoch 2, minibatch 5000/5000, validation error 74.740000 %
     epoch 2, minibatch 5000/5000, test error of best model 75.110000 %
epoch 3, minibatch 5000/5000, validation error 67.450000 %
     epoch 3, minibatch 5000/5000, test error of best model 69.110000 %
epoch 4, minibatch 5000/5000, validation error 69.180000 %
epoch 5, minibatch 5000/5000, validation error 70.260000 %
-2.26710510254
[ 4.]
[[ -4.28294688e-01   7.20450342e-01   3.55703570e-02  -9.72654283e-01
   -1.46658707e+00   3.16259325e-01  -9.26726997e-01   8.90472949e-01
    2.24675715e-01   1.05919349e+00  -8.48531306e-01   8.53248060e-01
   -1.14810026e+00  -5.54303601e-02   1.02446087e-01  -3.39265287e-01
    1.08247861e-01   9.64799285e-01   1.46870673e-01  -4.73922431e-01
   -8.00595999e-01   2.59856284e-01  -1.32092619e+00  -9.21944857e-01
   -1.00200593e+00  -1.59590438e-01  -5.54165661e-01  -3.95168275e-01
    3.54545414e-01   7.43563831e-01]
 [  1.07461119e+00  -8.18799496e-01   1.80086660e+00   1.29298106e-01
    5.01654243e+00   2.28899926e-01   1.11161959e+00  -2.90194303e-01
   -3.94785583e-01   1.19981980e+00  -3.62658530e-01  -2.00708583e-01
    9.30217877e-02  -8.49337995e-01  -1.96688330e+00   1.45998627e-01
    2.06959024e-01  -2.44094715e-01   6.79352343e-01  -1.48478746e+00
   -2.12086177e+00   3.75488341e-01  -1.70531332e-01   3.18975091e+00
    3.27995944e+00  -3.68529975e-01   1.07495911e-01   2.27702665e+00
   -1.14987329e-01   8.71267140e-01]
 [ -3.66190225e-01   8.53673100e-01  -1.17770314e+00  -9.36540604e-01
   -2.71645856e+00   7.49125242e-01   4.21692431e-02  -3.02414328e-01
   -2.74371624e-01  -6.35154963e-01  -3.12717617e-01   1.25729457e-01
   -1.15915465e+00   1.40711236e+00   1.42929006e+00  -3.58694851e-01
    4.77442816e-02  -1.33146894e+00  -1.22640848e+00  -1.20485020e+00
   -1.57725143e+00  -3.42975825e-01  -4.58551109e-01  -2.05532575e+00
   -2.61621094e+00   1.17470995e-01   4.93615419e-01  -1.76209903e+00
   -2.47709468e-01  -9.17363286e-01]
 [ -1.04029810e+00   5.36774158e-01   9.99884963e-01  -1.39165774e-01
    4.20800018e+00   7.79933453e-01   6.56632125e-01  -1.77132010e-01
   -4.25747573e-01  -6.46814406e-01  -1.32538170e-01  -8.89727175e-01
    5.77311218e-02   9.88869250e-01  -1.69354343e+00  -2.12975949e-01
    2.52426237e-01   5.50144613e-01  -7.23144338e-02   1.19733942e+00
    2.05598998e+00  -1.12105772e-01   1.34586203e+00   2.79380226e+00
    2.47459769e+00  -2.40393147e-01   1.20344177e-01  -1.99679518e+00
    4.48322356e-01  -3.45172971e-01]
 [ -7.22199500e-01   1.32614344e-01  -1.15712142e+00   8.33518445e-01
   -3.54132938e+00   1.57797098e-01  -2.06424028e-01  -3.93592745e-01
   -3.88483793e-01  -4.00387704e-01   1.21732569e+00  -7.86628842e-01
   -1.14769387e+00  -4.35058326e-01   9.45901632e-01  -4.77315724e-01
    2.50096828e-01  -6.54244900e-01  -1.68225393e-01   6.11986756e-01
   -1.61787605e+00   2.90059566e-01  -8.65903854e-01  -2.30905414e+00
   -2.80793333e+00  -3.50753158e-01   2.32181951e-01  -2.12015438e+00
    5.79064906e-01   7.64939249e-01]
 [ -7.67463684e-01   8.00295994e-02   7.43226767e-01  -9.07008767e-01
   -1.78062117e+00  -8.88848722e-01   9.27081466e-01   3.43131572e-01
    4.38731574e-02  -1.76897812e+00   7.55262077e-01   9.70763937e-02
   -8.34731579e-01  -5.85663259e-01   6.33917093e-01  -1.15657836e-01
   -5.14603734e-01   3.48744065e-01   2.93100357e-01  -3.51553410e-01
   -8.07411551e-01   1.71758518e-01   4.92708713e-01  -1.19495976e+00
   -1.19150531e+00   2.75352538e-01   2.62758210e-02  -7.89521039e-01
   -5.52351773e-01   3.39607358e-01]
 [ -3.24964881e-01  -1.23499155e+00  -3.94966602e-01  -2.97712356e-01
   -1.06175447e+00   6.75427556e-01  -8.04086030e-01   6.10655963e-01
   -2.67250061e-01   1.07145891e-01   3.75872880e-01   4.07511681e-01
   -1.74752459e-01  -3.23603719e-01   5.68338394e-01   1.65012598e-01
   -5.04516184e-01   7.86322296e-01   4.36034203e-01 The code for file bin-to-dec-vec-10.py ran for 0.65m
 -7.18983233e-01
   -7.90005028e-01  -1.75734758e-01  -8.39609504e-01  -8.48180115e-01
   -9.00372922e-01   2.49966551e-02  -1.76101208e-01   2.25923941e-01
   -1.31828368e-01  -4.75344718e-01]
 [ -9.58262235e-02  -5.97097933e-01   1.84747234e-01  -6.33440316e-01
   -4.61240262e-01  -6.59301043e-01  -3.66002649e-01  -2.95025259e-01
   -2.78625870e-03   2.02789530e-01  -1.09254134e+00  -7.78886974e-01
    8.63305002e-04  -4.17370528e-01   6.80684030e-01  -1.32254764e-01
    4.01053250e-01   2.93728620e-01  -7.80743003e-01  -1.65123314e-01
   -4.09913110e-03  -5.94909266e-02  -5.81250072e-01  -3.41798335e-01
   -3.48683596e-01   1.04999125e-01  -5.38141787e-01  -2.59766340e-01
    4.57107574e-02  -2.44536653e-01]
 [ -2.46169325e-02   1.09814871e-02  -3.12708667e-03  -1.41773485e-02
   -4.07703295e-02   5.79519337e-03  -8.07619281e-03  -4.99376915e-02
    1.95770949e-01   1.71015207e-02   3.01699694e-02   8.23901687e-03
   -7.13119330e-03   3.83924916e-02   7.75932372e-02   1.48655787e-01
    2.26665847e-03   7.32029006e-02   8.46340845e-04  -7.90948421e-03
    1.55001478e-02  -1.06899124e-02  -6.13628654e-03  -3.22891213e-02
   -2.46951580e-02  -2.06779808e-01  -7.45561421e-02   1.68223493e-02
    2.05644406e-02  -4.47392166e-02]
 [ -7.02165952e-03  -2.39512529e-02   2.24521216e-02  -1.40518239e-02
    1.51799796e-02  -8.30699224e-03   5.56984916e-02  -3.51282768e-02
   -2.15883076e-01  -2.68094689e-02  -1.52615178e-02   7.87477475e-03
   -3.03355837e-03  -3.48989442e-02   6.21024780e-02  -2.75413156e-01
   -4.09066351e-03   6.59334892e-03   7.26424390e-03   2.21626852e-02
    3.97539139e-02  -1.74248999e-03   4.13000286e-02  -1.24929212e-02
   -3.25723626e-02  -1.82510138e-01  -6.11105785e-02   8.52986705e-04
    9.99915227e-03  -1.30316876e-02]]
[ 0.07060876 -0.06781039 -1.41973805 -0.02622468  0.11640915 -0.32802799
 -0.43317953  0.83940136 -0.04000815 -0.85912466 -0.08909902  0.05828791
  0.98888344 -0.572676   -0.21751046  0.00803285  0.21026859 -0.44236022
  0.37574083 -0.01887501  0.29588118 -0.12344071  0.36419597 -0.48027638
 -0.06818394 -0.01848787 -0.02240918  0.4788411  -0.1155376  -0.20299545]
[[ 1.39414227]
 [ 1.47196352]
 [ 1.64898753]
 [ 1.71028876]
 [ 3.86578417]
 [ 0.92322922]
 [-1.39671004]
 [-0.82541949]
 [-0.38584474]
 [-1.94836223]
 [ 1.43556249]
 [ 1.37869143]
 [-2.09663725]
 [-1.84056914]
 [ 1.85637116]
 [-0.42173874]
 [ 0.3447068 ]
 [ 1.15785849]
 [-1.18218362]
 [-2.13605833]
 [ 3.10309243]
 [ 0.37752923]
 [ 1.85790455]
 [-3.26697016]
 [-3.53311896]
 [ 0.17621347]
 [-0.62956357]
 [ 2.57030702]
 [ 0.56349838]
 [ 1.20155811]]
[-0.29853255]
Optimization complete. (with seed: 112) Best validation score of 67.450000 % obtained at iteration 15000, with test performance 69.110000 %
... loading data
... building the model
... training
epoch 1, minibatch 5000/5000, validation error 85.210000 %
     epoch 1, minibatch 5000/5000, test error of best model 84.580000 %
epoch 2, minibatch 5000/5000, validation error 84.700000 %
     epoch 2, minibatch 5000/5000, test error of best model 83.770000 %
epoch 3, minibatch 5000/5000, validation error 80.680000 %
     epoch 3, minibatch 5000/5000, test error of best model 80.750000 %
epoch 4, minibatch 5000/5000, validation error 79.530000 %
     epoch 4, minibatch 5000/5000, test error of best model 79.530000 %
epoch 5, minibatch 5000/5000, validation error 80.330000 %
epoch 6, minibatch 5000/5000, validation error 78.050000 %
     epoch 6, minibatch 5000/5000, test error of best model 77.920000 %
epoch 7, minibatch 5000/5000, validation error 75.430000 %
     epoch 7, minibatch 5000/5000, test error of best model 75.460000 %
epoch 8, minibatch 5000/5000, validation error 75.460000 %
epoch 9, minibatch 5000/5000, validation error 75.070000 %
     epoch 9, minibatch 5000/5000, test error of best model 74.200000 %
epoch 10, minibatch 5000/5000, validation error 76.640000 %
epoch 11, minibatch 5000/5000, validation error 78.380000 %
epoch 12, minibatch 5000/5000, validation error 78.270000 %
epoch 13, minibatch 5000/5000, validation error 79.120000 %
-60.6853141785
[ 4.]
[[  3.91042531e-01  -3.01268965e-01   1.17463553e+00  -5.42712986e-01
   -2.16153789e+00   1.07937825e+00   1.11285853e+00   8.98896456e-01
    1.20087194e+00   1.18772745e+00   5.10130763e-01   3.89161974e-01
    1.58152655e-02   1.56438315e+00  -1.11025131e+00  -4.79340315e-01
   -1.05985487e+00  -7.55395174e-01   9.50229347e-01  -1.40365481e-01
    6.82355106e-01  -1.14338970e+00  -1.41207981e+00   9.58282173e-01
   -1.72388411e+00  -1.03708220e+00  -1.09809935e+00  -2.54836418e-02
    1.34147775e+00  -4.26088244e-01]
 [  1.02821898e+00  -1.86229229e-01  -4.41585094e-01  -1.03064573e+00
    3.08495831e+00  -2.64314461e+00   6.64395511e-01  -1.56335890e+00
   -1.98793277e-01  -1.36129665e+00  -3.49885917e+00  -3.19160014e-01
   -1.32572150e+00  -7.29511321e-01  -3.01336557e-01  -2.01440960e-01
   -4.28607583e-01   4.84800577e-01   2.62690616e+00   1.94547224e+00
    1.65333009e+00   9.99772489e-01   4.41507578e+00  -1.49604344e+00
    3.10717136e-01  -1.70624530e+00  -1.33434618e+00  -2.90669769e-01
    8.56207132e-01   1.35018611e+00]
 [  4.55711007e-01  -4.73116850e-03  -2.19864869e+00   1.71507275e+00
   -1.21692586e+00   2.27501321e+00  -7.37479255e-02   3.18560719e+00
   -2.38294435e+00   7.04696178e-01   1.99887383e+00   2.90364802e-01
   -1.39423251e+00  -4.17003259e-02   4.69030887e-01   1.67551661e+00
    1.91316724e+00   1.18812048e+00  -2.38573480e+00   5.80490530e-01
    1.99574065e+00  -1.90096509e+00  -2.90778661e+00  -1.60148513e+00
   -1.59650314e+00  -1.04705811e+00  -4.54636008e-01   1.12892240e-02
    4.96355444e-01   9.44825709e-01]
 [ -1.08346093e+00  -3.39428812e-01   1.02872837e+00   9.87688839e-01
    2.31463814e+00  -1.23057425e+00   8.92462909e-01  -1.60017502e+00
   -2.54545271e-01   1.52549887e+00   1.55162084e+00  -3.12477618e-01
   -2.00922060e+00  -1.41706184e-01   4.87630785e-01  -1.32599545e+00
   -1.08745754e+00  -2.14314270e+00   2.01666737e+00   9.02763367e-01
   -3.27156329e+00  -7.50849128e-01   3.50741315e+00   1.38870656e-01
    6.31951869e-01  -1.65264094e+00   1.43124771e+00  -8.09043229e-01
    7.08381683e-02  -1.10063446e+00]
 [  5.23171604e-01   1.83385342e-01  -1.65586674e+00  -1.22437191e+00
   -1.96251059e+00  -3.84808898e+00   4.62397665e-01   4.11525041e-01
   -1.11397934e+00   1.08983767e+00   2.38142467e+00   9.88035500e-02
   -2.84124565e+00   1.28068089e-01   1.23272276e+00   2.64840269e+00
    1.53300536e+00   3.03198385e+00  -2.40252590e+00  -4.68912065e-01
    2.36802697e+00   3.49210382e-01  -3.20049095e+00  -1.60476661e+00
   -7.01168954e-01  -2.01239347e+00  -7.15513289e-01   1.02545285e+00
   -1.52012050e-01   6.86673582e-01]
 [  9.96940792e-01  -1.86430737e-01   1.22158360e+00  -4.99966621e-01
    7.69995332e-01   1.01728153e+00  -6.31429255e-01   1.53235745e+00
    9.21076536e-01   1.90870249e+00   4.99087960e-01   6.07262515e-02
    4.41589177e-01  -6.24014914e-01  -2.57373244e-01  -1.42279923e+00
   -1.33136773e+00  -1.66192317e+00  -2.01115155e+00   2.65660524e-01
    1.63801682e+00  -2.38701314e-01  -1.32246482e+00   1.56239009e+00
    1.28929949e+00  -6.41533554e-01   6.35787129e-01  -2.37053156e-01
   -1.01781297e+00   1.48029268e+00]
 [ -1.27832638e-02  -2.14622319e-01   8.64985585e-01   9.67859745e-01
   -6.49621248e-01   1.10375106e+00   1.06298876e+00   1.15856338e+00
   -5.38591743e-02   7.85419703e-01   5.14661908e-01  -2.68707294e-02
    3.27831507e-01  -8.56166363e-01  -1.08590698e+00  -1.09833026e+00
   -6.54778779e-01  -9.02972639e-01  -3.49909589e-02   7.22350299e-01
    6.83549941e-01   1.72897303e+00  -1.37786996e+00   3.44427496e-01
    3.25489998e-01  -6.40868694e-02  -7.79695094e-01  -1.17044520e+00
    1.88684571e+00   5.42232156e-01]
 [ -7.70803466e-02  -2.83827782e-01   5.79489470e-01   4.65026170e-01
   -4.76751268e-01   3.62825155e-01   5.07920921e-01   5.71314216e-01
    1.22553039e+00   6.67872965e-01   1.76962197e-01  -4.09883857e-01
    5.90140939e-01   6.10064030e-01   7.49978065e-01  -1.26108146e+00
   -4.20688391e-01  -8.80585849e-01  -1.05623014e-01  -5.04890144e-01
    8.89450133e-01   1.12461638e+00  -5.31330287e-01  -8.The code for file bin-to-dec-vec-10.py ran for 1.50m
41953307e-02
    8.71681213e-01   3.26158792e-01  -3.04421663e-01   1.13381386e+00
   -6.47754371e-01   1.75130919e-01]
 [  4.29824169e-04  -2.48338282e-01   4.65650437e-03   8.99435654e-02
   -3.60215120e-02  -1.42205693e-02  -2.96561383e-02  -5.40727265e-02
   -2.89870314e-02  -2.40883734e-02  -5.54307923e-03  -2.61039268e-02
    4.69663590e-02   4.67224158e-02   3.88518907e-02   1.53318038e-02
    2.30284352e-02  -4.46686568e-03  -1.80663038e-02  -2.22933944e-02
    2.30591206e-04   5.74509688e-02  -1.47270365e-02  -4.02817465e-02
   -2.17607245e-02   7.09496513e-02  -4.96732257e-02  -1.15903215e-02
   -6.77734390e-02   4.36187834e-02]
 [  2.04236154e-03  -3.23303133e-01   2.70585879e-03   9.48554836e-03
    3.68773341e-02  -4.71991301e-02  -2.24604476e-02   2.11576056e-02
   -4.13169414e-02  -2.64766421e-02  -5.15291318e-02   3.53844953e-03
    1.43382316e-02   2.95944661e-02   3.23699438e-03  -2.42902134e-02
   -1.71347789e-03  -8.74665193e-03  -2.45672767e-03   1.11110592e-02
   -2.70803031e-02   3.06267012e-02  -7.20932428e-03   1.37722341e-03
   -1.73558556e-02   1.80221535e-02   1.16765103e-03   1.69998016e-02
   -4.80649248e-03   2.59110751e-03]]
[ -3.04713160e-01   4.24376037e-03  -2.14837994e-02  -9.29335058e-01
  -5.92935801e-01  -1.08519399e+00  -1.32489562e+00  -3.12983441e+00
   1.35709488e+00  -1.23356926e+00  -2.72238946e+00   2.72653818e-01
   2.17143464e+00   6.66147649e-01  -1.80665827e+00  -1.17204465e-01
  -7.67010404e-03  -8.85964513e-01  -2.04610869e-01  -9.90623891e-01
  -4.30964518e+00  -2.01879933e-01   1.03954148e+00  -1.51769972e+00
   9.84260440e-02   2.32067728e+00  -1.72452226e-01  -6.90935791e-01
  -1.57502162e+00  -5.42633593e-01]
[[ 0.73317134]
 [ 0.4411867 ]
 [ 1.31007707]
 [ 1.43476343]
 [-2.21340275]
 [-2.77564168]
 [-1.00409126]
 [ 2.01301622]
 [-1.40460062]
 [ 1.44090879]
 [-2.34593439]
 [-0.38393652]
 [ 2.25215101]
 [ 1.21786892]
 [-2.2985096 ]
 [ 1.9148097 ]
 [ 1.50140405]
 [-2.64591622]
 [-2.07717538]
 [-1.12536204]
 [-2.30004215]
 [ 1.36900699]
 [ 2.75633788]
 [-3.04280496]
 [-0.99728054]
 [-2.9993856 ]
 [ 1.58098221]
 [ 1.72811329]
 [ 1.44093764]
 [ 1.10403061]]
[ 0.61083126]
Optimization complete. (with seed: 113) Best validation score of 75.070000 % obtained at iteration 45000, with test performance 74.200000 %
... loading data
... building the model
... training
epoch 1, minibatch 5000/5000, validation error 79.940000 %
     epoch 1, minibatch 5000/5000, test error of best model 80.290000 %
epoch 2, minibatch 5000/5000, validation error 73.190000 %
     epoch 2, minibatch 5000/5000, test error of best model 74.490000 %
epoch 3, minibatch 5000/5000, validation error 72.360000 %
     epoch 3, minibatch 5000/5000, test error of best model 73.590000 %
epoch 4, minibatch 5000/5000, validation error 72.890000 %
epoch 5, minibatch 5000/5000, validation error 68.380000 %
     epoch 5, minibatch 5000/5000, test error of best model 68.460000 %
epoch 6, minibatch 5000/5000, validation error 68.230000 %
     epoch 6, minibatch 5000/5000, test error of best model 68.550000 %
epoch 7, minibatch 5000/5000, validation error 63.620000 %
     epoch 7, minibatch 5000/5000, test error of best model 63.540000 %
epoch 8, minibatch 5000/5000, validation error 63.480000 %
     epoch 8, minibatch 5000/5000, test error of best model 63.860000 %
epoch 9, minibatch 5000/5000, validation error 63.010000 %
     epoch 9, minibatch 5000/5000, test error of best model 63.160000 %
epoch 10, minibatch 5000/5000, validation error 65.610000 %
epoch 11, minibatch 5000/5000, validation error 63.450000 %
epoch 12, minibatch 5000/5000, validation error 60.140000 %
     epoch 12, minibatch 5000/5000, test error of best model 59.080000 %
epoch 13, minibatch 5000/5000, validation error 58.740000 %
     epoch 13, minibatch 5000/5000, test error of best model 57.930000 %
epoch 14, minibatch 5000/5000, validation error 59.680000 %
epoch 15, minibatch 5000/5000, validation error 57.750000 %
     epoch 15, minibatch 5000/5000, test error of best model 57.640000 %
epoch 16, minibatch 5000/5000, validation error 56.760000 %
     epoch 16, minibatch 5000/5000, test error of best model 56.490000 %
epoch 17, minibatch 5000/5000, validation error 56.850000 %
epoch 18, minibatch 5000/5000, validation error 55.690000 %
     epoch 18, minibatch 5000/5000, test error of best model 55.290000 %
epoch 19, minibatch 5000/5000, validation error 53.890000 %
     epoch 19, minibatch 5000/5000, test error of best model 53.970000 %
epoch 20, minibatch 5000/5000, validation error 54.080000 %
epoch 21, minibatch 5000/5000, validation error 53.370000 %
     epoch 21, minibatch 5000/5000, test error of best model 53.450000 %
epoch 22, minibatch 5000/5000, validation error 53.200000 %
     epoch 22, minibatch 5000/5000, test error of best model 53.200000 %
epoch 23, minibatch 5000/5000, validation error 52.210000 %
     epoch 23, minibatch 5000/5000, test error of best model 52.100000 %
epoch 24, minibatch 5000/5000, validation error 50.840000 %
     epoch 24, minibatch 5000/5000, test error of best model 50.550000 %
epoch 25, minibatch 5000/5000, validation error 50.720000 %
     epoch 25, minibatch 5000/5000, test error of best model 50.220000 %
epoch 26, minibatch 5000/5000, validation error 49.950000 %
     epoch 26, minibatch 5000/5000, test error of best model 49.730000 %
epoch 27, minibatch 5000/5000, validation error 49.620000 %
     epoch 27, minibatch 5000/5000, test error of best model 49.430000 %
epoch 28, minibatch 5000/5000, validation error 49.510000 %
     epoch 28, minibatch 5000/5000, test error of best model 49.420000 %
epoch 29, minibatch 5000/5000, validation error 49.390000 %
     epoch 29, minibatch 5000/5000, test error of best model 49.210000 %
epoch 30, minibatch 5000/5000, validation error 48.980000 %
     epoch 30, minibatch 5000/5000, test error of best model 48.720000 %
epoch 31, minibatch 5000/5000, validation error 49.150000 %
epoch 32, minibatch 5000/5000, validation error 48.720000 %
     epoch 32, minibatch 5000/5000, test error of best model 48.640000 %
epoch 33, minibatch 5000/5000, validation error 48.550000 %
     epoch 33, minibatch 5000/5000, test error of best model 48.340000 %
epoch 34, minibatch 5000/5000, validation error 48.840000 %
epoch 35, minibatch 5000/5000, validation error 48.740000 %
epoch 36, minibatch 5000/5000, validation error 48.300000 %
     epoch 36, minibatch 5000/5000, test error of best model 47.460000 %
epoch 37, minibatch 5000/5000, validation error 46.460000 %
     epoch 37, minibatch 5000/5000, test error of best model 46.380000 %
epoch 38, minibatch 5000/5000, validation error 46.630000 %
epoch 39, minibatch 5000/5000, validation error 46.970000 %
epoch 40, minibatch 5000/5000, validation error 47.450000 %
epoch 41, minibatch 5000/5000, validation error 47.130000 %
epoch 42, minibatch 5000/5000, validation error 46.820000 %
epoch 43, minibatch 5000/5000, validation error 47.170000 %
epoch 44, minibatch 5000/5000, validation error 47.150000 %
epoch 45, minibatch 5000/5000, validation error 46.600000 %
epoch 46, minibatch 5000/5000, validation error 46.590000 %
epoch 47, minibatch 5000/5000, validation error 46.750000 %
epoch 48, minibatch 5000/5000, validation error 46.840000 %
epoch 49, minibatch 5000/5000, validation error 47.220000 %
epoch 50, minibatch 5000/5000, validation error 46.990000 %
epoch 51, minibatch 5000/5000, validation error 46.470000 %
epoch 52, minibatch 5000/5000, validation error 46.970000 %
epoch 53, minibatch 5000/5000, validation error 46.630000 %
epoch 54, minibatch 5000/5000, validation error 46.590000 %
epoch 55, minibatch 5000/5000, validation error 46.570000 %
epoch 56, minibatch 5000/5000, validation error 47.130000 %
epoch 57, minibatch 5000/5000, validation error 46.900000 %
epoch 58, minibatch 5000/5000, validation error 46.430000 %
     epoch 58, minibatch 5000/5000, test error of best model 46.980000 %
epoch 59, minibatch 5000/5000, validation error 47.030000 %
epoch 60, minibatch 5000/5000, validation error 46.700000 %
epoch 61, minibatch 5000/5000, validation error 46.610000 %
epoch 62, minibatch 5000/5000, validation error 46.590000 %
epoch 63, minibatch 5000/5000, validation error 46.470000 %
epoch 64, minibatch 5000/5000, validation error 46.660000 %
epoch 65, minibatch 5000/5000, validation error 46.470000 %
epoch 66, minibatch 5000/5000, validation error 47.490000 %
epoch 67, minibatch 5000/5000, validation error 46.270000 %
     epoch 67, minibatch 5000/5000, test error of best model 46.690000 %
epoch 68, minibatch 5000/5000, validation error 45.970000 %
     epoch 68, minibatch 5000/5000, test error of best model 46.280000 %
epoch 69, minibatch 5000/5000, validation error 46.870000 %
epoch 70, minibatch 5000/5000, validation error 46.260000 %
epoch 71, minibatch 5000/5000, validation error 47.290000 %
epoch 72, minibatch 5000/5000, validation error 47.640000 %
epoch 73, minibatch 5000/5000, validation error 47.510000 %
epoch 74, minibatch 5000/5000, validation error 48.000000 %
epoch 75, minibatch 5000/5000, validation error 47.160000 %
epoch 76, minibatch 5000/5000, validation error 48.580000 %
epoch 77, minibatch 5000/5000, validation error 49.670000 %
epoch 78, minibatch 5000/5000, validation error 52.590000 %
epoch 79, minibatch 5000/5000, validation error 53.660000 %
epoch 80, minibatch 5000/5000, validation error 54.270000 %
epoch 81, minibatch 5000/5000, validation error 55.540000 %
epoch 82, minibatch 5000/5000, validation error 56.860000 %
epoch 83, minibatch 5000/5000, validation error 58.830000 %
epoch 84, minibatch 5000/5000, validation error 57.140000 %
epoch 85, minibatch 5000/5000, validation error 56.460000 %
epoch 86, minibatch 5000/5000, validation error 55.130000 %
epoch 87, minibatch 5000/5000, validation error 53.580000 %
epoch 88, minibatch 5000/5000, validation error 54.930000 %
epoch 89, minibatch 5000/5000, validation error 53.890000 %
epoch 90, minibatch 5000/5000, validation error 53.820000 %
epoch 91, minibatch 5000/5000, validation error 54.890000 %
epoch 92, minibatch 5000/5000, validation error 53.950000 %
epoch 93, minibatch 5000/5000, validation error 54.770000 %
epoch 94, minibatch 5000/5000, validation error 54.030000 %
epoch 95, minibatch 5000/5000, validation error 55.030000 %
epoch 96, minibatch 5000/5000, validation error 56.640000 %
epoch 97, minibatch 5000/5000, validation error 56.900000 %
epoch 98, minibatch 5000/5000, validation error 56.770000 %
epoch 99, minibatch 5000/5000, validation error 55.890000 %
epoch 100, minibatch 5000/5000, validation error 52.340000 %
epoch 101, minibatch 5000/5000, validation error 52.700000 %
epoch 102, minibatch 5000/5000, validation error 52.540000 %
epoch 103, minibatch 5000/5000, validation error 52.340000 %
epoch 104, minibatch 5000/5000, validation error 51.730000 %
epoch 105, minibatch 5000/5000, validation error 53.370000 %
epoch 106, minibatch 5000/5000, validation error 52.360000 %
epoch 107, minibatch 5000/5000, validation error 50.140000 %
epoch 108, minibatch 5000/5000, validation error 48.850000 %
epoch 109, minibatch 5000/5000, validation error 51.730000 %
epoch 110, minibatch 5000/5000, validation error 52.310000 %
epoch 111, minibatch 5000/5000, validation error 52.360000 %
epoch 112, minibatch 5000/5000, validation error 51.400000 %
epoch 113, minibatch 5000/5000, validation error 53.350000 %
epoch 114, minibatch 5000/5000, validation error 55.110000 %
epoch 115, minibatch 5000/5000, validation error 57.030000 %
epoch 116, minibatch 5000/5000, validation error 58.210000 %
epoch 117, minibatch 5000/5000, validation error 58.100000 %
epoch 118, minibatch 5000/5000, validation error 59.740000 %
epoch 119, minibatch 5000/5000, validation error 60.170000 %
epoch 120, minibatch 5000/5000, validation error 60.240000 %
epoch 121, minibatch 5000/5000, validation error 61.420000 %
epoch 122, minibatch 5000/5000, validation error 61.500000 %
epoch 123, minibatch 5000/5000, validation error 62.360000 %
epoch 124, minibatch 5000/5000, validation error 63.900000 %
epoch 125, minibatch 5000/5000, validation error 63.440000 %
epoch 126, minibatch 5000/5000, validation error 63.630000 %
epoch 127, minibatch 5000/5000, validation error 63.100000 %
epoch 128, minibatch 5000/5000, validation error 63.040000 %
epoch 129, minibatch 5000/5000, validation error 62.430000 %
epoch 130, minibatch 5000/5000, validation error 61.150000 %
epoch 131, minibatch 5000/5000, validation error 62.880000 %
epoch 132, minibatch 5000/5000, validation error 61.420000 %
epoch 133, minibatch 5000/5000, validation error 62.690000 %
epoch 134, minibatch 5000/5000, validation error 62.020000 %
epoch 135, minibatch 5000/5000, validation error 61.570000 %
-24.7028408051
[ 4.]
[[  8.62819791e-01   6.82754755e-01   3.46287489e-01  -3.72430891e-01
    5.49422920e-01  -1.14948630e+00  -1.05853808e+00  -1.65218031e+00
    7.77598679e-01  -2.17844456e-01  -2.19429517e+00  -1.17704526e-01
    1.20857167e+00  -9.81069729e-02  -1.65475047e+00  -5.26363194e-01
   -4.01009589e-01   3.32275629e-01   1.31148469e+00  -4.44917142e-01
   -2.02026033e+00   4.35938269e-01   1.77118027e+00   7.54642725e-01
    1.38991499e+00   6.60402119e-01  -1.65233254e+00  -1.03026021e+00
    9.07922983e-01  -1.18955642e-01]
 [  7.84674644e-01  -1.50104809e+00   8.81321728e-01  -1.14678311e+00
   -2.39662457e+00   4.85570478e+00   3.61189556e+00  -8.54230523e-01
    6.70098841e-01   2.18371820e+00  -1.08265150e+00  -5.69217145e-01
   -1.17661464e+00  -5.10446191e-01  -4.11016405e-01  -1.52826381e+00
   -1.35121310e+00   2.09290099e+00   1.04414189e+00  -1.34429669e+00
    3.11589789e+00  -1.33626688e+00  -1.39696109e+00   1.47237623e+00
   -3.63427788e-01  -2.77763200e+00   5.99375677e+00   2.18136907e+00
    3.16083997e-01  -4.24241871e-02]
 [  2.88006008e-01  -2.69916654e-01   1.30195284e+00   1.53295326e+00
    1.76697934e+00  -2.80827618e+00  -2.17486167e+00  -5.52987099e-01
    3.44252944e+00  -1.10776186e+00   1.32464552e+00  -3.86634886e-01
    2.72227656e-02  -1.45727587e+00   2.96099663e+00   5.64128458e-01
    1.39662027e-01  -1.13351512e+00   5.82504988e-01  -9.20557320e-01
    1.35451174e+00  -6.32888973e-01   1.47665775e+00   4.72232640e-01
   -1.12774050e+00   2.20158029e+00  -3.56890941e+00   1.95811272e+00
    4.93445724e-01  -1.34995878e+00]
 [ -2.19759434e-01  -1.22477376e+00  -1.04387856e+00  -1.09619260e+00
   -3.01092601e+00   3.89604425e+00   2.46356702e+00  -1.73395693e+00
   -1.71527416e-01   1.40631127e+00  -8.72812569e-01  -6.09307230e-01
   -6.78813040e-01   1.06439841e+00  -1.80828691e+00  -2.74825931e+00
    4.42165852e-01   2.50717252e-01   4.60381091e-01  -4.18938190e-01
    9.20377433e-01  -1.37390822e-01   9.77476060e-01   2.01311231e+00
    1.70701885e+00  -2.46111345e+00   5.15123320e+00   6.15571618e-01
   -7.92307675e-01  -7.17815936e-01]
 [  7.81210303e-01  -5.05557716e-01  -3.63123655e-01  -1.14803994e+00
    1.15399778e+00  -3.14838552e+00  -2.48985815e+00  -8.80673409e-01
    1.53307831e+00  -7.59511232e-01  -3.40751052e-01  -1.17890149e-01
    2.70870060e-01  -7.56775975e-01   1.71810496e+00   1.57037568e+00
    1.80109537e+00   9.00908887e-01  -1.30037451e+00  -2.18452737e-01
   -1.14119792e+00  -1.16032004e+00   3.89488488e-01  -9.55626190e-01
   -9.11051989e-01  -2.08468437e+00  -3.82953453e+00  -1.20323038e+00
   -2.03221059e+00  -2.39952862e-01]
 [ -8.76196697e-02  -3.89724106e-01   2.18607450e+00  -7.52388060e-01
    9.16194677e-01  -1.42853022e+00  -1.18275058e+00   1.43605638e+00
    3.41464835e-03  -1.42204678e+00  -9.47297990e-01  -1.91880539e-01
    1.45226240e+00  -1.70590329e+00  -2.27884507e+00   8.74647141e-01
    1.14999378e+00  -5.68582058e-01  -8.21612298e-01  -4.25744653e-01
    3.17730641e+00  -1.24001801e+00   1.76482067e-01  -2.01807201e-01
    1.45494580e+00   8.13157797e-01  -2.08909321e+00   3.15053773e+00
   -6.50366545e-01   1.05861175e+00]
 [  1.17258906e+00   1.04485762e+00  -9.84497011e-01   2.32474852e+00
    1.30801275e-01  -8.45168471e-01  -6.84068143e-01  -1.68886328e+00
   -1.96771526e+00  -1.25864410e+00   4.83363450e-01   1.89784452e-01
    5.00063479e-01   8.45419407e-01  -8.89271796e-01  -1.29986751e+00
   -8.04680109e-01  -1.19058108e+00  -2.24674959e-02  -1.34474599e+00
   -2.21875024e+00   8.86363924e-01  -2.43613148e+00  -1.03511822e+00
   -1.75782275e+00   6.43769085e-01  -1.0028617The code for file bin-to-dec-vec-10.py ran for 14.54m
4e+00  -1.60501242e+00
   -1.37290454e+00  -8.21532071e-01]
 [  1.49063900e-01  -4.14107263e-01  -1.73211992e+00  -2.07013249e+00
    3.62108946e-01  -3.89813095e-01  -4.22221065e-01  -6.47673368e-01
   -1.52212954e+00  -8.27903271e-01  -1.66122556e+00  -3.68215173e-01
    1.20666325e+00   1.09151137e+00  -6.74629450e-01   1.16479778e+00
    1.61807168e+00  -1.72291589e+00  -1.92052150e+00   9.26328063e-01
    1.07508838e-01   1.09224129e+00  -1.61694038e+00  -1.67977011e+00
    2.19386443e-01   5.51290333e-01  -6.91719949e-01   6.38059974e-01
    1.61796784e+00  -1.86878693e+00]
 [  1.23669975e-01   6.60860240e-02   4.84529845e-02   5.51390508e-03
   -1.20157890e-01  -1.06522359e-01   2.59090252e-02   7.46630877e-02
   -1.48147017e-01   6.16251640e-02   2.90771946e-02  -2.00458273e-01
   -9.85484272e-02   9.18540265e-03  -8.98733642e-03   6.82343096e-02
    1.06126107e-01  -2.94204503e-02   4.10400741e-02  -1.21161924e-03
    1.83716118e-01  -1.95617732e-02  -2.74883527e-02   2.57925540e-02
   -1.70909911e-02  -4.63073200e-04  -6.26716092e-02   1.67852834e-01
    4.21418846e-02  -8.60392023e-03]
 [  3.98074836e-03   1.81380305e-02  -1.34365940e-02  -5.36588673e-03
   -1.34858268e-03   9.47070122e-03  -1.76015235e-02   2.01661531e-02
   -2.60904692e-02  -8.99991393e-03   1.99612905e-03   1.19967118e-03
   -5.29450946e-04   4.58107656e-03  -9.83484671e-04   4.16597025e-03
   -6.64414233e-03  -1.19581763e-02   1.97584927e-02  -6.78815274e-03
    1.91054177e-02   1.32514602e-02  -7.94143137e-03   8.13252386e-03
    5.82641177e-03  -1.88469607e-02  -1.02055389e-02  -7.75362225e-03
   -6.88544707e-03  -5.72791416e-03]]
[-1.22078538  1.66536427 -0.81647855  0.47118413 -0.4504095  -1.36332846
 -0.76382941  3.9155302  -0.57275146 -0.70748073  1.16452169  0.50521278
 -0.81486988  0.60634345  0.84452045  1.2511549  -0.14934509 -0.10761496
  0.27784792  0.41942784 -2.23293185  0.46725953  0.24724552 -1.49087453
 -1.00621235  0.49242866  0.29932064 -1.96981776  1.04372597  1.5444386 ]
[[ 0.73368543]
 [ 1.01567268]
 [ 1.32177019]
 [ 1.8313514 ]
 [ 1.79364765]
 [-2.51742053]
 [-2.15531802]
 [ 1.42704248]
 [-1.56985736]
 [-1.74517143]
 [-2.02398467]
 [-1.03300798]
 [ 0.94559729]
 [-1.13733435]
 [ 1.89270937]
 [-1.51152301]
 [ 1.16643953]
 [ 1.39499521]
 [-1.14831161]
 [-2.06842756]
 [-2.00391603]
 [ 1.28394389]
 [ 1.47101951]
 [ 1.52844715]
 [-1.4371475 ]
 [-2.07765961]
 [ 3.34848666]
 [ 1.64196527]
 [ 1.16220963]
 [-1.27484334]]
[-3.14277649]
Optimization complete. (with seed: 114) Best validation score of 45.970000 % obtained at iteration 340000, with test performance 46.280000 %
