Using gpu device 0: GeForce GTX 980
... loading data
... building the model
... training
epoch 1, minibatch 5000/5000, validation error 41.850000 %
     epoch 1, minibatch 5000/5000, test error of best model 43.210000 %
epoch 2, minibatch 5000/5000, validation error 0.630000 %
     epoch 2, minibatch 5000/5000, test error of best model 0.630000 %
epoch 3, minibatch 5000/5000, validation error 0.000000 %
     epoch 3, minibatch 5000/5000, test error of best model 0.000000 %
epoch 4, minibatch 5000/5000, validation error 0.000000 %
epoch 5, minibatch 5000/5000, validation error 0.000000 %
1.15311467648
[ 4.]
[[ -3.17245096e-01   4.35317963e-01   5.62069938e-02   7.80821405e-03
    7.23444581e-01  -9.29242745e-03   1.35281742e-01  -2.22242787e-01
    2.00806826e-01   6.01109505e-01  -1.81361631e-01  -3.06620717e-01
    2.92728394e-02   8.94075692e-01  -1.74048588e-01  -2.64776647e-01
   -8.00308704e-01  -4.89656478e-01  -5.51232874e-01  -2.28406191e-02
    4.04393852e-01  -5.04276633e-01   1.55620664e-01   6.31702393e-02
   -7.52725974e-02   6.66077854e-03   3.90594080e-02   1.02218151e+00
   -1.53737515e-02   1.05514430e-01]
 [ -1.63713261e-01  -2.63873637e-01   8.85903314e-02  -9.06141624e-02
   -6.48981512e-01  -2.03134269e-01  -4.43556666e-01   7.62817740e-01
    1.07947111e+00   3.11932057e-01  -7.24331558e-01   6.52810693e-01
    7.47183934e-02  -5.60820639e-01   1.35312542e-01  -8.69921863e-01
   -3.96902114e-01  -2.87360072e-01   7.13552535e-01   4.37780097e-02
   -7.88515508e-01  -2.27542728e-01   8.82983953e-02   3.03584456e-01
    9.44084704e-01   1.98969916e-01   2.17848778e-01  -4.77557093e-01
    1.25397533e-01   1.45439014e-01]
 [ -7.46258125e-02   1.23320796e-01  -5.59609458e-02   4.33158875e-02
   -3.10598850e-01  -6.69752806e-02   2.19515376e-02  -7.74127424e-01
    4.74394262e-01   1.55626774e-01  -1.97225407e-01  -3.96518826e-01
   -2.06204847e-01   7.24546909e-01   8.35463926e-02  -7.23820210e-01
    8.09727669e-01  -9.10708755e-02  -6.32225692e-01  -9.20468941e-03
   -3.87101561e-01  -1.12762403e+00   1.04245055e+00   1.99847147e-01
    4.82699722e-01   5.74685156e-01  -1.34749159e-01  -2.46566266e-01
    3.39689851e-02   7.00228363e-02]
 [  9.53432620e-01   3.48298967e-01  -1.01118349e-01  -1.15638100e-01
   -1.57368332e-01  -8.32192451e-02   4.85724032e-01   7.21591830e-01
   -7.33525574e-01   7.32333437e-02   7.16155589e-01   5.40586710e-01
   -2.30700761e-01  -6.34590626e-01   1.52949199e-01   8.54033232e-01
    3.94421518e-01  -3.88410985e-01  -3.24509144e-01  -1.24116903e-02
   -1.18273473e+00  -5.55499852e-01  -4.79296535e-01   3.19000751e-01
    2.36743480e-01   2.43298814e-01   5.04402816e-02   8.78755689e-01
    3.62249501e-02   7.32423663e-02]
 [  4.86857265e-01  -2.11985514e-01   1.99560635e-02  -1.07289702e-01
   -6.82705194e-02  -1.55547723e-01   3.35415244e-01  -5.82706988e-01
    7.30418324e-01   1.02904582e+00  -3.67015570e-01  -6.65645480e-01
    8.32036212e-02  -3.15050632e-01   3.93501073e-01  -7.14945674e-01
   -7.95097232e-01  -2.19790623e-01  -1.54760510e-01  -3.39405872e-02
    4.07172084e-01   6.95515096e-01  -2.30846211e-01   2.85934091e-01
    1.11649847e+00  -3.46156865e-01  -1.46631658e-01  -5.62319994e-01
    1.09040961e-01   3.26570570e-02]
 [  2.33364955e-01  -3.68395299e-01   2.07840994e-01   2.61921659e-02
   -1.03433883e+00   2.90412486e-01   2.32050270e-01  -3.14895451e-01
    2.34193951e-01  -4.74781841e-01  -2.28196383e-01  -4.08429265e-01
    1.32806256e-01  -1.54774979e-01   3.62522840e-01  -3.63627374e-01
   -4.10696030e-01   2.57181823e-01  -7.34210014e-02   6.59678280e-02
   -7.86653399e-01  -6.65882707e-01   8.73224616e-01   2.06148714e-01
    5.60067177e-01   1.43658549e-01   7.92708099e-02   7.13806033e-01
    5.51128089e-02  -2.66933125e-02]
 [  1.12732697e+00  -5.28766274e-01  -2.00290349e-03   2.00872496e-02
    4.84865576e-01  -1.68774009e-01   1.22319706e-01  -1.56112745e-01
    1.40738800e-01  -2.25007489e-01  -1.12053417e-01  -1.93938658e-01
    6.10986836e-02  -7.87642822e-02  -1.50827572e-01  -1.76607072e-01
    8.05839717e-01  -4.90620404e-01  -1.04361165e+00   2.24293489e-02
   -3.The code for file bin-to-dec-vec-10.py ran for 0.89m
90605718e-01  -3.37357759e-01  -5.63434303e-01   2.59839982e-01
   -7.14346349e-01   1.92840565e-02   8.60049203e-02  -6.49326503e-01
    9.62576568e-02  -2.85590459e-02]
 [  5.56202710e-01  -2.23738968e-01   5.74724860e-02  -8.62176046e-02
    2.40888193e-01   1.01257659e-01   1.51706561e-02  -6.41001686e-02
    9.11491737e-02   8.24737966e-01  -4.66166846e-02  -1.02141567e-01
   -2.21056025e-02  -1.03313017e+00  -1.98145092e-01  -8.19033012e-02
    3.96507502e-01  -4.13615972e-01   4.79784489e-01   3.29490155e-02
    8.04493248e-01  -1.67553812e-01   7.29823470e-01  -3.64798576e-01
    6.41578496e-01   8.04727748e-02  -2.63083786e-01  -3.21178347e-01
    7.11732125e-03  -5.92774190e-02]
 [  1.53270725e-03  -1.91821054e-01  -3.78248133e-02   2.45804191e-02
    1.93327270e-03  -5.44494502e-02   1.04835350e-02   9.72529233e-04
    2.12002103e-03  -7.61998061e-04  -7.24528683e-04   2.27290951e-03
   -4.07877266e-02   5.49059594e-04   4.17568274e-02   3.57643556e-04
    1.97676435e-01   4.38089818e-02   1.79175101e-03   1.29454032e-01
   -5.88342845e-01  -2.14496744e-03  -1.04723273e-04   4.17281926e-01
    5.39344910e-05  -6.34761900e-02  -3.94079775e-01   3.63373430e-04
   -2.09507588e-02   4.99381088e-02]
 [ -3.06203525e-04  -3.48774821e-01   1.62201747e-01   1.41512789e-02
    1.03959360e-03  -1.66046351e-01  -3.69349215e-03   5.02995588e-03
    7.38120754e-04  -7.95235042e-04   2.56298226e-03  -2.92592682e-03
   -1.85770735e-01   1.16964441e-03   1.04219830e-02  -2.14538025e-03
   -1.43501366e-05  -1.10163935e-01   5.58045635e-04  -6.69701630e-03
    4.49044071e-03   2.50239915e-04   3.17328668e-04  -2.85511971e-01
   -2.99559208e-04  -4.71918434e-02   8.91081467e-02   1.76952174e-03
   -2.48283762e-02  -2.81272307e-02]]
[-0.72063291  0.01283192  0.36478615 -0.35829809  0.11171535 -0.20212877
 -0.13541514  0.13806729 -0.92660248 -0.50809687  0.37993145  0.16682355
 -0.19410002  0.45756122  0.15913939 -0.16066825  0.10169856 -0.11004522
  0.23060526  0.24670415  0.65174943  0.9600777  -0.65031797  0.04896784
 -0.67945951  0.15523915 -0.03448643 -0.1405583   0.31143111  0.25847036]
[[ 0.52068198]
 [-0.00380446]
 [ 0.29576474]
 [-0.73170942]
 [-1.07167161]
 [-0.12636614]
 [ 0.28459883]
 [ 0.88483191]
 [ 0.73048908]
 [ 0.42410722]
 [-0.41297752]
 [ 0.76671952]
 [-0.19557415]
 [-0.39801371]
 [ 0.13326988]
 [ 0.86354852]
 [-0.65206522]
 [-0.01648667]
 [-0.58846724]
 [ 0.72383058]
 [-0.24890155]
 [-1.48739159]
 [ 0.44000441]
 [-0.00520029]
 [ 0.47308177]
 [ 0.1886178 ]
 [-0.03511567]
 [ 0.82134086]
 [ 0.72163695]
 [ 0.51763433]]
[ 1.26253533]
Optimization complete. (with seed: 106) Best validation score of 0.000000 % obtained at iteration 15000, with test performance 0.000000 %
... loading data
... building the model
... training
epoch 1, minibatch 5000/5000, validation error 54.970000 %
     epoch 1, minibatch 5000/5000, test error of best model 53.650000 %
epoch 2, minibatch 5000/5000, validation error 35.090000 %
     epoch 2, minibatch 5000/5000, test error of best model 35.100000 %
epoch 3, minibatch 5000/5000, validation error 21.410000 %
     epoch 3, minibatch 5000/5000, test error of best model 21.310000 %
epoch 4, minibatch 5000/5000, validation error 0.130000 %
     epoch 4, minibatch 5000/5000, test error of best model 0.050000 %
epoch 5, minibatch 5000/5000, validation error 0.000000 %
     epoch 5, minibatch 5000/5000, test error of best model 0.000000 %
epoch 6, minibatch 5000/5000, validation error 0.000000 %
epoch 7, minibatch 5000/5000, validation error 0.000000 %
epoch 8, minibatch 5000/5000, validation error 0.000000 %
epoch 9, minibatch 5000/5000, validation error 0.000000 %
2.53453326225
[ 4.]
[[ -5.84530830e-01   1.61558598e-01   5.74733503e-02  -1.95942819e-01
   -7.99433812e-02  -8.33914399e-01   7.13845715e-02  -6.87283039e-01
    5.55835627e-02  -2.90762275e-01   2.02094942e-01   5.64631701e-01
   -2.14477628e-01  -7.91217864e-01  -2.52941728e-01  -9.27671492e-02
   -1.70324415e-01   7.66427889e-02  -2.88532287e-01  -3.99119765e-01
   -7.24474669e-01  -7.94801295e-01  -3.78381997e-01   3.12345102e-02
   -3.58538888e-02  -9.60526645e-01  -2.51699090e-01  -3.40068966e-01
    4.77455735e-01   1.95699170e-01]
 [  6.84219897e-01   8.12895223e-02   3.55345309e-01   1.10167876e-01
   -8.31793770e-02   5.65274775e-01  -5.95337115e-02   4.86869395e-01
    2.11879238e-02   9.00654256e-01  -2.64952835e-02   3.38182539e-01
    8.92931223e-01  -4.05136168e-01   7.44947851e-01  -3.91798690e-02
   -4.28655118e-01   1.02402568e+00  -1.19512610e-01   7.79076815e-01
    7.23843515e-01   1.47749484e-01  -2.84694016e-01  -3.81666683e-02
    6.05533421e-02  -4.74608570e-01  -1.48669526e-01  -1.63623333e-01
    2.41526827e-01  -9.82468009e-01]
 [ -6.61777973e-01  -8.89709055e-01  -1.36082113e-01  -1.46242946e-01
   -2.20846996e-01  -6.95915103e-01   5.23357168e-02   3.75398010e-01
   -9.41958874e-02  -6.95805848e-01   7.66184786e-03   1.20936461e-01
   -4.80477750e-01   8.05663168e-01  -5.54743469e-01   1.38330907e-01
   -5.57816744e-01  -4.76294637e-01   3.35351122e-03   4.01653081e-01
    2.90846586e-01   3.69358271e-01  -1.72764480e-01  -2.31181622e-01
    5.82787022e-02  -2.44138524e-01  -1.56966314e-01  -9.85342488e-02
    1.11328793e+00   4.95744824e-01]
 [ -3.24068844e-01  -4.78193820e-01  -2.22345620e-01  -1.17124237e-01
    2.09287509e-01   6.63758337e-01  -1.52140453e-01   1.28351063e-01
    1.06660426e-01   7.78701127e-01  -1.22988271e-02   1.19573750e-01
   -1.24478805e+00   3.94815117e-01   6.69794917e-01   6.96724728e-02
   -3.01297992e-01  -2.37332523e-01  -3.86949599e-01  -7.92713523e-01
    1.79634452e-01  -8.69174004e-02   5.71287014e-02  -2.60068942e-02
    2.70466089e-01  -1.12439787e+00  -1.03711285e-01   6.88463449e-01
    5.72696269e-01  -6.80714190e-01]
 [ -1.63032353e-01  -2.37626210e-01   1.91498086e-01   1.69470757e-01
    1.66737452e-01   3.22428554e-01   3.92819867e-02   1.73676997e-01
    8.71956721e-02  -6.75109208e-01   7.66045824e-02   9.44698036e-01
   -5.07222354e-01  -8.00010026e-01  -7.27797806e-01   7.99578503e-02
   -6.53403774e-02   8.82891715e-01   5.45161843e-01  -4.11401927e-01
    2.87868269e-02  -7.63891339e-01  -3.65763098e-01  -1.37829483e-01
   -7.32740685e-02  -5.58243811e-01   1.31128237e-01   4.70509440e-01
   -7.20434129e-01   6.47613108e-01]
 [ -8.47326145e-02  -1.08059108e+00  -2.45839339e-02  -7.90990815e-02
   -2.42071003e-01   1.65984154e-01   7.02912584e-02   9.25591171e-01
    7.26823434e-02  -3.37253124e-01  -1.86889291e-01  -5.34227371e-01
   -3.06149125e-01  -3.96484345e-01  -3.33069444e-01   1.86953004e-02
    2.91737262e-02  -5.40842175e-01   2.04983324e-01   7.92545974e-01
    1.07912743e+00  -2.65130788e-01   1.42741904e-01   1.82151366e-02
    1.79239497e-01   7.12910056e-01   1.50575384e-01   2.74248749e-01
    6.39120340e-01   3.04584861e-01]
 [ -1.00501430e+00  -5.46849489e-01  -7.57037327e-02  -2.02995837e-02
    2.73889750e-01   8.79828334e-02   3.13613974e-02  -5.00333965e-01
   -3.24412249e-02  -1.68048024e-01   4.90046525e-03  -2.15217367e-01
   -1.55916631e-01  -1.20478880e+00  -1.49056822e-01   6.96524605e-02
    2.85959601e-01   7.07681239e-01  -5.64890325e-01   4.03763801e-01
   -4.69681233e-01  -2.64944971e-01   3.41177285e-01  -1.18653648e-01
    1.21926785e-01  -6.50236130e-01   1.69895962e-01   1.01217127e+00
    3.21306080e-01   1.68153957e-01]
 [  4.87866789e-01   7.44784296e-01   3.73372078e-01  -3.66127431e-01
   -2.71215439e-01   1.00552106e+00  -1.00571662e-01  -2.22367004e-01
    3.71120945e-02   6.38739113e-03   2.41559986e-02   8.49589407e-01
   -9.21140984e-02   4.07922208e-01  -1.33851737e-01  -2.33357437e-02
    3.72403175e-01  -6.31429076e-01   4.30783421e-01   1.18738544e+00
   -2.53336072e-01   4.66848791e-01   1.58473343e-01  -1.44977197e-01
   -3.27067673e-01  -3.21112484e-01   3.53692949e-01   6.13802016e-01
    1.65206537e-01   9.95984748e-02]
 [ -9.02798260e-04  -1.42808619e-03   3.16642284e-01  -7.23884441e-03
   -4.91158478e-02   2.95740290e-04  -7.72296358e-03  -9.08028684e-04
   -1.09788245e-02  -2.19000550e-03   4.75887246e-02  -1.86208892e-03
    6.18562894e-03   2.01581538e-01   9.05523630e-05   1.09735236e-01
   -1.40286400e-03The code for file bin-to-dec-vec-10.py ran for 1.57m
   6.29203802e-04  -5.08071249e-03   6.03852808e-01
   -3.02442117e-04  -1.07381446e-02  -5.66136977e-03   1.15630828e-01
    3.66803259e-02   1.72203430e-03   4.25506644e-02   3.42248217e-03
   -9.36371915e-04   5.75096812e-03]
 [  4.93380998e-04  -6.93102120e-05  -1.49983302e-01   1.05970297e-02
   -1.40803782e-02   3.25527391e-04  -3.00099119e-03  -4.87032405e-04
    4.41706553e-03   1.65432622e-03   2.88195792e-03  -1.19527092e-03
    1.41948729e-03  -1.08663437e-04   2.89908698e-04  -3.71963572e-04
    4.35813534e-04   3.25106812e-04   1.61112155e-04  -2.85899406e-03
    1.30143645e-03  -2.55467254e-03   1.10703921e-02  -3.20919300e-03
   -1.76822897e-02  -3.11157113e-04   7.31931627e-03   1.31394528e-03
    1.93199248e-03   1.55213475e-03]]
[ 0.26433763  1.27614141  0.10070628 -0.21115708 -0.13425876 -0.52067888
 -0.41771072 -0.10300702  0.40731022 -0.00332384  0.27566743 -0.4454304
  0.79759634  0.09543914  0.11216845  0.20043415 -0.24206935 -0.32366586
 -0.2373419  -0.67288846 -0.13628274  0.25102666  0.28001538 -0.36372697
  0.10016805  0.84425426  0.05746104 -0.5525499  -0.92104703  0.08153842]
[[-0.56068099]
 [ 0.42873132]
 [ 0.03983457]
 [-0.22850624]
 [-0.21115385]
 [ 0.3830525 ]
 [-0.7986387 ]
 [ 0.36865741]
 [ 0.82319361]
 [ 0.80346489]
 [ 0.46701267]
 [ 0.3402746 ]
 [-0.83236653]
 [-0.64185756]
 [ 0.80349237]
 [ 0.53823715]
 [-0.09085301]
 [ 0.47881594]
 [-0.26635441]
 [ 0.24533832]
 [ 0.74451989]
 [-0.11216556]
 [-0.09418754]
 [-0.34528306]
 [ 0.19394305]
 [-0.82391667]
 [ 0.20952265]
 [ 0.43561605]
 [ 1.58547342]
 [-0.86383593]]
[ 1.34011662]
Optimization complete. (with seed: 107) Best validation score of 0.000000 % obtained at iteration 25000, with test performance 0.000000 %
... loading data
... building the model
... training
epoch 1, minibatch 5000/5000, validation error 68.530000 %
     epoch 1, minibatch 5000/5000, test error of best model 67.930000 %
epoch 2, minibatch 5000/5000, validation error 41.560000 %
     epoch 2, minibatch 5000/5000, test error of best model 41.500000 %
epoch 3, minibatch 5000/5000, validation error 37.160000 %
     epoch 3, minibatch 5000/5000, test error of best model 37.580000 %
epoch 4, minibatch 5000/5000, validation error 36.100000 %
     epoch 4, minibatch 5000/5000, test error of best model 36.810000 %
epoch 5, minibatch 5000/5000, validation error 33.720000 %
     epoch 5, minibatch 5000/5000, test error of best model 34.070000 %
epoch 6, minibatch 5000/5000, validation error 26.980000 %
     epoch 6, minibatch 5000/5000, test error of best model 28.030000 %
epoch 7, minibatch 5000/5000, validation error 0.000000 %
     epoch 7, minibatch 5000/5000, test error of best model 0.000000 %
epoch 8, minibatch 5000/5000, validation error 0.000000 %
epoch 9, minibatch 5000/5000, validation error 0.000000 %
epoch 10, minibatch 5000/5000, validation error 0.000000 %
epoch 11, minibatch 5000/5000, validation error 0.000000 %
epoch 12, minibatch 5000/5000, validation error 0.000000 %
epoch 13, minibatch 5000/5000, validation error 0.000000 %
2.9079682827
[ 4.]
[[ -3.65376920e-01  -9.60467219e-01   8.17002580e-02  -8.62322450e-01
    1.62583157e-01   2.00309336e-01  -2.36955032e-01  -1.46483943e-01
    3.80193114e-01   4.40939702e-02  -7.28752553e-01  -3.21091473e-01
    5.69363348e-02   5.69886982e-01  -5.39156757e-02   7.86991268e-02
    5.29152453e-01  -6.60203040e-01   2.97621310e-01   2.72067785e-01
    3.80180925e-02  -8.08004022e-01   3.72751534e-01  -4.09126312e-01
    2.98763186e-01  -3.03665884e-02   7.41872564e-02   2.33065069e-01
   -2.03460455e-01   2.87508279e-01]
 [ -1.13438511e+00  -4.80204970e-01   6.50225058e-02   5.60554087e-01
    6.57681674e-02   6.58872187e-01   8.24360371e-01   1.36747211e-01
   -3.25551808e-01   3.33596379e-01   6.41868293e-01  -1.74173728e-01
    5.58065213e-02  -7.42935896e-01  -1.36195973e-01  -1.33517787e-01
    2.53839046e-01  -3.37071121e-01   1.32841542e-01  -1.63687408e-01
   -2.97796521e-02  -3.98210704e-01   1.85540169e-01  -1.12961538e-01
   -8.67936164e-02   1.33337617e-01   1.05813324e+00   1.05253613e+00
    8.85697186e-01   1.13042796e+00]
 [  4.12630737e-01  -2.34825701e-01  -5.51433824e-02   1.26070476e+00
   -9.45281327e-01  -5.60280740e-01  -5.43318868e-01   6.10229187e-02
    4.63941306e-01   2.45276347e-01   3.17421645e-01  -4.50881198e-02
    2.09086072e-02   6.52127683e-01  -4.67194803e-02  -2.15170979e-01
    1.11273372e+00  -1.49359584e-01  -3.77106257e-02   5.70365600e-02
    3.52133289e-02  -1.19884610e+00  -8.48444760e-01   2.93691084e-02
   -1.05448524e-02   3.97793204e-02  -4.73971903e-01   6.01079643e-01
   -5.88297904e-01   5.29358149e-01]
 [ -7.42109776e-01   8.79213810e-01  -5.79930171e-02   6.18361652e-01
   -4.95413452e-01  -1.08795501e-01   6.27233624e-01  -4.33385968e-02
    5.28748453e-01   1.99080810e-01   1.60951629e-01  -1.06135988e+00
   -2.28022903e-01   2.86700130e-01   9.77130830e-02  -3.92573625e-02
    5.92928708e-01  -8.34283307e-02  -2.41883874e-01  -1.95710316e-01
    2.90188678e-02   4.02586758e-01   4.54575390e-01  -3.20173174e-01
    3.16245407e-01  -2.82549616e-02  -2.27206483e-01  -8.00086081e-01
    6.27437174e-01  -8.26663554e-01]
 [ -3.54480475e-01  -5.62240601e-01  -1.17939800e-01   3.10894638e-01
   -2.28777736e-01  -5.78112066e-01  -6.29421115e-01   3.23982239e-01
   -1.18652359e-01   1.96921065e-01   8.14483464e-02   5.15714407e-01
    1.10195786e-01   1.79466546e-01  -3.46216150e-02  -1.24278210e-01
   -6.74849510e-01  -1.03658879e+00  -2.85120368e-01   1.49933204e-01
   -2.14210320e-02  -7.98984230e-01   1.16440535e+00   1.59886613e-01
    2.82408893e-01   5.22627868e-02   8.68504822e-01   6.78570330e-01
   -6.55178964e-01   6.25005662e-01]
 [  7.69394755e-01   7.13148355e-01   1.60508618e-01   1.58941627e-01
    9.07232463e-01   2.35621199e-01  -3.14576030e-01  -1.37375817e-01
    1.01794310e-01   1.06731113e-02   1.05349469e+00   2.72484630e-01
    1.29234763e-02   7.50959292e-02  -5.79690784e-02  -1.49203762e-01
    6.54955149e-01   4.77936745e-01  -1.15422226e-01  -1.93717033e-01
    7.29313940e-02  -4.08387661e-01   5.93276918e-01   3.44152302e-01
    6.03866903e-03  -5.31738214e-02  -5.61411142e-01   3.36317897e-01
   -2.93989360e-01   3.42169046e-01]
 [  4.06877011e-01  -6.41191065e-01   4.93230112e-02   9.07643884e-02
   -5.59804380e-01  -3.01879495e-01  -1.23829193e-01   3.05226147e-01
    6.64679646e-01  -1.22744150e-01  -4.89285499e-01  -8.73273551e-01
   -2.62115926e-01   1.07167876e+00  -1.22883476e-01   1.63512006e-01
    3.61201555e-01   2.40032554e-01  -3.34430963e-01  -2.36378890e-02
   -1.75690353e-02   8.08653355e-01   2.25209296e-01  -3.68650913e-01
   -4.88150828e-02   6.20757416e-03   7.09892273e-01   2.08072335e-01
   -1.85416982e-01   1.31847963e-01]
 [ -7.54261553e-01  -3.18054050e-01   1.81292400e-01  -9.58371162e-01
    7.26669729e-01   9.10346285e-02   7.79248625e-02  -6.53464794e-02
   -4.44373608e-01   1.62576169e-01  -2.42271647e-01   5.85959256e-01
   -2.34807730e-01  -4.81668144e-01   5.33098392e-02  -1.51819900e-01
    1.84605882e-01  -8.84792686e-01  -3.37456852e-01   4.13188547e-01
   -1.35669522e-02   4.09586459e-01   1.32235304e-01   1.33605912e-01
   -2.23676056e-01  -4.95437346e-02  -6.37415767e-01  -1.16119087e-01
   -3.08235824e-01   2.38202900e-01]
 [  5.96116304e-01  -2.47181999e-03   1.30109683e-01  -3.32065835e-03
   -4.95169032e-03  -1.04752317e-01   6.81548705e-03   1.79973289e-01
    1.83667522e-02  -4.59382683e-02  -7.39968382e-04   3.81494896e-03
    4.38252501e-02  -5.56829269e-04   6.21909685e-02  -4.88793338e-03
    2.79333047e-03  -2.84800981e-03   4.00820635e-02  -2.80413982e-02
    1.66780986e-02   1.99434921e-01  -5.49003202e-03  -1.42541751e-01
    3.34505104e-02   2.04984024e-01   5.15525346e-04   1.19057531e-02
   -8.11325479e-03  -1.03579452e-02]
 [  1.38589544e-02   1.77196530e-03  -9.40154213e-03  -2.90613342e-03
    7.53100088e-04  -2.24654749e-02  -2.03381735e-03  -3.95610668e-02
   -9.37826652e-03   2.55312328e-03   2.05119606e-03  -3.54114827e-03
   -1.50498878e-02   9.31387942e-04  -1.05244769e-02   1.37718292e-02
    1.51623867e-03   1.09731406e-03  -1.59745757e-02   9.29261278e-03
    5.04951831e-03   4.84097458e-04The code for file bin-to-dec-vec-10.py ran for 2.12m
   1.39682263e-03   7.00644031e-02
    2.81306002e-02   2.44687498e-02   1.26420986e-03  -2.81477673e-03
   -7.75964465e-04  -2.76695704e-03]]
[ 0.17510763  0.84588915  0.19450352 -0.45376271  0.34693882  0.03040076
 -0.02711631  0.18110308 -0.21363819  0.21832585 -0.1197306   1.24125385
 -0.29959607 -0.22568038 -0.41191837 -0.06437112 -1.03303099  0.57491672
 -0.05601062  0.35773385  0.4535383   0.0952935  -0.63772744 -0.02793293
  0.08001739  0.12152352 -0.33240771 -0.82197976  0.13969569 -0.95905036]
[[-0.24135561]
 [-0.83216202]
 [ 0.31908393]
 [ 0.41141689]
 [-0.43581057]
 [-0.05391711]
 [ 0.87727958]
 [ 0.09283907]
 [ 0.13686426]
 [ 0.17506564]
 [ 1.06783605]
 [ 0.47584975]
 [-0.23620354]
 [ 0.52509302]
 [-0.75184339]
 [-0.26549202]
 [ 1.07278371]
 [-0.3990247 ]
 [-0.06480431]
 [ 0.1836661 ]
 [ 1.03393829]
 [-0.63649559]
 [ 0.57890892]
 [-0.05355732]
 [ 0.09739983]
 [ 0.31324819]
 [ 0.46737537]
 [ 0.87664127]
 [ 0.78824556]
 [ 0.85831922]]
[ 1.52043343]
Optimization complete. (with seed: 108) Best validation score of 0.000000 % obtained at iteration 35000, with test performance 0.000000 %
... loading data
... building the model
... training
epoch 1, minibatch 5000/5000, validation error 64.550000 %
     epoch 1, minibatch 5000/5000, test error of best model 64.370000 %
epoch 2, minibatch 5000/5000, validation error 41.460000 %
     epoch 2, minibatch 5000/5000, test error of best model 41.690000 %
epoch 3, minibatch 5000/5000, validation error 36.840000 %
     epoch 3, minibatch 5000/5000, test error of best model 37.200000 %
epoch 4, minibatch 5000/5000, validation error 21.950000 %
     epoch 4, minibatch 5000/5000, test error of best model 22.120000 %
epoch 5, minibatch 5000/5000, validation error 0.000000 %
     epoch 5, minibatch 5000/5000, test error of best model 0.000000 %
epoch 6, minibatch 5000/5000, validation error 0.000000 %
epoch 7, minibatch 5000/5000, validation error 0.000000 %
epoch 8, minibatch 5000/5000, validation error 0.000000 %
epoch 9, minibatch 5000/5000, validation error 0.000000 %
2.24154162407
[ 4.]
[[ -2.07937043e-02   7.56928697e-02   1.90003917e-01  -2.34222189e-01
   -1.50488123e-01  -4.38970715e-01   4.86663073e-01   9.46771860e-01
   -9.79986414e-02  -3.03592354e-01  -1.29045853e-02  -8.28955099e-02
    3.83712888e-01  -3.77100885e-01  -1.03003514e+00   5.85318208e-01
    1.16340123e-01   1.18694365e+00  -3.25649083e-01  -7.22969353e-01
    1.67442024e-01  -2.01786384e-01   5.28542161e-01  -2.52509862e-01
   -1.74918607e-01   2.34656125e-01   7.37521946e-02  -3.37073505e-01
    1.38518548e+00   2.11519435e-01]
 [ -2.77831778e-02   3.54482263e-01   1.22173345e+00   1.26230821e-01
   -8.09829012e-02  -1.04962997e-01   2.49462083e-01   4.78951961e-01
    1.04108319e-01   5.85384816e-02  -5.47416694e-02   9.68015730e-01
   -8.75349879e-01  -1.17389679e+00  -5.40830970e-01   2.54988670e-01
    3.49409580e-01  -4.06087130e-01   6.39532864e-01   6.33559287e-01
    2.81961858e-01  -2.90808707e-01   2.90001214e-01  -1.27054170e-01
    1.02012008e-01  -8.30772281e-01  -9.58358407e-01  -1.07365978e+00
    7.11634636e-01   4.02482525e-02]
 [  2.58669965e-02   1.18911549e-01   5.70059121e-01   1.81872759e-03
    9.54930902e-01   7.24529445e-01   1.10529900e+00   2.31098235e-01
    3.24806064e-01  -7.14903533e-01   2.39601750e-02   5.00936866e-01
    3.73256981e-01   4.22275424e-01   7.34744370e-01   1.30364299e-01
   -1.01109259e-01   8.02385151e-01   2.82179743e-01   3.25312316e-01
    8.85228813e-02  -3.52391779e-01   1.66391894e-01  -5.54817468e-02
   -2.10919052e-01   4.33909714e-01   6.43139660e-01  -6.89957559e-01
   -6.72063172e-01  -1.59553126e-01]
 [ -1.02664717e-01   2.91838288e-01  -4.78576183e-01   1.38060106e-02
    4.87019211e-01  -4.31578547e-01   5.73215663e-01  -8.87530684e-01
    2.22568035e-01   2.81799078e-01  -4.85018007e-02   2.10077375e-01
   -7.49700427e-01  -7.72757530e-01  -5.68268597e-01   3.92177142e-02
   -7.01325387e-02   3.90185982e-01   4.03810991e-03   1.65634170e-01
   -2.20357940e-01   2.15213194e-01  -5.02189398e-01  -8.23034525e-01
   -8.22480172e-02   7.44793415e-01   1.13541746e+00   8.20486665e-01
   -3.56454253e-01  -2.27856994e-01]
 [  1.96696687e-02   1.82202742e-01   6.40671194e-01   7.90193751e-02
    2.39550024e-01  -6.29621625e-01  -6.58457339e-01   5.56919873e-01
   -3.03543657e-02   1.48736984e-01  -1.84000526e-02  -8.86113644e-01
    6.43979371e-01  -3.97072583e-01  -2.93045819e-01   1.00884688e+00
    1.03905156e-01  -8.00942302e-01   2.93710884e-02   8.34909528e-02
   -2.80746608e-03   1.35441974e-01  -4.16691720e-01   4.87449110e-01
   -4.67606001e-02  -5.43920934e-01   6.41247928e-01  -6.24550641e-01
   -1.80059731e-01  -3.18769217e-01]
 [  3.90671827e-02  -1.95170997e-03   3.03127140e-01   3.13224167e-01
    1.01432669e+00  -4.97215688e-01   6.64439738e-01  -7.19504595e-01
    2.23994628e-02  -8.57167393e-02   3.30047943e-02   6.17430806e-01
    3.37194234e-01   7.81474292e-01  -1.61529511e-01  -5.15414357e-01
   -2.97883838e-01  -3.99226487e-01   4.42860663e-01   1.04124093e+00
    5.72219267e-02  -1.87681019e-01  -2.06226155e-01   2.70452231e-01
   -4.59269620e-02  -1.43921599e-01   3.18008721e-01  -3.29073876e-01
   -7.18193725e-02  -7.40144849e-02]
 [  6.88037127e-02  -2.34274734e-02   1.71220914e-01   5.39564341e-03
    5.75783134e-01  -2.48867318e-01   3.29436064e-01   6.34114742e-01
    1.86329648e-01   3.33426416e-01   4.22989391e-02  -7.35292792e-01
    1.40091702e-01   3.94030750e-01  -5.54157346e-02  -2.31165752e-01
    7.43920207e-02   8.05267334e-01  -4.50986803e-01  -4.74690676e-01
    9.74596664e-02   3.03579628e-01  -8.52608800e-01  -7.67463148e-01
   -2.29379945e-02  -2.78312832e-01   1.49353385e-01  -1.75085962e-01
    8.93753469e-01  -1.75106332e-01]
 [ -1.21113837e-01   1.49579393e-02   5.67444004e-02   2.63230056e-01
   -7.18315482e-01  -2.21247867e-01   1.57056093e-01   3.16298753e-01
    1.46011129e-01  -6.55516386e-01  -6.66652843e-02   6.47874177e-01
    1.86555743e-01  -7.76555955e-01   9.76734936e-01   8.15230727e-01
   -2.51279157e-02   4.00764495e-01  -3.04400355e-01  -2.30662704e-01
    1.77701339e-01  -1.27672199e-02  -6.22529626e-01   5.33668101e-01
    7.44615346e-02   5.23012817e-01   1.44546434e-01   5.58691062e-02
    4.68223780e-01   9.10914466e-02]
 [ -7.02762902e-02  -1.04275838e-01  -9.11097683e-04   2.56554782e-01
    1.88615499e-03   6.27350947e-03  -1.93129032e-04  -2.06601643e-03
   -2.82230806e-02  -9.19384230e-03   1.47222593e-01   5.17706037e-04
   -3.21774674e-03   6.07101917e-01   4.95701842e-03   1.40537659e-03
    2.45859310e-01   2.04057753e-01   2.77700275e-02  -2.73897825e-03
   -1.30308624e-02  -1.58114432e-04   4.40831529e-04   1.83141930e-03
   -1.68773215e-02  -1.66876819e-02   1.85809052e-03  -2.65363342e-04
   -6.13500961e-05  -3.33061554e-02]
 [ -8.14823061e-03   1.32544190e-01  -9.56248259e-04  -1.07744694e-01
   -7.47441663e-04   3.14700743e-03   6.18026766e-04  -4.29309410e-04
   -1.73426364e-02  -1.44096930e-02   2.99949590e-02  -3.89097841e-04
    2.71290052e-03   4.12710896e-03   3.09040211e-03  -2.24341312e-03
   -8.54199752e-02   1.74437789e-03   1.75600441e-03   9.97965341e-04
    2.63863150e-02  -1.74015671e-01   2.69976468e-03   2.07561208e-03
    8.41473695e-03  -2.75117881e-03  -1.53098383e-03   5.52194077e-04
    2.14990228e-04  -1.01981955e-02]]
[-0.32483858  0.09356826 -0.11880063 -0.05345794 -0.31851107  0.38899204
 -0.9715398  -0.81921518  0.21217206  0.21988697  0.38216013 -0.69205225
  0.01999313  0.24831221  0.31971201 -0.39693207  0.2120322  -0.88483965
  0.28872418 -0.14125232  0.12595718 -0.10160946  1.16266978  0.05714983
 -0.25134662 -0.23026551 -0.82935482  0.92053443 -0.65150237  0.0958349 ]
[[-0.9044041 ]
 [ 0.08284316]
 [-0.9096173 ]
 [ 0.06684127]
 [ 0.41860989]
 [-0.2424123 ]
 [ 1.45139706]
 [ 0.83498466]
 [ 0.22841141]
 [-0.12441167]
 [ 0.7221694 ]
 [ 0.45051149]
 [-0.82324696]
 [-0.24421851]
 [-0.33770972]
 [ 0.39272556]
 [ 0.10660388]
 [ 0.64078873]
 [ 0.15180343]
 [ 1.03566873]
 [ 0.26326931]
 [ 0.02805994]
 [ 0.22987744]
 [-0.40399152]
 [-0.68042314]
 [-0.14854462]
 [ 0.91341448]
 [-0.81586736]
 [ 0.55607647]
 [-0.18376882]]
[ 1.73851466]
Optimization completThe code for file bin-to-dec-vec-10.py ran for 1.07m
e. (with seed: 109) Best validation score of 0.000000 % obtained at iteration 25000, with test performance 0.000000 %
... loading data
... building the model
... training
epoch 1, minibatch 5000/5000, validation error 40.610000 %
     epoch 1, minibatch 5000/5000, test error of best model 40.950000 %
epoch 2, minibatch 5000/5000, validation error 30.450000 %
     epoch 2, minibatch 5000/5000, test error of best model 31.490000 %
epoch 3, minibatch 5000/5000, validation error 26.250000 %
     epoch 3, minibatch 5000/5000, test error of best model 26.940000 %
epoch 4, minibatch 5000/5000, validation error 9.040000 %
     epoch 4, minibatch 5000/5000, test error of best model 9.030000 %
epoch 5, minibatch 5000/5000, validation error 0.000000 %
     epoch 5, minibatch 5000/5000, test error of best model 0.000000 %
epoch 6, minibatch 5000/5000, validation error 0.000000 %
epoch 7, minibatch 5000/5000, validation error 0.000000 %
epoch 8, minibatch 5000/5000, validation error 0.000000 %
epoch 9, minibatch 5000/5000, validation error 0.000000 %
1.08277153969
[ 4.]
[[ -2.44924098e-01  -5.66763282e-01  -2.79157888e-03   8.99697170e-02
    1.07193537e-01   6.54823566e-03   1.19796264e+00   7.87126049e-02
   -3.82673740e-01  -6.17052913e-01   1.14165889e-02  -2.29637921e-01
    2.50511259e-01  -8.69029641e-01  -1.64050534e-02  -9.62813973e-01
   -3.19274575e-01   4.78715971e-02  -1.22971218e-02  -2.66701221e-01
   -2.18051225e-01   4.90178585e-01  -2.01135367e-01  -7.24778831e-01
   -2.98160911e-01  -5.34176469e-01   7.21900314e-02   1.20395437e-01
    1.57090276e-01  -5.23047484e-02]
 [  1.90901265e-01   7.08159685e-01  -1.20167181e-01   4.15711641e-01
    9.15201660e-03   1.28963543e-02  -4.11722809e-01   1.05705214e+00
   -1.10412228e+00  -3.28900188e-01   3.78752872e-02   8.48368466e-01
    9.40564096e-01   5.59456766e-01  -2.61433125e-02  -4.75116104e-01
   -1.67271346e-01  -1.90125182e-01  -1.16692828e-02   7.97212899e-01
   -1.15204358e+00   2.26686105e-01   3.79998982e-01   6.51864052e-01
   -1.18615199e-03  -1.24690972e-01  -1.79908890e-02   6.55973777e-02
    6.95506856e-02  -1.45465480e-02]
 [ -6.65683020e-03  -6.34895742e-01  -8.84841606e-02   3.99113506e-01
   -3.41521092e-02  -2.65821695e-01   8.02540302e-01  -4.82502371e-01
    4.31815535e-01  -1.59409031e-01  -4.21858907e-01  -5.57384670e-01
    6.49928212e-01  -7.17170715e-01  -2.41713114e-02  -2.40489811e-01
   -7.19624087e-02   2.63443798e-01   1.74015641e-01  -5.05316317e-01
   -5.42212486e-01   1.12699294e+00   3.11966717e-01   3.15352321e-01
    2.96401620e-01  -6.28538281e-02   8.47404897e-02   1.04267716e-01
   -9.51103270e-01   3.12613279e-01]
 [ -3.59231293e-01  -3.31002682e-01  -2.65481830e-01  -2.09570900e-01
   -3.82659733e-02   2.84730315e-01   3.94726336e-01  -2.20689371e-01
   -7.82361150e-01  -9.52927396e-02   2.36243218e-01   7.24877238e-01
   -8.41380179e-01   6.48139417e-01  -1.53870378e-02   8.88496339e-01
    9.43814278e-01  -1.48803279e-01  -5.60203493e-02   6.55749083e-01
    6.86932623e-01   5.46315968e-01  -5.31831503e-01   1.69174343e-01
    6.50664419e-02   2.05455258e-01   1.03369936e-01   3.94549109e-02
   -4.85060930e-01   2.28720739e-01]
 [ -6.45124093e-02  -1.52423844e-01   6.52263239e-02   1.68152779e-01
   -2.12201729e-01   2.19075829e-01  -7.97706127e-01   8.72034371e-01
   -3.89808923e-01  -1.04474568e+00  -6.57669380e-02  -6.36770666e-01
    7.10164070e-01   3.10875475e-01   1.91908833e-02  -5.62417269e-01
    4.89936084e-01  -3.50193888e-01  -1.33469254e-01   1.35452735e+00
   -5.99053562e-01  -7.03729868e-01  -1.74593970e-01   7.49938339e-02
   -2.46098161e-01  -3.00479293e-01  -5.79727963e-02  -8.01969543e-02
   -2.26404846e-01   9.94747505e-02]
 [ -1.57041192e-01  -7.44581744e-02   4.00622010e-01   1.86895922e-01
    6.65161852e-03   1.75660580e-01  -4.01950955e-01  -5.69020569e-01
    8.25716078e-01   4.96722043e-01  -4.53205884e-01  -3.15557420e-01
    3.29137653e-01   1.60786405e-01   5.59246130e-02   7.10491538e-01
    2.54065603e-01  -1.39736952e-02   1.66146487e-01  -3.56716454e-01
   -2.95056134e-01   6.54437661e-01  The code for file bin-to-dec-vec-10.py ran for 1.06m
 4.40310717e-01   1.03722358e+00
   -7.25668818e-02   2.61928707e-01  -4.56994632e-04   9.55668092e-03
    8.76391470e-01  -2.04642187e-03]
 [  1.25280380e-01  -1.03057468e+00   2.08669558e-01  -1.65288195e-01
   -5.30874617e-02  -1.55292481e-01   8.04013610e-01   7.10183024e-01
    4.25969958e-01   2.37034991e-01  -7.85622746e-02  -4.00942937e-02
    1.83849841e-01   7.69798607e-02   2.66745407e-02  -6.39824390e-01
    1.10001171e+00  -4.32095565e-02  -1.22207858e-01  -1.66898146e-01
   -2.51201659e-01   3.26996803e-01   2.01443404e-01  -4.79200274e-01
   -8.63092616e-02   1.46835953e-01   2.30836179e-02   1.26072481e-01
   -5.66826046e-01   4.28002998e-02]
 [ -1.94618642e-01   4.80523646e-01  -9.35819373e-02  -1.51684493e-01
   -1.11781918e-01  -1.00977555e-01   3.98339301e-01  -6.42863452e-01
   -7.32495666e-01  -8.70409429e-01   1.96908742e-01  -8.35359693e-02
    5.88898249e-02   1.03461134e+00  -1.88286286e-02  -3.21154147e-01
    5.73115468e-01  -9.22273248e-02   2.11607546e-01  -1.24185093e-01
   -6.63388073e-02   1.65843919e-01   5.98006964e-01  -2.43163809e-01
    3.07546347e-01  -3.99856806e-01  -6.47041351e-02   4.81454879e-02
    7.21547306e-01  -1.16646461e-01]
 [  4.38641198e-02  -1.57991875e-04  -1.94107428e-01   5.46261892e-02
   -5.40605970e-02  -2.67866880e-01   1.98886141e-01   2.23190198e-03
    6.47871673e-01  -3.27312318e-03  -3.40168267e-01  -1.03660114e-03
   -1.01170561e-03   1.08494598e-04   6.98863044e-02  -1.02770119e-03
    3.42901214e-04   7.02215871e-03   1.95487991e-01   5.58200339e-03
   -3.65070417e-04   9.24876775e-04   3.20699781e-01  -2.44729221e-04
   -4.15392704e-02  -6.45826105e-04   1.94372162e-01  -4.67798747e-02
   -9.34577547e-03  -3.60599793e-02]
 [ -1.02427474e-03  -1.58850872e-03  -4.06843603e-01  -5.09583717e-03
    1.83735639e-02  -5.46534732e-02   1.12717354e-03  -1.00716494e-03
    1.85943898e-02   5.15718479e-03  -2.25486998e-02   1.52977428e-03
   -2.84841727e-03  -1.39551610e-03   4.74938005e-02   3.73556721e-03
   -1.03672006e-04  -4.03281534e-03   3.28675993e-02  -2.96690012e-03
   -1.25049485e-03  -1.88290502e-03  -7.18003651e-03   9.51110851e-04
   -1.62251340e-03  -3.57889608e-02  -3.04709617e-02   6.50022691e-03
   -6.95061812e-04   1.85076408e-02]]
[-0.18894152  0.24335918  0.01195167  0.09244297 -0.2088891  -0.11176186
 -0.89285457 -0.32198894  0.12053648  0.54504877 -0.09286893  0.01333453
 -0.7998119  -0.48729333  0.42014024  0.84164411 -0.71343482 -0.2932933
 -0.00905378 -0.00767661  0.06148624 -0.93612421 -0.10238034 -0.11921895
 -0.34383774 -0.0876831   0.24277489  0.31910011 -0.63195115  0.29920402]
[[-0.17233001]
 [-0.57739222]
 [-0.0177804 ]
 [ 0.17974094]
 [-0.49785951]
 [-0.03330342]
 [ 0.6495074 ]
 [ 0.4717257 ]
 [-0.22307849]
 [-0.3876712 ]
 [ 0.06308525]
 [ 0.80759764]
 [ 0.88412648]
 [ 0.39487404]
 [ 0.81936276]
 [-0.8258751 ]
 [ 0.51363832]
 [-0.2089189 ]
 [ 0.08055314]
 [ 0.80940938]
 [ 0.89558858]
 [ 1.544716  ]
 [ 0.06729387]
 [ 1.07758665]
 [-0.19500752]
 [-0.09806868]
 [ 0.49435565]
 [ 0.63940406]
 [ 0.44199789]
 [ 0.40129852]]
[ 1.38131201]
Optimization complete. (with seed: 110) Best validation score of 0.000000 % obtained at iteration 25000, with test performance 0.000000 %
... loading data
... building the model
... training
epoch 1, minibatch 5000/5000, validation error 74.690000 %
     epoch 1, minibatch 5000/5000, test error of best model 74.610000 %
epoch 2, minibatch 5000/5000, validation error 39.510000 %
     epoch 2, minibatch 5000/5000, test error of best model 39.200000 %
epoch 3, minibatch 5000/5000, validation error 29.560000 %
     epoch 3, minibatch 5000/5000, test error of best model 31.040000 %
epoch 4, minibatch 5000/5000, validation error 16.770000 %
     epoch 4, minibatch 5000/5000, test error of best model 16.560000 %
epoch 5, minibatch 5000/5000, validation error 0.080000 %
     epoch 5, minibatch 5000/5000, test error of best model 0.110000 %
epoch 6, minibatch 5000/5000, validation error 0.000000 %
     epoch 6, minibatch 5000/5000, test error of best model 0.000000 %
epoch 7, minibatch 5000/5000, validation error 0.000000 %
epoch 8, minibatch 5000/5000, validation error 0.000000 %
epoch 9, minibatch 5000/5000, validation error 0.000000 %
epoch 10, minibatch 5000/5000, validation error 0.000000 %
epoch 11, minibatch 5000/5000, validation error 0.000000 %
1.51650905609
[ 4.]
[[  1.47421077e-01  -1.25309974e-01   6.28230453e-01   1.50454754e-03
    9.61520821e-02  -3.23403269e-01  -4.43330467e-01  -1.08914030e+00
   -6.86267167e-02  -6.23867810e-01   1.33891806e-01  -5.17449498e-01
   -9.54707325e-01   2.48388350e-02  -2.19032262e-02   8.00693855e-02
    4.87146705e-01  -5.22353351e-01  -5.73956430e-01   2.77288049e-01
    4.14843410e-01   1.60669744e-01  -9.56260115e-02   2.17335492e-01
    7.48609424e-01  -3.62974972e-01   1.24519192e-01  -8.03220928e-01
   -3.93870950e-01  -1.61959752e-01]
 [  2.06726015e-01   1.41834527e-01   3.06911170e-01  -2.63948977e-01
    2.03146189e-02  -1.74669012e-01  -1.71100527e-01  -5.24891794e-01
   -8.32539052e-02   7.86847651e-01   5.69959618e-02  -2.50901520e-01
   -4.86126781e-01   6.45563975e-02   9.04950023e-01   1.02117383e+00
   -7.43206739e-01   8.64501774e-01   7.16686368e-01   2.56540626e-01
   -7.89783895e-01   5.90216279e-01  -3.32214981e-01  -3.67740959e-01
   -6.23580217e-01  -1.13416064e+00  -9.13240254e-01  -4.00399387e-01
   -2.28065729e-01  -7.05488175e-02]
 [  1.45777851e-01  -1.50979355e-01   1.45622596e-01  -2.40998670e-01
    5.63305942e-03  -8.41149688e-02   1.95297554e-01   7.23063767e-01
   -8.88701081e-02  -5.82607090e-01   5.35145262e-03   8.21797729e-01
   -2.41355881e-01  -4.66691963e-02  -6.07932210e-01  -4.67056602e-01
   -3.29869211e-01  -5.01993060e-01  -6.36300147e-01   4.53074612e-02
   -3.87937725e-01  -5.98010540e-01  -4.00612772e-01  -2.01947078e-01
   -3.14669907e-01  -6.64035618e-01   4.55131233e-01   7.96187401e-01
   -9.73537803e-01   9.69774127e-01]
 [  1.41924009e-01  -5.15131094e-02   6.17575310e-02   2.93853313e-01
   -4.47328500e-02   9.82510507e-01   4.28769961e-02  -6.00912809e-01
   -3.77533175e-02   6.69969857e-01  -1.91112403e-02  -6.14351153e-01
   -1.12204850e+00  -3.38087277e-03   6.61895394e-01  -2.41672337e-01
   -2.08587334e-01   7.28554368e-01  -3.24603379e-01   1.12117462e-01
    8.13445032e-01  -6.78964853e-01   4.67700697e-02   3.54822874e-01
   -1.50924906e-01   6.90994978e-01   1.23013937e+00   3.98157358e-01
   -4.41682845e-01   4.61545765e-01]
 [  1.59145996e-01   8.43572617e-02   1.00864553e+00   1.52683154e-01
    1.07309511e-02   4.80600208e-01  -4.20102365e-02  -3.54350537e-01
   -9.57402661e-02  -5.67788854e-02   3.07096075e-02   6.41942620e-01
   -5.66978395e-01   1.12800270e-01  -6.22059524e-01   8.56666207e-01
   -1.71079159e-01   1.33804286e+00  -1.57349080e-01  -1.63427278e-01
    4.17212009e-01  -5.97396076e-01  -2.96090096e-01   1.46360651e-01
   -6.25527650e-02  -6.17718220e-01   6.64467514e-01  -7.96976686e-01
    9.16105270e-01   2.40983650e-01]
 [  2.41028905e-01  -1.49761200e-01  -4.92157608e-01   3.16605777e-01
    1.12533197e-02   2.41127580e-01   1.33276030e-01  -1.81296960e-01
    5.55527769e-02   3.85426469e-02  -1.27358988e-01  -6.72335267e-01
    7.14832425e-01   9.46881846e-02  -3.04111838e-01  -5.57870448e-01
   -6.30666733e-01  -3.21912795e-01  -8.02231133e-02   2.79130340e-01
   -7.85380840e-01  -1.10643543e-01  -6.51159883e-01  -2.42640704e-01
    9.16868687e-01  -3.22331965e-01   3.61531079e-01  -3.97317916e-01
   -5.84738314e-01   1.11594975e+00]
 [  1.05513029e-01  -8.02493170e-02  -2.61033744e-01   1.82548184e-02
   -2.60793120e-02   1.14892006e+00  -1.37532398e-01  -8.82253423e-02
   -1.32864028e-01  -1.77623797e-02  -6.63719922e-02  -3.55763733e-01
   -6.37295663e-01   6.81287274e-02  -1.68768495e-01   7.02979803e-01
    2.85773337e-01  -1.50303289e-01  -1.04695249e+00   1.66833699e-01
   -4.05053854e-01  -3.74556929e-02   2.55262136e-01  -1.31438106e-01
    5.07015765e-01  -1.78387821e-01   1.55744463e-01  -1.18784010e+00
   -2.49895766e-01   5.66671431e-01]
 [ -2.26002634e-01   2.79027242e-02   8.52153659e-01   3.55782092e-01
   -6.20385259e-02   5.70413828e-01   3.11789572e-01   9.06534493e-01The code for file bin-to-dec-vec-10.py ran for 1.26m

   -1.06376238e-01   6.17741942e-01   5.44275977e-02  -1.69860214e-01
   -3.20481122e-01  -5.74049391e-02  -2.31746212e-01  -6.43315136e-01
    2.65556693e-01  -2.35333696e-01   4.88783658e-01  -9.98224616e-02
    8.06079626e-01  -4.97379601e-02  -1.47986650e-01  -4.76560622e-01
    2.42525563e-01   5.67970462e-02  -3.47748473e-02   4.10758525e-01
   -1.54712424e-01  -7.20927238e-01]
 [ -1.76051453e-01  -8.01806748e-02  -3.53159942e-03  -1.22521289e-01
   -1.32916525e-01  -2.49748638e-07   6.14391305e-02  -1.26212102e-03
    7.37927258e-02  -1.55343208e-02   1.31487936e-01   8.36773688e-05
    1.19824545e-03   9.25721824e-02  -1.51655549e-04  -2.56584445e-03
   -1.12558883e-02  -9.44866624e-04   2.50475039e-03  -3.07977110e-01
   -6.20201647e-01  -4.14861133e-03   2.59129480e-02  -1.21990301e-01
    2.25214707e-03   2.52693286e-03   3.95675394e-04   2.01642558e-01
    3.95676616e-05   2.90002790e-04]
 [  1.78429380e-01  -2.24826217e-04  -1.04362331e-03   1.22337723e-02
   -2.85720755e-03  -1.50550695e-04  -1.30949944e-01  -8.54696555e-04
    4.66170022e-03  -7.33065838e-03   7.39246001e-03  -1.36755267e-03
   -3.03853187e-04  -3.71852680e-03   3.04049812e-04   8.15771869e-04
   -1.69143849e-03   2.93610443e-04   1.05131674e-03   3.61239880e-01
    5.30676357e-03   1.50447886e-03   1.50266755e-02  -9.33791697e-03
    7.64660013e-04  -9.66759035e-05   3.89741181e-04  -7.50174921e-04
    9.95418304e-06  -4.12563240e-04]]
[ 0.13981755 -0.23826745 -0.48280829  0.2376516  -0.38647783 -0.74398863
  0.00952365  0.47528759 -0.31449705 -0.33502465  0.30352241  1.07725298
  0.84217322  0.27220917 -0.0279225  -0.29498971  0.26927516  0.16658029
  0.24240893  0.04317271  0.65962052  0.28499624  0.15544944  0.01368282
 -0.91853654  0.99754953 -0.80525643  0.08824343  0.5721032  -1.34638858]
[[ 0.02569901]
 [-0.44677696]
 [ 0.39735764]
 [ 0.10793134]
 [-0.80407804]
 [ 0.51213807]
 [ 0.01450743]
 [-0.35109121]
 [-0.55154425]
 [ 0.08377996]
 [ 0.5264734 ]
 [-1.06544685]
 [-0.82836497]
 [ 0.72849232]
 [ 0.87480128]
 [ 0.4701359 ]
 [-0.19617233]
 [ 0.73643798]
 [-0.57223934]
 [ 0.00164481]
 [-0.23804371]
 [-0.15312332]
 [-0.10837537]
 [-0.05280965]
 [ 0.95404667]
 [-0.87638104]
 [ 0.88937855]
 [-0.64211255]
 [-0.59810847]
 [-0.43864113]]
[ 1.56692362]
Optimization complete. (with seed: 111) Best validation score of 0.000000 % obtained at iteration 30000, with test performance 0.000000 %
... loading data
... building the model
... training
epoch 1, minibatch 5000/5000, validation error 62.080000 %
     epoch 1, minibatch 5000/5000, test error of best model 62.380000 %
epoch 2, minibatch 5000/5000, validation error 37.940000 %
     epoch 2, minibatch 5000/5000, test error of best model 38.230000 %
epoch 3, minibatch 5000/5000, validation error 35.770000 %
     epoch 3, minibatch 5000/5000, test error of best model 35.370000 %
epoch 4, minibatch 5000/5000, validation error 34.450000 %
     epoch 4, minibatch 5000/5000, test error of best model 34.410000 %
epoch 5, minibatch 5000/5000, validation error 33.330000 %
     epoch 5, minibatch 5000/5000, test error of best model 33.120000 %
epoch 6, minibatch 5000/5000, validation error 31.010000 %
     epoch 6, minibatch 5000/5000, test error of best model 31.180000 %
epoch 7, minibatch 5000/5000, validation error 28.160000 %
     epoch 7, minibatch 5000/5000, test error of best model 27.940000 %
epoch 8, minibatch 5000/5000, validation error 23.000000 %
     epoch 8, minibatch 5000/5000, test error of best model 23.460000 %
epoch 9, minibatch 5000/5000, validation error 17.080000 %
     epoch 9, minibatch 5000/5000, test error of best model 18.140000 %
epoch 10, minibatch 5000/5000, validation error 0.440000 %
     epoch 10, minibatch 5000/5000, test error of best model 0.470000 %
epoch 11, minibatch 5000/5000, validation error 0.000000 %
     epoch 11, minibatch 5000/5000, test error of best model 0.000000 %
epoch 12, minibatch 5000/5000, validation error 0.000000 %
epoch 13, minibatch 5000/5000, validation error 0.000000 %
epoch 14, minibatch 5000/5000, validation error 0.000000 %
epoch 15, minibatch 5000/5000, validation error 0.000000 %
epoch 16, minibatch 5000/5000, validation error 0.000000 %
epoch 17, minibatch 5000/5000, validation error 0.000000 %
epoch 18, minibatch 5000/5000, validation error 0.000000 %
epoch 19, minibatch 5000/5000, validation error 0.000000 %
epoch 20, minibatch 5000/5000, validation error 0.000000 %
epoch 21, minibatch 5000/5000, validation error 0.000000 %
0.947882771492
[ 4.]
[[  7.00258091e-02   3.02898020e-01   8.04172456e-01  -5.08688450e-01
    2.60214843e-02   2.19442606e-01  -3.84810835e-01   2.29255572e-01
   -3.24834675e-01   7.18873858e-01  -1.59061342e-01   6.11355186e-01
    2.64560361e-03  -5.20871043e-01   8.32555071e-02  -9.61861014e-01
    6.40556812e-02   5.41394770e-01  -1.57834828e-01  -4.58232939e-01
   -1.31705105e-01   9.58944321e-01   1.29286312e-02   2.31102839e-01
   -6.79795384e-01   9.21645314e-02  -5.88789433e-02  -2.72299588e-01
   -3.31836283e-01   4.07148123e-01]
 [  9.94632021e-02  -8.23177040e-01   3.97897780e-01  -2.90147215e-01
   -1.03445025e-02   1.12510860e+00  -1.14296234e+00   1.95602491e-01
   -1.58969179e-01  -6.41206622e-01  -1.93368673e-01   3.37998509e-01
   -3.98722291e-02  -2.55689114e-01   1.05274105e+00  -4.78885949e-01
    6.87779766e-03  -7.02795923e-01  -9.39701498e-02  -1.97509915e-01
   -1.10481870e+00   5.40692508e-01  -8.72866154e-01   1.80030391e-01
    6.06853426e-01  -1.66894481e-01   8.97734836e-02   3.99614930e-01
    8.95912588e-01  -1.85797289e-01]
 [  8.12433288e-02   4.31562155e-01  -7.96797812e-01  -1.09150302e+00
   -2.06789430e-02   6.19426131e-01   4.16113257e-01  -1.85030594e-01
   -7.72630796e-02  -3.54147196e-01   5.39419241e-02   1.90235570e-01
   -1.56443313e-01  -1.55039042e-01  -4.78316635e-01  -2.29978725e-01
   -1.47917978e-02  -1.35894966e+00  -1.05479574e+00  -1.12841392e+00
   -5.28228343e-01  -6.91945612e-01  -8.75572085e-01  -1.96660474e-01
   -1.71269570e-02   2.45330166e-02   1.18317902e-01   1.95929229e-01
   -6.21786118e-01  -3.44818175e-01]
 [ -9.72479805e-02   1.32721698e+00  -4.03555959e-01  -6.25438869e-01
   -7.91902617e-02  -7.20435679e-01  -7.42257178e-01  -2.31710613e-01
   -1.04244065e+00  -1.65584013e-01   2.20657602e-01   3.95126045e-02
   -1.57083631e-01  -7.28891715e-02  -2.39392146e-01  -1.12487221e+00
    5.29800691e-02   3.12110484e-01   4.88988131e-01  -5.05671561e-01
    7.04705715e-01   5.90893984e-01   9.61834311e-01  -1.89106002e-01
    8.21762532e-02  -7.29103014e-02  -1.54373543e-02   5.99445403e-01
    7.58193672e-01   2.40403861e-01]
 [ -6.25443552e-03   5.42954922e-01  -1.19949150e+00   8.11364770e-01
    3.18170674e-02   8.69128823e-01  -3.86773586e-01  -1.45888492e-01
    4.90703285e-01  -8.36691782e-02   3.09583187e-01  -5.79813659e-01
   -2.10171752e-02  -5.43413699e-01   8.97762477e-01  -5.57164907e-01
    2.80904993e-02   1.60302684e-01   2.34794721e-01   6.33224189e-01
   -5.94751298e-01   3.06163907e-01  -3.40321600e-01  -4.53539491e-02
    6.13718294e-02  -6.22456409e-02   3.79246250e-02  -2.45865613e-01
   -6.00221574e-01   4.04470414e-01]
 [ -1.01374360e-02   3.47676873e-01   3.95093679e-01  -6.18042290e-01
    1.76925093e-01   2.92243481e-01   8.16568017e-01  -8.20157863e-03
    2.44002059e-01  -1.06348038e+00   2.85336971e-01  -4.67638969e-01
   -5.61335655e-05   5.33234775e-01  -5.64807296e-01   7.12977588e-01
    1.77365795e-01   8.02032277e-02  -8.52360785e-01  -6.65005744e-01
   -3.46552789e-01   1.60355881e-01  -2.86089838e-01  -7.12144136e-01
    7.41047263e-01  -2.30756942e-02   1.54881164e-01   4.24305409e-01
   -2.90191442e-01   1.39003918e-01]
 [  2.44658422e-02   1.69478148e-01  -8.08655143e-01  -3.13701302e-01
   -2.90094744e-02   1.48488820e-01   4.25337732e-01   2.27680326e-01
   -8.67054641e-01   4.71477449e-01   3.29793453e-01  -2.43760109e-01
    4.07775566e-02   2.24628732e-01   7.15466082e-01  -6.44729674e-01
   -1.34572079e-02   1.02316201e+00   5.81579983e-01  -3.28642100e-01
   -1.73862681e-01   7.32624009e-02  -1.66295812e-01  -1.12647533e-01
   -6.66682541e-01  -1.43945962e-01   1.83780156e-02   1.45100653e-01
   -1.50174499e-01   2.The code for file bin-to-dec-vec-10.py ran for 2.23m
76315361e-01]
 [  6.54851273e-02   3.97202253e-01  -3.94350410e-01  -1.83125898e-01
   -2.46238671e-02   2.93626845e-01  -7.90498197e-01  -1.55824318e-03
    5.60533464e-01   2.30741844e-01  -8.38412642e-02  -1.04458511e+00
    6.86599314e-03  -7.33793020e-01  -6.31205559e-01  -3.22761029e-01
    1.87145501e-01  -4.81087714e-01  -7.19400823e-01  -1.41749024e-01
    2.16580063e-01   1.03790426e+00  -7.71126330e-01  -6.08470559e-01
   -2.39775121e-01  -1.52415574e-01  -2.28850916e-01  -5.02576113e-01
    1.67656600e-01  -2.78369427e-01]
 [  1.74897145e-02  -3.59341176e-03  -1.97003022e-01   3.25981702e-04
    1.31753474e-01   5.85246889e-04   6.14566088e-01   3.06017905e-01
   -1.13254180e-03   8.92279495e-05   6.86102286e-02   1.28016225e-03
   -8.99410620e-02  -6.16718829e-03   6.23370521e-04   7.49608793e-04
   -1.10007100e-01  -2.35370622e-04   4.64664074e-03  -3.40969040e-04
   -2.42550811e-03  -4.29701700e-04  -2.01301510e-03   5.52915083e-03
   -1.54643981e-02  -9.72601697e-02  -3.08783859e-01   3.78594935e-01
    8.00751091e-04   3.21957469e-02]
 [  1.87767879e-03   2.00954312e-03  -5.70300035e-04   1.46965089e-04
   -2.37711892e-03  -4.52575536e-04   6.83665741e-03   2.12952793e-01
    4.02266451e-04   7.25938939e-04   4.49058637e-02   1.93880522e-03
   -1.66981912e-03   2.93566100e-03  -2.05492819e-04   4.05394443e-04
    2.35535670e-03   1.02544782e-05  -9.69286630e-05  -3.55994009e-04
   -9.50419490e-05  -9.62847145e-04   6.87028747e-04   6.50065439e-03
    6.49954658e-04   2.56984698e-04  -8.20016838e-04  -4.02550027e-03
    2.68576364e-03   7.58697558e-03]]
[ 0.34961128 -1.07813847  0.90216178  0.89996928  0.34701845 -1.21241581
  0.18189134  0.14570607  0.27030274  0.17922461  0.10436291  0.19593564
 -0.24902824  0.11070497 -0.33853078  0.84408695  0.34185079 -0.23015663
  0.62700653  0.93835992  0.73804539 -0.35481691  0.94916213 -0.06143776
 -0.58711213 -0.13213433 -0.24407667  0.02354443 -0.15389103  0.06751703]
[[ 0.55443686]
 [ 0.84989041]
 [-0.64818329]
 [-0.76780391]
 [ 0.79890919]
 [ 0.8272652 ]
 [-0.23318177]
 [ 0.00311554]
 [-0.51895517]
 [-1.00096524]
 [ 0.01124924]
 [-0.27403709]
 [-0.5304113 ]
 [-0.25101992]
 [ 0.47636676]
 [-0.82407266]
 [ 0.64181656]
 [ 0.58724529]
 [-0.4349781 ]
 [-0.86942822]
 [-0.93595207]
 [ 0.36350542]
 [-0.23536725]
 [-0.0143092 ]
 [-0.10644801]
 [-0.2305553 ]
 [-0.24815814]
 [ 0.04680799]
 [ 0.95766455]
 [ 0.04880242]]
[ 1.75847483]
Optimization complete. (with seed: 112) Best validation score of 0.000000 % obtained at iteration 55000, with test performance 0.000000 %
... loading data
... building the model
... training
epoch 1, minibatch 5000/5000, validation error 70.360000 %
     epoch 1, minibatch 5000/5000, test error of best model 71.010000 %
epoch 2, minibatch 5000/5000, validation error 36.780000 %
     epoch 2, minibatch 5000/5000, test error of best model 36.930000 %
epoch 3, minibatch 5000/5000, validation error 31.670000 %
     epoch 3, minibatch 5000/5000, test error of best model 32.400000 %
epoch 4, minibatch 5000/5000, validation error 8.840000 %
     epoch 4, minibatch 5000/5000, test error of best model 9.160000 %
epoch 5, minibatch 5000/5000, validation error 0.000000 %
     epoch 5, minibatch 5000/5000, test error of best model 0.000000 %
epoch 6, minibatch 5000/5000, validation error 0.000000 %
epoch 7, minibatch 5000/5000, validation error 0.000000 %
epoch 8, minibatch 5000/5000, validation error 0.000000 %
epoch 9, minibatch 5000/5000, validation error 0.000000 %
1.6529147625
[ 4.]
[[  6.33795202e-01  -2.59634912e-01   8.02598357e-01  -2.16017261e-01
   -4.06590909e-01   2.39911318e-01  -3.27494264e-01   7.89888427e-02
   -2.12154880e-01  -1.91930532e-02  -4.45926152e-02   4.66969013e-01
    5.60546480e-02   2.99770862e-01  -1.55520186e-01   9.64849293e-01
    2.39574626e-01  -5.63742876e-01   7.15651810e-01   4.93667841e-01
   -6.83398321e-02  -2.84314573e-01   6.41583130e-02   1.10902883e-01
   -1.29641786e-01  -2.40479931e-01  -7.97213987e-02   3.49944904e-02
    8.86568725e-01   2.47843251e-01]
 [  3.25861126e-01  -2.31428772e-01   3.94813418e-01  -1.55432135e-01
    7.94638872e-01  -6.83445573e-01  -1.69042140e-01   9.89670455e-02
   -7.16996074e-01   9.77709815e-02  -1.06153652e-01   1.48536906e-01
    3.38526405e-02  -3.23328465e-01  -8.40450749e-02   4.83184159e-01
    1.07250655e+00   7.22268164e-01  -6.26245081e-01   3.14418882e-01
    4.87935655e-02   2.80702949e-01  -6.45152926e-02   3.65189686e-02
   -1.77131549e-01  -1.02625573e+00  -1.05839837e+00  -1.31398425e-01
   -5.53768754e-01   1.23112833e+00]
 [  1.59463674e-01   1.42043084e-01  -7.96827912e-01   4.15357769e-01
    4.03173655e-01   5.59981227e-01  -7.54548907e-02  -4.89413105e-02
   -5.50432205e-01  -2.47245692e-02  -5.13916671e-01   1.02540791e+00
   -1.50363101e-02  -7.09345117e-02   9.32120800e-01   2.36247227e-01
    5.52516758e-01  -6.50022864e-01  -3.17798227e-01  -7.89548218e-01
    1.08384378e-01  -1.46842137e-01   4.81083691e-02   4.27772589e-02
   -1.00486226e-01  -5.46342969e-01   4.88263249e-01  -1.96310639e-01
    7.22758234e-01   5.77968061e-01]
 [  9.35428143e-02  -5.07634878e-01  -3.96530777e-01   2.27639094e-01
    1.17545784e+00  -7.71702230e-01   9.47400630e-01   9.89613757e-02
    5.87372541e-01   9.94034335e-02  -3.33493352e-01   4.58900243e-01
    9.93644819e-03   1.86023891e-01   4.70215648e-01   1.12351072e+00
   -6.16891563e-01  -3.24485779e-01  -1.54606953e-01   6.57964945e-01
   -2.53783554e-01  -3.80873561e-01   2.98703648e-02   6.62270561e-02
    1.78833336e-01  -1.15015447e+00   2.34313950e-01   2.75278427e-02
   -6.18628442e-01  -7.30576575e-01]
 [  1.00659668e+00   3.03255618e-01   7.93591559e-01   1.22915484e-01
   -4.03951406e-01  -1.23494959e+00   4.88338828e-01   2.20139429e-01
   -4.38013017e-01   8.97976905e-02   1.10405058e-01  -7.89258718e-01
   -2.95411516e-02   1.51161794e-02   2.16473490e-01   5.60897410e-01
    7.16944039e-01  -1.56882375e-01  -7.46335313e-02  -6.69927239e-01
    1.54714808e-01   2.68159449e-01  -5.69701800e-03  -2.66347807e-02
    1.01325490e-01  -7.89702475e-01  -8.79650176e-01   3.35023046e-01
   -3.16460013e-01   4.12866086e-01]
 [ -4.76221740e-01  -7.62744248e-02   4.07774448e-01  -3.28021944e-01
    8.06772530e-01   3.49779993e-01   2.56169617e-01   7.73436502e-02
   -2.86109269e-01   3.71676404e-03  -2.56481618e-01   6.10387981e-01
    4.27487679e-02  -3.41693401e-01   1.09180343e+00  -7.25744665e-01
    3.02640229e-01  -8.01817924e-02  -1.03891361e+00   6.80727184e-01
    1.52571782e-01  -8.59852415e-03   1.50415123e-01  -2.80655771e-01
    1.42760843e-01  -3.05615067e-01   5.71574569e-01   2.08121017e-01
   -1.60174787e-01   3.49130780e-01]
 [ -2.35779166e-01  -1.07801065e-01  -8.05012763e-01   1.99711889e-01
    3.97877276e-01  -1.24958783e-01   1.08821881e+00   3.55508253e-02
    1.20956682e-01   1.41217839e-02  -1.10050462e-01   2.77436078e-01
    2.60606259e-02   6.18307143e-02   5.47517121e-01   6.48002148e-01
    3.13198000e-01  -1.05636859e+00   4.79680181e-01   3.59720558e-01
    3.77090722e-02  -7.02782944e-02   3.12644690e-02   7.53728580e-03
    7.40675330e-02  -2.18892097e-01  -7.23249733e-01  -1.75215527e-01
   -8.11074302e-02   2.38528237e-01]
 [  8.74434352e-01  -2.67614752e-01  -4.02803659e-01   5.07204570e-02
   -8.13892126e-01   9.93106887e-02   6.09539926e-01   2.31249817e-02
   -6.75858036e-02  -5.52145876e-02  -1.66226000e-01   1.56037152e-01
    5.78952432e-02   3.22869688e-01  -7.92552233e-01   3.21908712e-01
    8.43617544e-02   4.94787037e-01   2.43260860e-01   1.66318998e-01
    2.72142529e-01   2.19241321e-01  -8.87824148e-02  -1.98578939e-01
    5.76817384e-03  -6.25691935e-02  -1.33906221e+00   4.80527505e-02
   -1.03916693e+00   8.74566957e-02]
 [ -2.58427719e-03  -2.41739497e-01  -2.00553536e-01   3.34826820e-02
    5.97130239e-01  -7.23855977e-04   1.19951298e-03  -6.04749881e-02
   -4.71050560e-04   9.37682912e-02   4.15076353e-02  -3.00559564e-04
   -5.30815497e-03   3.21834236e-01  -1.91775197e-03   2.22614835e-04
   -3.38175741e-04   2.21279520e-03   4.67090576e-04  -1.11384899e-03
    3.12144905e-01  -2.82178409e-02   2.06965487e-02  -7.12911636e-02
   -2.64645427e-01  -2.28542648e-03 The code for file bin-to-dec-vec-10.py ran for 1.06m
  8.45456743e-05  -2.88775593e-01
   -1.42069499e-03  -5.51130716e-03]
 [ -3.27279180e-04  -1.07524246e-01  -2.02442170e-04  -3.80792515e-03
   -3.59329814e-03   8.59848922e-04  -2.79162778e-04   1.98930632e-02
    1.81084650e-03  -8.45714286e-03  -6.79526385e-03   2.55183876e-03
   -9.17594787e-03   2.63230987e-02  -8.33844184e-04   1.54748617e-03
    1.47116976e-03  -3.99516779e-04   5.99796942e-04  -7.80544418e-04
   -2.96724677e-01  -1.48171829e-02   7.31566863e-04  -7.94513896e-03
   -2.56343428e-02  -1.51328242e-03  -4.62812983e-04  -2.69983053e-01
    1.08992913e-06   1.06261251e-03]]
[-0.55063438  0.02977504 -0.10105957  0.02723212 -0.67605436 -0.01581835
  0.26604527  0.29934648  0.50142598  0.23322046 -0.04724611 -0.71076071
  0.38135278  0.12362041 -1.27049196 -0.84569472 -1.1493088   0.2446814
  0.10654218 -0.12461144 -0.07982349 -0.00488521  0.41013211 -0.19536668
 -0.09753554  0.87845123  1.31240118 -0.09005337  0.46341416 -0.95379859]
[[ 0.41043851]
 [ 0.01383915]
 [ 0.64384401]
 [ 0.09317871]
 [ 0.24210143]
 [-0.61493492]
 [-0.48723277]
 [ 0.38689771]
 [-0.39133212]
 [ 0.67091578]
 [-0.15633099]
 [ 0.82701343]
 [ 0.84818769]
 [ 0.05601676]
 [-0.42416981]
 [ 0.82637346]
 [ 0.83343881]
 [-0.57448351]
 [-1.08723772]
 [-0.80642861]
 [ 0.00355254]
 [-0.09592258]
 [ 0.82535285]
 [-0.31815568]
 [-0.09508962]
 [-0.88327152]
 [ 0.45907876]
 [-0.01310224]
 [-0.40278131]
 [ 0.89485312]]
[ 1.5155586]
Optimization complete. (with seed: 113) Best validation score of 0.000000 % obtained at iteration 25000, with test performance 0.000000 %
... loading data
... building the model
... training
epoch 1, minibatch 5000/5000, validation error 75.070000 %
     epoch 1, minibatch 5000/5000, test error of best model 74.300000 %
epoch 2, minibatch 5000/5000, validation error 45.820000 %
     epoch 2, minibatch 5000/5000, test error of best model 46.160000 %
epoch 3, minibatch 5000/5000, validation error 35.570000 %
     epoch 3, minibatch 5000/5000, test error of best model 36.140000 %
epoch 4, minibatch 5000/5000, validation error 31.840000 %
     epoch 4, minibatch 5000/5000, test error of best model 33.000000 %
epoch 5, minibatch 5000/5000, validation error 31.090000 %
     epoch 5, minibatch 5000/5000, test error of best model 32.410000 %
epoch 6, minibatch 5000/5000, validation error 30.850000 %
     epoch 6, minibatch 5000/5000, test error of best model 31.820000 %
epoch 7, minibatch 5000/5000, validation error 30.940000 %
epoch 8, minibatch 5000/5000, validation error 30.200000 %
     epoch 8, minibatch 5000/5000, test error of best model 30.440000 %
epoch 9, minibatch 5000/5000, validation error 28.560000 %
     epoch 9, minibatch 5000/5000, test error of best model 28.670000 %
epoch 10, minibatch 5000/5000, validation error 15.170000 %
     epoch 10, minibatch 5000/5000, test error of best model 16.140000 %
epoch 11, minibatch 5000/5000, validation error 0.000000 %
     epoch 11, minibatch 5000/5000, test error of best model 0.000000 %
epoch 12, minibatch 5000/5000, validation error 0.000000 %
epoch 13, minibatch 5000/5000, validation error 0.000000 %
epoch 14, minibatch 5000/5000, validation error 0.000000 %
epoch 15, minibatch 5000/5000, validation error 0.000000 %
epoch 16, minibatch 5000/5000, validation error 0.000000 %
epoch 17, minibatch 5000/5000, validation error 0.000000 %
epoch 18, minibatch 5000/5000, validation error 0.000000 %
epoch 19, minibatch 5000/5000, validation error 0.000000 %
epoch 20, minibatch 5000/5000, validation error 0.000000 %
epoch 21, minibatch 5000/5000, validation error 0.000000 %
1.098533988
[ 4.]
[[ -6.09441638e-01   5.98426878e-01   2.21591398e-01  -4.90954034e-02
    3.14242989e-01  -9.60629433e-03  -4.64074373e-01   3.09988976e-01
    2.96266198e-01  -2.77615041e-02   8.10436532e-02  -1.66605622e-01
    1.73532337e-01  -2.20278174e-01  -1.52609974e-01  -9.87553410e-03
    2.45037392e-01  -4.83268909e-02  -4.49188322e-01  -5.40778518e-01
   -9.56626236e-01  -2.22089179e-02   3.57143402e-01   7.95738757e-01
    3.15512270e-01   2.68615723e-01  -7.16390789e-01  -4.96490628e-01
   -3.36786471e-02   1.07585323e+00]
 [ -3.16941381e-01  -2.04243079e-01  -8.67830098e-01   4.66855578e-02
    1.72363609e-01  -1.95458770e-01  -2.84439474e-01   3.30648525e-03
    1.13768637e+00   5.72337396e-02  -9.55219746e-01  -9.42459628e-02
   -2.84636796e-01  -1.08382297e+00  -1.77937627e-01   2.84057632e-02
   -8.92106831e-01   5.14392965e-02   7.42298186e-01   7.22453773e-01
   -4.78727400e-01   5.88818938e-02   8.88960809e-02   4.07582343e-01
    1.31276757e-01  -8.55520070e-01   6.41957343e-01  -1.85434952e-01
    3.63594964e-02   5.61886072e-01]
 [ -1.47598967e-01   4.40311849e-01   5.44360518e-01   1.07651636e-01
    7.44089559e-02  -5.30014783e-02  -1.09450078e+00  -3.36960942e-01
    5.69864094e-01  -1.93407387e-02  -4.69440162e-01  -1.03912449e+00
   -1.01197995e-01  -5.84085822e-01  -2.55922079e-02  -6.75928639e-03
    5.68575799e-01   6.32428974e-02   3.49505246e-01  -6.21876895e-01
   -2.42203459e-01  -6.86078444e-02   2.72624522e-01  -8.05617571e-01
   -1.90673128e-01   5.56790411e-01   3.08799297e-01   8.58970582e-01
    2.39070252e-01  -7.22996950e-01]
 [ -8.62177312e-02   1.43450096e-01  -7.15997815e-01  -1.03592612e-01
   -9.65913117e-01   1.73129231e-01  -5.82757115e-01   1.78858452e-02
   -7.06853926e-01  -2.41001211e-02  -2.38119349e-01   4.82213914e-01
    5.74654453e-02   7.41793573e-01   2.27830812e-01   1.48307696e-01
    1.27982426e+00  -3.33687216e-02   1.13793325e+00  -3.39852154e-01
   -1.11440325e+00  -2.07671061e-01   1.07557371e-01  -4.03714478e-01
    3.18584681e-01  -7.11364865e-01   1.58890218e-01  -5.26177943e-01
    1.76036492e-01   6.33219540e-01]
 [  9.54762518e-01  -2.19996482e-01   5.56636631e-01   1.10732540e-01
   -4.71311152e-01  -1.40496939e-01   7.94966578e-01   1.54568076e-01
    2.91673183e-01  -5.25994971e-02  -1.11352217e+00   2.48443753e-01
   -3.13362241e-01  -8.84341836e-01   1.82180583e-01   1.79384679e-01
    3.66226643e-01   7.39525184e-02  -4.47850257e-01  -1.62133351e-01
   -5.57908118e-01  -3.20371300e-01   8.47848952e-02   7.99037278e-01
   -2.71838039e-01  -1.04016471e+00   7.21862316e-02   6.45088315e-01
   -2.79522631e-02   3.26356113e-01]
 [  4.79887813e-01  -1.73614293e-01   3.14516842e-01   1.78941339e-02
   -2.42629305e-01   7.52288029e-02  -6.18845642e-01   8.36831406e-02
    2.99107492e-01  -5.78394979e-02  -5.50927520e-01  -8.63058507e-01
    2.08599269e-01  -3.72141659e-01  -1.98466450e-01   8.50974992e-02
    3.44207138e-01   7.17439801e-02   7.61579692e-01  -7.44201690e-02
    7.18312502e-01   1.77514583e-01  -6.84811175e-02   4.05487061e-01
    1.54501930e-01   2.68519014e-01   1.03519475e+00   1.33553398e+00
    4.84063476e-02   1.83536813e-01]
 [  2.47203782e-01   4.56605405e-01   1.71258152e-01   7.53951371e-02
   -1.14433849e+00  -5.76771609e-02  -3.00110042e-01   1.06737137e-01
    1.24740891e-01   5.01514301e-02   7.27648735e-01   5.64411581e-01
    2.01359779e-01  -1.78222656e-01   2.95066163e-02   6.46323487e-02
    1.67600960e-01  -3.58750724e-04   3.72687429e-01  -1.04504955e+00
   -6.47058845e-01   2.43044689e-01  -2.37150103e-01  -8.02423120e-01
   -9.78776366e-02   1.31544590e-01  -4.78249162e-01  -3.38541538e-01
    7.90111572e-02   7.49402791e-02]
 [  1.09888339e+00   6.76783398e-02   8.06157440e-02  -2.65787065e-01
   -5.46610475e-01  -3.51563543e-02  -2.19230533e-01  -2.41365045e-01
   -3.92731696e-01   2.52819769e-02  -6.48644924e-01  -7.18451083e-01
   -1.36065900e-01   9.28046182e-02   2.19055906e-01   1.90297246e-01
    3.49392205e-01   6.05784298e-04  -8.23621809e-01   4.78968322e-01
   -3.17844898e-01   5.21380961e-01   3.32713962e-01  -4.04995680e-01
    3.57154459e-01   2.31861696e-01  -2.40575075e-01  -1.06362075e-01
   -1.99341744e-01  -9.63592887e-01]
 [  2.34212074e-03   3.11243776e-02   1.79642101e-03  -1.26639605e-01
   -4.61338041e-03  -3.80233601e-02  -4.25531948e-03   7.98399970e-02
   -1.60838347e-02  -3.43497321e-02  -2.61879363e-03  -3.31134931e-03
    1.07818633e-01  -1.16544515e-02   1.12390995e-01  -6.92291483e-02
    3.19730514e-03   1.76326305e-01   5.85208654e-01   1.61395175e-03
    6.49000285e-04   5.88800The code for file bin-to-dec-vec-10.py ran for 3.17m
684e-02  -4.17398214e-02  -2.01663271e-01
    1.96790442e-01  -1.01665761e-02  -4.59037547e-04   2.65930640e-03
    6.36716336e-02  -3.65849375e-03]
 [  1.28927443e-03   3.74164362e-03  -1.70087803e-03  -2.19714418e-02
    1.27212971e-03  -2.00546309e-02  -2.49854266e-03   2.49720470e-04
    2.64447019e-03  -2.10339390e-02   1.58570264e-03  -2.26738441e-04
   -2.08967686e-01  -2.11157778e-04   4.90296027e-03  -4.92175482e-03
   -9.76382522e-04  -5.89517951e-02  -2.72506233e-02  -4.45173391e-05
   -2.52900971e-03   9.98675544e-03  -1.48939285e-02   1.76401448e-03
    3.53459239e-01  -1.81824574e-03  -6.95320414e-05   3.80354491e-03
    2.03451104e-02   1.10572891e-03]]
[-0.45486289 -0.12151243 -0.05757244 -0.25455379  0.73131502 -0.28984824
  0.91235006  0.32390982 -0.52318311 -0.40542644  0.66576493  0.63902384
  0.08649592  0.94224566  0.27909386  0.28136575 -0.89530468  0.16643848
 -0.48744464  0.23013018  0.83444488  0.21636495  0.11799254 -0.09201821
  0.03013822 -0.16232856 -0.11531865 -0.08195407  0.24239966 -0.4413189 ]
[[ 0.40710747]
 [ 0.04988873]
 [-0.96013737]
 [-0.25960541]
 [-0.52044249]
 [-0.44411489]
 [-0.81682366]
 [ 0.17158739]
 [ 0.44384378]
 [-0.92525911]
 [-0.4729239 ]
 [-0.43871042]
 [ 0.00420149]
 [-0.83136189]
 [ 0.17269129]
 [ 0.47327295]
 [ 0.85669506]
 [ 0.25289667]
 [ 0.23283902]
 [-0.5935784 ]
 [-0.82540751]
 [ 0.12986033]
 [ 0.12941211]
 [ 0.64168936]
 [-0.00431392]
 [-0.72289598]
 [ 1.08664215]
 [ 0.81650984]
 [ 0.2681573 ]
 [ 0.38546234]]
[ 1.81906581]
Optimization complete. (with seed: 114) Best validation score of 0.000000 % obtained at iteration 55000, with test performance 0.000000 %
