... loading data
... building the model
... training
epoch 1, minibatch 5000/5000, validation error 1.500000 %
     epoch 1, minibatch 5000/5000, test error of best model 1.580000 %
epoch 2, minibatch 5000/5000, validation error 0.000000 %
     epoch 2, minibatch 5000/5000, test error of best model 0.000000 %
epoch 3, minibatch 5000/5000, validation error 0.000000 %
0.679675936699
[ 5.]
[[ -8.00769806e-01   3.87882084e-01  -2.16897726e-02  -7.48368725e-03
    1.52755827e-01  -8.66304734e-04   1.90017074e-01   3.11662644e-01
    4.26553153e-02   4.01904047e-01  -5.66059835e-02  -1.86400935e-01
    1.41518742e-01   2.82505304e-01  -2.55084008e-01  -3.61214131e-01
   -2.26769522e-01  -1.71937048e-01   5.04071154e-02   3.70716959e-01
    1.57588467e-01  -1.04171634e-01  -4.14767385e-01   8.10845122e-02
   -8.01147521e-02   9.10494924e-02   3.78184840e-02   2.84287155e-01
    6.51101489e-03   1.78414464e-01]
 [ -4.00128216e-01  -2.18341365e-01  -1.86194070e-02  -3.29328217e-02
   -5.72911203e-02  -2.22391859e-02  -1.83027178e-01   2.69002676e-01
    1.57344729e-01   1.21802688e+00  -1.75189134e-02   1.91811711e-01
    1.74677357e-01  -9.07903463e-02   7.87073374e-02  -2.83204585e-01
   -1.26476482e-01  -4.92351949e-02   1.13840073e-01   1.14211380e+00
   -4.36883807e-01   6.23314455e-02   7.94789433e-01   2.85594076e-01
    9.09916908e-02   2.58534431e-01   2.54935294e-01  -1.75007135e-01
    4.30683866e-02   1.04314305e-01]
 [  8.00856888e-01  -1.95909664e-02  -7.75437728e-02  -4.08749059e-02
   -1.55547336e-02   2.27499940e-03  -2.24033017e-02   1.14423670e-02
    9.83299464e-02  -3.97893667e-01  -5.23392558e-02  -4.37234789e-02
   -2.12218404e-01   1.88250631e-01  -8.42754766e-02  -2.09527373e-01
    1.31902173e-01   1.68287754e-01  -1.18474454e-01  -4.18147951e-01
   -2.20829904e-01   2.42465101e-02   3.92416865e-01   2.09740117e-01
   -2.48778149e-01   3.93062919e-01  -3.00607383e-01   3.29324365e-01
   -5.34034595e-02  -6.30329177e-02]
 [  3.98547918e-01   3.48566592e-01  -1.07406370e-01   2.99771056e-02
   -1.71315044e-01   2.70108860e-02   1.87327057e-01   3.58899742e-01
   -5.16357683e-02   8.27507913e-01   5.74439168e-02   4.22362536e-01
   -7.33273402e-02   4.31798100e-02   2.48848721e-01   1.09837115e-01
   -1.42217085e-01  -3.03432792e-01  -1.62395891e-02   7.45933652e-01
   -4.20763731e-01  -8.65050480e-02  -8.01008761e-01   3.82752329e-01
   -3.10548451e-02   2.05215991e-01   2.27209136e-01  -3.40744737e-04
   -6.05649985e-02  -9.19560939e-02]
 [  1.20058107e+00  -1.41666979e-01  -7.69698471e-02  -2.03089742e-03
   -1.41340286e-01  -9.43430886e-02   2.51894444e-01  -1.86782941e-01
    8.71364493e-03   3.86148691e-01   1.10337228e-01  -1.33191869e-01
    1.14610411e-01  -8.18471536e-02   2.95402884e-01  -1.61145031e-01
   -1.16045669e-01   1.80317331e-02  -1.87730327e-01   3.78714800e-01
    2.51831412e-01   4.66829017e-02  -4.24654722e-01   3.82118404e-01
    1.24084011e-01   1.49310473e-02  -1.82982892e-01   1.71400279e-01
   -4.02095430e-02   2.27733314e-01]
 [ -4.00803477e-01  -2.95856178e-01   1.20182745e-01  -3.06754280e-02
   -1.42817395e-02   2.05332369e-01   2.44989485e-01  -1.63986837e-03
    1.67552885e-02  -7.95020819e-01   5.60301729e-02  -2.50512987e-01
    8.66149273e-03   4.17403653e-02   2.40271345e-01  -2.63219327e-01
   -2.58482516e-01   1.11915050e-02  -9.94093046e-02   1.16480029e+00
   -4.70088810e-01   1.59847811e-02   7.89656997e-01   2.60720402e-01
    2.61594057e-01   1.83854192e-01   1.13363666e-02   2.23090902e-01
    7.58239254e-02  -1.36188373e-01]
 [  7.98673868e-01  -2.69594133e-01   3.78636234e-02   1.61729660e-02
    9.97757725e-03   1.18820921e-01   1.29168913e-01   1.12029843e-01
    9.35541652e-03  -4.18549478e-01  -3.22084352e-02   1.99905112e-01
   -5.95946237e-02  -1.50671318e-01  -1.90719113e-01   1.45385964e-02
    2.20008880e-01   1.42703921e-01  -1.11889258e-01  -4.13011998e-01
   -4.62021418e-02  -3.49962078e-02   3.76949847e-01   2.45821208e-01
   -1.47978902e-01  -1.84908450e-01   1.62818000e-01  -1.33296654e-01
    2.77059171e-02   1.47354513e-01]
 [  4.00531441e-01  -1.34386450e-01   1.51545942e-01  -7.81417172e-03
    3.27585824e-02  -2.00170483e-02   2.31539443e-01  -2.00491846e-01
    1.01833500e-01   8.03827345e-01   9.02609993e-03   1.86124846e-01
   -1.65786833e-01  -2.32065752e-01  -1.44051850e-01  -3.15931141e-02
   -2.61513535e-02  -1.22823954e-01   1.08666420e-01   7.69973040e-01
    3.98596197e-01  -3.75014767e-02   1.18092632e+00  -4.13917542e-01
    1.80225670e-01   9.25302133e-02  -2.63224512e-01   1.17422612e-02
   -8.47070590e-02  -4.44952995e-02]
 [ -8.00694764e-01  -1.71475500e-01  -7.61703402e-02  -1.84956100e-03
    8.36438611e-02  -3.76034118e-02  -2.48976164e-02   3.37677449e-02
   -4.48983498e-02   3.97202611e-01   3.75299007e-02   2.74492323e-01
   -1.50355965e-01  -7.40557760e-02   1.80059388e-01  -1.39199704e-01
   -1.83749255e-02   9.85585228e-02   2.72012521e-02   3.68142575e-01
   -4.03910764e-02   1.56750362e-02  -4.15423870e-01   3.16745430e-01
    1.50273353e-01   9.95464772e-02  -3.12693179e-01   3.32547516e-01
    6.69080243e-02   5.27230576e-02]
 [  5.50408207e-04  -4.51259553e-01   3.44914109e-01  -7.74002969e-02
   -2.38742977e-01  -3.74367803e-01  -5.83233722e-02  -8.89724940e-02
    8.16511828e-03   4.62575257e-03  -4.91436839e-01   4.36953790e-02
   -2.68346697e-01   4.28572416e-01   1.19755991e-01  -4.16315287e-01
    4.59911823e-02  -4.12755460e-01  -3.03163528e-01  -1.45133911e-02
   -9.98282507e-02  -1.30103990e-01  -5.64429909e-03  -3.20894152e-01
    1.20021842e-01  -2.52504885e-01   2.44775005e-02  -4.95949946e-02
    2.36606464e-01   7.16255978e-03]]
[-0.40391076  0.00231069  0.1962432  -0.40233031 -0.1693024  -0.25672364
  0.04942501  0.19872329  0.30911905 -0.82459509  0.01257779  0.13756567
 -0.08112599  0.1923116   0.17149127 -0.18762431 -0.17537189 -0.01855559
 -0.06675876 -0.6338836  -0.02477125 -0.2967959  -0.14375301 -0.00544931
  0.16184892  0.25713375 -0.14675757  0.1108446   0.27560496  0.29778922]
[[ 2.07748199]
 [-0.02039661]
 [ 0.2456179 ]
 [-0.74523598]
 [-0.25170743]
 [-0.30665091]
 [ 0.0434037 ]
 [ 0.02680875]
 [ 0.44302672]
 [ 1.31016433]
 [-0.23665594]
 [ 0.06387541]
 [-0.09808812]
 [ 0.06446271]
 [ 0.00867594]
 [ 0.02943651]
 [-0.04562842]
 [-0.05197753]
 [-0.18188995]
 [ 0.68300992]
 [-0.03169423]
 [-0.48110494]
 [ 1.41143239]
 [-0.00364702]
 [ 0.06306741]
 [ 0.03747607]
 [-0.01300175]
 [ 0.05224411]
 [ 0.56729943]
 [ 0.1553812 ]]
[ 1.17521763]
Optimization complete. (with seed: 106) Best validation score of 0.000000 % obtained at iteration 10000, with test performance 0.000000 %
... loading data
... building the model
... training
epoch 1, minibatch 5000/5000, validation error 37.140000 %
     epoch 1, minibatch 5000/5000, test error of best model 36.850000 %
epoch 2, minibatch 5000/5000, validation error 0.040000 %
     epoch 2, minibatch 5000/5000, test error of best model 0.070000 %
epoch 3, minibatch 5000/5000, validation error 0.000000 %
     epoch 3, minibatch 5000/5000, test error of best model 0.000000 %
epoch 4, minibatch 5000/5000, validation error 0.000000 %
epoch 5, minibatch 5000/5000, validation error 0.000000 %
2.70162582397
[ 5.]
[[ -3.61959450e-02   3.95951927e-01   8.32700804e-02  -2.62545049e-01
   -6.75889105e-02  -2.48433560e-01  -4.31251638e-02  -1.73782378e-01
   -5.75163662e-02   2.13087603e-01   6.59751073e-02   7.98888411e-03
    3.79493162e-02  -7.98234642e-01   3.87045853e-02  -1.33375794e-01
    1.45570308e-01   2.88134307e-01  -2.40833864e-01   1.97291926e-01
   -4.05746326e-02   1.31953303e-02  -1.79326162e-02   9.95494649e-02
    5.03902063e-02  -4.16340351e-01  -6.66134804e-02   3.76430690e-01
    3.06436568e-01  -1.16737567e-01]
 [ -2.40717009e-02   1.30300450e+00   3.28718007e-01   2.59363770e-01
   -1.51833044e-02   3.21566731e-01  -7.06702024e-02   1.55912742e-01
   -3.30570936e-02   7.65109956e-01  -4.49965633e-02   5.91405705e-02
   -2.22060289e-02  -4.01856214e-01   7.68220238e-03  -3.40297259e-02
   -8.00914988e-02   3.53387326e-01  -1.64762195e-02   2.68610269e-01
    3.09087168e-02   2.98849847e-02  -1.70913320e-02   5.35859726e-02
    2.17723362e-02  -1.15380526e+00  -2.67290529e-02   1.05082738e+00
   -4.83183786e-02  -2.28466004e-01]
 [  3.44178565e-02  -4.03421730e-01  -2.65506715e-01  -1.70060933e-01
   -2.11087167e-01   3.35360807e-03   5.11290953e-02  -2.07935631e-01
   -6.49987757e-02  -1.20514736e-01  -2.32601184e-02   1.01806194e-01
   -1.42989770e-01   7.98355281e-01  -2.26257026e-01   6.60797209e-02
   -2.91055828e-01  -1.37444660e-01  -1.60243973e-01   6.13947175e-02
    8.38908926e-02   1.82732582e-01  -1.10436253e-01  -1.72295704e-01
   -1.69098917e-02   3.90834421e-01  -6.13775477e-02  -4.17686313e-01
    1.20762974e-01   2.73731530e-01]
 [ -4.35860157e-02   7.86016047e-01  -1.90450370e-01  -3.23744193e-02
    1.02095017e-02  -1.27207730e-02  -8.06592554e-02  -4.69097383e-02
   -3.95019241e-02   4.14237082e-01  -5.66599704e-02   4.36581820e-02
   -3.55193198e-01   4.00461525e-01   3.62735428e-02  -3.06506958e-02
   -4.61769439e-02  -2.99405545e-01   2.12739315e-02  -1.13690197e-01
    5.09005226e-02  -1.71375796e-02   9.86733809e-02   2.72477735e-02
    9.76993516e-02  -8.33226264e-01  -3.76120880e-02   7.44292974e-01
    1.62799377e-02  -2.98676819e-01]
 [ -1.41767059e-02   3.97705078e-01   1.79571748e-01   1.11113358e-02
   -9.29658487e-02   9.57283974e-02  -2.32943594e-02   5.85008040e-02
   -5.36032170e-02   6.71853572e-02   5.11123650e-02   1.13276385e-01
    8.54876339e-02  -7.99737275e-01  -1.33101359e-01   2.55443007e-02
    2.29496151e-01   2.17554376e-01  -1.16816312e-01  -4.36409973e-02
    7.36092255e-02  -2.83388376e-01   2.75233947e-02  -2.26931229e-01
   -7.60900602e-02  -4.06592727e-01   2.56179599e-03   3.85952771e-01
   -2.00296700e-01   2.49957860e-01]
 [  1.69817023e-02  -7.99718678e-01  -6.47134110e-02  -4.52648737e-02
   -1.83223024e-01   3.65737468e-01   5.47710769e-02   4.44651246e-01
   -1.44394683e-02   4.45658624e-01   1.51798772e-02  -3.59970592e-02
   -8.06129128e-02  -4.00532693e-01   1.29002342e-02  -5.40461577e-02
    1.43724782e-02  -1.42553777e-01   1.16432726e-01   1.55808225e-01
    8.52226391e-02  -8.15497935e-02   5.37289567e-02  -1.96680538e-02
    1.94170564e-01   7.99922466e-01   1.69583216e-01  -8.05770457e-01
   -5.79425553e-03  -5.80770820e-02]
 [ -2.90291272e-02  -4.00044411e-01  -6.74040392e-02   7.46260304e-03
    1.05548762e-01  -2.87679404e-01   3.77047993e-02  -1.81209072e-01
   -2.97960062e-02  -1.28434375e-01  -4.44569886e-02   6.46012789e-03
   -1.28794476e-01  -1.20000994e+00  -1.61837395e-02   9.85094607e-02
    4.86369245e-02  -1.25071779e-01  -4.99199256e-02   1.16449274e-01
   -5.49294017e-02  -6.32809326e-02   3.28559950e-02  -7.27023780e-02
    5.07384911e-02   3.94860208e-01   2.03608841e-01  -4.14957762e-01
    1.16713807e-01   1.70724586e-01]
 [ -3.73690240e-02   7.96577275e-01   3.29425305e-01  -1.31184965e-01
   -5.37540950e-02   3.74931812e-01  -1.06778808e-01   1.31922364e-01
   -5.43958647e-03   3.25928330e-01   1.50908185e-02   1.91984493e-02
    2.49589473e-01   4.00772810e-01   2.95400303e-02   7.43717654e-03
   -4.77832407e-02  -4.01788712e-01   3.08210284e-01   1.32497787e-01
   -2.02899013e-04   1.17096044e-01   7.90719688e-02  -2.46026486e-01
   -1.43518060e-01  -8.13251555e-01   3.54432821e-01   7.72238255e-01
    1.24713011e-01  -8.01180452e-02]
 [ -3.96040007e-02   3.97080183e-01   3.11487079e-01   1.91598237e-02
   -2.92604089e-01  -3.70839566e-01  -2.51614526e-02   2.63269246e-01
   -9.97627676e-02   2.91201711e-01  -3.13801430e-02  -1.10016372e-02
    2.21297555e-02  -7.97045708e-01   2.02699706e-01   6.92902729e-02
   -1.72441065e-01  -1.78586736e-01  -2.66213000e-01  -5.84065914e-02
   -2.90964637e-02  -1.10108562e-01  -8.05488899e-02   2.19651863e-01
   -1.08844452e-01  -4.13165271e-01   3.52344304e-01   3.80821586e-01
   -1.36639804e-01   2.62979180e-01]
 [ -2.39217281e-02   1.72329939e-03  -2.70882517e-01  -3.96429412e-02
    1.04776345e-01  -2.91246951e-01  -8.85535330e-02   2.90328749e-02
    5.77293754e-01  -9.49527603e-03   2.67815143e-01   6.72061145e-02
   -1.57167286e-01   8.20352696e-04   3.48132938e-01   2.35916108e-01
   -1.48787826e-01  -2.41102517e-01   5.19966381e-03   3.47379930e-02
    9.24083292e-02  -1.43291101e-01  -3.48372936e-01  -1.57010883e-01
    2.03106225e-01  -4.05983813e-03  -1.52350172e-01  -1.50761176e-02
    4.20036197e-01  -3.86524528e-01]]
[ -3.71749699e-01  -8.36538672e-01   7.73007944e-02  -2.79049575e-01
  -2.65360177e-01  -3.26459184e-02  -3.17947477e-01   2.15369791e-01
   4.93797623e-02   3.64928693e-01   2.42880166e-01   2.47781068e-01
  -2.00636074e-01   6.02481842e-01   1.15046874e-01   2.48258933e-01
  -1.88604772e-01   4.30861895e-04  -3.15497726e-01   9.96480435e-02
   2.82244235e-01  -1.89930126e-01  -1.41617000e-01  -1.56829104e-01
   2.47671962e-01  -1.17026210e+00   2.25910187e-01  -6.26995265e-01
  -1.51326433e-01  -4.04783897e-02]
[[-0.5991807 ]
 [ 1.44316649]
 [ 0.00519128]
 [-0.10907349]
 [-0.07100414]
 [-0.00858055]
 [-0.53219837]
 [ 0.03243765]
 [ 0.29907477]
 [ 0.01723239]
 [ 0.29559234]
 [ 0.36469972]
 [-0.04635094]
 [-2.10035467]
 [ 0.1519966 ]
 [ 0.25768775]
 [-0.09133644]
 [-0.01190376]
 [-0.08419333]
 [ 0.10785694]
 [ 0.33594692]
 [-0.12508748]
 [-0.21288589]
 [-0.07383732]
 [ 0.16445953]
 [-1.43195951]
 [ 0.04823372]
 [ 0.56955147]
 [ 0.04746693]
 [-0.00607882]]
[ 1.30061364]
Optimization complete. (with seed: 107) Best validation score of 0.000000 % obtained at iteration 15000, with test performance 0.000000 %
... loading data
... building the model
... training
epoch 1, minibatch 5000/5000, validation error 10.010000 %
     epoch 1, minibatch 5000/5000, test error of best model 10.130000 %
epoch 2, minibatch 5000/5000, validation error 10.130000 %
0.99563151598
[ 5.]
[[ -3.91000748e-01  -7.64878571e-01   1.06721729e-01  -9.41943645e-01
    1.01238139e-01   8.28928590e-01   3.59140694e-01  -2.33750001e-01
    1.31086260e-01  -1.87543646e-01  -6.38580397e-02   4.94855689e-03
    6.49424493e-02   1.90822165e-02  -2.89011970e-02  -6.64833840e-03
   -4.18681234e-01  -2.67631501e-01   1.48053735e-01   1.29883721e-01
    1.12363929e-02  -3.10195357e-01   4.96414304e-02  -3.13763887e-01
    3.88697945e-02  -1.20160982e-01   8.16282406e-02   6.25155330e-01
    2.13054717e-01   2.92872898e-02]
 [ -1.18553960e+00  -3.88439447e-01  -2.15884130e-02   5.24197996e-01
   -1.51473694e-02   4.12028402e-01   3.61568630e-01  -4.77296114e-02
   -1.18899057e-02   1.07846774e-01  -5.08867651e-02   6.20885752e-02
    2.78118476e-02  -1.08051754e-03  -8.81729051e-02  -4.63861853e-01
    7.87482798e-01   1.50862217e-01   1.83165193e-01  -9.20669511e-02
    1.40382834e-02  -4.36758816e-01   4.52122129e-02  -1.42708555e-01
   -9.77973267e-02   4.09918353e-02  -8.59041046e-03   1.47378117e-01
    1.01162260e-02   1.62173659e-01]
 [  4.11422133e-01   7.63594031e-01   1.91187784e-01   6.31296694e-01
   -4.22472656e-02  -8.00293744e-01  -2.80718118e-01  -9.03217345e-02
    8.04459900e-02  -6.31614476e-02  -1.02270387e-01   5.80916647e-03
   -4.44291718e-02  -2.31224652e-02  -5.27914204e-02   2.39828266e-02
    3.94443005e-01   2.00883392e-02  -4.20097932e-02   6.22181408e-02
    1.20955508e-03  -6.75155669e-02  -1.36458799e-01   4.85834293e-02
    8.25037882e-02   1.78169366e-02  -4.93201241e-03   7.26191103e-01
   -3.82591784e-01   3.72778296e-01]
 [ -7.73669481e-01   4.63739544e-01  -8.88336822e-02  -6.34172142e-01
   -1.41558722e-01  -3.47559690e-01   3.35363120e-01   5.75050637e-02
    7.89148435e-02  -1.19940177e-01   6.81981891e-02  -2.57703424e-01
   -7.55264610e-02   2.26095747e-02   3.64871733e-02  -2.93412060e-01
    1.17677498e+00   3.34618419e-01  -3.86483525e-03  -1.15349852e-01
   -3.12253144e-02  -1.31866500e-01  -7.00770505e-03  -2.87403524e-01
    2.55400509e-01   2.70725563e-02   1.12449534e-01  -3.74400914e-01
    1.91864148e-01  -3.34574670e-01]
 [ -3.99878412e-01  -7.85851121e-01  -2.65302286e-02  -6.23167634e-01
   -2.14785099e-01  -1.19975412e+00   6.79245293e-02   2.88291097e-01
    6.08346909e-02  -4.74281125e-02  -1.06555857e-01   1.75437167e-01
    6.96428418e-02  -9.82629834e-04  -2.95642903e-03  -1.06496602e-01
   -4.00821567e-01  -2.71504372e-01  -9.99022648e-02  -3.67472954e-02
   -4.48675640e-02  -1.65393636e-01   4.54870835e-02  -8.83911252e-02
    1.14280850e-01   3.35323811e-02   2.87555069e-01   5.95087290e-01
   -4.25719678e-01   3.00689310e-01]
 [  8.04249108e-01  -3.54219168e-01  -1.55854188e-02   7.17715621e-01
    1.00123674e-01   4.36804712e-01  -2.87797898e-01  -1.53852910e-01
   -1.34459302e-01   8.59793089e-03   1.76456854e-01   2.95577329e-02
   -3.15646119e-02   3.85786593e-02  -2.55474523e-02   3.35494667e-01
    7.97559261e-01   2.63377577e-01  -8.72739553e-02  -5.08507267e-02
   -3.16510387e-02   3.07734072e-01   9.97570083e-02   3.89426500e-01
    2.06384599e-01   7.21338764e-03   2.93127000e-01   2.15300724e-01
   -3.96521300e-01   3.21216553e-01]
 [  4.05176252e-01   8.43856454e-01   1.56422675e-01  -2.92005241e-01
   -3.93833816e-02  -7.81622231e-01  -8.01927876e-03   1.00639924e-01
    2.98567787e-02   1.42894089e-01  -1.34273201e-01  -9.71275195e-02
   -7.02667087e-02   2.33392734e-02  -2.40640659e-02   3.35367322e-01
    4.01572555e-01   1.82020575e-01  -2.36299001e-02   7.91308060e-02
    3.72984856e-02   5.96290901e-02   6.02375679e-02  -4.09113675e-01
   -1.29623681e-01   1.80846490e-02   2.29304731e-01  -6.97223067e-01
   -2.08646134e-01   6.01155870e-02]
 [ -8.05446029e-01   3.96502584e-01  -1.09673023e-01  -9.82834697e-01
    1.98169112e-01  -4.01834667e-01   1.66905358e-01  -1.65092260e-01
   -1.67849213e-01   3.36574286e-01   5.39490394e-02   1.65963069e-01
   -1.47872061e-01   1.01788668e-02  -1.23910857e-02  -2.97356993e-01
   -8.03591549e-01  -2.38473743e-01  -1.11964516e-01  -1.40456297e-02
   -7.78957969e-03   3.19384694e-01  -8.91541019e-02   4.03242745e-02
   -8.00847262e-03  -2.00259641e-01   2.78200358e-01  -3.67031276e-01
    1.48195401e-01  -1.93297550e-01]
 [ -3.91829699e-01  -8.24679196e-01   3.42278779e-01  -1.11848581e+00
    3.42176668e-02   7.87118733e-01  -2.35677734e-01   9.37183276e-02
   -1.35968670e-01  -9.71469283e-02   6.69963583e-02   1.17290355e-01
   -4.19817977e-02  -2.50038393e-02   2.69100908e-02  -1.36461318e-01
   -4.03441161e-01   6.98637962e-02   1.28577039e-01   9.84230191e-02
    5.32847308e-02  -6.73578978e-02   1.82449333e-02  -2.79690832e-01
    1.96850747e-01   8.05117935e-02   1.39064848e-01   5.98442256e-01
    3.51664990e-01  -1.11914515e-01]
 [ -7.33484398e-04   2.50992533e-02  -9.84347761e-02  -1.96316838e-01
   -3.70618373e-01   2.45247856e-02   3.07389423e-02  -3.32239121e-01
    4.22199488e-01   3.43883961e-01   3.81496072e-01   2.14489534e-01
   -1.23516597e-01   2.98421029e-02  -4.06497195e-02  -4.56480123e-02
   -8.05114582e-03  -3.40856135e-01  -4.67884898e-01   2.47556776e-01
    8.28563496e-02   4.97830093e-01   1.78343996e-01   2.34166846e-01
    5.50486930e-02   3.75928730e-01  -3.61487865e-01  -5.75173125e-02
   -3.50388944e-01  -2.54548956e-02]]
[  7.58581758e-01   5.23879170e-01   2.30747759e-01  -6.45922422e-01
  -6.99082911e-02   3.36945444e-01   6.79311529e-02  -5.76644018e-02
   1.26342520e-01   1.18745916e-01   1.26547322e-01   8.17518979e-02
  -2.55678594e-01   4.17895526e-01  -3.60247970e-01  -4.24038470e-02
  -1.71396703e-01  -2.60758847e-01   4.99563776e-02   1.45353034e-01
   4.12324429e-01  -7.40252957e-02   1.81653395e-01  -3.90373468e-02
   6.56692833e-02   2.09566429e-02   1.36266574e-01   7.26140812e-02
   2.29335558e-02  -1.50014994e-05]
[[-1.67443562]
 [-0.88821691]
 [ 0.03161006]
 [ 0.02347844]
 [-0.10024608]
 [-1.16779661]
 [ 0.02803102]
 [-0.09250487]
 [ 0.1360012 ]
 [ 0.12353428]
 [ 0.21248929]
 [ 0.09594746]
 [-0.32480511]
 [ 0.65144455]
 [-0.58467144]
 [-0.08836633]
 [ 1.64396691]
 [-0.06888125]
 [-0.14918701]
 [ 0.141222  ]
 [ 0.54797018]
 [ 0.01948554]
 [ 0.3000198 ]
 [-0.0417015 ]
 [ 0.04351852]
 [ 0.15353729]
 [ 0.08372946]
 [ 0.07589   ]
 [-0.00890939]
 [ 0.00513801]]
[ 1.4101181]
Optimization complete. (with seed: 108) Best validation score of 10.010000 % obtained at iteration 5000, with test performance 10.130000 %
... loading data
... building the model
... training
epoch 1, minibatch 5000/5000, validation error 84.270000 %
     epoch 1, minibatch 5000/5000, test error of best model 84.480000 %
epoch 2, minibatch 5000/5000, validation error 14.050000 %
     epoch 2, minibatch 5000/5000, test error of best model 13.770000 %
epoch 3, minibatch 5000/5000, validation error 0.000000 %
     epoch 3, minibatch 5000/5000, test error of best model 0.000000 %
epoch 4, minibatch 5000/5000, validation error 0.000000 %
epoch 5, minibatch 5000/5000, validation error 0.100000 %
-1.71683824062
[ 5.]
[[  9.67314839e-03   1.07736081e-01   1.40208378e-01  -2.42789105e-01
    1.93370536e-01  -1.89260729e-02   3.15988809e-02   1.72529310e-01
   -2.81125993e-01  -4.13544476e-02   8.04735871e-04  -2.98723718e-03
    1.09828681e-01   1.27640232e-01  -3.59422192e-02   4.15067583e-01
   -1.38460565e-02   6.62523285e-02   8.01076174e-01  -2.92459220e-01
    2.44683027e-02  -1.43186390e-01   2.86281079e-01  -2.83261180e-01
   -3.82234901e-01   1.82437692e-02   4.18909937e-01  -1.24064006e-01
    2.80234721e-02   8.28649625e-02]
 [  2.30699684e-02   3.47981989e-01   2.42625967e-01   1.93860769e-01
    4.06724447e-03   4.16151136e-01   3.52768693e-03   1.80625498e-01
    1.07533142e-01  -1.75923765e-01   2.18329951e-02   1.76426575e-01
   -1.64459065e-01   3.75372358e-03   2.62791783e-01  -7.96562910e-01
    5.23200095e-01  -1.07635640e-01   4.00358200e-01   2.24431112e-01
    8.84443708e-03  -3.54557961e-01   2.58255333e-01  -1.81304365e-01
   -1.17838359e+00  -9.16159526e-02  -7.61239588e-01  -2.14547679e-01
   -1.17738061e-01  -7.63203353e-02]
 [ -3.24854217e-02   1.18165709e-01   1.96102470e-01   1.62775338e-01
    3.78840417e-02   1.28666908e-01   3.00217997e-02  -8.10743049e-02
    1.16012879e-01  -3.47189546e-01   6.25886470e-02   1.05215110e-01
    8.99262205e-02   7.04067051e-02   3.46450567e-01  -3.92075449e-01
   -2.20948011e-01   4.63914536e-02  -8.00842106e-01   1.77022353e-01
   -4.26256284e-02  -3.45894784e-01  -9.88464355e-02   3.83336768e-02
    4.16612953e-01   1.77920491e-01  -3.74810547e-01  -5.84046617e-02
    2.60245018e-02  -5.35743907e-02]
 [ -4.47436348e-02   3.31635416e-01   2.11208493e-01  -4.89534140e-02
    1.45501345e-01  -2.59836614e-01   3.64756584e-03  -1.09141782e-01
    1.77163333e-01  -2.35641032e-01   3.61737572e-02   1.18458591e-01
   -2.62342766e-02  -8.12582076e-02  -2.26987451e-01  -1.20093131e+00
   -8.43390748e-02  -3.76602672e-02  -3.94929796e-01  -6.17697015e-02
   -1.06535144e-02   2.02713266e-01   1.02081202e-01  -1.82772636e-01
   -7.95590460e-01   1.68363512e-01   8.09524238e-01  -5.09075038e-02
   -8.94752070e-02  -1.03394255e-01]
 [ -2.77143028e-02   9.82371122e-02   2.95944750e-01   1.38666287e-01
   -5.12361415e-02  -1.49767905e-01   1.81441698e-02   2.45287791e-01
   -1.38907701e-01   1.81311399e-01   3.27759236e-02  -5.78320250e-02
    6.13114648e-02   1.35378152e-01  -1.13872364e-01   4.18669641e-01
    1.23577289e-01  -2.36949157e-02   8.03124189e-01  -3.41040716e-02
   -3.41563225e-02   3.25603396e-01  -1.27327472e-01   1.02241985e-01
   -3.78333986e-01  -2.47886807e-01   4.20636445e-01  -8.68043154e-02
   -6.11290894e-03  -1.81518584e-01]
 [  8.06840602e-03  -6.50259107e-02  -1.32143334e-01   4.17239577e-01
    3.29592824e-02  -4.21149582e-01   1.90277789e-02   2.33131826e-01
    9.95239168e-02  -3.73765409e-01   2.83132382e-02   3.70722115e-01
   -3.05562168e-02  -8.12946446e-03  -4.89134528e-02  -7.90577352e-01
   -2.45834082e-01  -1.79390255e-02   3.98203939e-01   1.54296920e-01
   -1.29695488e-02  -1.32690638e-01   7.79637843e-02  -1.17498666e-01
    8.31224680e-01  -9.26090553e-02  -7.42142141e-01   1.57657504e-01
    1.52088199e-02   5.34558855e-02]
 [ -5.87581331e-03   1.98995650e-01   3.14512759e-01   1.75426245e-01
    2.70711213e-01   1.37756824e-01  -5.13481814e-03  -2.60207672e-02
    1.63690776e-01   1.06934056e-01  -1.97486039e-02  -1.00241594e-01
    7.04214303e-03  -9.98441502e-02  -2.70812251e-02  -4.06666785e-01
    3.39123994e-01   4.20745872e-02  -7.99171388e-01  -6.00827066e-03
   -1.74480285e-02   2.61959434e-01  -2.20616519e-01  -1.13013424e-01
    4.06128258e-01  -2.79657781e-01  -3.71549815e-01   7.56963789e-02
    7.49584883e-02   1.59495864e-02]
 [  3.35936551e-04   4.47343476e-03  -1.50797132e-03   3.39567780e-01
    4.87110950e-02  -2.51516908e-01  -2.39082351e-02  -2.28926674e-01
   -2.39389300e-01  -3.15250486e-01  -1.73220281e-02   3.54930237e-02
   -1.37088105e-01  -5.17624477e-03   2.18598917e-01   7.05665946e-01
    2.83128768e-02   7.58729177e-04  -3.99958134e-01  -2.72514939e-01
   -5.09579182e-02   7.60153979e-02  -7.66188428e-02   2.14420948e-02
   -8.39765429e-01   8.01337045e-03  -1.05631721e+00  -2.23976374e-01
   -1.49307223e-02   9.71387886e-03]
 [ -1.77985709e-02   3.32255885e-02   4.62315604e-02   2.91440338e-01
   -2.34898150e-01  -1.66096073e-02   2.29072329e-02  -1.08873062e-01
   -1.45738702e-02   9.52352136e-02   2.54651308e-02   3.16537648e-01
    1.14502959e-01  -1.43585786e-01  -1.46180794e-01   4.02808756e-01
    3.63896489e-01   1.27395436e-01   8.02380681e-01   2.95456141e-01
   -2.01215036e-02  -1.62608232e-02   1.54318944e-01  -7.30752498e-02
   -3.87229770e-01  -2.31517434e-01   4.11341697e-01  -1.61672443e-01
   -6.08251281e-02   2.08496489e-03]
 [ -1.57358013e-02   3.58263314e-01  -6.94344565e-02  -1.70108125e-01
    1.18016498e-02  -2.37509072e-01   5.57423681e-02   3.35381120e-01
   -3.23624671e-01  -4.14758682e-01   4.41605523e-02  -2.49697730e-01
   -3.19668442e-01  -1.99939385e-01   3.62789273e-01   3.51699675e-03
   -1.11459881e-01   1.00999519e-01   2.00309698e-03   1.71643779e-01
    6.30803525e-01  -3.61541986e-01   2.47513190e-01   1.37414724e-01
    8.42795987e-03   3.92952226e-02   2.22564731e-02   9.22564343e-02
    5.44046700e-01  -3.96619111e-01]]
[-0.46073025  0.09578437  0.05558447  0.03106247  0.15518653  0.00829545
  0.40399501 -0.0699066  -0.12330877 -0.03677082  0.38822651  0.18385898
 -0.13910696 -0.21600552  0.01409802  1.2298857   0.28466368  0.34027347
  1.40018582  0.01577013 -0.10886606 -0.07207955  0.07591293 -0.40036824
  2.7510252  -0.22215563  1.00013816 -0.16616698 -0.01591958  0.04536134]
[[ -8.42477202e-01]
 [ -9.08223074e-03]
 [  1.97638776e-02]
 [ -1.51705998e-03]
 [  8.37576240e-02]
 [ -2.79486645e-02]
 [  5.47547877e-01]
 [  5.18588945e-02]
 [ -5.82141764e-02]
 [  8.60240869e-03]
 [  6.06170237e-01]
 [  7.13966880e-03]
 [ -1.27855226e-01]
 [ -1.49298936e-01]
 [  2.28785574e-02]
 [  1.40820944e+00]
 [  2.12266739e-03]
 [  3.19848508e-01]
 [  2.06710052e+00]
 [  1.77666303e-02]
 [  2.92042643e-01]
 [ -1.09587451e-02]
 [  3.62569951e-02]
 [ -2.72525512e-02]
 [ -1.45456028e+00]
 [ -2.97903642e-02]
 [  5.70646524e-01]
 [ -5.73385768e-02]
 [  1.98751882e-01]
 [ -1.37733564e-01]]
[ 1.56307101]
Optimization complete. (with seed: 109) Best validation score of 0.000000 % obtained at iteration 15000, with test performance 0.000000 %
... loading data
... building the model
... training
epoch 1, minibatch 5000/5000, validation error 29.870000 %
     epoch 1, minibatch 5000/5000, test error of best model 29.520000 %
epoch 2, minibatch 5000/5000, validation error 4.880000 %
     epoch 2, minibatch 5000/5000, test error of best model 5.030000 %
epoch 3, minibatch 5000/5000, validation error 5.680000 %
0.0127049162984
[ 5.]
[[ -3.86377096e-01  -1.34186791e-02  -7.86611214e-02  -5.90915233e-03
    2.33710036e-02   6.00131229e-02   1.17243314e+00   8.42438936e-02
    2.64336485e-02  -7.52086639e-02  -7.80663550e-01  -2.08649412e-01
   -6.30327389e-02  -1.52797639e-01  -7.48152751e-03  -1.56392589e-01
   -3.46297920e-01  -5.87848388e-02  -1.73727438e-01   4.25209194e-01
   -1.38574749e-01   1.83142170e-01  -1.22113870e-02  -8.73700157e-02
   -1.76102981e-01  -4.35470313e-01   1.31412917e-05   1.57826677e-01
    5.98117076e-02  -3.59718204e-02]
 [  7.98635125e-01   5.74157834e-02  -1.40576243e-01   1.90341771e-02
   -1.74068697e-02   6.09138384e-02  -4.17991996e-01   1.73331425e-01
   -2.36371219e-01  -5.17132226e-04  -3.80787522e-01   1.02089822e-01
    1.87313944e-01   9.68506485e-02  -7.73293525e-02  -2.06081048e-01
    7.97179043e-02  -2.23556191e-01   7.25384206e-02   1.18714964e+00
   -2.45851487e-01   1.99496612e-01   2.30889663e-01   2.19758287e-01
    1.08305894e-01  -1.74872369e-01   5.43641746e-02  -4.57894504e-02
    6.98096827e-02  -4.39424068e-02]
 [  3.92981231e-01  -1.26761971e-02  -3.97691764e-02   2.17153355e-02
   -1.08655570e-02  -3.14605623e-01   7.88662612e-01  -1.25808701e-01
    3.05540502e-01   1.56000843e-02  -1.18807507e+00   8.70906115e-02
    2.14140430e-01  -3.02024543e-01   1.75795890e-02  -4.16021831e-02
   -3.15754205e-01   2.26147082e-02   1.52306706e-01  -3.96946192e-01
   -1.50911734e-01   1.92935362e-01   1.97456732e-01   2.26365581e-01
   -3.16224843e-01  -8.25512186e-02   4.67277505e-02  -1.41576463e-02
   -2.07102388e-01   1.40682748e-02]
 [ -7.94484556e-01  -6.87014759e-02  -2.46028498e-01   4.21838369e-03
    2.79975450e-03   6.71115071e-02   3.68955284e-01  -2.40186259e-01
   -1.16780870e-01  -4.67960201e-02   4.25900549e-01   2.40555465e-01
   -1.05379649e-01   1.13356523e-01  -3.81914116e-02   7.11271167e-02
    1.48388639e-01  -2.37491891e-01   4.01662476e-02   8.09302211e-01
   -6.94096908e-02   1.29817009e-01  -2.55770892e-01   2.85595596e-01
    6.62224889e-02   1.91226140e-01   5.84974885e-02  -3.45342681e-02
   -2.41982386e-01  -6.04849346e-02]
 [ -3.97416443e-01  -1.47890568e-01   1.34499460e-01   1.39496997e-02
   -4.88361530e-03   1.72225133e-01  -7.98113883e-01   8.42567533e-02
   -6.91351071e-02  -5.02065457e-02  -7.87860155e-01  -2.39535928e-01
    1.45843700e-01   2.19451878e-02   6.07709810e-02  -1.20920196e-01
   -2.03482341e-02  -1.91218585e-01   8.85944813e-02   4.13247734e-01
   -1.04442529e-01  -3.72107595e-01   3.39710414e-01  -1.85189322e-01
   -2.39936173e-01  -3.20087671e-01  -3.12122069e-02  -1.03429914e-01
   -3.03979903e-01  -2.61110859e-03]
 [ -1.19463444e+00  -9.12251766e-04   3.89367968e-01   2.20407974e-02
   -1.05782179e-02   1.85890868e-01  -4.32386339e-01   9.33177248e-02
    2.65283555e-01  -9.12906677e-02  -3.64985973e-01  -1.39342144e-01
    9.37062353e-02  -2.22780108e-02   7.49559179e-02   1.83323801e-01
    2.11697847e-01   5.88516332e-02  -8.68831202e-02  -7.93561161e-01
   -3.21175247e-01  -6.61901832e-02   4.16632742e-01   2.48446912e-01
   -2.62372978e-02   3.36271644e-01   7.68253952e-03   8.18288978e-03
    2.09585503e-01  -1.82491466e-02]
 [  4.12131727e-01  -6.37845844e-02   2.53455460e-01  -2.66388711e-03
    7.58965500e-03  -2.16798067e-01   7.90503800e-01   1.02285706e-01
   -1.24582358e-01  -8.80872086e-02   8.15711737e-01   3.80182952e-01
   -3.57016586e-02  -1.35580212e-01  -1.74786989e-02   9.52015072e-03
    2.09777206e-01   3.34403925e-02  -1.42322406e-01  -4.00135368e-01
   -2.59600192e-01  -1.05807781e-01  -1.10381238e-01  -1.23205200e-01
    1.96973830e-01  -2.72400975e-01   6.49641156e-02   3.30220268e-04
   -4.01748747e-01  -4.14151326e-02]
 [ -7.99136877e-01   1.60980478e-01  -5.24606258e-02   1.29711619e-02
   -1.99838541e-04  -1.33223474e-01   3.95213515e-01  -8.27027410e-02
    9.09253508e-02  -3.74929607e-02   4.03852701e-01   1.23742580e-01
    2.35062703e-01   1.29307359e-01   5.91825955e-02   3.59322205e-02
    1.35419637e-01   7.12910295e-02   1.60438627e-01   8.01172256e-01
    3.91010314e-01   2.09590811e-02   2.36331910e-01  -1.57922760e-01
    1.72541216e-01  -4.47853029e-01  -3.81316729e-02   4.12720777e-02
    1.77201927e-01  -6.65670633e-02]
 [ -3.85771364e-01   9.32639167e-02  -1.73830181e-01   2.22215541e-02
   -2.67543774e-02  -2.40954056e-01  -8.01536858e-01   1.64779603e-01
   -3.74513298e-01  -4.11049370e-03  -8.09351027e-01  -2.23700374e-01
   -1.50296345e-01   1.99869752e-01  -1.37557192e-02   1.59438506e-01
   -9.41744000e-02  -2.58116603e-01   5.71838096e-02   3.98292422e-01
   -1.71299666e-01   1.21553972e-01   5.16296877e-03  -1.67000070e-01
   -2.32890829e-01   2.28348494e-01   2.68133525e-02  -9.11326855e-02
   -1.44045698e-02  -6.24197535e-02]
 [  1.49443662e-02  -2.76735723e-01  -4.01582211e-01   3.48597132e-02
   -5.24470676e-03  -2.02420950e-01  -2.19485518e-02   2.10136920e-01
   -1.36589631e-01   5.87147940e-03   1.02496445e-02  -3.44325244e-01
   -8.48497897e-02   3.59392524e-01   2.69556582e-01  -1.23314239e-01
    3.30617070e-01   1.43215088e-02   3.86144727e-01   1.99538656e-02
   -4.30555910e-01   1.78702071e-01  -2.45244384e-01   2.77363598e-01
    5.68569042e-02  -3.97080511e-01   5.50265983e-02   4.10969794e-01
   -1.94119945e-01   6.88694835e-01]]
[ 0.77171934 -0.21537146  0.04542773  0.39395189 -0.45061749 -0.11082087
 -0.35078752  0.17352827 -0.01616317 -0.21780469  0.5384993   0.04202646
  0.3409228   0.09566016  0.23858044 -0.40476251 -0.04503688 -0.24729155
 -0.06947476 -0.82252657 -0.00798229  0.0407468  -0.16935524  0.17463744
 -0.30478776 -0.08723064  0.33271158  0.06722058  0.04721494 -0.06750104]
[[-1.68164551]
 [-0.13583784]
 [-0.00247809]
 [ 0.64592278]
 [-0.81942743]
 [-0.03749066]
 [ 1.1006074 ]
 [ 0.08287843]
 [-0.02131418]
 [-0.24538602]
 [-0.98921931]
 [-0.01990025]
 [ 0.12236546]
 [ 0.06573117]
 [ 0.24256031]
 [-0.15422721]
 [ 0.04995302]
 [-0.05309952]
 [ 0.07430691]
 [ 1.6753093 ]
 [-0.00498699]
 [ 0.04226966]
 [-0.00930128]
 [ 0.0367414 ]
 [-0.07242179]
 [ 0.03035241]
 [ 0.4708032 ]
 [ 0.19165477]
 [-0.01966358]
 [ 0.30667177]]
[ 1.39502335]
Optimization complete. (with seed: 110) Best validation score of 4.880000 % obtained at iteration 10000, with test performance 5.030000 %
... loading data
... building the model
... training
epoch 1, minibatch 5000/5000, validation error 0.000000 %
     epoch 1, minibatch 5000/5000, test error of best model 0.000000 %
epoch 2, minibatch 5000/5000, validation error 0.000000 %
1.15729093552
[ 5.]
[[ -1.40811950e-01  -5.80355637e-02   1.20771024e-02   1.30321383e-01
   -1.21390529e-01  -1.03261806e-01  -2.95335263e-01  -8.01916778e-01
   -1.02940336e-01  -8.12350307e-03   1.24467634e-01  -3.41754347e-01
   -1.26706064e-01   1.16474375e-01   4.73300591e-02  -5.52484356e-02
    6.53037652e-02  -4.16409224e-01  -3.54533270e-02   2.25363821e-01
    4.13440615e-01   6.45223185e-02   3.86293799e-01   2.70819187e-01
    6.77974746e-02   6.61899894e-02  -1.42035007e-01  -3.13436806e-01
   -1.51372999e-01  -3.86953443e-01]
 [  4.12018895e-01  -6.62272749e-03   1.42213926e-01  -2.45110303e-01
    1.42542094e-01  -1.90300476e-02   8.04808512e-02  -4.00793582e-01
   -2.56631989e-02   1.34487689e-01   2.58928407e-02  -7.98064768e-02
   -9.14160535e-02   1.34224892e-01   2.81059504e-01   1.72270089e-01
   -3.09197932e-01   8.36291790e-01   4.63613085e-02   1.46707132e-01
   -6.84079766e-01   4.50564064e-02  -7.95422375e-01  -1.09617576e-01
   -2.86533266e-01  -1.83096319e-01  -2.87555158e-01  -3.17482203e-01
   -3.98554742e-01  -1.16397333e+00]
 [  1.38380900e-01  -1.28720894e-01  -1.51099935e-01  -1.96885794e-01
    2.15771254e-02   2.16179695e-02   6.65866137e-02   8.03238988e-01
    8.26538634e-03   7.32211247e-02   1.18341289e-01   4.11074430e-01
   -4.20783833e-02   1.65059656e-01  -1.04393683e-01   4.49690269e-03
    1.33353204e-01   4.00733173e-01   1.98007673e-02   9.24456492e-02
   -3.93766373e-01   3.56981158e-02  -3.92380327e-01  -6.86833933e-02
   -1.84810206e-01  -2.78244987e-02   2.32028887e-01   1.49301440e-01
   -2.69921124e-01   4.11913186e-01]
 [  4.99689847e-01  -4.01753234e-03   5.63879609e-02   2.36027479e-01
   -1.15890484e-02   3.42095271e-02   1.13601007e-01   4.01919752e-01
   -4.40099128e-02   6.03464134e-02  -1.54675841e-01  -2.33019724e-01
   -9.28813741e-02   9.45920646e-02   1.50910541e-01   1.18370675e-01
   -7.21208304e-02   1.17486691e+00  -1.30715445e-01   6.45926269e-03
    7.74614155e-01   2.12860499e-02   7.98715413e-01   1.95844516e-01
   -3.12487334e-02   1.10421747e-01   1.92382783e-01   1.72513783e-01
   -2.96055108e-01  -7.94608831e-01]
 [ -1.11920789e-01  -1.83937289e-02   1.03573687e-01   9.63729545e-02
   -9.52076353e-03  -6.41034171e-02  -1.79349128e-02  -8.01031291e-01
    4.98029813e-02  -9.60759148e-02  -7.35543817e-02   4.12533432e-01
   -1.47735953e-01   1.22319520e-01  -3.49679500e-01   2.01156944e-01
    6.60695806e-02  -4.16119009e-01   3.84767167e-02  -2.37735957e-01
    4.06859368e-01  -2.74201166e-02   3.89976233e-01  -1.84193939e-01
   -2.00285390e-01  -4.40568216e-02   2.09314197e-01  -3.19487214e-01
    2.46282548e-01  -3.90663177e-01]
 [  4.05438155e-01  -4.10142839e-02  -1.73457384e-01   3.03498209e-01
   -5.08356914e-02   2.01837849e-02   1.53501898e-01  -4.01256025e-01
    1.15543202e-01  -4.49594669e-02   9.89012048e-03  -3.22998203e-02
    1.47592038e-01   1.36008292e-01  -5.06394990e-02  -5.23844883e-02
   -1.72979534e-01   8.52369606e-01  -3.36230434e-02   1.97329119e-01
   -7.19901025e-01  -8.55430029e-03  -7.80480683e-01   1.96105391e-02
    4.19321090e-01  -1.23419739e-01   3.41566168e-02  -2.77501255e-01
    8.39098915e-02   8.08027089e-01]
 [  1.38112575e-01   7.24285021e-02  -7.42516965e-02  -1.61652297e-01
   -1.10124826e-01   1.03929281e-01  -8.99885297e-02   7.99510241e-01
   -1.16422117e-01  -1.23306714e-01  -9.39711649e-03  -4.13416415e-01
   -1.72365367e-01  -5.48519418e-02  -1.30322218e-01  -1.23023413e-01
   -2.24427775e-01   3.66812497e-01   1.45779513e-02  -1.79838436e-03
   -3.73485535e-01   8.44090879e-02  -3.97375196e-01  -1.08970687e-01
    3.33026260e-01  -3.01580112e-02   1.57396287e-01  -1.52171791e-01
   -8.52328464e-02   4.55720454e-01]
 [ -3.66574913e-01  -7.61488229e-02   1.46501884e-01   3.01405787e-01
   -5.48811369e-02   1.20921832e-04   1.93757460e-01   4.01475966e-01
   -1.61630794e-01   2.06125140e-01  -2.35430524e-02   2.82279085e-02
    5.42304441e-02   7.65921623e-02  -2.86755592e-01  -7.13192523e-02
   -1.88779697e-01  -7.77890742e-01   1.05183631e-01  -6.02528192e-02
    7.34418690e-01   7.55237415e-02  -1.06627095e+00  -2.56925195e-01
   -2.17067853e-01   6.09606579e-02  -3.92684527e-02   1.73008904e-01
   -9.26536992e-02  -7.55590379e-01]
 [ -2.65064180e-01   1.54190685e-03   9.64602679e-02   9.63411555e-02
   -8.48734975e-02   3.61085162e-02   9.07038152e-02   1.19905949e+00
    5.40725626e-02  -7.45787174e-02   1.78807333e-01   2.67781794e-01
   -5.68889380e-02   1.13197617e-01   1.35072917e-01   5.47620021e-02
   -5.79028837e-02  -4.06169176e-01  -1.15416817e-01  -2.97337472e-01
    3.86746526e-01   9.50772464e-02   4.02481735e-01  -1.47035971e-01
    2.26097882e-01  -6.38942048e-02  -7.06837028e-02   2.76575357e-01
    1.72747508e-01  -3.99771988e-01]
 [  2.02826843e-01   3.53773609e-02   1.65362671e-01   6.81388602e-02
   -2.31526364e-02   1.36695370e-01  -3.99490207e-01   8.01202375e-04
   -2.14622051e-01   2.74999261e-01   2.44101405e-01   2.85534382e-01
    4.81304117e-02  -1.42285079e-01  -2.34279171e-01   4.88964990e-02
    6.12842850e-02  -3.35250027e-03  -1.88836589e-01   3.55344206e-01
    1.13141704e-02  -7.12080896e-01   3.58979625e-04  -1.25313610e-01
    5.77175841e-02  -1.16312206e-01   1.78729206e-01  -2.36430734e-01
    5.58478609e-02   1.21315066e-02]]
[ 0.06449849 -0.40334862  0.23227428  0.14783336 -0.31869429  0.33836335
 -0.11562809 -0.39561284 -0.15478604  0.16888264  0.17574196 -0.02723187
 -0.34361395  0.19665505 -0.14793384  0.25843421 -0.17822082 -0.20513175
 -0.26426697 -0.05450923  0.11693309 -0.0185342   0.12417074 -0.14259611
  0.17619804 -0.24070397  0.12612556 -0.0146509  -0.18959342  0.6956678 ]
[[  3.36035639e-02]
 [ -4.28742409e-01]
 [  1.92642957e-01]
 [  1.09668121e-01]
 [ -2.61733919e-01]
 [  4.78376448e-01]
 [ -8.49349499e-02]
 [  2.09938741e+00]
 [ -2.45593756e-01]
 [  1.91459686e-01]
 [  2.57935256e-01]
 [  3.25287320e-03]
 [ -2.15031639e-01]
 [  1.07064374e-01]
 [ -7.11826608e-02]
 [  2.26711556e-01]
 [ -1.30343184e-01]
 [  9.89861250e-01]
 [ -3.68120551e-01]
 [  5.13593219e-02]
 [ -5.97687960e-01]
 [ -3.37789387e-01]
 [ -8.53040755e-01]
 [ -6.88951910e-02]
 [ -1.33380224e-03]
 [ -2.66286075e-01]
 [  1.16047114e-01]
 [ -7.41774589e-02]
 [ -4.93546799e-02]
 [ -1.00501776e+00]]
[ 1.21121323]
Optimization complete. (with seed: 111) Best validation score of 0.000000 % obtained at iteration 5000, with test performance 0.000000 %
... loading data
... building the model
... training
epoch 1, minibatch 5000/5000, validation error 0.000000 %
     epoch 1, minibatch 5000/5000, test error of best model 0.000000 %
epoch 2, minibatch 5000/5000, validation error 0.000000 %
1.73484933376
[ 5.]
[[ -6.88681155e-02   1.47193223e-01   2.95428634e-01  -2.89014667e-01
    7.01074675e-02  -8.71302094e-03  -9.92412418e-02   1.42590910e-01
    2.74704695e-01  -4.35997136e-02  -2.95078933e-01   3.36327106e-01
   -6.40062317e-02  -4.94752415e-02  -3.12299957e-03  -3.56445968e-01
    6.72086235e-03   7.98647404e-01   3.59682590e-02  -1.45950764e-01
    3.88435572e-01   8.06749985e-02  -2.67034292e-01  -1.10571482e-03
   -1.31254882e-01  -4.02871996e-01  -1.62471652e-01  -4.87873815e-02
    4.03466254e-01   7.58535862e-02]
 [ -4.82900813e-03  -3.22287530e-02   3.38563740e-01  -5.75091019e-02
   -5.48410229e-03   5.11553660e-02   1.81482770e-02   1.15849227e-01
   -1.89028066e-02   3.56964990e-02  -1.90611273e-01   1.24097444e-01
   -1.52740121e-01  -2.17891932e-01   1.01404719e-01  -7.61100873e-02
    4.44280766e-02   4.00111198e-01  -9.22068674e-03  -3.09332103e-01
   -7.47586727e-01  -5.16419597e-02  -6.06105812e-02   2.12684453e-01
    1.58602610e-01  -1.17621362e+00   1.63012907e-01   2.28494629e-01
    1.19257486e+00  -1.10315323e-01]
 [  1.02985084e-01   6.06403910e-02  -3.50447714e-01  -1.58929303e-01
   -8.57003778e-02  -5.79225793e-02  -2.46133924e-01  -1.67943001e-01
   -1.49321049e-01   5.67298681e-02   2.13678032e-02  -1.36837602e-01
   -2.45754689e-01   1.67176858e-01   3.52089517e-02  -1.92282572e-01
    2.07319949e-02  -8.00693452e-01  -7.11298510e-02  -4.83101606e-01
   -3.72054338e-01  -9.50421989e-02  -5.14770411e-02  -3.05581778e-01
   -2.01092497e-01   3.37971479e-01   2.54034866e-02   4.97837402e-02
   -4.75511253e-01  -9.59080830e-03]
 [ -1.50630742e-01   1.61827013e-01  -2.10150689e-01  -2.86458552e-01
   -9.29207820e-03   5.70291169e-02   9.27683637e-02  -1.66047677e-01
    3.98049247e-04  -6.96196035e-02   1.21083692e-01  -1.60629496e-01
   -1.11257441e-01  -6.62798733e-02  -2.05458924e-01  -3.63736786e-02
   -6.73583616e-03  -3.99199754e-01  -1.64432332e-01  -4.05244939e-02
    7.68382430e-01  -9.88488793e-02   2.40695298e-01  -8.22141916e-02
    1.81113780e-01  -8.12294662e-01   1.36987627e-01  -9.89455655e-02
    8.05817127e-01  -1.22693144e-01]
 [ -1.30528316e-01  -4.93598357e-02  -3.57916683e-01   2.37965122e-01
   -5.19619994e-02   1.82641700e-01  -5.33600748e-02  -1.18718550e-01
   -4.24923420e-01  -4.41089272e-02   2.37839341e-01  -2.65542984e-01
   -2.35496953e-01  -1.16061620e-01   4.42556113e-01  -2.69865394e-01
    9.10917297e-02   8.01112056e-01   9.72625911e-02   3.10639322e-01
    3.87863278e-01   2.32508808e-01  -2.17780620e-01  -1.81866974e-01
   -1.46348119e-01  -4.06954050e-01   3.61836664e-02  -9.42249969e-02
    4.04358774e-01   1.58744007e-01]
 [ -1.58091057e-02   4.78142686e-02   3.10339332e-01  -1.87271535e-01
    1.57630429e-01   5.07132486e-02   1.58066247e-02  -2.15159301e-02
    3.68509851e-02   3.29187997e-02   1.38163239e-01  -1.08548753e-01
   -5.17896563e-02   8.77189785e-02  -2.44400293e-01   1.33593500e-01
    3.48020755e-02   4.00328368e-01   1.61079466e-02   7.87615180e-02
   -7.68957615e-01  -9.42771044e-03  -1.35310134e-02  -2.95292914e-01
    2.14314401e-01   8.13826621e-01   3.38695161e-02  -1.29494473e-01
   -8.05024326e-01   1.58016346e-02]
 [ -1.38922304e-01   8.54761377e-02  -1.66255294e-03   1.01801462e-01
   -8.83850455e-02  -1.68445031e-03   1.82857886e-01   2.30924293e-01
   -1.41148895e-01  -2.22945157e-02   2.99177796e-01  -5.92744304e-03
    1.23482831e-01   2.79807616e-02   2.91445374e-01   2.16356590e-01
    5.76254874e-02   1.19923282e+00   1.26301870e-01  -3.89197886e-01
   -3.87883216e-01  -1.12775669e-01   3.20834480e-02  -1.17605038e-01
   -1.34225115e-01   4.06306893e-01  -2.27274653e-02   1.36752009e-01
   -4.02730465e-01   1.13124989e-01]
 [ -3.84022184e-02   6.52494878e-02   5.73432520e-02   1.41608074e-01
   -2.82480121e-02  -1.02008685e-01  -6.00301102e-03  -9.93924290e-02
   -1.86028029e-03   2.27863248e-02  -2.11863369e-01  -2.65979499e-01
   -6.53850241e-03  -2.01189250e-01   7.51522928e-02   1.16908967e-01
   -1.88313110e-03  -3.99579108e-01  -2.56047281e-03   9.64545086e-02
   -1.10147011e+00   8.77193287e-02   6.87919930e-02  -2.32064784e-01
   -1.31198242e-01  -7.66475260e-01  -2.16449574e-01  -6.17989711e-02
    7.76589036e-01  -8.45787302e-02]
 [ -2.92044785e-03  -4.60563786e-02  -1.38472840e-02   2.22026020e-01
    8.05361867e-02  -1.96527522e-02  -2.06973821e-01   1.54154912e-01
    3.27398002e-01  -5.50917797e-02   2.37609357e-01  -1.98611859e-02
   -2.03954890e-01  -8.17833394e-02  -4.60153252e-01   2.66824454e-01
   -2.86961291e-02   8.01689982e-01   1.42035097e-01  -1.38644159e-01
    3.93359452e-01  -1.06387168e-01   3.45776826e-01   1.78274279e-03
   -7.49128759e-02  -4.01762038e-01   2.06655450e-02  -3.99301276e-02
    4.04351562e-01   9.94491726e-02]
 [  5.37359715e-01   3.67578045e-02  -3.44505489e-01  -3.22521120e-01
    2.10541070e-01   1.90694451e-01   2.26441436e-02   3.06189060e-01
   -4.65066403e-01  -5.80077991e-02   3.23262274e-01  -2.16573313e-01
    1.98131695e-01  -1.53072625e-01  -3.22781920e-01  -3.35532695e-01
    6.58120066e-02   9.67003987e-04  -2.93409795e-01   2.33972192e-01
    6.01214077e-03  -3.26351762e-01   3.46325457e-01   1.75797895e-01
   -2.22916827e-01   2.50644726e-03  -4.35164779e-01   3.57311547e-01
    4.59981896e-03   1.82436511e-01]]
[ 0.1289922   0.21185726 -0.06656641  0.05411178  0.23554763  0.18326828
 -0.32076702  0.02831263 -0.01240175 -0.41019356  0.18259738  0.02388505
 -0.29221109 -0.06828943  0.0920631  -0.17048566  0.33118501 -0.60251969
 -0.20090106 -0.23499446  0.11571917 -0.12852421  0.0699743  -0.10134873
 -0.09588309  0.79719216 -0.07940132  0.1180431  -0.74778521  0.15139587]
[[ 0.23666908]
 [ 0.29463929]
 [-0.02297747]
 [-0.01608648]
 [ 0.25547963]
 [ 0.30227715]
 [-0.09879985]
 [ 0.03635039]
 [-0.04615397]
 [-0.65555823]
 [ 0.01692029]
 [-0.07856791]
 [-0.11589905]
 [-0.17198862]
 [ 0.00618388]
 [-0.04511071]
 [ 0.5818966 ]
 [ 2.09707808]
 [-0.20444007]
 [-0.03636485]
 [-0.81248224]
 [-0.13441178]
 [ 0.05757978]
 [-0.01859768]
 [-0.04594744]
 [-1.28420937]
 [-0.14937684]
 [ 0.1224793 ]
 [ 1.34029961]
 [ 0.18111475]]
[ 1.55559731]
Optimization complete. (with seed: 112) Best validation score of 0.000000 % obtained at iteration 5000, with test performance 0.000000 %
... loading data
... building the model
... training
epoch 1, minibatch 5000/5000, validation error 0.000000 %
     epoch 1, minibatch 5000/5000, test error of best model 0.000000 %
epoch 2, minibatch 5000/5000, validation error 0.000000 %
0.690449118614
[ 5.]
[[  1.63533404e-01  -2.93727964e-01   7.18149617e-02  -8.85085911e-02
   -3.61527354e-01  -3.93382132e-01   3.68251234e-01  -1.38994858e-01
    4.08814043e-01  -6.53147418e-03   7.78009966e-02   1.28023922e-01
   -3.54415514e-02   4.58072722e-02  -2.02098310e-01   2.37336978e-01
    5.01448475e-02  -1.19933856e+00   3.26481223e-01  -4.22152817e-01
    5.64531283e-03  -2.60810107e-01   1.26740322e-01   1.95428714e-01
   -1.45907208e-01  -2.49108613e-01  -9.74354297e-02   6.19478934e-02
   -3.63646924e-01  -1.04159549e-01]
 [  4.11887914e-02  -2.05636293e-01   5.59744388e-02  -1.67195469e-01
    9.02083293e-02  -1.16644919e+00  -2.63340082e-02  -4.22911234e-02
   -7.79675484e-01  -1.07723638e-01  -1.71625137e-01  -3.01472712e-02
   -2.19423091e-03  -8.87660682e-02  -3.32578272e-01   1.50253013e-01
    1.07107334e-01   3.98531467e-01  -7.76440352e-02   7.75298595e-01
   -1.60997659e-02   1.19949177e-01   5.32620251e-02  -3.03186420e-02
    4.25168872e-02  -2.55825937e-01  -4.07473564e-01  -1.04917839e-01
    8.13565910e-01   1.99064597e-01]
 [ -9.26589817e-02   1.07798912e-01  -1.53354824e-01   5.98014034e-02
    3.17173898e-01   4.17133749e-01  -1.51785985e-01  -1.46192282e-01
   -3.77803385e-01   9.72104743e-02  -2.06867397e-01   6.49469765e-03
   -1.47043336e-02   8.22427198e-02   2.13609487e-01   3.01339418e-01
    8.63640457e-02  -8.03240120e-01   3.58513854e-02   3.92562121e-01
    1.24223888e-01  -1.29441306e-01   8.19991603e-02  -1.34930879e-01
   -8.74993280e-02  -3.86169255e-01  -8.93515274e-02  -1.75381988e-01
    4.11366820e-01   1.08129807e-01]
 [ -1.27685279e-01  -4.05467600e-01   5.38202338e-02   1.10547267e-01
    2.75639623e-01  -8.22751045e-01   3.54454726e-01  -4.09300067e-02
    7.98749924e-01  -5.68843745e-02  -4.09421697e-02   9.24616382e-02
    3.99236493e-02   2.42456037e-04   5.85174039e-02   1.40348896e-01
   -3.88859957e-02  -4.01136190e-01   1.40608981e-01   1.17504060e+00
   -1.42753407e-01  -1.36883423e-01  -9.08682123e-02  -5.03610857e-02
    1.39653668e-01  -2.84002721e-01   7.99817070e-02  -6.45021647e-02
   -7.21777558e-01   5.74582592e-02]
 [  1.95272341e-01   5.24496697e-02   2.62238365e-02   1.61124095e-01
   -5.09554781e-02  -3.92070949e-01   5.01226842e-01   5.12649566e-02
    4.08224732e-01   2.87856366e-02   1.78405464e-01  -4.52389568e-02
    3.22092138e-02   1.70941651e-01  -1.01662628e-01   3.22408646e-01
    1.36843756e-01   7.99811125e-01   1.18957900e-01  -4.18387383e-01
    1.20804369e-01   4.60173339e-02  -2.04797208e-01  -1.38012558e-01
    6.24368116e-02  -3.59985262e-01  -4.33395594e-01   2.30955943e-01
   -3.69201362e-01   8.61042663e-02]
 [  7.04838485e-02   1.93820689e-02   1.32727519e-01  -2.87041634e-01
    2.96729892e-01   7.96692133e-01   1.32394508e-01  -1.29821077e-02
   -7.89382875e-01   1.73421428e-01  -3.40726346e-01   7.01127425e-02
    1.71666816e-02  -3.03350128e-02   7.71243870e-02  -2.30057269e-01
    4.26592641e-02   3.97909552e-01  -2.81166017e-01   7.70216584e-01
    7.56962746e-02   1.48450388e-02  -3.21902223e-02   7.23977387e-02
    9.24759358e-02  -2.40823239e-01   3.52046341e-01   2.97365904e-01
   -1.13624847e+00   5.33804931e-02]
 [  3.97406742e-02  -2.14513242e-01  -4.47569452e-02   2.99460858e-01
    2.38511354e-01   4.23921287e-01   5.12791038e-01   4.42037219e-03
   -3.89266998e-01   5.20033464e-02  -2.06729561e-01   8.24424066e-03
    1.46595156e-02   4.05994430e-02  -3.37802202e-01   1.67447597e-01
   -5.87231331e-02  -7.97616780e-01  -9.73344818e-02   3.76041442e-01
   -4.11359686e-03   1.27718493e-01   2.83645093e-02   3.09865978e-02
    1.00321218e-01   1.98354691e-01  -4.46342021e-01  -1.13508984e-01
    4.17919785e-01  -1.71363309e-01]
 [  9.93728265e-02  -2.60245621e-01  -4.60978597e-02   2.00224191e-01
   -3.23141634e-01  -8.45059812e-01   3.52180123e-01   8.45492911e-03
   -1.17614400e+00  -5.94585352e-02   1.35306776e-01   8.18695277e-02
    2.55624987e-02   4.10316661e-02   1.18767180e-01   2.13107914e-01
   -1.21943675e-01  -4.02179718e-01  -3.52528721e-01  -7.78655410e-01
    1.56143919e-01   2.00052708e-01   1.53016597e-01   8.80079344e-02
    1.78898908e-02  -8.95365179e-02  -3.15044254e-01   6.19698428e-02
   -7.28795707e-01   2.22781062e-01]
 [ -1.57156795e-01  -3.67055357e-01   1.18420012e-01  -6.88783750e-02
    3.06851029e-01  -3.87496322e-01   3.97319645e-01   1.39627531e-02
    4.23662573e-01   3.36606167e-02   6.80593997e-02  -1.60059258e-02
    1.13009969e-02   1.44592777e-01  -2.57086158e-01  -2.49843627e-01
   -5.53655922e-02   8.02267730e-01  -1.59324139e-01  -4.01866108e-01
    1.45739391e-01  -2.20278110e-02  -1.20730527e-01   1.27592489e-01
   -2.44463071e-01  -1.89109251e-01  -4.87723090e-02  -3.49050254e-01
   -3.73891383e-01   8.83564949e-02]
 [  1.36467710e-01  -4.37637985e-01   1.38001859e-01   3.17888170e-01
    1.18740015e-01   1.32971164e-02  -4.18118611e-02   4.64175552e-01
    5.18555343e-02   6.63631931e-02  -1.13080770e-01   9.05865878e-02
    1.02211433e-02   5.03032021e-02   8.69402736e-02  -8.27878267e-02
    1.41969576e-01   1.29226246e-03  -1.44843489e-01   3.00584789e-02
   -4.31511492e-01  -3.78250599e-01   2.82820284e-01  -3.29888314e-01
   -2.55358338e-01   3.49302351e-01  -3.88238788e-01  -3.10940981e-01
    1.80827677e-02   7.24978670e-02]]
[ 0.17845069 -0.13688789  0.18635415 -0.00297691  0.07227725  0.79163313
  0.23442961  0.15094568  0.10796241  0.32876945 -0.09134918  0.2524415
  0.43664229  0.20028953 -0.26910639  0.21427064  0.27218646  0.40181601
 -0.18338743 -0.14666331 -0.20278063 -0.09568202  0.14604989 -0.15724473
 -0.18802299 -0.03945431 -0.08179682 -0.04571447  0.60775566  0.11947883]
[[ 0.17239702]
 [ 0.00904748]
 [ 0.27832481]
 [ 0.07005335]
 [ 0.00605622]
 [-0.95562482]
 [-0.00360479]
 [ 0.31774259]
 [-0.92824334]
 [ 0.31710738]
 [-0.09132947]
 [ 0.44541362]
 [ 0.79658061]
 [ 0.25602314]
 [-0.06624653]
 [ 0.03249912]
 [ 0.25360465]
 [-2.0972414 ]
 [-0.06484349]
 [ 0.93086267]
 [-0.1670607 ]
 [-0.05801594]
 [ 0.23553215]
 [-0.18150541]
 [-0.15928905]
 [-0.01270184]
 [ 0.00941214]
 [-0.07994431]
 [-0.61849719]
 [ 0.15193139]]
[ 1.27419508]
Optimization complete. (with seed: 113) Best validation score of 0.000000 % obtained at iteration 5000, with test performance 0.000000 %
... loading data
... building the model
... training
epoch 1, minibatch 5000/5000, validation error 0.440000 %
     epoch 1, minibatch 5000/5000, test error of best model 0.540000 %
epoch 2, minibatch 5000/5000, validation error 0.000000 %
     epoch 2, minibatch 5000/5000, test error of best model 0.000000 %
epoch 3, minibatch 5000/5000, validation error 0.000000 %
1.88701784611
[ 5.]
[[ -2.47947127e-01   2.24687964e-01   3.18590015e-01   4.34377380e-02
    3.73211950e-01  -4.09372635e-02  -2.12706432e-01  -1.39678806e-01
    7.07332566e-02  -5.52691668e-02  -1.62189141e-01  -1.69006765e-01
    6.26105070e-02  -7.99904943e-01  -2.76907712e-01   2.71599554e-02
   -5.98990433e-02  -4.83062118e-02   1.28961042e-01  -9.94179323e-02
   -1.11644633e-01   9.63709131e-03   3.94303143e-01   5.26715033e-02
    1.25249565e-01  -3.88129532e-01  -4.08385187e-01  -4.05293643e-01
   -2.01933794e-02   1.67619675e-01]
 [  9.81289670e-02  -1.79254618e-02  -3.16448174e-02  -1.23664113e-02
    1.79571826e-02   8.33602622e-02   2.65728027e-01   8.61409605e-02
    1.23861134e-01   4.29825410e-02  -2.10190043e-01  -3.64463389e-01
   -2.44918913e-01  -4.00757611e-01  -7.22531676e-02  -7.50782015e-03
   -5.74687347e-02   7.31293485e-02   2.05326259e-01  -1.41366720e-01
    1.89358387e-02  -3.37040611e-02  -6.09507337e-02   5.87892309e-02
    1.81628093e-02  -1.18084991e+00   7.93125868e-01   7.87458718e-01
    1.01954028e-01   8.60361978e-02]
 [  9.01064426e-02   1.82389736e-01   1.66779608e-01  -2.14508846e-01
   -2.08855882e-01  -1.42686501e-01  -6.94077760e-02  -1.12604231e-01
    2.89053731e-02  -3.02840583e-02  -7.99046680e-02  -3.69499475e-01
   -7.54953325e-02  -1.19688821e+00  -1.63805671e-02  -6.71282643e-04
    4.61621732e-02   9.49987024e-02   9.11329240e-02  -3.30118984e-01
    9.17349979e-02  -1.07544668e-01   1.65599406e-01  -1.12066075e-01
   -1.28812924e-01   4.26949680e-01   3.87263000e-01   3.86804074e-01
    8.73861164e-02  -8.95566121e-02]
 [ -1.26744807e-02  -2.14387625e-02   2.21856292e-02  -1.41284361e-01
   -3.13913971e-01   1.13386922e-01  -7.37242177e-02  -4.24116850e-02
   -2.46316567e-02   6.86008111e-02  -3.01766600e-02  -7.31516778e-02
   -6.37393584e-03   4.00983274e-01   1.74361899e-01   3.11241578e-02
    4.14141081e-02   2.89441608e-02   2.63985395e-01  -1.49751455e-01
   -1.34453261e-02  -3.07016540e-02   3.16597044e-01   4.60057966e-02
    2.06072226e-01  -7.68255413e-01   1.15209079e+00  -7.84698129e-01
   -8.30337480e-02   8.06182548e-02]
 [  2.47855529e-01  -2.63012826e-01   2.85507172e-01   1.80050910e-01
    2.35109061e-01  -1.62993655e-01  -1.05617419e-01  -3.23213711e-02
    4.55521047e-02  -1.49677200e-02  -2.05380768e-01  -1.08209252e-01
   -2.62313634e-01  -8.00697803e-01   2.36056194e-01  -1.14393216e-02
    7.09850620e-03   5.02608996e-03   5.57341101e-03  -1.54431432e-01
   -6.08819611e-02   2.13487726e-02  -1.09435335e-01   1.39117092e-01
   -3.13071251e-01  -3.90493453e-01  -4.12677020e-01  -3.97834271e-01
   -4.85866927e-02  -1.13576218e-01]
 [ -8.88634250e-02  -5.95440604e-02   1.50004968e-01   7.71811530e-02
    1.01241037e-01   8.79042819e-02  -2.66726285e-01   1.21920116e-01
   -5.93541376e-02  -9.25144479e-02   1.32741621e-02  -6.68810960e-03
    1.54567286e-01  -4.00119752e-01  -7.34666511e-02  -4.99502458e-02
    4.80557717e-02   3.47272642e-02   1.61569357e-01  -1.59157217e-01
    7.32719898e-02  -7.05630630e-02  -1.46908909e-01   1.16242938e-01
    6.59652054e-02   8.12057137e-01   7.96646833e-01   7.91567028e-01
    6.63333163e-02  -1.92546565e-02]
 [  3.20491105e-01   1.85404956e-01  -3.87933590e-02   1.92948699e-01
   -3.67724776e-01  -6.91801980e-02   9.21974517e-03   5.85744455e-02
   -1.55843794e-01  -1.17565505e-02   9.73952934e-02   7.56111592e-02
    1.95576265e-01   8.02953541e-01   1.47164557e-02   9.93928984e-02
    1.66069344e-02   9.24959183e-02  -6.01527095e-02  -2.02442944e-01
   -1.02091916e-01   2.86100447e-01  -4.36814934e-01  -4.63682401e-04
   -2.29789779e-01   4.01797295e-01   3.88251603e-01   4.04803336e-01
    7.42379129e-02   1.57470286e-01]
 [  2.07847908e-01   5.82064828e-03  -2.39853486e-01  -7.59772062e-02
   -1.79345682e-01   9.50180814e-02  -2.36181155e-01  -4.13022656e-03
    6.88076615e-02   2.48256102e-02  -2.11083770e-01  -3.08248073e-01
   -4.98864651e-02   4.01315600e-01  -6.49524014e-03   6.55202940e-02
    2.25196108e-02  -2.44685262e-03  -2.78556794e-01   2.73893505e-01
    2.96006761e-02   2.57076174e-01   2.40548030e-01  -2.27311184e-03
    2.62353003e-01  -7.86735177e-01  -7.94562101e-01   1.17704558e+00
    5.12418598e-02   9.34729911e-03]
 [ -1.89118147e-01  -6.32091835e-02   4.01221573e-01  -4.22507301e-02
   -4.35463399e-01  -9.66125131e-02  -1.14007503e-01   1.08057730e-01
    4.15618494e-02  -5.10454066e-02  -9.14650410e-02  -7.51277581e-02
    4.05341908e-02  -7.97077060e-01   1.55729860e-01  -4.64171208e-02
   -3.29620689e-02   2.29367297e-02   2.51926422e-01   2.27815568e-01
   -1.15677305e-01   1.27404481e-01  -1.08871803e-01  -1.32630780e-01
    1.93492651e-01  -3.94813627e-01  -3.99869740e-01  -4.09792542e-01
    4.22962531e-02  -3.06968894e-02]
 [  1.89136401e-01   4.30097759e-01   5.06489336e-01  -3.60058069e-01
    8.62639546e-02  -1.48047924e-01   1.16944276e-01   1.79359555e-01
    1.75454021e-01  -1.71415612e-01   1.40573427e-01  -2.71814764e-01
   -3.44342500e-01   2.36000214e-03   2.94314861e-01   5.05272225e-02
    6.91051260e-02  -5.28076828e-01  -8.87730047e-02  -7.62755200e-02
   -1.66291725e-02  -4.23718274e-01  -8.40087794e-03   1.36787102e-01
    3.93489212e-01   2.55227275e-03   5.85054047e-03  -1.15992492e-02
    1.82304215e-02   1.56071529e-01]]
[ 0.07858561  0.02823028  0.13154127 -0.10234448 -0.03643854 -0.20997238
 -0.220916    0.24184398  0.12086999 -0.24478504 -0.30245543  0.03439174
 -0.00869732  0.60158193  0.15596646  0.32820982  0.3479535  -0.05271135
  0.21245286 -0.05361787 -0.3829855  -0.11277958 -0.06225203  0.25018916
 -0.01730839  0.73252583 -0.16276017 -0.16639303  0.32727069  0.14475474]
[[  6.08597808e-02]
 [  7.52017498e-02]
 [ -6.68361038e-03]
 [ -1.18883297e-01]
 [ -2.88249515e-02]
 [ -1.92508876e-01]
 [ -1.01684578e-01]
 [  2.96963453e-01]
 [  2.11579382e-01]
 [ -3.65390390e-01]
 [ -1.19889088e-01]
 [  1.68597430e-03]
 [ -3.96659449e-02]
 [ -2.09894490e+00]
 [  9.83753800e-02]
 [  4.54058021e-01]
 [  5.07419348e-01]
 [ -3.15723896e-01]
 [  6.41079694e-02]
 [ -5.68299219e-02]
 [ -3.53142709e-01]
 [ -4.69537191e-02]
 [  7.36822840e-04]
 [  2.49042839e-01]
 [  2.00361349e-02]
 [ -1.14450133e+00]
 [  1.12220252e+00]
 [  1.14443684e+00]
 [  3.71587127e-01]
 [  1.77932337e-01]]
[ 1.15675926]
Optimization complete. (with seed: 114) Best validation score of 0.000000 % obtained at iteration 10000, with test performance 0.000000 %
